2019-10-12 16:03:04.746 [http-nio-4099-exec-2] INFO  c.e.d.service.impl.ShippingCostCrawlerServiceImpl - 3702 area end time: 2019-10-12 16:03:04 success
2019-10-12 16:03:04.749 [http-nio-4099-exec-2] INFO  c.e.d.service.impl.ShippingCostCrawlerServiceImpl - 3703  area start time: 2019-10-12 16:03:04
2019-10-12 16:06:23.049 [http-nio-4099-exec-2] INFO  c.e.d.service.impl.ShippingCostCrawlerServiceImpl - 3703 area end time: 2019-10-12 16:06:23 success
2019-10-12 16:06:23.049 [http-nio-4099-exec-2] INFO  c.e.d.service.impl.ShippingCostCrawlerServiceImpl - 3704  area start time: 2019-10-12 16:06:23
2019-10-12 16:09:47.065 [http-nio-4099-exec-2] INFO  c.e.d.service.impl.ShippingCostCrawlerServiceImpl - 3704 area end time: 2019-10-12 16:09:47 success
2019-10-12 16:09:47.065 [http-nio-4099-exec-2] INFO  c.e.d.service.impl.ShippingCostCrawlerServiceImpl - 3705  area start time: 2019-10-12 16:09:47
2019-10-12 16:13:02.721 [http-nio-4099-exec-2] INFO  c.e.d.service.impl.ShippingCostCrawlerServiceImpl - 3705 area end time: 2019-10-12 16:13:02 success
2019-10-12 16:13:02.721 [http-nio-4099-exec-2] INFO  c.e.d.service.impl.ShippingCostCrawlerServiceImpl - 3706  area start time: 2019-10-12 16:13:02
2019-10-12 16:13:04.320 [http-nio-4099-exec-2] INFO  c.e.d.service.impl.ShippingCostCrawlerServiceImpl - 3706 reply is error, message: STANDARD_OVERNIGHT is not supported for the destination.
2019-10-12 16:13:04.336 [http-nio-4099-exec-2] INFO  c.e.d.service.impl.ShippingCostCrawlerServiceImpl - 3706 area end time: 2019-10-12 16:13:04 success
2019-10-12 16:13:04.337 [http-nio-4099-exec-2] INFO  c.e.d.service.impl.ShippingCostCrawlerServiceImpl - 3707  area start time: 2019-10-12 16:13:04
2019-10-12 16:13:07.890 [http-nio-4099-exec-2] INFO  c.e.d.service.impl.ShippingCostCrawlerServiceImpl - 3707 reply is error, message: FEDEX_2_DAY_AM is not supported for the destination.
2019-10-12 16:13:07.907 [http-nio-4099-exec-2] INFO  c.e.d.service.impl.ShippingCostCrawlerServiceImpl - 3707 area end time: 2019-10-12 16:13:07 success
2019-10-12 16:13:07.907 [http-nio-4099-exec-2] INFO  c.e.d.service.impl.ShippingCostCrawlerServiceImpl - 3708  area start time: 2019-10-12 16:13:07
2019-10-12 16:16:41.378 [http-nio-4099-exec-2] INFO  c.e.d.service.impl.ShippingCostCrawlerServiceImpl - 3708 area end time: 2019-10-12 16:16:41 success
2019-10-12 16:16:41.378 [http-nio-4099-exec-2] INFO  c.e.d.service.impl.ShippingCostCrawlerServiceImpl - 3709  area start time: 2019-10-12 16:16:41
2019-10-12 16:19:59.546 [http-nio-4099-exec-2] INFO  c.e.d.service.impl.ShippingCostCrawlerServiceImpl - 3709 area end time: 2019-10-12 16:19:59 success
2019-10-12 16:19:59.546 [http-nio-4099-exec-2] INFO  c.e.d.service.impl.ShippingCostCrawlerServiceImpl - 3710  area start time: 2019-10-12 16:19:59
2019-10-12 16:23:13.294 [http-nio-4099-exec-2] INFO  c.e.d.service.impl.ShippingCostCrawlerServiceImpl - 3710 area end time: 2019-10-12 16:23:13 success
2019-10-12 16:23:13.295 [http-nio-4099-exec-2] INFO  c.e.d.service.impl.ShippingCostCrawlerServiceImpl - 3711  area start time: 2019-10-12 16:23:13
2019-10-12 16:26:39.426 [http-nio-4099-exec-2] INFO  c.e.d.service.impl.ShippingCostCrawlerServiceImpl - 3711 area end time: 2019-10-12 16:26:39 success
2019-10-12 16:26:39.427 [http-nio-4099-exec-2] INFO  c.e.d.service.impl.ShippingCostCrawlerServiceImpl - 3712  area start time: 2019-10-12 16:26:39
2019-10-12 16:30:00.080 [http-nio-4099-exec-2] INFO  c.e.d.service.impl.ShippingCostCrawlerServiceImpl - 3712 area end time: 2019-10-12 16:30:00 success
2019-10-12 16:30:00.080 [http-nio-4099-exec-2] INFO  c.e.d.service.impl.ShippingCostCrawlerServiceImpl - 3713  area start time: 2019-10-12 16:30:00
2019-10-12 16:33:28.015 [http-nio-4099-exec-2] INFO  c.e.d.service.impl.ShippingCostCrawlerServiceImpl - 3713 area end time: 2019-10-12 16:33:28 success
2019-10-12 16:33:28.015 [http-nio-4099-exec-2] INFO  c.e.d.service.impl.ShippingCostCrawlerServiceImpl - 3714  area start time: 2019-10-12 16:33:28
2019-10-12 16:36:52.612 [http-nio-4099-exec-2] INFO  c.e.d.service.impl.ShippingCostCrawlerServiceImpl - 3714 area end time: 2019-10-12 16:36:52 success
2019-10-12 16:36:52.613 [http-nio-4099-exec-2] INFO  c.e.d.service.impl.ShippingCostCrawlerServiceImpl - 3715  area start time: 2019-10-12 16:36:52
2019-10-12 16:40:11.275 [http-nio-4099-exec-2] INFO  c.e.d.service.impl.ShippingCostCrawlerServiceImpl - 3715 area end time: 2019-10-12 16:40:11 success
2019-10-12 16:40:11.275 [http-nio-4099-exec-2] INFO  c.e.d.service.impl.ShippingCostCrawlerServiceImpl - 3716  area start time: 2019-10-12 16:40:11
2019-10-12 16:43:24.272 [http-nio-4099-exec-2] INFO  c.e.d.service.impl.ShippingCostCrawlerServiceImpl - 3716 area end time: 2019-10-12 16:43:24 success
2019-10-12 16:43:24.273 [http-nio-4099-exec-2] INFO  c.e.d.service.impl.ShippingCostCrawlerServiceImpl - 3717  area start time: 2019-10-12 16:43:24
2019-10-12 16:45:53.597 [Thread-6] INFO  o.s.scheduling.concurrent.ThreadPoolTaskScheduler - Shutting down ExecutorService 'taskScheduler'
2019-10-12 16:45:53.599 [Thread-6] INFO  o.s.scheduling.concurrent.ThreadPoolTaskExecutor - Shutting down ExecutorService 'applicationTaskExecutor'
2019-10-12 16:45:53.612 [Thread-6] INFO  com.alibaba.druid.pool.DruidDataSource - {dataSource-1} closed
2019-10-12 16:45:55.921 [Thread-6] INFO  com.example.demo.config.filter.CustomFilter - filter  销毁~！！！
2019-10-12 16:45:57.683 [http-nio-4099-exec-2] ERROR com.example.demo.util.ShippingCostUtil - request exceptionjava.lang.IllegalStateException: Illegal access: this web application instance has been stopped already. Could not load [META-INF/services/org.apache.axis.EngineConfigurationFactory]. The following stack trace is thrown for debugging purposes as well as to attempt to terminate the thread which caused the illegal access.
2019-10-12 16:45:57.683 [http-nio-4099-exec-2] ERROR com.example.demo.util.ShippingCostUtil - service bei diao yong: 2843 ci
2019-10-12 16:45:57.684 [http-nio-4099-exec-2] ERROR com.example.demo.util.ShippingCostUtil - service unvailable sleep ten minutes!
2019-10-12 16:45:57.690 [http-nio-4099-exec-2] ERROR com.example.demo.util.ShippingCostUtil - service restart after sleep ten minutes!
2019-10-12 16:45:57.691 [http-nio-4099-exec-2] INFO  c.e.d.service.impl.ShippingCostCrawlerServiceImpl - 3717 reply is null, get data exception
2019-10-12 16:45:57.695 [http-nio-4099-exec-2] ERROR c.e.d.service.impl.ShippingCostCrawlerServiceImpl - databaseException
org.mybatis.spring.MyBatisSystemException: nested exception is org.apache.ibatis.exceptions.PersistenceException: 
### Error updating database.  Cause: org.springframework.jdbc.CannotGetJdbcConnectionException: Failed to obtain JDBC Connection; nested exception is com.alibaba.druid.pool.DataSourceClosedException: dataSource already closed at Sat Oct 12 16:45:53 CST 2019
### The error may exist in file [C:\MrX\springbootDemo\first\mavenDemoForSpringBoot\target\classes\mapper\ShippingCostAreaMapper.xml]
### The error may involve com.example.demo.dao.ShippingCostAreaDao.updateErrorCodeAndMesage
### The error occurred while executing an update
### Cause: org.springframework.jdbc.CannotGetJdbcConnectionException: Failed to obtain JDBC Connection; nested exception is com.alibaba.druid.pool.DataSourceClosedException: dataSource already closed at Sat Oct 12 16:45:53 CST 2019
	at org.mybatis.spring.MyBatisExceptionTranslator.translateExceptionIfPossible(MyBatisExceptionTranslator.java:77)
	at org.mybatis.spring.SqlSessionTemplate$SqlSessionInterceptor.invoke(SqlSessionTemplate.java:446)
	at com.sun.proxy.$Proxy69.update(Unknown Source)
	at org.mybatis.spring.SqlSessionTemplate.update(SqlSessionTemplate.java:294)
	at com.baomidou.mybatisplus.core.override.MybatisMapperMethod.execute(MybatisMapperMethod.java:63)
	at com.baomidou.mybatisplus.core.override.MybatisMapperProxy.invoke(MybatisMapperProxy.java:62)
	at com.sun.proxy.$Proxy75.updateErrorCodeAndMesage(Unknown Source)
	at com.example.demo.service.impl.ShippingCostAreaServiceImpl.updateErrorCodeAndMesage(ShippingCostAreaServiceImpl.java:355)
	at com.example.demo.service.impl.ShippingCostCrawlerServiceImpl.dealReply(ShippingCostCrawlerServiceImpl.java:158)
	at getShippingCostAndInsertByServiceType(ShippingCostCrawlerServiceImpl.java:123)
	at com.example.demo.service.impl.ShippingCostCrawlerServiceImpl.nomalProcessGetShippingCostAndInsert(ShippingCostCrawlerServiceImpl.java:63)
	at com.example.demo.controller.ShippingCostCrawlerController.normalGetShippingCost(ShippingCostCrawlerController.java:25)
	at sun.reflect.NativeMethodAccessorImpl.invoke0(Native Method)
	at sun.reflect.NativeMethodAccessorImpl.invoke(NativeMethodAccessorImpl.java:62)
	at sun.reflect.DelegatingMethodAccessorImpl.invoke(DelegatingMethodAccessorImpl.java:43)
	at java.lang.reflect.Method.invoke(Method.java:498)
	at org.springframework.web.method.support.InvocableHandlerMethod.doInvoke(InvocableHandlerMethod.java:190)
	at org.springframework.web.method.support.InvocableHandlerMethod.invokeForRequest(InvocableHandlerMethod.java:138)
	at org.springframework.web.servlet.mvc.method.annotation.ServletInvocableHandlerMethod.invokeAndHandle(ServletInvocableHandlerMethod.java:104)
	at org.springframework.web.servlet.mvc.method.annotation.RequestMappingHandlerAdapter.invokeHandlerMethod(RequestMappingHandlerAdapter.java:892)
	at org.springframework.web.servlet.mvc.method.annotation.RequestMappingHandlerAdapter.handleInternal(RequestMappingHandlerAdapter.java:797)
	at org.springframework.web.servlet.mvc.method.AbstractHandlerMethodAdapter.handle(AbstractHandlerMethodAdapter.java:87)
	at org.springframework.web.servlet.DispatcherServlet.doDispatch(DispatcherServlet.java:1039)
	at org.springframework.web.servlet.DispatcherServlet.doService(DispatcherServlet.java:942)
	at org.springframework.web.servlet.FrameworkServlet.processRequest(FrameworkServlet.java:1005)
	at org.springframework.web.servlet.FrameworkServlet.doGet(FrameworkServlet.java:897)
	at javax.servlet.http.HttpServlet.service(HttpServlet.java:634)
	at org.springframework.web.servlet.FrameworkServlet.service(FrameworkServlet.java:882)
	at javax.servlet.http.HttpServlet.service(HttpServlet.java:741)
	at org.apache.catalina.core.ApplicationFilterChain.internalDoFilter(ApplicationFilterChain.java:231)
	at org.apache.catalina.core.ApplicationFilterChain.doFilter(ApplicationFilterChain.java:166)
	at org.apache.tomcat.websocket.server.WsFilter.doFilter(WsFilter.java:53)
	at org.apache.catalina.core.ApplicationFilterChain.internalDoFilter(ApplicationFilterChain.java:193)
	at org.apache.catalina.core.ApplicationFilterChain.doFilter(ApplicationFilterChain.java:166)
	at com.example.demo.config.filter.CustomFilter.doFilter(CustomFilter.java:20)
	at org.apache.catalina.core.ApplicationFilterChain.internalDoFilter(ApplicationFilterChain.java:193)
	at org.apache.catalina.core.ApplicationFilterChain.doFilter(ApplicationFilterChain.java:166)
	at org.springframework.web.filter.RequestContextFilter.doFilterInternal(RequestContextFilter.java:99)
	at org.springframework.web.filter.OncePerRequestFilter.doFilter(OncePerRequestFilter.java:109)
	at org.apache.catalina.core.ApplicationFilterChain.internalDoFilter(ApplicationFilterChain.java:193)
	at org.apache.catalina.core.ApplicationFilterChain.doFilter(ApplicationFilterChain.java:166)
	at org.springframework.web.filter.FormContentFilter.doFilterInternal(FormContentFilter.java:92)
	at org.springframework.web.filter.OncePerRequestFilter.doFilter(OncePerRequestFilter.java:109)
	at org.apache.catalina.core.ApplicationFilterChain.internalDoFilter(ApplicationFilterChain.java:193)
	at org.apache.catalina.core.ApplicationFilterChain.doFilter(ApplicationFilterChain.java:166)
	at org.springframework.web.filter.HiddenHttpMethodFilter.doFilterInternal(HiddenHttpMethodFilter.java:93)
	at org.springframework.web.filter.OncePerRequestFilter.doFilter(OncePerRequestFilter.java:109)
	at org.apache.catalina.core.ApplicationFilterChain.internalDoFilter(ApplicationFilterChain.java:193)
	at org.apache.catalina.core.ApplicationFilterChain.doFilter(ApplicationFilterChain.java:166)
	at org.springframework.web.filter.CharacterEncodingFilter.doFilterInternal(CharacterEncodingFilter.java:200)
	at org.springframework.web.filter.OncePerRequestFilter.doFilter(OncePerRequestFilter.java:109)
	at org.apache.catalina.core.ApplicationFilterChain.internalDoFilter(ApplicationFilterChain.java:193)
	at org.apache.catalina.core.ApplicationFilterChain.doFilter(ApplicationFilterChain.java:166)
	at org.apache.catalina.core.StandardWrapperValve.invoke(StandardWrapperValve.java:202)
	at org.apache.catalina.core.StandardContextValve.invoke(StandardContextValve.java:96)
	at org.apache.catalina.authenticator.AuthenticatorBase.invoke(AuthenticatorBase.java:490)
	at org.apache.catalina.core.StandardHostValve.invoke(StandardHostValve.java:139)
	at org.apache.catalina.valves.ErrorReportValve.invoke(ErrorReportValve.java:92)
	at org.apache.catalina.core.StandardEngineValve.invoke(StandardEngineValve.java:74)
	at org.apache.catalina.connector.CoyoteAdapter.service(CoyoteAdapter.java:343)
	at org.apache.coyote.http11.Http11Processor.service(Http11Processor.java:408)
	at org.apache.coyote.AbstractProcessorLight.process(AbstractProcessorLight.java:66)
	at org.apache.coyote.AbstractProtocol$ConnectionHandler.process(AbstractProtocol.java:853)
	at org.apache.tomcat.util.net.NioEndpoint$SocketProcessor.doRun(NioEndpoint.java:1587)
	at org.apache.tomcat.util.net.SocketProcessorBase.run(SocketProcessorBase.java:49)
	at java.util.concurrent.ThreadPoolExecutor.runWorker(ThreadPoolExecutor.java:1149)
	at java.util.concurrent.ThreadPoolExecutor$Worker.run(ThreadPoolExecutor.java:624)
	at org.apache.tomcat.util.threads.TaskThread$WrappingRunnable.run(TaskThread.java:61)
	at java.lang.Thread.run(Thread.java:748)
Caused by: org.apache.ibatis.exceptions.PersistenceException: 
### Error updating database.  Cause: org.springframework.jdbc.CannotGetJdbcConnectionException: Failed to obtain JDBC Connection; nested exception is com.alibaba.druid.pool.DataSourceClosedException: dataSource already closed at Sat Oct 12 16:45:53 CST 2019
### The error may exist in file [C:\MrX\springbootDemo\first\mavenDemoForSpringBoot\target\classes\mapper\ShippingCostAreaMapper.xml]
### The error may involve com.example.demo.dao.ShippingCostAreaDao.updateErrorCodeAndMesage
### The error occurred while executing an update
### Cause: org.springframework.jdbc.CannotGetJdbcConnectionException: Failed to obtain JDBC Connection; nested exception is com.alibaba.druid.pool.DataSourceClosedException: dataSource already closed at Sat Oct 12 16:45:53 CST 2019
	at org.apache.ibatis.exceptions.ExceptionFactory.wrapException(ExceptionFactory.java:30)
	at org.apache.ibatis.session.defaults.DefaultSqlSession.update(DefaultSqlSession.java:199)
	at sun.reflect.NativeMethodAccessorImpl.invoke0(Native Method)
	at sun.reflect.NativeMethodAccessorImpl.invoke(NativeMethodAccessorImpl.java:62)
	at sun.reflect.DelegatingMethodAccessorImpl.invoke(DelegatingMethodAccessorImpl.java:43)
	at java.lang.reflect.Method.invoke(Method.java:498)
	at org.mybatis.spring.SqlSessionTemplate$SqlSessionInterceptor.invoke(SqlSessionTemplate.java:433)
	... 67 common frames omitted
Caused by: org.springframework.jdbc.CannotGetJdbcConnectionException: Failed to obtain JDBC Connection; nested exception is com.alibaba.druid.pool.DataSourceClosedException: dataSource already closed at Sat Oct 12 16:45:53 CST 2019
	at org.springframework.jdbc.datasource.DataSourceUtils.getConnection(DataSourceUtils.java:81)
	at org.mybatis.spring.transaction.SpringManagedTransaction.openConnection(SpringManagedTransaction.java:82)
	at org.mybatis.spring.transaction.SpringManagedTransaction.getConnection(SpringManagedTransaction.java:68)
	at org.apache.ibatis.executor.BaseExecutor.getConnection(BaseExecutor.java:336)
	at com.baomidou.mybatisplus.core.executor.MybatisSimpleExecutor.prepareStatement(MybatisSimpleExecutor.java:93)
	at com.baomidou.mybatisplus.core.executor.MybatisSimpleExecutor.doUpdate(MybatisSimpleExecutor.java:53)
	at org.apache.ibatis.executor.BaseExecutor.update(BaseExecutor.java:117)
	at org.apache.ibatis.executor.CachingExecutor.update(CachingExecutor.java:76)
	at org.apache.ibatis.session.defaults.DefaultSqlSession.update(DefaultSqlSession.java:197)
	... 72 common frames omitted
Caused by: com.alibaba.druid.pool.DataSourceClosedException: dataSource already closed at Sat Oct 12 16:45:53 CST 2019
	at com.alibaba.druid.pool.DruidDataSource.getConnectionInternal(DruidDataSource.java:1110)
	at com.alibaba.druid.pool.DruidDataSource.getConnectionDirect(DruidDataSource.java:1014)
	at com.alibaba.druid.pool.DruidDataSource.getConnection(DruidDataSource.java:994)
	at com.alibaba.druid.pool.DruidDataSource.getConnection(DruidDataSource.java:984)
	at com.alibaba.druid.pool.DruidDataSource.getConnection(DruidDataSource.java:103)
	at org.springframework.jdbc.datasource.DataSourceUtils.fetchConnection(DataSourceUtils.java:157)
	at org.springframework.jdbc.datasource.DataSourceUtils.doGetConnection(DataSourceUtils.java:115)
	at org.springframework.jdbc.datasource.DataSourceUtils.getConnection(DataSourceUtils.java:78)
	... 80 common frames omitted
2019-10-12 16:45:57.697 [http-nio-4099-exec-2] INFO  c.e.d.service.impl.ShippingCostCrawlerServiceImpl - 3717 area end time: 2019-10-12 16:45:57 success
2019-10-12 16:45:57.697 [http-nio-4099-exec-2] INFO  c.e.d.service.impl.ShippingCostCrawlerServiceImpl - 3718  area start time: 2019-10-12 16:45:57
2019-10-12 16:45:57.697 [http-nio-4099-exec-2] ERROR com.example.demo.util.ShippingCostUtil - request exceptionjava.lang.IllegalStateException: Illegal access: this web application instance has been stopped already. Could not load [META-INF/services/org.apache.axis.EngineConfigurationFactory]. The following stack trace is thrown for debugging purposes as well as to attempt to terminate the thread which caused the illegal access.
2019-10-12 16:45:57.697 [http-nio-4099-exec-2] ERROR com.example.demo.util.ShippingCostUtil - service bei diao yong: 0 ci
2019-10-12 16:45:57.698 [http-nio-4099-exec-2] ERROR com.example.demo.util.ShippingCostUtil - service unvailable sleep ten minutes!
2019-10-12 16:46:01.483 [restartedMain] INFO  com.example.demo.DemoApplication - Starting DemoApplication on SST-OCHO with PID 14652 (C:\MrX\springbootDemo\first\mavenDemoForSpringBoot\target\classes started by yxie in C:\MrX\springbootDemo\first\mavenDemoForSpringBoot)
2019-10-12 16:46:01.484 [restartedMain] INFO  com.example.demo.DemoApplication - The following profiles are active: sst
2019-10-12 16:46:01.969 [restartedMain] INFO  o.s.d.r.config.RepositoryConfigurationDelegate - Multiple Spring Data modules found, entering strict repository configuration mode!
2019-10-12 16:46:01.969 [restartedMain] INFO  o.s.d.r.config.RepositoryConfigurationDelegate - Bootstrapping Spring Data repositories in DEFAULT mode.
2019-10-12 16:46:02.037 [restartedMain] INFO  o.s.d.r.config.RepositoryConfigurationDelegate - Finished Spring Data repository scanning in 68ms. Found 0 repository interfaces.
2019-10-12 16:46:02.188 [restartedMain] INFO  o.s.c.s.PostProcessorRegistrationDelegate$BeanPostProcessorChecker - Bean 'org.springframework.transaction.annotation.ProxyTransactionManagementConfiguration' of type [org.springframework.transaction.annotation.ProxyTransactionManagementConfiguration$$EnhancerBySpringCGLIB$$29776056] is not eligible for getting processed by all BeanPostProcessors (for example: not eligible for auto-proxying)
2019-10-12 16:46:02.332 [restartedMain] INFO  o.s.boot.web.embedded.tomcat.TomcatWebServer - Tomcat initialized with port(s): 4099 (http)
2019-10-12 16:46:02.334 [restartedMain] INFO  org.apache.coyote.http11.Http11NioProtocol - Initializing ProtocolHandler ["http-nio-4099"]
2019-10-12 16:46:02.335 [restartedMain] INFO  org.apache.catalina.core.StandardService - Starting service [Tomcat]
2019-10-12 16:46:02.336 [restartedMain] INFO  org.apache.catalina.core.StandardEngine - Starting Servlet engine: [Apache Tomcat/9.0.21]
2019-10-12 16:46:02.361 [restartedMain] INFO  o.a.c.core.ContainerBase.[Tomcat].[localhost].[/] - Initializing Spring embedded WebApplicationContext
2019-10-12 16:46:02.362 [restartedMain] INFO  org.springframework.web.context.ContextLoader - Root WebApplicationContext: initialization completed in 875 ms
2019-10-12 16:46:02.388 [restartedMain] INFO  com.example.demo.config.filter.CustomFilter - filter 初始化！！！！
2019-10-12 16:46:02.505 [restartedMain] ERROR com.alibaba.druid.pool.DruidDataSource - testWhileIdle is true, validationQuery not set
2019-10-12 16:46:02.508 [restartedMain] INFO  com.alibaba.druid.pool.DruidDataSource - {dataSource-2} inited
2019-10-12 16:46:02.787 [restartedMain] INFO  o.s.scheduling.concurrent.ThreadPoolTaskExecutor - Initializing ExecutorService 'applicationTaskExecutor'
2019-10-12 16:46:02.846 [restartedMain] WARN  org.thymeleaf.templatemode.TemplateMode - [THYMELEAF][restartedMain] Template Mode 'LEGACYHTML5' is deprecated. Using Template Mode 'HTML' instead.
2019-10-12 16:46:02.855 [restartedMain] INFO  o.s.b.a.web.servlet.WelcomePageHandlerMapping - Adding welcome page: class path resource [static/index.html]
2019-10-12 16:46:02.931 [restartedMain] INFO  o.s.scheduling.concurrent.ThreadPoolTaskScheduler - Initializing ExecutorService 'taskScheduler'
2019-10-12 16:46:03.359 [restartedMain] INFO  o.s.b.d.autoconfigure.OptionalLiveReloadServer - LiveReload server is running on port 35729
2019-10-12 16:46:03.381 [restartedMain] INFO  org.apache.coyote.http11.Http11NioProtocol - Starting ProtocolHandler ["http-nio-4099"]
2019-10-12 16:46:03.387 [restartedMain] INFO  o.s.boot.web.embedded.tomcat.TomcatWebServer - Tomcat started on port(s): 4099 (http) with context path ''
2019-10-12 16:46:03.388 [restartedMain] INFO  com.example.demo.DemoApplication - Started DemoApplication in 1.95 seconds (JVM running for 5867.047)
2019-10-12 16:46:03.391 [restartedMain] INFO  o.s.b.d.a.ConditionEvaluationDeltaLoggingListener - Condition evaluation unchanged
2019-10-12 16:46:44.836 [Thread-10] INFO  o.s.scheduling.concurrent.ThreadPoolTaskScheduler - Shutting down ExecutorService 'taskScheduler'
2019-10-12 16:46:44.837 [Thread-10] INFO  o.s.scheduling.concurrent.ThreadPoolTaskExecutor - Shutting down ExecutorService 'applicationTaskExecutor'
2019-10-12 16:46:44.842 [Thread-10] INFO  com.alibaba.druid.pool.DruidDataSource - {dataSource-2} closed
2019-10-12 16:46:45.013 [Thread-10] INFO  com.example.demo.config.filter.CustomFilter - filter  销毁~！！！
2019-10-12 16:46:45.890 [restartedMain] INFO  com.example.demo.DemoApplication - Starting DemoApplication on SST-OCHO with PID 14652 (C:\MrX\springbootDemo\first\mavenDemoForSpringBoot\target\classes started by yxie in C:\MrX\springbootDemo\first\mavenDemoForSpringBoot)
2019-10-12 16:46:45.890 [restartedMain] INFO  com.example.demo.DemoApplication - The following profiles are active: sst
2019-10-12 16:46:46.331 [restartedMain] INFO  o.s.d.r.config.RepositoryConfigurationDelegate - Multiple Spring Data modules found, entering strict repository configuration mode!
2019-10-12 16:46:46.331 [restartedMain] INFO  o.s.d.r.config.RepositoryConfigurationDelegate - Bootstrapping Spring Data repositories in DEFAULT mode.
2019-10-12 16:46:46.392 [restartedMain] INFO  o.s.d.r.config.RepositoryConfigurationDelegate - Finished Spring Data repository scanning in 61ms. Found 0 repository interfaces.
2019-10-12 16:46:46.525 [restartedMain] INFO  o.s.c.s.PostProcessorRegistrationDelegate$BeanPostProcessorChecker - Bean 'org.springframework.transaction.annotation.ProxyTransactionManagementConfiguration' of type [org.springframework.transaction.annotation.ProxyTransactionManagementConfiguration$$EnhancerBySpringCGLIB$$29776056] is not eligible for getting processed by all BeanPostProcessors (for example: not eligible for auto-proxying)
2019-10-12 16:46:46.649 [restartedMain] INFO  o.s.boot.web.embedded.tomcat.TomcatWebServer - Tomcat initialized with port(s): 4099 (http)
2019-10-12 16:46:46.650 [restartedMain] INFO  org.apache.coyote.http11.Http11NioProtocol - Initializing ProtocolHandler ["http-nio-4099"]
2019-10-12 16:46:46.651 [restartedMain] INFO  org.apache.catalina.core.StandardService - Starting service [Tomcat]
2019-10-12 16:46:46.651 [restartedMain] INFO  org.apache.catalina.core.StandardEngine - Starting Servlet engine: [Apache Tomcat/9.0.21]
2019-10-12 16:46:46.674 [restartedMain] INFO  o.a.c.core.ContainerBase.[Tomcat].[localhost].[/] - Initializing Spring embedded WebApplicationContext
2019-10-12 16:46:46.674 [restartedMain] INFO  org.springframework.web.context.ContextLoader - Root WebApplicationContext: initialization completed in 781 ms
2019-10-12 16:46:46.691 [restartedMain] INFO  com.example.demo.config.filter.CustomFilter - filter 初始化！！！！
2019-10-12 16:46:46.783 [restartedMain] ERROR com.alibaba.druid.pool.DruidDataSource - testWhileIdle is true, validationQuery not set
2019-10-12 16:46:46.785 [restartedMain] INFO  com.alibaba.druid.pool.DruidDataSource - {dataSource-3} inited
2019-10-12 16:46:47.071 [restartedMain] INFO  o.s.scheduling.concurrent.ThreadPoolTaskExecutor - Initializing ExecutorService 'applicationTaskExecutor'
2019-10-12 16:46:47.115 [restartedMain] WARN  org.thymeleaf.templatemode.TemplateMode - [THYMELEAF][restartedMain] Template Mode 'LEGACYHTML5' is deprecated. Using Template Mode 'HTML' instead.
2019-10-12 16:46:47.122 [restartedMain] INFO  o.s.b.a.web.servlet.WelcomePageHandlerMapping - Adding welcome page: class path resource [static/index.html]
2019-10-12 16:46:47.184 [restartedMain] INFO  o.s.scheduling.concurrent.ThreadPoolTaskScheduler - Initializing ExecutorService 'taskScheduler'
2019-10-12 16:46:47.586 [restartedMain] INFO  o.s.b.d.autoconfigure.OptionalLiveReloadServer - LiveReload server is running on port 35729
2019-10-12 16:46:47.623 [restartedMain] INFO  org.apache.coyote.http11.Http11NioProtocol - Starting ProtocolHandler ["http-nio-4099"]
2019-10-12 16:46:47.627 [restartedMain] INFO  o.s.boot.web.embedded.tomcat.TomcatWebServer - Tomcat started on port(s): 4099 (http) with context path ''
2019-10-12 16:46:47.628 [restartedMain] INFO  com.example.demo.DemoApplication - Started DemoApplication in 1.781 seconds (JVM running for 5911.286)
2019-10-12 16:46:47.630 [restartedMain] INFO  o.s.b.d.a.ConditionEvaluationDeltaLoggingListener - Condition evaluation unchanged
2019-10-12 16:55:57.699 [http-nio-4099-exec-2] ERROR com.example.demo.util.ShippingCostUtil - service restart after sleep ten minutes!
2019-10-12 16:55:57.702 [http-nio-4099-exec-2] INFO  c.e.d.service.impl.ShippingCostCrawlerServiceImpl - 3718 reply is null, get data exception
2019-10-12 16:55:57.704 [http-nio-4099-exec-2] ERROR c.e.d.service.impl.ShippingCostCrawlerServiceImpl - databaseException
org.mybatis.spring.MyBatisSystemException: nested exception is org.apache.ibatis.exceptions.PersistenceException: 
### Error updating database.  Cause: org.springframework.jdbc.CannotGetJdbcConnectionException: Failed to obtain JDBC Connection; nested exception is com.alibaba.druid.pool.DataSourceClosedException: dataSource already closed at Sat Oct 12 16:45:53 CST 2019
### The error may exist in file [C:\MrX\springbootDemo\first\mavenDemoForSpringBoot\target\classes\mapper\ShippingCostAreaMapper.xml]
### The error may involve com.example.demo.dao.ShippingCostAreaDao.updateErrorCodeAndMesage
### The error occurred while executing an update
### Cause: org.springframework.jdbc.CannotGetJdbcConnectionException: Failed to obtain JDBC Connection; nested exception is com.alibaba.druid.pool.DataSourceClosedException: dataSource already closed at Sat Oct 12 16:45:53 CST 2019
	at org.mybatis.spring.MyBatisExceptionTranslator.translateExceptionIfPossible(MyBatisExceptionTranslator.java:77)
	at org.mybatis.spring.SqlSessionTemplate$SqlSessionInterceptor.invoke(SqlSessionTemplate.java:446)
	at com.sun.proxy.$Proxy69.update(Unknown Source)
	at org.mybatis.spring.SqlSessionTemplate.update(SqlSessionTemplate.java:294)
	at com.baomidou.mybatisplus.core.override.MybatisMapperMethod.execute(MybatisMapperMethod.java:63)
	at com.baomidou.mybatisplus.core.override.MybatisMapperProxy.invoke(MybatisMapperProxy.java:62)
	at com.sun.proxy.$Proxy75.updateErrorCodeAndMesage(Unknown Source)
	at com.example.demo.service.impl.ShippingCostAreaServiceImpl.updateErrorCodeAndMesage(ShippingCostAreaServiceImpl.java:355)
	at com.example.demo.service.impl.ShippingCostCrawlerServiceImpl.dealReply(ShippingCostCrawlerServiceImpl.java:158)
	at getShippingCostAndInsertByServiceType(ShippingCostCrawlerServiceImpl.java:123)
	at com.example.demo.service.impl.ShippingCostCrawlerServiceImpl.nomalProcessGetShippingCostAndInsert(ShippingCostCrawlerServiceImpl.java:63)
	at com.example.demo.controller.ShippingCostCrawlerController.normalGetShippingCost(ShippingCostCrawlerController.java:25)
	at sun.reflect.NativeMethodAccessorImpl.invoke0(Native Method)
	at sun.reflect.NativeMethodAccessorImpl.invoke(NativeMethodAccessorImpl.java:62)
	at sun.reflect.DelegatingMethodAccessorImpl.invoke(DelegatingMethodAccessorImpl.java:43)
	at java.lang.reflect.Method.invoke(Method.java:498)
	at org.springframework.web.method.support.InvocableHandlerMethod.doInvoke(InvocableHandlerMethod.java:190)
	at org.springframework.web.method.support.InvocableHandlerMethod.invokeForRequest(InvocableHandlerMethod.java:138)
	at org.springframework.web.servlet.mvc.method.annotation.ServletInvocableHandlerMethod.invokeAndHandle(ServletInvocableHandlerMethod.java:104)
	at org.springframework.web.servlet.mvc.method.annotation.RequestMappingHandlerAdapter.invokeHandlerMethod(RequestMappingHandlerAdapter.java:892)
	at org.springframework.web.servlet.mvc.method.annotation.RequestMappingHandlerAdapter.handleInternal(RequestMappingHandlerAdapter.java:797)
	at org.springframework.web.servlet.mvc.method.AbstractHandlerMethodAdapter.handle(AbstractHandlerMethodAdapter.java:87)
	at org.springframework.web.servlet.DispatcherServlet.doDispatch(DispatcherServlet.java:1039)
	at org.springframework.web.servlet.DispatcherServlet.doService(DispatcherServlet.java:942)
	at org.springframework.web.servlet.FrameworkServlet.processRequest(FrameworkServlet.java:1005)
	at org.springframework.web.servlet.FrameworkServlet.doGet(FrameworkServlet.java:897)
	at javax.servlet.http.HttpServlet.service(HttpServlet.java:634)
	at org.springframework.web.servlet.FrameworkServlet.service(FrameworkServlet.java:882)
	at javax.servlet.http.HttpServlet.service(HttpServlet.java:741)
	at org.apache.catalina.core.ApplicationFilterChain.internalDoFilter(ApplicationFilterChain.java:231)
	at org.apache.catalina.core.ApplicationFilterChain.doFilter(ApplicationFilterChain.java:166)
	at org.apache.tomcat.websocket.server.WsFilter.doFilter(WsFilter.java:53)
	at org.apache.catalina.core.ApplicationFilterChain.internalDoFilter(ApplicationFilterChain.java:193)
	at org.apache.catalina.core.ApplicationFilterChain.doFilter(ApplicationFilterChain.java:166)
	at com.example.demo.config.filter.CustomFilter.doFilter(CustomFilter.java:20)
	at org.apache.catalina.core.ApplicationFilterChain.internalDoFilter(ApplicationFilterChain.java:193)
	at org.apache.catalina.core.ApplicationFilterChain.doFilter(ApplicationFilterChain.java:166)
	at org.springframework.web.filter.RequestContextFilter.doFilterInternal(RequestContextFilter.java:99)
	at org.springframework.web.filter.OncePerRequestFilter.doFilter(OncePerRequestFilter.java:109)
	at org.apache.catalina.core.ApplicationFilterChain.internalDoFilter(ApplicationFilterChain.java:193)
	at org.apache.catalina.core.ApplicationFilterChain.doFilter(ApplicationFilterChain.java:166)
	at org.springframework.web.filter.FormContentFilter.doFilterInternal(FormContentFilter.java:92)
	at org.springframework.web.filter.OncePerRequestFilter.doFilter(OncePerRequestFilter.java:109)
	at org.apache.catalina.core.ApplicationFilterChain.internalDoFilter(ApplicationFilterChain.java:193)
	at org.apache.catalina.core.ApplicationFilterChain.doFilter(ApplicationFilterChain.java:166)
	at org.springframework.web.filter.HiddenHttpMethodFilter.doFilterInternal(HiddenHttpMethodFilter.java:93)
	at org.springframework.web.filter.OncePerRequestFilter.doFilter(OncePerRequestFilter.java:109)
	at org.apache.catalina.core.ApplicationFilterChain.internalDoFilter(ApplicationFilterChain.java:193)
	at org.apache.catalina.core.ApplicationFilterChain.doFilter(ApplicationFilterChain.java:166)
	at org.springframework.web.filter.CharacterEncodingFilter.doFilterInternal(CharacterEncodingFilter.java:200)
	at org.springframework.web.filter.OncePerRequestFilter.doFilter(OncePerRequestFilter.java:109)
	at org.apache.catalina.core.ApplicationFilterChain.internalDoFilter(ApplicationFilterChain.java:193)
	at org.apache.catalina.core.ApplicationFilterChain.doFilter(ApplicationFilterChain.java:166)
	at org.apache.catalina.core.StandardWrapperValve.invoke(StandardWrapperValve.java:202)
	at org.apache.catalina.core.StandardContextValve.invoke(StandardContextValve.java:96)
	at org.apache.catalina.authenticator.AuthenticatorBase.invoke(AuthenticatorBase.java:490)
	at org.apache.catalina.core.StandardHostValve.invoke(StandardHostValve.java:139)
	at org.apache.catalina.valves.ErrorReportValve.invoke(ErrorReportValve.java:92)
	at org.apache.catalina.core.StandardEngineValve.invoke(StandardEngineValve.java:74)
	at org.apache.catalina.connector.CoyoteAdapter.service(CoyoteAdapter.java:343)
	at org.apache.coyote.http11.Http11Processor.service(Http11Processor.java:408)
	at org.apache.coyote.AbstractProcessorLight.process(AbstractProcessorLight.java:66)
	at org.apache.coyote.AbstractProtocol$ConnectionHandler.process(AbstractProtocol.java:853)
	at org.apache.tomcat.util.net.NioEndpoint$SocketProcessor.doRun(NioEndpoint.java:1587)
	at org.apache.tomcat.util.net.SocketProcessorBase.run(SocketProcessorBase.java:49)
	at java.util.concurrent.ThreadPoolExecutor.runWorker(ThreadPoolExecutor.java:1149)
	at java.util.concurrent.ThreadPoolExecutor$Worker.run(ThreadPoolExecutor.java:624)
	at org.apache.tomcat.util.threads.TaskThread$WrappingRunnable.run(TaskThread.java:61)
	at java.lang.Thread.run(Thread.java:748)
Caused by: org.apache.ibatis.exceptions.PersistenceException: 
### Error updating database.  Cause: org.springframework.jdbc.CannotGetJdbcConnectionException: Failed to obtain JDBC Connection; nested exception is com.alibaba.druid.pool.DataSourceClosedException: dataSource already closed at Sat Oct 12 16:45:53 CST 2019
### The error may exist in file [C:\MrX\springbootDemo\first\mavenDemoForSpringBoot\target\classes\mapper\ShippingCostAreaMapper.xml]
### The error may involve com.example.demo.dao.ShippingCostAreaDao.updateErrorCodeAndMesage
### The error occurred while executing an update
### Cause: org.springframework.jdbc.CannotGetJdbcConnectionException: Failed to obtain JDBC Connection; nested exception is com.alibaba.druid.pool.DataSourceClosedException: dataSource already closed at Sat Oct 12 16:45:53 CST 2019
	at org.apache.ibatis.exceptions.ExceptionFactory.wrapException(ExceptionFactory.java:30)
	at org.apache.ibatis.session.defaults.DefaultSqlSession.update(DefaultSqlSession.java:199)
	at sun.reflect.NativeMethodAccessorImpl.invoke0(Native Method)
	at sun.reflect.NativeMethodAccessorImpl.invoke(NativeMethodAccessorImpl.java:62)
	at sun.reflect.DelegatingMethodAccessorImpl.invoke(DelegatingMethodAccessorImpl.java:43)
	at java.lang.reflect.Method.invoke(Method.java:498)
	at org.mybatis.spring.SqlSessionTemplate$SqlSessionInterceptor.invoke(SqlSessionTemplate.java:433)
	... 67 common frames omitted
Caused by: org.springframework.jdbc.CannotGetJdbcConnectionException: Failed to obtain JDBC Connection; nested exception is com.alibaba.druid.pool.DataSourceClosedException: dataSource already closed at Sat Oct 12 16:45:53 CST 2019
	at org.springframework.jdbc.datasource.DataSourceUtils.getConnection(DataSourceUtils.java:81)
	at org.mybatis.spring.transaction.SpringManagedTransaction.openConnection(SpringManagedTransaction.java:82)
	at org.mybatis.spring.transaction.SpringManagedTransaction.getConnection(SpringManagedTransaction.java:68)
	at org.apache.ibatis.executor.BaseExecutor.getConnection(BaseExecutor.java:336)
	at com.baomidou.mybatisplus.core.executor.MybatisSimpleExecutor.prepareStatement(MybatisSimpleExecutor.java:93)
	at com.baomidou.mybatisplus.core.executor.MybatisSimpleExecutor.doUpdate(MybatisSimpleExecutor.java:53)
	at org.apache.ibatis.executor.BaseExecutor.update(BaseExecutor.java:117)
	at org.apache.ibatis.executor.CachingExecutor.update(CachingExecutor.java:76)
	at org.apache.ibatis.session.defaults.DefaultSqlSession.update(DefaultSqlSession.java:197)
	... 72 common frames omitted
Caused by: com.alibaba.druid.pool.DataSourceClosedException: dataSource already closed at Sat Oct 12 16:45:53 CST 2019
	at com.alibaba.druid.pool.DruidDataSource.getConnectionInternal(DruidDataSource.java:1110)
	at com.alibaba.druid.pool.DruidDataSource.getConnectionDirect(DruidDataSource.java:1014)
	at com.alibaba.druid.pool.DruidDataSource.getConnection(DruidDataSource.java:994)
	at com.alibaba.druid.pool.DruidDataSource.getConnection(DruidDataSource.java:984)
	at com.alibaba.druid.pool.DruidDataSource.getConnection(DruidDataSource.java:103)
	at org.springframework.jdbc.datasource.DataSourceUtils.fetchConnection(DataSourceUtils.java:157)
	at org.springframework.jdbc.datasource.DataSourceUtils.doGetConnection(DataSourceUtils.java:115)
	at org.springframework.jdbc.datasource.DataSourceUtils.getConnection(DataSourceUtils.java:78)
	... 80 common frames omitted
2019-10-12 16:55:57.711 [http-nio-4099-exec-2] INFO  c.e.d.service.impl.ShippingCostCrawlerServiceImpl - 3718 area end time: 2019-10-12 16:55:57 success
2019-10-12 16:55:57.712 [http-nio-4099-exec-2] INFO  c.e.d.service.impl.ShippingCostCrawlerServiceImpl - 3719  area start time: 2019-10-12 16:55:57
2019-10-12 16:55:57.713 [http-nio-4099-exec-2] INFO  org.apache.catalina.loader.WebappClassLoaderBase - Illegal access: this web application instance has been stopped already. Could not load [META-INF/services/org.apache.axis.EngineConfigurationFactory]. The following stack trace is thrown for debugging purposes as well as to attempt to terminate the thread which caused the illegal access.
java.lang.IllegalStateException: Illegal access: this web application instance has been stopped already. Could not load [META-INF/services/org.apache.axis.EngineConfigurationFactory]. The following stack trace is thrown for debugging purposes as well as to attempt to terminate the thread which caused the illegal access.
	at org.apache.catalina.loader.WebappClassLoaderBase.checkStateForResourceLoading(WebappClassLoaderBase.java:1385)
	at org.apache.catalina.loader.WebappClassLoaderBase.getResource(WebappClassLoaderBase.java:1038)
	at org.apache.commons.discovery.jdk.JDK12Hooks.getResources(JDK12Hooks.java:134)
	at org.apache.commons.discovery.resource.DiscoverResources$1.getNextResources(DiscoverResources.java:124)
	at org.apache.commons.discovery.resource.DiscoverResources$1.getNextResource(DiscoverResources.java:98)
	at org.apache.commons.discovery.resource.DiscoverResources$1.hasNext(DiscoverResources.java:84)
	at org.apache.commons.discovery.resource.names.DiscoverNamesInFile$1.getNextClassNames(DiscoverNamesInFile.java:226)
	at org.apache.commons.discovery.resource.names.DiscoverNamesInFile$1.getNextClassName(DiscoverNamesInFile.java:209)
	at org.apache.commons.discovery.resource.names.DiscoverNamesInFile$1.hasNext(DiscoverNamesInFile.java:196)
	at org.apache.commons.discovery.resource.names.NameDiscoverers$1.getNextIterator(NameDiscoverers.java:122)
	at org.apache.commons.discovery.resource.names.NameDiscoverers$1.hasNext(NameDiscoverers.java:105)
	at org.apache.commons.discovery.resource.classes.ResourceClassDiscoverImpl$1.getNextResource(ResourceClassDiscoverImpl.java:116)
	at org.apache.commons.discovery.resource.classes.ResourceClassDiscoverImpl$1.hasNext(ResourceClassDiscoverImpl.java:103)
	at org.apache.axis.configuration.EngineConfigurationFactoryFinder$1.run(EngineConfigurationFactoryFinder.java:120)
	at java.security.AccessController.doPrivileged(Native Method)
	at org.apache.axis.configuration.EngineConfigurationFactoryFinder.newFactory(EngineConfigurationFactoryFinder.java:113)
	at org.apache.axis.configuration.EngineConfigurationFactoryFinder.newFactory(EngineConfigurationFactoryFinder.java:160)
	at org.apache.axis.client.Service.getEngineConfiguration(Service.java:813)
	at org.apache.axis.client.Service.getAxisClient(Service.java:104)
	at org.apache.axis.client.Service.<init>(Service.java:113)
	at com.example.demo.fedex.rate.stub.RateServiceLocator.<init>(RateServiceLocator.java:12)
	at com.example.demo.util.ShippingCostUtil.getShippingCostReply(ShippingCostUtil.java:76)
	at getShippingCostAndInsertByServiceType(ShippingCostCrawlerServiceImpl.java:122)
	at com.example.demo.service.impl.ShippingCostCrawlerServiceImpl.nomalProcessGetShippingCostAndInsert(ShippingCostCrawlerServiceImpl.java:63)
	at com.example.demo.controller.ShippingCostCrawlerController.normalGetShippingCost(ShippingCostCrawlerController.java:25)
	at sun.reflect.NativeMethodAccessorImpl.invoke0(Native Method)
	at sun.reflect.NativeMethodAccessorImpl.invoke(NativeMethodAccessorImpl.java:62)
	at sun.reflect.DelegatingMethodAccessorImpl.invoke(DelegatingMethodAccessorImpl.java:43)
	at java.lang.reflect.Method.invoke(Method.java:498)
	at org.springframework.web.method.support.InvocableHandlerMethod.doInvoke(InvocableHandlerMethod.java:190)
	at org.springframework.web.method.support.InvocableHandlerMethod.invokeForRequest(InvocableHandlerMethod.java:138)
	at org.springframework.web.servlet.mvc.method.annotation.ServletInvocableHandlerMethod.invokeAndHandle(ServletInvocableHandlerMethod.java:104)
	at org.springframework.web.servlet.mvc.method.annotation.RequestMappingHandlerAdapter.invokeHandlerMethod(RequestMappingHandlerAdapter.java:892)
	at org.springframework.web.servlet.mvc.method.annotation.RequestMappingHandlerAdapter.handleInternal(RequestMappingHandlerAdapter.java:797)
	at org.springframework.web.servlet.mvc.method.AbstractHandlerMethodAdapter.handle(AbstractHandlerMethodAdapter.java:87)
	at org.springframework.web.servlet.DispatcherServlet.doDispatch(DispatcherServlet.java:1039)
	at org.springframework.web.servlet.DispatcherServlet.doService(DispatcherServlet.java:942)
	at org.springframework.web.servlet.FrameworkServlet.processRequest(FrameworkServlet.java:1005)
	at org.springframework.web.servlet.FrameworkServlet.doGet(FrameworkServlet.java:897)
	at javax.servlet.http.HttpServlet.service(HttpServlet.java:634)
	at org.springframework.web.servlet.FrameworkServlet.service(FrameworkServlet.java:882)
	at javax.servlet.http.HttpServlet.service(HttpServlet.java:741)
	at org.apache.catalina.core.ApplicationFilterChain.internalDoFilter(ApplicationFilterChain.java:231)
	at org.apache.catalina.core.ApplicationFilterChain.doFilter(ApplicationFilterChain.java:166)
	at org.apache.tomcat.websocket.server.WsFilter.doFilter(WsFilter.java:53)
	at org.apache.catalina.core.ApplicationFilterChain.internalDoFilter(ApplicationFilterChain.java:193)
	at org.apache.catalina.core.ApplicationFilterChain.doFilter(ApplicationFilterChain.java:166)
	at com.example.demo.config.filter.CustomFilter.doFilter(CustomFilter.java:20)
	at org.apache.catalina.core.ApplicationFilterChain.internalDoFilter(ApplicationFilterChain.java:193)
	at org.apache.catalina.core.ApplicationFilterChain.doFilter(ApplicationFilterChain.java:166)
	at org.springframework.web.filter.RequestContextFilter.doFilterInternal(RequestContextFilter.java:99)
	at org.springframework.web.filter.OncePerRequestFilter.doFilter(OncePerRequestFilter.java:109)
	at org.apache.catalina.core.ApplicationFilterChain.internalDoFilter(ApplicationFilterChain.java:193)
	at org.apache.catalina.core.ApplicationFilterChain.doFilter(ApplicationFilterChain.java:166)
	at org.springframework.web.filter.FormContentFilter.doFilterInternal(FormContentFilter.java:92)
	at org.springframework.web.filter.OncePerRequestFilter.doFilter(OncePerRequestFilter.java:109)
	at org.apache.catalina.core.ApplicationFilterChain.internalDoFilter(ApplicationFilterChain.java:193)
	at org.apache.catalina.core.ApplicationFilterChain.doFilter(ApplicationFilterChain.java:166)
	at org.springframework.web.filter.HiddenHttpMethodFilter.doFilterInternal(HiddenHttpMethodFilter.java:93)
	at org.springframework.web.filter.OncePerRequestFilter.doFilter(OncePerRequestFilter.java:109)
	at org.apache.catalina.core.ApplicationFilterChain.internalDoFilter(ApplicationFilterChain.java:193)
	at org.apache.catalina.core.ApplicationFilterChain.doFilter(ApplicationFilterChain.java:166)
	at org.springframework.web.filter.CharacterEncodingFilter.doFilterInternal(CharacterEncodingFilter.java:200)
	at org.springframework.web.filter.OncePerRequestFilter.doFilter(OncePerRequestFilter.java:109)
	at org.apache.catalina.core.ApplicationFilterChain.internalDoFilter(ApplicationFilterChain.java:193)
	at org.apache.catalina.core.ApplicationFilterChain.doFilter(ApplicationFilterChain.java:166)
	at org.apache.catalina.core.StandardWrapperValve.invoke(StandardWrapperValve.java:202)
	at org.apache.catalina.core.StandardContextValve.invoke(StandardContextValve.java:96)
	at org.apache.catalina.authenticator.AuthenticatorBase.invoke(AuthenticatorBase.java:490)
	at org.apache.catalina.core.StandardHostValve.invoke(StandardHostValve.java:139)
	at org.apache.catalina.valves.ErrorReportValve.invoke(ErrorReportValve.java:92)
	at org.apache.catalina.core.StandardEngineValve.invoke(StandardEngineValve.java:74)
	at org.apache.catalina.connector.CoyoteAdapter.service(CoyoteAdapter.java:343)
	at org.apache.coyote.http11.Http11Processor.service(Http11Processor.java:408)
	at org.apache.coyote.AbstractProcessorLight.process(AbstractProcessorLight.java:66)
	at org.apache.coyote.AbstractProtocol$ConnectionHandler.process(AbstractProtocol.java:853)
	at org.apache.tomcat.util.net.NioEndpoint$SocketProcessor.doRun(NioEndpoint.java:1587)
	at org.apache.tomcat.util.net.SocketProcessorBase.run(SocketProcessorBase.java:49)
	at java.util.concurrent.ThreadPoolExecutor.runWorker(ThreadPoolExecutor.java:1149)
	at java.util.concurrent.ThreadPoolExecutor$Worker.run(ThreadPoolExecutor.java:624)
	at org.apache.tomcat.util.threads.TaskThread$WrappingRunnable.run(TaskThread.java:61)
	at java.lang.Thread.run(Thread.java:748)
2019-10-12 16:55:57.714 [http-nio-4099-exec-2] ERROR com.example.demo.util.ShippingCostUtil - request exceptionjava.lang.IllegalStateException: Illegal access: this web application instance has been stopped already. Could not load [META-INF/services/org.apache.axis.EngineConfigurationFactory]. The following stack trace is thrown for debugging purposes as well as to attempt to terminate the thread which caused the illegal access.
2019-10-12 16:55:57.714 [http-nio-4099-exec-2] ERROR com.example.demo.util.ShippingCostUtil - service bei diao yong: 0 ci
2019-10-12 16:55:57.715 [http-nio-4099-exec-2] ERROR com.example.demo.util.ShippingCostUtil - service unvailable sleep ten minutes!
2019-10-12 16:59:17.938 [Thread-16] INFO  o.s.scheduling.concurrent.ThreadPoolTaskScheduler - Shutting down ExecutorService 'taskScheduler'
2019-10-12 16:59:17.939 [Thread-16] INFO  o.s.scheduling.concurrent.ThreadPoolTaskExecutor - Shutting down ExecutorService 'applicationTaskExecutor'
2019-10-12 16:59:17.945 [Thread-16] INFO  com.alibaba.druid.pool.DruidDataSource - {dataSource-3} closed
2019-10-12 16:59:18.126 [Thread-16] INFO  com.example.demo.config.filter.CustomFilter - filter  销毁~！！！
2019-10-12 16:59:18.903 [restartedMain] INFO  com.example.demo.DemoApplication - Starting DemoApplication on SST-OCHO with PID 14652 (C:\MrX\springbootDemo\first\mavenDemoForSpringBoot\target\classes started by yxie in C:\MrX\springbootDemo\first\mavenDemoForSpringBoot)
2019-10-12 16:59:18.903 [restartedMain] INFO  com.example.demo.DemoApplication - The following profiles are active: sst
2019-10-12 16:59:19.319 [restartedMain] INFO  o.s.d.r.config.RepositoryConfigurationDelegate - Multiple Spring Data modules found, entering strict repository configuration mode!
2019-10-12 16:59:19.319 [restartedMain] INFO  o.s.d.r.config.RepositoryConfigurationDelegate - Bootstrapping Spring Data repositories in DEFAULT mode.
2019-10-12 16:59:19.387 [restartedMain] INFO  o.s.d.r.config.RepositoryConfigurationDelegate - Finished Spring Data repository scanning in 68ms. Found 0 repository interfaces.
2019-10-12 16:59:19.502 [restartedMain] INFO  o.s.c.s.PostProcessorRegistrationDelegate$BeanPostProcessorChecker - Bean 'org.springframework.transaction.annotation.ProxyTransactionManagementConfiguration' of type [org.springframework.transaction.annotation.ProxyTransactionManagementConfiguration$$EnhancerBySpringCGLIB$$29776056] is not eligible for getting processed by all BeanPostProcessors (for example: not eligible for auto-proxying)
2019-10-12 16:59:19.625 [restartedMain] INFO  o.s.boot.web.embedded.tomcat.TomcatWebServer - Tomcat initialized with port(s): 4099 (http)
2019-10-12 16:59:19.626 [restartedMain] INFO  org.apache.coyote.http11.Http11NioProtocol - Initializing ProtocolHandler ["http-nio-4099"]
2019-10-12 16:59:19.626 [restartedMain] INFO  org.apache.catalina.core.StandardService - Starting service [Tomcat]
2019-10-12 16:59:19.626 [restartedMain] INFO  org.apache.catalina.core.StandardEngine - Starting Servlet engine: [Apache Tomcat/9.0.21]
2019-10-12 16:59:19.650 [restartedMain] INFO  o.a.c.core.ContainerBase.[Tomcat].[localhost].[/] - Initializing Spring embedded WebApplicationContext
2019-10-12 16:59:19.651 [restartedMain] INFO  org.springframework.web.context.ContextLoader - Root WebApplicationContext: initialization completed in 746 ms
2019-10-12 16:59:19.667 [restartedMain] INFO  com.example.demo.config.filter.CustomFilter - filter 初始化！！！！
2019-10-12 16:59:19.745 [restartedMain] ERROR com.alibaba.druid.pool.DruidDataSource - testWhileIdle is true, validationQuery not set
2019-10-12 16:59:19.748 [restartedMain] INFO  com.alibaba.druid.pool.DruidDataSource - {dataSource-4} inited
2019-10-12 16:59:20.008 [restartedMain] INFO  o.s.scheduling.concurrent.ThreadPoolTaskExecutor - Initializing ExecutorService 'applicationTaskExecutor'
2019-10-12 16:59:20.039 [restartedMain] WARN  org.thymeleaf.templatemode.TemplateMode - [THYMELEAF][restartedMain] Template Mode 'LEGACYHTML5' is deprecated. Using Template Mode 'HTML' instead.
2019-10-12 16:59:20.044 [restartedMain] INFO  o.s.b.a.web.servlet.WelcomePageHandlerMapping - Adding welcome page: class path resource [static/index.html]
2019-10-12 16:59:20.119 [restartedMain] INFO  o.s.scheduling.concurrent.ThreadPoolTaskScheduler - Initializing ExecutorService 'taskScheduler'
2019-10-12 16:59:20.487 [restartedMain] INFO  o.s.b.d.autoconfigure.OptionalLiveReloadServer - LiveReload server is running on port 35729
2019-10-12 16:59:20.517 [restartedMain] INFO  org.apache.coyote.http11.Http11NioProtocol - Starting ProtocolHandler ["http-nio-4099"]
2019-10-12 16:59:20.523 [restartedMain] INFO  o.s.boot.web.embedded.tomcat.TomcatWebServer - Tomcat started on port(s): 4099 (http) with context path ''
2019-10-12 16:59:20.525 [restartedMain] INFO  com.example.demo.DemoApplication - Started DemoApplication in 1.664 seconds (JVM running for 6664.181)
2019-10-12 16:59:20.527 [restartedMain] INFO  o.s.b.d.a.ConditionEvaluationDeltaLoggingListener - Condition evaluation unchanged
