2019-12-18 10:37:41.898 [restartedMain] INFO  com.example.demo.DemoApplication - Starting DemoApplication on SST-OCHO with PID 10080 (C:\MrX\springbootDemo\first\mavenDemoForSpringBoot\target\classes started by yxie in C:\MrX\springbootDemo\first\mavenDemoForSpringBoot)
2019-12-18 10:37:41.901 [restartedMain] INFO  com.example.demo.DemoApplication - The following profiles are active: mq
2019-12-18 10:37:41.989 [restartedMain] INFO  o.s.b.d.env.DevToolsPropertyDefaultsPostProcessor - Devtools property defaults active! Set 'spring.devtools.add-properties' to 'false' to disable
2019-12-18 10:37:41.989 [restartedMain] INFO  o.s.b.d.env.DevToolsPropertyDefaultsPostProcessor - For additional web related logging consider setting the 'logging.level.web' property to 'DEBUG'
2019-12-18 10:37:42.832 [restartedMain] WARN  org.mybatis.spring.mapper.ClassPathMapperScanner - Skipping MapperFactoryBean with name 'countryPostalCodeDao' and 'com.example.demo.dao.CountryPostalCodeDao' mapperInterface. Bean already defined with the same name!
2019-12-18 10:37:42.833 [restartedMain] WARN  org.mybatis.spring.mapper.ClassPathMapperScanner - Skipping MapperFactoryBean with name 'mpUserMapper' and 'com.example.demo.dao.MpUserMapper' mapperInterface. Bean already defined with the same name!
2019-12-18 10:37:42.833 [restartedMain] WARN  org.mybatis.spring.mapper.ClassPathMapperScanner - Skipping MapperFactoryBean with name 'shippingCostAreaDao' and 'com.example.demo.dao.ShippingCostAreaDao' mapperInterface. Bean already defined with the same name!
2019-12-18 10:37:42.833 [restartedMain] WARN  org.mybatis.spring.mapper.ClassPathMapperScanner - Skipping MapperFactoryBean with name 'shippingCostCrawlerDao' and 'com.example.demo.dao.ShippingCostCrawlerDao' mapperInterface. Bean already defined with the same name!
2019-12-18 10:37:42.834 [restartedMain] WARN  org.mybatis.spring.mapper.ClassPathMapperScanner - Skipping MapperFactoryBean with name 'sysUserDao' and 'com.example.demo.dao.SysUserDao' mapperInterface. Bean already defined with the same name!
2019-12-18 10:37:42.835 [restartedMain] WARN  org.mybatis.spring.mapper.ClassPathMapperScanner - Skipping MapperFactoryBean with name 'userMapper' and 'com.example.demo.dao.UserMapper' mapperInterface. Bean already defined with the same name!
2019-12-18 10:37:42.835 [restartedMain] WARN  org.mybatis.spring.mapper.ClassPathMapperScanner - No MyBatis mapper was found in '[com.example.demo.dao]' package. Please check your configuration.
2019-12-18 10:37:43.078 [restartedMain] INFO  o.s.d.r.config.RepositoryConfigurationDelegate - Multiple Spring Data modules found, entering strict repository configuration mode!
2019-12-18 10:37:43.080 [restartedMain] INFO  o.s.d.r.config.RepositoryConfigurationDelegate - Bootstrapping Spring Data repositories in DEFAULT mode.
2019-12-18 10:37:43.177 [restartedMain] INFO  o.s.d.r.config.RepositoryConfigurationDelegate - Finished Spring Data repository scanning in 82ms. Found 0 repository interfaces.
2019-12-18 10:37:43.622 [restartedMain] INFO  o.s.c.s.PostProcessorRegistrationDelegate$BeanPostProcessorChecker - Bean 'org.springframework.transaction.annotation.ProxyTransactionManagementConfiguration' of type [org.springframework.transaction.annotation.ProxyTransactionManagementConfiguration$$EnhancerBySpringCGLIB$$d61628c9] is not eligible for getting processed by all BeanPostProcessors (for example: not eligible for auto-proxying)
2019-12-18 10:37:44.059 [restartedMain] INFO  o.s.boot.web.embedded.tomcat.TomcatWebServer - Tomcat initialized with port(s): 8081 (http)
2019-12-18 10:37:44.075 [restartedMain] INFO  org.apache.coyote.http11.Http11NioProtocol - Initializing ProtocolHandler ["http-nio-8081"]
2019-12-18 10:37:44.084 [restartedMain] INFO  org.apache.catalina.core.StandardService - Starting service [Tomcat]
2019-12-18 10:37:44.084 [restartedMain] INFO  org.apache.catalina.core.StandardEngine - Starting Servlet engine: [Apache Tomcat/9.0.21]
2019-12-18 10:37:44.199 [restartedMain] INFO  o.a.c.core.ContainerBase.[Tomcat].[localhost].[/] - Initializing Spring embedded WebApplicationContext
2019-12-18 10:37:44.200 [restartedMain] INFO  org.springframework.web.context.ContextLoader - Root WebApplicationContext: initialization completed in 2210 ms
2019-12-18 10:37:44.266 [restartedMain] INFO  com.example.demo.config.filter.CustomFilter - filter 初始化！！！！
2019-12-18 10:37:44.813 [restartedMain] INFO  com.alibaba.druid.pool.DruidDataSource - {dataSource-1} inited
2019-12-18 10:37:45.068 [restartedMain] WARN  c.b.mybatisplus.core.toolkit.TableInfoHelper - Warn: Could not find @TableId in Class: com.example.demo.entity.CountryPostalCode.
2019-12-18 10:37:45.563 [restartedMain] INFO  o.s.scheduling.concurrent.ThreadPoolTaskExecutor - Initializing ExecutorService 'applicationTaskExecutor'
2019-12-18 10:37:45.677 [restartedMain] WARN  org.thymeleaf.templatemode.TemplateMode - [THYMELEAF][restartedMain] Template Mode 'LEGACYHTML5' is deprecated. Using Template Mode 'HTML' instead.
2019-12-18 10:37:45.705 [restartedMain] INFO  o.s.b.a.web.servlet.WelcomePageHandlerMapping - Adding welcome page: class path resource [static/index.html]
2019-12-18 10:37:45.955 [restartedMain] INFO  o.s.scheduling.concurrent.ThreadPoolTaskScheduler - Initializing ExecutorService 'taskScheduler'
2019-12-18 10:37:46.088 [restartedMain] INFO  o.s.b.d.autoconfigure.OptionalLiveReloadServer - LiveReload server is running on port 35729
2019-12-18 10:37:46.198 [restartedMain] INFO  o.s.a.rabbit.connection.CachingConnectionFactory - Attempting to connect to: [127.0.0.1:5672]
2019-12-18 10:37:46.231 [restartedMain] INFO  o.s.a.rabbit.connection.CachingConnectionFactory - Created new connection: rabbitConnectionFactory#2fe756f9:0/SimpleConnection@342268b1 [delegate=amqp://root@127.0.0.1:5672//order, localPort= 57199]
2019-12-18 10:37:46.306 [restartedMain] INFO  org.apache.coyote.http11.Http11NioProtocol - Starting ProtocolHandler ["http-nio-8081"]
2019-12-18 10:37:46.331 [restartedMain] INFO  o.s.boot.web.embedded.tomcat.TomcatWebServer - Tomcat started on port(s): 8081 (http) with context path ''
2019-12-18 10:37:46.335 [restartedMain] INFO  com.example.demo.DemoApplication - Started DemoApplication in 4.992 seconds (JVM running for 6.335)
2019-12-18 10:40:07.431 [http-nio-8081-exec-1] INFO  com.example.demo.config.listener.Customlister - 监听器：初始化
2019-12-18 10:40:07.436 [http-nio-8081-exec-1] INFO  o.a.c.core.ContainerBase.[Tomcat].[localhost].[/] - Initializing Spring DispatcherServlet 'dispatcherServlet'
2019-12-18 10:40:07.437 [http-nio-8081-exec-1] INFO  org.springframework.web.servlet.DispatcherServlet - Initializing Servlet 'dispatcherServlet'
2019-12-18 10:40:07.446 [http-nio-8081-exec-1] INFO  org.springframework.web.servlet.DispatcherServlet - Completed initialization in 9 ms
2019-12-18 10:40:07.457 [http-nio-8081-exec-1] INFO  com.example.demo.config.filter.CustomFilter - doFilter   请求处理！！！
2019-12-18 10:40:07.486 [http-nio-8081-exec-1] INFO  c.e.d.config.interceptor.CustomHandlerInterceptor - preHandle:请求前调用
2019-12-18 10:40:07.502 [http-nio-8081-exec-1] INFO  c.e.d.config.interceptor.CustomHandlerInterceptor - postHandle:请求后调用
2019-12-18 10:40:07.503 [http-nio-8081-exec-1] INFO  c.e.d.config.interceptor.CustomHandlerInterceptor - afterCompletion:请求调用完成后回调方法，即在视图渲染完成后回调
2019-12-18 10:40:07.505 [http-nio-8081-exec-1] INFO  com.example.demo.config.listener.Customlister - 监听器：销毁
2019-12-18 10:40:07.550 [http-nio-8081-exec-2] INFO  com.example.demo.config.listener.Customlister - 监听器：初始化
2019-12-18 10:40:07.550 [http-nio-8081-exec-2] INFO  com.example.demo.config.filter.CustomFilter - doFilter   请求处理！！！
2019-12-18 10:40:07.570 [http-nio-8081-exec-2] INFO  com.example.demo.config.listener.Customlister - 监听器：销毁
2019-12-18 10:40:16.847 [http-nio-8081-exec-3] INFO  com.example.demo.config.listener.Customlister - 监听器：初始化
2019-12-18 10:40:16.848 [http-nio-8081-exec-3] INFO  com.example.demo.config.filter.CustomFilter - doFilter   请求处理！！！
2019-12-18 10:40:16.852 [http-nio-8081-exec-3] INFO  c.e.d.config.interceptor.CustomHandlerInterceptor - preHandle:请求前调用
2019-12-18 10:40:16.938 [http-nio-8081-exec-3] INFO  c.e.d.config.interceptor.CustomHandlerInterceptor - postHandle:请求后调用
2019-12-18 10:40:16.938 [http-nio-8081-exec-3] INFO  c.e.d.config.interceptor.CustomHandlerInterceptor - afterCompletion:请求调用完成后回调方法，即在视图渲染完成后回调
2019-12-18 10:40:16.938 [http-nio-8081-exec-3] INFO  com.example.demo.config.listener.Customlister - 监听器：销毁
2019-12-18 10:40:46.817 [http-nio-8081-exec-5] INFO  com.example.demo.config.listener.Customlister - 监听器：初始化
2019-12-18 10:40:46.818 [http-nio-8081-exec-5] INFO  com.example.demo.config.filter.CustomFilter - doFilter   请求处理！！！
2019-12-18 10:40:46.820 [http-nio-8081-exec-5] INFO  c.e.d.config.interceptor.CustomHandlerInterceptor - preHandle:请求前调用
2019-12-18 10:40:46.823 [http-nio-8081-exec-5] INFO  c.e.d.config.interceptor.CustomHandlerInterceptor - postHandle:请求后调用
2019-12-18 10:40:46.825 [http-nio-8081-exec-5] INFO  c.e.d.config.interceptor.CustomHandlerInterceptor - afterCompletion:请求调用完成后回调方法，即在视图渲染完成后回调
2019-12-18 10:40:46.825 [http-nio-8081-exec-5] INFO  com.example.demo.config.listener.Customlister - 监听器：销毁
2019-12-18 10:40:46.849 [http-nio-8081-exec-6] INFO  com.example.demo.config.listener.Customlister - 监听器：初始化
2019-12-18 10:40:46.849 [http-nio-8081-exec-6] INFO  com.example.demo.config.filter.CustomFilter - doFilter   请求处理！！！
2019-12-18 10:40:46.855 [http-nio-8081-exec-6] INFO  com.example.demo.config.listener.Customlister - 监听器：销毁
2019-12-18 10:41:24.817 [http-nio-8081-exec-8] INFO  com.example.demo.config.listener.Customlister - 监听器：初始化
2019-12-18 10:41:24.817 [http-nio-8081-exec-8] INFO  com.example.demo.config.filter.CustomFilter - doFilter   请求处理！！！
2019-12-18 10:41:24.818 [http-nio-8081-exec-8] INFO  c.e.d.config.interceptor.CustomHandlerInterceptor - preHandle:请求前调用
2019-12-18 10:41:24.820 [http-nio-8081-exec-8] INFO  c.e.d.config.interceptor.CustomHandlerInterceptor - postHandle:请求后调用
2019-12-18 10:41:24.820 [http-nio-8081-exec-8] INFO  c.e.d.config.interceptor.CustomHandlerInterceptor - afterCompletion:请求调用完成后回调方法，即在视图渲染完成后回调
2019-12-18 10:41:24.821 [http-nio-8081-exec-8] INFO  com.example.demo.config.listener.Customlister - 监听器：销毁
2019-12-18 10:41:24.839 [http-nio-8081-exec-9] INFO  com.example.demo.config.listener.Customlister - 监听器：初始化
2019-12-18 10:41:24.840 [http-nio-8081-exec-9] INFO  com.example.demo.config.filter.CustomFilter - doFilter   请求处理！！！
2019-12-18 10:41:24.845 [http-nio-8081-exec-9] INFO  com.example.demo.config.listener.Customlister - 监听器：销毁
2019-12-18 10:42:02.758 [restartedMain] INFO  com.example.demo.DemoApplication - Starting DemoApplication on SST-OCHO with PID 14800 (C:\MrX\springbootDemo\first\mavenDemoForSpringBoot\target\classes started by yxie in C:\MrX\springbootDemo\first\mavenDemoForSpringBoot)
2019-12-18 10:42:02.760 [restartedMain] INFO  com.example.demo.DemoApplication - The following profiles are active: mq
2019-12-18 10:42:02.810 [restartedMain] INFO  o.s.b.d.env.DevToolsPropertyDefaultsPostProcessor - Devtools property defaults active! Set 'spring.devtools.add-properties' to 'false' to disable
2019-12-18 10:42:02.810 [restartedMain] INFO  o.s.b.d.env.DevToolsPropertyDefaultsPostProcessor - For additional web related logging consider setting the 'logging.level.web' property to 'DEBUG'
2019-12-18 10:42:03.515 [restartedMain] WARN  org.mybatis.spring.mapper.ClassPathMapperScanner - Skipping MapperFactoryBean with name 'countryPostalCodeDao' and 'com.example.demo.dao.CountryPostalCodeDao' mapperInterface. Bean already defined with the same name!
2019-12-18 10:42:03.516 [restartedMain] WARN  org.mybatis.spring.mapper.ClassPathMapperScanner - Skipping MapperFactoryBean with name 'mpUserMapper' and 'com.example.demo.dao.MpUserMapper' mapperInterface. Bean already defined with the same name!
2019-12-18 10:42:03.517 [restartedMain] WARN  org.mybatis.spring.mapper.ClassPathMapperScanner - Skipping MapperFactoryBean with name 'shippingCostAreaDao' and 'com.example.demo.dao.ShippingCostAreaDao' mapperInterface. Bean already defined with the same name!
2019-12-18 10:42:03.517 [restartedMain] WARN  org.mybatis.spring.mapper.ClassPathMapperScanner - Skipping MapperFactoryBean with name 'shippingCostCrawlerDao' and 'com.example.demo.dao.ShippingCostCrawlerDao' mapperInterface. Bean already defined with the same name!
2019-12-18 10:42:03.518 [restartedMain] WARN  org.mybatis.spring.mapper.ClassPathMapperScanner - Skipping MapperFactoryBean with name 'sysUserDao' and 'com.example.demo.dao.SysUserDao' mapperInterface. Bean already defined with the same name!
2019-12-18 10:42:03.518 [restartedMain] WARN  org.mybatis.spring.mapper.ClassPathMapperScanner - Skipping MapperFactoryBean with name 'userMapper' and 'com.example.demo.dao.UserMapper' mapperInterface. Bean already defined with the same name!
2019-12-18 10:42:03.518 [restartedMain] WARN  org.mybatis.spring.mapper.ClassPathMapperScanner - No MyBatis mapper was found in '[com.example.demo.dao]' package. Please check your configuration.
2019-12-18 10:42:03.689 [restartedMain] INFO  o.s.d.r.config.RepositoryConfigurationDelegate - Multiple Spring Data modules found, entering strict repository configuration mode!
2019-12-18 10:42:03.691 [restartedMain] INFO  o.s.d.r.config.RepositoryConfigurationDelegate - Bootstrapping Spring Data repositories in DEFAULT mode.
2019-12-18 10:42:03.775 [restartedMain] INFO  o.s.d.r.config.RepositoryConfigurationDelegate - Finished Spring Data repository scanning in 72ms. Found 0 repository interfaces.
2019-12-18 10:42:04.123 [restartedMain] INFO  o.s.c.s.PostProcessorRegistrationDelegate$BeanPostProcessorChecker - Bean 'org.springframework.transaction.annotation.ProxyTransactionManagementConfiguration' of type [org.springframework.transaction.annotation.ProxyTransactionManagementConfiguration$$EnhancerBySpringCGLIB$$5131bc95] is not eligible for getting processed by all BeanPostProcessors (for example: not eligible for auto-proxying)
2019-12-18 10:42:04.421 [restartedMain] INFO  o.s.boot.web.embedded.tomcat.TomcatWebServer - Tomcat initialized with port(s): 8081 (http)
2019-12-18 10:42:04.439 [restartedMain] INFO  org.apache.coyote.http11.Http11NioProtocol - Initializing ProtocolHandler ["http-nio-8081"]
2019-12-18 10:42:04.447 [restartedMain] INFO  org.apache.catalina.core.StandardService - Starting service [Tomcat]
2019-12-18 10:42:04.448 [restartedMain] INFO  org.apache.catalina.core.StandardEngine - Starting Servlet engine: [Apache Tomcat/9.0.21]
2019-12-18 10:42:04.602 [restartedMain] INFO  o.a.c.core.ContainerBase.[Tomcat].[localhost].[/] - Initializing Spring embedded WebApplicationContext
2019-12-18 10:42:04.603 [restartedMain] INFO  org.springframework.web.context.ContextLoader - Root WebApplicationContext: initialization completed in 1793 ms
2019-12-18 10:42:04.657 [restartedMain] INFO  com.example.demo.config.filter.CustomFilter - filter 初始化！！！！
2019-12-18 10:42:05.060 [restartedMain] INFO  com.alibaba.druid.pool.DruidDataSource - {dataSource-1} inited
2019-12-18 10:42:05.225 [restartedMain] WARN  c.b.mybatisplus.core.toolkit.TableInfoHelper - Warn: Could not find @TableId in Class: com.example.demo.entity.CountryPostalCode.
2019-12-18 10:42:05.618 [restartedMain] INFO  o.s.scheduling.concurrent.ThreadPoolTaskExecutor - Initializing ExecutorService 'applicationTaskExecutor'
2019-12-18 10:42:05.711 [restartedMain] WARN  org.thymeleaf.templatemode.TemplateMode - [THYMELEAF][restartedMain] Template Mode 'LEGACYHTML5' is deprecated. Using Template Mode 'HTML' instead.
2019-12-18 10:42:05.733 [restartedMain] INFO  o.s.b.a.web.servlet.WelcomePageHandlerMapping - Adding welcome page: class path resource [static/index.html]
2019-12-18 10:42:05.921 [restartedMain] INFO  o.s.scheduling.concurrent.ThreadPoolTaskScheduler - Initializing ExecutorService 'taskScheduler'
2019-12-18 10:42:06.047 [restartedMain] INFO  o.s.b.d.autoconfigure.OptionalLiveReloadServer - LiveReload server is running on port 35729
2019-12-18 10:42:06.130 [restartedMain] INFO  o.s.a.rabbit.connection.CachingConnectionFactory - Attempting to connect to: [127.0.0.1:5672]
2019-12-18 10:42:06.158 [restartedMain] INFO  o.s.a.rabbit.connection.CachingConnectionFactory - Created new connection: rabbitConnectionFactory#2f7b093c:0/SimpleConnection@61b0656 [delegate=amqp://root@127.0.0.1:5672//order, localPort= 57391]
2019-12-18 10:42:06.224 [restartedMain] INFO  org.apache.coyote.http11.Http11NioProtocol - Starting ProtocolHandler ["http-nio-8081"]
2019-12-18 10:42:06.244 [restartedMain] INFO  o.s.boot.web.embedded.tomcat.TomcatWebServer - Tomcat started on port(s): 8081 (http) with context path ''
2019-12-18 10:42:06.246 [restartedMain] INFO  com.example.demo.DemoApplication - Started DemoApplication in 3.953 seconds (JVM running for 5.09)
2019-12-18 10:42:33.255 [http-nio-8081-exec-1] INFO  com.example.demo.config.listener.Customlister - 监听器：初始化
2019-12-18 10:42:33.261 [http-nio-8081-exec-1] INFO  o.a.c.core.ContainerBase.[Tomcat].[localhost].[/] - Initializing Spring DispatcherServlet 'dispatcherServlet'
2019-12-18 10:42:33.262 [http-nio-8081-exec-1] INFO  org.springframework.web.servlet.DispatcherServlet - Initializing Servlet 'dispatcherServlet'
2019-12-18 10:42:33.269 [http-nio-8081-exec-1] INFO  org.springframework.web.servlet.DispatcherServlet - Completed initialization in 7 ms
2019-12-18 10:42:33.277 [http-nio-8081-exec-1] INFO  com.example.demo.config.filter.CustomFilter - doFilter   请求处理！！！
2019-12-18 10:42:33.284 [http-nio-8081-exec-1] INFO  c.e.d.config.interceptor.CustomHandlerInterceptor - preHandle:请求前调用
2019-12-18 10:42:33.359 [http-nio-8081-exec-1] INFO  c.e.d.config.interceptor.CustomHandlerInterceptor - postHandle:请求后调用
2019-12-18 10:42:33.359 [http-nio-8081-exec-1] INFO  c.e.d.config.interceptor.CustomHandlerInterceptor - afterCompletion:请求调用完成后回调方法，即在视图渲染完成后回调
2019-12-18 10:42:33.361 [http-nio-8081-exec-1] INFO  com.example.demo.config.listener.Customlister - 监听器：销毁
2019-12-18 10:42:33.373 [http-nio-8081-exec-2] INFO  com.example.demo.config.listener.Customlister - 监听器：初始化
2019-12-18 10:42:33.374 [http-nio-8081-exec-2] INFO  com.example.demo.config.filter.CustomFilter - doFilter   请求处理！！！
2019-12-18 10:42:33.389 [http-nio-8081-exec-2] INFO  com.example.demo.config.listener.Customlister - 监听器：销毁
2019-12-18 10:43:55.615 [http-nio-8081-exec-5] INFO  com.example.demo.config.listener.Customlister - 监听器：初始化
2019-12-18 10:43:55.615 [http-nio-8081-exec-5] INFO  com.example.demo.config.filter.CustomFilter - doFilter   请求处理！！！
2019-12-18 10:43:55.617 [http-nio-8081-exec-5] INFO  c.e.d.config.interceptor.CustomHandlerInterceptor - preHandle:请求前调用
2019-12-18 10:43:55.619 [http-nio-8081-exec-5] INFO  c.e.d.config.interceptor.CustomHandlerInterceptor - postHandle:请求后调用
2019-12-18 10:43:55.619 [http-nio-8081-exec-5] INFO  c.e.d.config.interceptor.CustomHandlerInterceptor - afterCompletion:请求调用完成后回调方法，即在视图渲染完成后回调
2019-12-18 10:43:55.619 [http-nio-8081-exec-5] INFO  com.example.demo.config.listener.Customlister - 监听器：销毁
2019-12-18 10:43:55.636 [http-nio-8081-exec-6] INFO  com.example.demo.config.listener.Customlister - 监听器：初始化
2019-12-18 10:43:55.636 [http-nio-8081-exec-6] INFO  com.example.demo.config.filter.CustomFilter - doFilter   请求处理！！！
2019-12-18 10:43:55.640 [http-nio-8081-exec-6] INFO  com.example.demo.config.listener.Customlister - 监听器：销毁
2019-12-18 10:44:08.387 [http-nio-8081-exec-8] INFO  com.example.demo.config.listener.Customlister - 监听器：初始化
2019-12-18 10:44:08.387 [http-nio-8081-exec-8] INFO  com.example.demo.config.filter.CustomFilter - doFilter   请求处理！！！
2019-12-18 10:44:08.388 [http-nio-8081-exec-8] INFO  c.e.d.config.interceptor.CustomHandlerInterceptor - preHandle:请求前调用
2019-12-18 10:44:08.389 [http-nio-8081-exec-8] INFO  c.e.d.config.interceptor.CustomHandlerInterceptor - postHandle:请求后调用
2019-12-18 10:44:08.389 [http-nio-8081-exec-8] INFO  c.e.d.config.interceptor.CustomHandlerInterceptor - afterCompletion:请求调用完成后回调方法，即在视图渲染完成后回调
2019-12-18 10:44:08.390 [http-nio-8081-exec-8] INFO  com.example.demo.config.listener.Customlister - 监听器：销毁
2019-12-18 10:44:08.410 [http-nio-8081-exec-9] INFO  com.example.demo.config.listener.Customlister - 监听器：初始化
2019-12-18 10:44:08.411 [http-nio-8081-exec-9] INFO  com.example.demo.config.filter.CustomFilter - doFilter   请求处理！！！
2019-12-18 10:44:08.415 [http-nio-8081-exec-9] INFO  com.example.demo.config.listener.Customlister - 监听器：销毁
2019-12-18 10:44:08.546 [http-nio-8081-exec-10] INFO  com.example.demo.config.listener.Customlister - 监听器：初始化
2019-12-18 10:44:08.546 [http-nio-8081-exec-10] INFO  com.example.demo.config.filter.CustomFilter - doFilter   请求处理！！！
2019-12-18 10:44:08.547 [http-nio-8081-exec-10] INFO  c.e.d.config.interceptor.CustomHandlerInterceptor - preHandle:请求前调用
2019-12-18 10:44:08.549 [http-nio-8081-exec-10] INFO  c.e.d.config.interceptor.CustomHandlerInterceptor - postHandle:请求后调用
2019-12-18 10:44:08.549 [http-nio-8081-exec-10] INFO  c.e.d.config.interceptor.CustomHandlerInterceptor - afterCompletion:请求调用完成后回调方法，即在视图渲染完成后回调
2019-12-18 10:44:08.549 [http-nio-8081-exec-10] INFO  com.example.demo.config.listener.Customlister - 监听器：销毁
2019-12-18 10:44:08.565 [http-nio-8081-exec-1] INFO  com.example.demo.config.listener.Customlister - 监听器：初始化
2019-12-18 10:44:08.565 [http-nio-8081-exec-1] INFO  com.example.demo.config.filter.CustomFilter - doFilter   请求处理！！！
2019-12-18 10:44:08.568 [http-nio-8081-exec-1] INFO  com.example.demo.config.listener.Customlister - 监听器：销毁
2019-12-18 10:44:08.689 [http-nio-8081-exec-2] INFO  com.example.demo.config.listener.Customlister - 监听器：初始化
2019-12-18 10:44:08.689 [http-nio-8081-exec-2] INFO  com.example.demo.config.filter.CustomFilter - doFilter   请求处理！！！
2019-12-18 10:44:08.690 [http-nio-8081-exec-2] INFO  c.e.d.config.interceptor.CustomHandlerInterceptor - preHandle:请求前调用
2019-12-18 10:44:08.691 [http-nio-8081-exec-2] INFO  c.e.d.config.interceptor.CustomHandlerInterceptor - postHandle:请求后调用
2019-12-18 10:44:08.691 [http-nio-8081-exec-2] INFO  c.e.d.config.interceptor.CustomHandlerInterceptor - afterCompletion:请求调用完成后回调方法，即在视图渲染完成后回调
2019-12-18 10:44:08.691 [http-nio-8081-exec-2] INFO  com.example.demo.config.listener.Customlister - 监听器：销毁
2019-12-18 10:44:08.706 [http-nio-8081-exec-3] INFO  com.example.demo.config.listener.Customlister - 监听器：初始化
2019-12-18 10:44:08.708 [http-nio-8081-exec-3] INFO  com.example.demo.config.filter.CustomFilter - doFilter   请求处理！！！
2019-12-18 10:44:08.712 [http-nio-8081-exec-3] INFO  com.example.demo.config.listener.Customlister - 监听器：销毁
2019-12-18 10:44:08.840 [http-nio-8081-exec-4] INFO  com.example.demo.config.listener.Customlister - 监听器：初始化
2019-12-18 10:44:08.840 [http-nio-8081-exec-4] INFO  com.example.demo.config.filter.CustomFilter - doFilter   请求处理！！！
2019-12-18 10:44:08.841 [http-nio-8081-exec-4] INFO  c.e.d.config.interceptor.CustomHandlerInterceptor - preHandle:请求前调用
2019-12-18 10:44:08.842 [http-nio-8081-exec-4] INFO  c.e.d.config.interceptor.CustomHandlerInterceptor - postHandle:请求后调用
2019-12-18 10:44:08.842 [http-nio-8081-exec-4] INFO  c.e.d.config.interceptor.CustomHandlerInterceptor - afterCompletion:请求调用完成后回调方法，即在视图渲染完成后回调
2019-12-18 10:44:08.843 [http-nio-8081-exec-4] INFO  com.example.demo.config.listener.Customlister - 监听器：销毁
2019-12-18 10:44:08.856 [http-nio-8081-exec-5] INFO  com.example.demo.config.listener.Customlister - 监听器：初始化
2019-12-18 10:44:08.856 [http-nio-8081-exec-5] INFO  com.example.demo.config.filter.CustomFilter - doFilter   请求处理！！！
2019-12-18 10:44:08.860 [http-nio-8081-exec-5] INFO  com.example.demo.config.listener.Customlister - 监听器：销毁
2019-12-18 10:44:08.968 [http-nio-8081-exec-6] INFO  com.example.demo.config.listener.Customlister - 监听器：初始化
2019-12-18 10:44:08.968 [http-nio-8081-exec-6] INFO  com.example.demo.config.filter.CustomFilter - doFilter   请求处理！！！
2019-12-18 10:44:08.969 [http-nio-8081-exec-6] INFO  c.e.d.config.interceptor.CustomHandlerInterceptor - preHandle:请求前调用
2019-12-18 10:44:08.970 [http-nio-8081-exec-6] INFO  c.e.d.config.interceptor.CustomHandlerInterceptor - postHandle:请求后调用
2019-12-18 10:44:08.971 [http-nio-8081-exec-6] INFO  c.e.d.config.interceptor.CustomHandlerInterceptor - afterCompletion:请求调用完成后回调方法，即在视图渲染完成后回调
2019-12-18 10:44:08.972 [http-nio-8081-exec-6] INFO  com.example.demo.config.listener.Customlister - 监听器：销毁
2019-12-18 10:44:08.986 [http-nio-8081-exec-7] INFO  com.example.demo.config.listener.Customlister - 监听器：初始化
2019-12-18 10:44:08.986 [http-nio-8081-exec-7] INFO  com.example.demo.config.filter.CustomFilter - doFilter   请求处理！！！
2019-12-18 10:44:08.988 [http-nio-8081-exec-7] INFO  com.example.demo.config.listener.Customlister - 监听器：销毁
2019-12-18 10:44:09.109 [http-nio-8081-exec-8] INFO  com.example.demo.config.listener.Customlister - 监听器：初始化
2019-12-18 10:44:09.110 [http-nio-8081-exec-8] INFO  com.example.demo.config.filter.CustomFilter - doFilter   请求处理！！！
2019-12-18 10:44:09.110 [http-nio-8081-exec-8] INFO  c.e.d.config.interceptor.CustomHandlerInterceptor - preHandle:请求前调用
2019-12-18 10:44:09.112 [http-nio-8081-exec-8] INFO  c.e.d.config.interceptor.CustomHandlerInterceptor - postHandle:请求后调用
2019-12-18 10:44:09.113 [http-nio-8081-exec-8] INFO  c.e.d.config.interceptor.CustomHandlerInterceptor - afterCompletion:请求调用完成后回调方法，即在视图渲染完成后回调
2019-12-18 10:44:09.113 [http-nio-8081-exec-8] INFO  com.example.demo.config.listener.Customlister - 监听器：销毁
2019-12-18 10:44:09.128 [http-nio-8081-exec-9] INFO  com.example.demo.config.listener.Customlister - 监听器：初始化
2019-12-18 10:44:09.129 [http-nio-8081-exec-9] INFO  com.example.demo.config.filter.CustomFilter - doFilter   请求处理！！！
2019-12-18 10:44:09.131 [http-nio-8081-exec-9] INFO  com.example.demo.config.listener.Customlister - 监听器：销毁
2019-12-18 10:44:09.254 [http-nio-8081-exec-10] INFO  com.example.demo.config.listener.Customlister - 监听器：初始化
2019-12-18 10:44:09.255 [http-nio-8081-exec-10] INFO  com.example.demo.config.filter.CustomFilter - doFilter   请求处理！！！
2019-12-18 10:44:09.255 [http-nio-8081-exec-10] INFO  c.e.d.config.interceptor.CustomHandlerInterceptor - preHandle:请求前调用
2019-12-18 10:44:09.258 [http-nio-8081-exec-10] INFO  c.e.d.config.interceptor.CustomHandlerInterceptor - postHandle:请求后调用
2019-12-18 10:44:09.259 [http-nio-8081-exec-10] INFO  c.e.d.config.interceptor.CustomHandlerInterceptor - afterCompletion:请求调用完成后回调方法，即在视图渲染完成后回调
2019-12-18 10:44:09.259 [http-nio-8081-exec-10] INFO  com.example.demo.config.listener.Customlister - 监听器：销毁
2019-12-18 10:44:09.273 [http-nio-8081-exec-1] INFO  com.example.demo.config.listener.Customlister - 监听器：初始化
2019-12-18 10:44:09.273 [http-nio-8081-exec-1] INFO  com.example.demo.config.filter.CustomFilter - doFilter   请求处理！！！
2019-12-18 10:44:09.276 [http-nio-8081-exec-1] INFO  com.example.demo.config.listener.Customlister - 监听器：销毁
2019-12-18 10:46:44.933 [Thread-14] INFO  o.s.a.r.listener.SimpleMessageListenerContainer - Waiting for workers to finish.
2019-12-18 10:46:45.577 [Thread-14] INFO  o.s.a.r.listener.SimpleMessageListenerContainer - Successfully waited for workers to finish.
2019-12-18 10:46:45.582 [Thread-14] INFO  o.s.scheduling.concurrent.ThreadPoolTaskScheduler - Shutting down ExecutorService 'taskScheduler'
2019-12-18 10:46:45.582 [Thread-14] INFO  o.s.a.r.listener.SimpleMessageListenerContainer - Shutdown ignored - container is not active already
2019-12-18 10:46:45.583 [Thread-14] INFO  o.s.scheduling.concurrent.ThreadPoolTaskExecutor - Shutting down ExecutorService 'applicationTaskExecutor'
2019-12-18 10:46:45.587 [Thread-14] INFO  com.alibaba.druid.pool.DruidDataSource - {dataSource-1} closed
2019-12-18 10:46:45.744 [Thread-14] INFO  com.example.demo.config.filter.CustomFilter - filter  销毁~！！！
2019-12-18 10:46:45.935 [restartedMain] INFO  com.example.demo.DemoApplication - Starting DemoApplication on SST-OCHO with PID 14800 (C:\MrX\springbootDemo\first\mavenDemoForSpringBoot\target\classes started by yxie in C:\MrX\springbootDemo\first\mavenDemoForSpringBoot)
2019-12-18 10:46:45.936 [restartedMain] INFO  com.example.demo.DemoApplication - The following profiles are active: mq
2019-12-18 10:46:46.385 [restartedMain] WARN  org.mybatis.spring.mapper.ClassPathMapperScanner - Skipping MapperFactoryBean with name 'countryPostalCodeDao' and 'com.example.demo.dao.CountryPostalCodeDao' mapperInterface. Bean already defined with the same name!
2019-12-18 10:46:46.385 [restartedMain] WARN  org.mybatis.spring.mapper.ClassPathMapperScanner - Skipping MapperFactoryBean with name 'mpUserMapper' and 'com.example.demo.dao.MpUserMapper' mapperInterface. Bean already defined with the same name!
2019-12-18 10:46:46.385 [restartedMain] WARN  org.mybatis.spring.mapper.ClassPathMapperScanner - Skipping MapperFactoryBean with name 'shippingCostAreaDao' and 'com.example.demo.dao.ShippingCostAreaDao' mapperInterface. Bean already defined with the same name!
2019-12-18 10:46:46.385 [restartedMain] WARN  org.mybatis.spring.mapper.ClassPathMapperScanner - Skipping MapperFactoryBean with name 'shippingCostCrawlerDao' and 'com.example.demo.dao.ShippingCostCrawlerDao' mapperInterface. Bean already defined with the same name!
2019-12-18 10:46:46.385 [restartedMain] WARN  org.mybatis.spring.mapper.ClassPathMapperScanner - Skipping MapperFactoryBean with name 'sysUserDao' and 'com.example.demo.dao.SysUserDao' mapperInterface. Bean already defined with the same name!
2019-12-18 10:46:46.385 [restartedMain] WARN  org.mybatis.spring.mapper.ClassPathMapperScanner - Skipping MapperFactoryBean with name 'userMapper' and 'com.example.demo.dao.UserMapper' mapperInterface. Bean already defined with the same name!
2019-12-18 10:46:46.385 [restartedMain] WARN  org.mybatis.spring.mapper.ClassPathMapperScanner - No MyBatis mapper was found in '[com.example.demo.dao]' package. Please check your configuration.
2019-12-18 10:46:46.424 [restartedMain] INFO  o.s.d.r.config.RepositoryConfigurationDelegate - Multiple Spring Data modules found, entering strict repository configuration mode!
2019-12-18 10:46:46.424 [restartedMain] INFO  o.s.d.r.config.RepositoryConfigurationDelegate - Bootstrapping Spring Data repositories in DEFAULT mode.
2019-12-18 10:46:46.489 [restartedMain] INFO  o.s.d.r.config.RepositoryConfigurationDelegate - Finished Spring Data repository scanning in 65ms. Found 0 repository interfaces.
2019-12-18 10:46:46.615 [restartedMain] INFO  o.s.c.s.PostProcessorRegistrationDelegate$BeanPostProcessorChecker - Bean 'org.springframework.transaction.annotation.ProxyTransactionManagementConfiguration' of type [org.springframework.transaction.annotation.ProxyTransactionManagementConfiguration$$EnhancerBySpringCGLIB$$5131bc95] is not eligible for getting processed by all BeanPostProcessors (for example: not eligible for auto-proxying)
2019-12-18 10:46:46.744 [restartedMain] INFO  o.s.boot.web.embedded.tomcat.TomcatWebServer - Tomcat initialized with port(s): 8081 (http)
2019-12-18 10:46:46.746 [restartedMain] INFO  org.apache.coyote.http11.Http11NioProtocol - Initializing ProtocolHandler ["http-nio-8081"]
2019-12-18 10:46:46.746 [restartedMain] INFO  org.apache.catalina.core.StandardService - Starting service [Tomcat]
2019-12-18 10:46:46.747 [restartedMain] INFO  org.apache.catalina.core.StandardEngine - Starting Servlet engine: [Apache Tomcat/9.0.21]
2019-12-18 10:46:46.772 [restartedMain] INFO  o.a.c.core.ContainerBase.[Tomcat].[localhost].[/] - Initializing Spring embedded WebApplicationContext
2019-12-18 10:46:46.772 [restartedMain] INFO  org.springframework.web.context.ContextLoader - Root WebApplicationContext: initialization completed in 834 ms
2019-12-18 10:46:46.794 [restartedMain] INFO  com.example.demo.config.filter.CustomFilter - filter 初始化！！！！
2019-12-18 10:46:46.899 [restartedMain] INFO  com.alibaba.druid.pool.DruidDataSource - {dataSource-2} inited
2019-12-18 10:46:46.911 [restartedMain] WARN  c.b.mybatisplus.core.toolkit.TableInfoHelper - Warn: Could not find @TableId in Class: com.example.demo.entity.CountryPostalCode.
2019-12-18 10:46:47.150 [restartedMain] INFO  o.s.scheduling.concurrent.ThreadPoolTaskExecutor - Initializing ExecutorService 'applicationTaskExecutor'
2019-12-18 10:46:47.193 [restartedMain] WARN  org.thymeleaf.templatemode.TemplateMode - [THYMELEAF][restartedMain] Template Mode 'LEGACYHTML5' is deprecated. Using Template Mode 'HTML' instead.
2019-12-18 10:46:47.200 [restartedMain] INFO  o.s.b.a.web.servlet.WelcomePageHandlerMapping - Adding welcome page: class path resource [static/index.html]
2019-12-18 10:46:47.277 [restartedMain] INFO  o.s.scheduling.concurrent.ThreadPoolTaskScheduler - Initializing ExecutorService 'taskScheduler'
2019-12-18 10:46:47.396 [restartedMain] INFO  o.s.b.d.autoconfigure.OptionalLiveReloadServer - LiveReload server is running on port 35729
2019-12-18 10:46:47.425 [restartedMain] INFO  o.s.a.rabbit.connection.CachingConnectionFactory - Attempting to connect to: [127.0.0.1:5672]
2019-12-18 10:46:47.434 [restartedMain] INFO  o.s.a.rabbit.connection.CachingConnectionFactory - Created new connection: rabbitConnectionFactory#1ce5861b:0/SimpleConnection@7b79de26 [delegate=amqp://root@127.0.0.1:5672//order, localPort= 57564]
2019-12-18 10:46:47.466 [restartedMain] INFO  org.apache.coyote.http11.Http11NioProtocol - Starting ProtocolHandler ["http-nio-8081"]
2019-12-18 10:46:47.471 [restartedMain] INFO  o.s.boot.web.embedded.tomcat.TomcatWebServer - Tomcat started on port(s): 8081 (http) with context path ''
2019-12-18 10:46:47.472 [restartedMain] INFO  com.example.demo.DemoApplication - Started DemoApplication in 1.572 seconds (JVM running for 286.306)
2019-12-18 10:46:47.476 [restartedMain] INFO  o.s.b.d.a.ConditionEvaluationDeltaLoggingListener - Condition evaluation unchanged
2019-12-18 10:47:31.364 [Thread-22] INFO  o.s.a.r.listener.SimpleMessageListenerContainer - Waiting for workers to finish.
2019-12-18 10:47:31.593 [Thread-22] INFO  o.s.a.r.listener.SimpleMessageListenerContainer - Successfully waited for workers to finish.
2019-12-18 10:47:31.594 [Thread-22] INFO  o.s.scheduling.concurrent.ThreadPoolTaskScheduler - Shutting down ExecutorService 'taskScheduler'
2019-12-18 10:47:31.595 [Thread-22] INFO  o.s.a.r.listener.SimpleMessageListenerContainer - Shutdown ignored - container is not active already
2019-12-18 10:47:31.596 [Thread-22] INFO  o.s.scheduling.concurrent.ThreadPoolTaskExecutor - Shutting down ExecutorService 'applicationTaskExecutor'
2019-12-18 10:47:31.598 [Thread-22] INFO  com.alibaba.druid.pool.DruidDataSource - {dataSource-2} closed
2019-12-18 10:47:31.759 [Thread-22] INFO  com.example.demo.config.filter.CustomFilter - filter  销毁~！！！
2019-12-18 10:47:31.977 [restartedMain] INFO  com.example.demo.DemoApplication - Starting DemoApplication on SST-OCHO with PID 14800 (C:\MrX\springbootDemo\first\mavenDemoForSpringBoot\target\classes started by yxie in C:\MrX\springbootDemo\first\mavenDemoForSpringBoot)
2019-12-18 10:47:31.977 [restartedMain] INFO  com.example.demo.DemoApplication - The following profiles are active: mq
2019-12-18 10:47:32.270 [restartedMain] WARN  org.mybatis.spring.mapper.ClassPathMapperScanner - Skipping MapperFactoryBean with name 'countryPostalCodeDao' and 'com.example.demo.dao.CountryPostalCodeDao' mapperInterface. Bean already defined with the same name!
2019-12-18 10:47:32.270 [restartedMain] WARN  org.mybatis.spring.mapper.ClassPathMapperScanner - Skipping MapperFactoryBean with name 'mpUserMapper' and 'com.example.demo.dao.MpUserMapper' mapperInterface. Bean already defined with the same name!
2019-12-18 10:47:32.270 [restartedMain] WARN  org.mybatis.spring.mapper.ClassPathMapperScanner - Skipping MapperFactoryBean with name 'shippingCostAreaDao' and 'com.example.demo.dao.ShippingCostAreaDao' mapperInterface. Bean already defined with the same name!
2019-12-18 10:47:32.270 [restartedMain] WARN  org.mybatis.spring.mapper.ClassPathMapperScanner - Skipping MapperFactoryBean with name 'shippingCostCrawlerDao' and 'com.example.demo.dao.ShippingCostCrawlerDao' mapperInterface. Bean already defined with the same name!
2019-12-18 10:47:32.270 [restartedMain] WARN  org.mybatis.spring.mapper.ClassPathMapperScanner - Skipping MapperFactoryBean with name 'sysUserDao' and 'com.example.demo.dao.SysUserDao' mapperInterface. Bean already defined with the same name!
2019-12-18 10:47:32.270 [restartedMain] WARN  org.mybatis.spring.mapper.ClassPathMapperScanner - Skipping MapperFactoryBean with name 'userMapper' and 'com.example.demo.dao.UserMapper' mapperInterface. Bean already defined with the same name!
2019-12-18 10:47:32.270 [restartedMain] WARN  org.mybatis.spring.mapper.ClassPathMapperScanner - No MyBatis mapper was found in '[com.example.demo.dao]' package. Please check your configuration.
2019-12-18 10:47:32.299 [restartedMain] INFO  o.s.d.r.config.RepositoryConfigurationDelegate - Multiple Spring Data modules found, entering strict repository configuration mode!
2019-12-18 10:47:32.299 [restartedMain] INFO  o.s.d.r.config.RepositoryConfigurationDelegate - Bootstrapping Spring Data repositories in DEFAULT mode.
2019-12-18 10:47:32.355 [restartedMain] INFO  o.s.d.r.config.RepositoryConfigurationDelegate - Finished Spring Data repository scanning in 56ms. Found 0 repository interfaces.
2019-12-18 10:47:32.452 [restartedMain] INFO  o.s.c.s.PostProcessorRegistrationDelegate$BeanPostProcessorChecker - Bean 'org.springframework.transaction.annotation.ProxyTransactionManagementConfiguration' of type [org.springframework.transaction.annotation.ProxyTransactionManagementConfiguration$$EnhancerBySpringCGLIB$$5131bc95] is not eligible for getting processed by all BeanPostProcessors (for example: not eligible for auto-proxying)
2019-12-18 10:47:32.549 [restartedMain] INFO  o.s.boot.web.embedded.tomcat.TomcatWebServer - Tomcat initialized with port(s): 8081 (http)
2019-12-18 10:47:32.550 [restartedMain] INFO  org.apache.coyote.http11.Http11NioProtocol - Initializing ProtocolHandler ["http-nio-8081"]
2019-12-18 10:47:32.550 [restartedMain] INFO  org.apache.catalina.core.StandardService - Starting service [Tomcat]
2019-12-18 10:47:32.551 [restartedMain] INFO  org.apache.catalina.core.StandardEngine - Starting Servlet engine: [Apache Tomcat/9.0.21]
2019-12-18 10:47:32.568 [restartedMain] INFO  o.a.c.core.ContainerBase.[Tomcat].[localhost].[/] - Initializing Spring embedded WebApplicationContext
2019-12-18 10:47:32.569 [restartedMain] INFO  org.springframework.web.context.ContextLoader - Root WebApplicationContext: initialization completed in 590 ms
2019-12-18 10:47:32.584 [restartedMain] INFO  com.example.demo.config.filter.CustomFilter - filter 初始化！！！！
2019-12-18 10:47:32.653 [restartedMain] INFO  com.alibaba.druid.pool.DruidDataSource - {dataSource-3} inited
2019-12-18 10:47:32.663 [restartedMain] WARN  c.b.mybatisplus.core.toolkit.TableInfoHelper - Warn: Could not find @TableId in Class: com.example.demo.entity.CountryPostalCode.
2019-12-18 10:47:32.835 [restartedMain] INFO  o.s.scheduling.concurrent.ThreadPoolTaskExecutor - Initializing ExecutorService 'applicationTaskExecutor'
2019-12-18 10:47:32.868 [restartedMain] WARN  org.thymeleaf.templatemode.TemplateMode - [THYMELEAF][restartedMain] Template Mode 'LEGACYHTML5' is deprecated. Using Template Mode 'HTML' instead.
2019-12-18 10:47:32.874 [restartedMain] INFO  o.s.b.a.web.servlet.WelcomePageHandlerMapping - Adding welcome page: class path resource [static/index.html]
2019-12-18 10:47:32.931 [restartedMain] INFO  o.s.scheduling.concurrent.ThreadPoolTaskScheduler - Initializing ExecutorService 'taskScheduler'
2019-12-18 10:47:33.032 [restartedMain] INFO  o.s.b.d.autoconfigure.OptionalLiveReloadServer - LiveReload server is running on port 35729
2019-12-18 10:47:33.054 [restartedMain] INFO  o.s.a.rabbit.connection.CachingConnectionFactory - Attempting to connect to: [127.0.0.1:5672]
2019-12-18 10:47:33.060 [restartedMain] INFO  o.s.a.rabbit.connection.CachingConnectionFactory - Created new connection: rabbitConnectionFactory#6f5a58b1:0/SimpleConnection@4085c0b7 [delegate=amqp://root@127.0.0.1:5672//order, localPort= 57606]
2019-12-18 10:47:33.080 [restartedMain] INFO  org.apache.coyote.http11.Http11NioProtocol - Starting ProtocolHandler ["http-nio-8081"]
2019-12-18 10:47:33.083 [restartedMain] INFO  o.s.boot.web.embedded.tomcat.TomcatWebServer - Tomcat started on port(s): 8081 (http) with context path ''
2019-12-18 10:47:33.083 [restartedMain] INFO  com.example.demo.DemoApplication - Started DemoApplication in 1.138 seconds (JVM running for 331.917)
2019-12-18 10:47:33.086 [restartedMain] INFO  o.s.b.d.a.ConditionEvaluationDeltaLoggingListener - Condition evaluation unchanged
2019-12-18 10:47:45.631 [restartedMain] INFO  com.example.demo.DemoApplication - Starting DemoApplication on SST-OCHO with PID 13508 (C:\MrX\springbootDemo\first\mavenDemoForSpringBoot\target\classes started by yxie in C:\MrX\springbootDemo\first\mavenDemoForSpringBoot)
2019-12-18 10:47:45.634 [restartedMain] INFO  com.example.demo.DemoApplication - The following profiles are active: mq
2019-12-18 10:47:45.684 [restartedMain] INFO  o.s.b.d.env.DevToolsPropertyDefaultsPostProcessor - Devtools property defaults active! Set 'spring.devtools.add-properties' to 'false' to disable
2019-12-18 10:47:45.684 [restartedMain] INFO  o.s.b.d.env.DevToolsPropertyDefaultsPostProcessor - For additional web related logging consider setting the 'logging.level.web' property to 'DEBUG'
2019-12-18 10:47:46.480 [restartedMain] WARN  org.mybatis.spring.mapper.ClassPathMapperScanner - Skipping MapperFactoryBean with name 'countryPostalCodeDao' and 'com.example.demo.dao.CountryPostalCodeDao' mapperInterface. Bean already defined with the same name!
2019-12-18 10:47:46.481 [restartedMain] WARN  org.mybatis.spring.mapper.ClassPathMapperScanner - Skipping MapperFactoryBean with name 'mpUserMapper' and 'com.example.demo.dao.MpUserMapper' mapperInterface. Bean already defined with the same name!
2019-12-18 10:47:46.482 [restartedMain] WARN  org.mybatis.spring.mapper.ClassPathMapperScanner - Skipping MapperFactoryBean with name 'shippingCostAreaDao' and 'com.example.demo.dao.ShippingCostAreaDao' mapperInterface. Bean already defined with the same name!
2019-12-18 10:47:46.482 [restartedMain] WARN  org.mybatis.spring.mapper.ClassPathMapperScanner - Skipping MapperFactoryBean with name 'shippingCostCrawlerDao' and 'com.example.demo.dao.ShippingCostCrawlerDao' mapperInterface. Bean already defined with the same name!
2019-12-18 10:47:46.483 [restartedMain] WARN  org.mybatis.spring.mapper.ClassPathMapperScanner - Skipping MapperFactoryBean with name 'sysUserDao' and 'com.example.demo.dao.SysUserDao' mapperInterface. Bean already defined with the same name!
2019-12-18 10:47:46.483 [restartedMain] WARN  org.mybatis.spring.mapper.ClassPathMapperScanner - Skipping MapperFactoryBean with name 'userMapper' and 'com.example.demo.dao.UserMapper' mapperInterface. Bean already defined with the same name!
2019-12-18 10:47:46.483 [restartedMain] WARN  org.mybatis.spring.mapper.ClassPathMapperScanner - No MyBatis mapper was found in '[com.example.demo.dao]' package. Please check your configuration.
2019-12-18 10:47:46.695 [restartedMain] INFO  o.s.d.r.config.RepositoryConfigurationDelegate - Multiple Spring Data modules found, entering strict repository configuration mode!
2019-12-18 10:47:46.697 [restartedMain] INFO  o.s.d.r.config.RepositoryConfigurationDelegate - Bootstrapping Spring Data repositories in DEFAULT mode.
2019-12-18 10:47:46.798 [restartedMain] INFO  o.s.d.r.config.RepositoryConfigurationDelegate - Finished Spring Data repository scanning in 86ms. Found 0 repository interfaces.
2019-12-18 10:47:47.281 [restartedMain] INFO  o.s.c.s.PostProcessorRegistrationDelegate$BeanPostProcessorChecker - Bean 'org.springframework.transaction.annotation.ProxyTransactionManagementConfiguration' of type [org.springframework.transaction.annotation.ProxyTransactionManagementConfiguration$$EnhancerBySpringCGLIB$$4a67c840] is not eligible for getting processed by all BeanPostProcessors (for example: not eligible for auto-proxying)
2019-12-18 10:47:47.609 [restartedMain] INFO  o.s.boot.web.embedded.tomcat.TomcatWebServer - Tomcat initialized with port(s): 8081 (http)
2019-12-18 10:47:47.623 [restartedMain] INFO  org.apache.coyote.http11.Http11NioProtocol - Initializing ProtocolHandler ["http-nio-8081"]
2019-12-18 10:47:47.633 [restartedMain] INFO  org.apache.catalina.core.StandardService - Starting service [Tomcat]
2019-12-18 10:47:47.634 [restartedMain] INFO  org.apache.catalina.core.StandardEngine - Starting Servlet engine: [Apache Tomcat/9.0.21]
2019-12-18 10:47:47.795 [restartedMain] INFO  o.a.c.core.ContainerBase.[Tomcat].[localhost].[/] - Initializing Spring embedded WebApplicationContext
2019-12-18 10:47:47.795 [restartedMain] INFO  org.springframework.web.context.ContextLoader - Root WebApplicationContext: initialization completed in 2111 ms
2019-12-18 10:47:47.856 [restartedMain] INFO  com.example.demo.config.filter.CustomFilter - filter 初始化！！！！
2019-12-18 10:47:48.322 [restartedMain] INFO  com.alibaba.druid.pool.DruidDataSource - {dataSource-1} inited
2019-12-18 10:47:48.517 [restartedMain] WARN  c.b.mybatisplus.core.toolkit.TableInfoHelper - Warn: Could not find @TableId in Class: com.example.demo.entity.CountryPostalCode.
2019-12-18 10:47:48.938 [restartedMain] INFO  o.s.scheduling.concurrent.ThreadPoolTaskExecutor - Initializing ExecutorService 'applicationTaskExecutor'
2019-12-18 10:47:49.033 [restartedMain] WARN  org.thymeleaf.templatemode.TemplateMode - [THYMELEAF][restartedMain] Template Mode 'LEGACYHTML5' is deprecated. Using Template Mode 'HTML' instead.
2019-12-18 10:47:49.061 [restartedMain] INFO  o.s.b.a.web.servlet.WelcomePageHandlerMapping - Adding welcome page: class path resource [static/index.html]
2019-12-18 10:47:49.256 [restartedMain] INFO  o.s.scheduling.concurrent.ThreadPoolTaskScheduler - Initializing ExecutorService 'taskScheduler'
2019-12-18 10:47:49.382 [restartedMain] INFO  o.s.b.d.autoconfigure.OptionalLiveReloadServer - LiveReload server is running on port 35729
2019-12-18 10:47:49.467 [restartedMain] INFO  o.s.a.rabbit.connection.CachingConnectionFactory - Attempting to connect to: [127.0.0.1:5672]
2019-12-18 10:47:49.495 [restartedMain] INFO  o.s.a.rabbit.connection.CachingConnectionFactory - Created new connection: rabbitConnectionFactory#68ba8fdc:0/SimpleConnection@6a666617 [delegate=amqp://root@127.0.0.1:5672//order, localPort= 57638]
2019-12-18 10:47:49.556 [restartedMain] INFO  org.apache.coyote.http11.Http11NioProtocol - Starting ProtocolHandler ["http-nio-8081"]
2019-12-18 10:47:49.575 [restartedMain] INFO  o.s.boot.web.embedded.tomcat.TomcatWebServer - Tomcat started on port(s): 8081 (http) with context path ''
2019-12-18 10:47:49.578 [restartedMain] INFO  com.example.demo.DemoApplication - Started DemoApplication in 4.439 seconds (JVM running for 5.502)
2019-12-18 10:48:23.533 [http-nio-8081-exec-1] INFO  com.example.demo.config.listener.Customlister - 监听器：初始化
2019-12-18 10:48:23.540 [http-nio-8081-exec-1] INFO  o.a.c.core.ContainerBase.[Tomcat].[localhost].[/] - Initializing Spring DispatcherServlet 'dispatcherServlet'
2019-12-18 10:48:23.541 [http-nio-8081-exec-1] INFO  org.springframework.web.servlet.DispatcherServlet - Initializing Servlet 'dispatcherServlet'
2019-12-18 10:48:23.549 [http-nio-8081-exec-1] INFO  org.springframework.web.servlet.DispatcherServlet - Completed initialization in 8 ms
2019-12-18 10:48:23.557 [http-nio-8081-exec-1] INFO  com.example.demo.config.filter.CustomFilter - doFilter   请求处理！！！
2019-12-18 10:48:23.563 [http-nio-8081-exec-1] INFO  c.e.d.config.interceptor.CustomHandlerInterceptor - preHandle:请求前调用
2019-12-18 10:48:23.645 [http-nio-8081-exec-1] INFO  c.e.d.config.interceptor.CustomHandlerInterceptor - postHandle:请求后调用
2019-12-18 10:48:23.645 [http-nio-8081-exec-1] INFO  c.e.d.config.interceptor.CustomHandlerInterceptor - afterCompletion:请求调用完成后回调方法，即在视图渲染完成后回调
2019-12-18 10:48:23.647 [http-nio-8081-exec-1] INFO  com.example.demo.config.listener.Customlister - 监听器：销毁
2019-12-18 10:48:23.672 [http-nio-8081-exec-2] INFO  com.example.demo.config.listener.Customlister - 监听器：初始化
2019-12-18 10:48:23.673 [http-nio-8081-exec-2] INFO  com.example.demo.config.filter.CustomFilter - doFilter   请求处理！！！
2019-12-18 10:48:23.698 [http-nio-8081-exec-2] INFO  com.example.demo.config.listener.Customlister - 监听器：销毁
2019-12-18 10:48:55.261 [http-nio-8081-exec-4] INFO  com.example.demo.config.listener.Customlister - 监听器：初始化
2019-12-18 10:48:55.261 [http-nio-8081-exec-4] INFO  com.example.demo.config.filter.CustomFilter - doFilter   请求处理！！！
2019-12-18 10:48:55.263 [http-nio-8081-exec-4] INFO  c.e.d.config.interceptor.CustomHandlerInterceptor - preHandle:请求前调用
2019-12-18 10:48:55.265 [http-nio-8081-exec-4] INFO  c.e.d.config.interceptor.CustomHandlerInterceptor - postHandle:请求后调用
2019-12-18 10:48:55.265 [http-nio-8081-exec-4] INFO  c.e.d.config.interceptor.CustomHandlerInterceptor - afterCompletion:请求调用完成后回调方法，即在视图渲染完成后回调
2019-12-18 10:48:55.265 [http-nio-8081-exec-4] INFO  com.example.demo.config.listener.Customlister - 监听器：销毁
2019-12-18 10:48:55.280 [http-nio-8081-exec-5] INFO  com.example.demo.config.listener.Customlister - 监听器：初始化
2019-12-18 10:48:55.281 [http-nio-8081-exec-5] INFO  com.example.demo.config.filter.CustomFilter - doFilter   请求处理！！！
2019-12-18 10:48:55.289 [http-nio-8081-exec-5] INFO  com.example.demo.config.listener.Customlister - 监听器：销毁
