2019-10-16 08:56:14.518 [allService-crawler-0] ERROR com.example.demo.util.ShippingCostUtil - request exception: {}
org.apache.axis.AxisFault: ; nested exception is: 
	java.net.SocketException: Software caused connection abort: recv failed
	at org.apache.axis.AxisFault.makeFault(AxisFault.java:101)
	at org.apache.axis.transport.http.HTTPSender.invoke(HTTPSender.java:154)
	at org.apache.axis.strategies.InvocationStrategy.visit(InvocationStrategy.java:32)
	at org.apache.axis.SimpleChain.doVisiting(SimpleChain.java:118)
	at org.apache.axis.SimpleChain.invoke(SimpleChain.java:83)
	at org.apache.axis.client.AxisClient.invoke(AxisClient.java:165)
	at org.apache.axis.client.Call.invokeEngine(Call.java:2784)
	at org.apache.axis.client.Call.invoke(Call.java:2767)
	at org.apache.axis.client.Call.invoke(Call.java:2443)
	at org.apache.axis.client.Call.invoke(Call.java:2366)
	at org.apache.axis.client.Call.invoke(Call.java:1812)
	at com.example.demo.fedex.rate.stub.RateServiceSoapBindingStub.getRates(RateServiceSoapBindingStub.java:2343)
	at com.example.demo.util.ShippingCostUtil.getShippingCostReply(ShippingCostUtil.java:65)
	at com.example.demo.service.impl.ShippingCostCrawlerServiceImpl.getAllServiceTypeShippingCost(ShippingCostCrawlerServiceImpl.java:343)
	at com.example.demo.service.impl.ShippingCostCrawlerServiceImpl.access$500(ShippingCostCrawlerServiceImpl.java:36)
	at com.example.demo.service.impl.ShippingCostCrawlerServiceImpl$AllServiceTask.run(ShippingCostCrawlerServiceImpl.java:532)
	at java.util.concurrent.Executors$RunnableAdapter.call(Executors.java:511)
	at java.util.concurrent.FutureTask.run(FutureTask.java:266)
	at java.util.concurrent.ThreadPoolExecutor.runWorker(ThreadPoolExecutor.java:1149)
	at java.util.concurrent.ThreadPoolExecutor$Worker.run(ThreadPoolExecutor.java:624)
	at java.lang.Thread.run(Thread.java:748)
Caused by: java.net.SocketException: Software caused connection abort: recv failed
	at java.net.SocketInputStream.socketRead0(Native Method)
	at java.net.SocketInputStream.socketRead(SocketInputStream.java:116)
	at java.net.SocketInputStream.read(SocketInputStream.java:171)
	at java.net.SocketInputStream.read(SocketInputStream.java:141)
	at sun.security.ssl.InputRecord.readFully(InputRecord.java:465)
	at sun.security.ssl.InputRecord.read(InputRecord.java:503)
	at sun.security.ssl.SSLSocketImpl.readRecord(SSLSocketImpl.java:983)
	at sun.security.ssl.SSLSocketImpl.performInitialHandshake(SSLSocketImpl.java:1385)
	at sun.security.ssl.SSLSocketImpl.startHandshake(SSLSocketImpl.java:1413)
	at sun.security.ssl.SSLSocketImpl.startHandshake(SSLSocketImpl.java:1397)
	at org.apache.axis.components.net.JSSESocketFactory.create(JSSESocketFactory.java:186)
	at org.apache.axis.transport.http.HTTPSender.getSocket(HTTPSender.java:191)
	at org.apache.axis.transport.http.HTTPSender.writeToSocket(HTTPSender.java:404)
	at org.apache.axis.transport.http.HTTPSender.invoke(HTTPSender.java:138)
	... 19 common frames omitted
2019-10-16 08:56:14.525 [allService-crawler-3] ERROR com.example.demo.util.ShippingCostUtil - request exception: {}
org.apache.axis.AxisFault: ; nested exception is: 
	java.net.SocketException: Connection reset
	at org.apache.axis.AxisFault.makeFault(AxisFault.java:101)
	at org.apache.axis.SOAPPart.getAsSOAPEnvelope(SOAPPart.java:701)
	at org.apache.axis.Message.getSOAPEnvelope(Message.java:435)
	at org.apache.axis.handlers.soap.MustUnderstandChecker.invoke(MustUnderstandChecker.java:62)
	at org.apache.axis.client.AxisClient.invoke(AxisClient.java:206)
	at org.apache.axis.client.Call.invokeEngine(Call.java:2784)
	at org.apache.axis.client.Call.invoke(Call.java:2767)
	at org.apache.axis.client.Call.invoke(Call.java:2443)
	at org.apache.axis.client.Call.invoke(Call.java:2366)
	at org.apache.axis.client.Call.invoke(Call.java:1812)
	at com.example.demo.fedex.rate.stub.RateServiceSoapBindingStub.getRates(RateServiceSoapBindingStub.java:2343)
	at com.example.demo.util.ShippingCostUtil.getShippingCostReply(ShippingCostUtil.java:65)
	at com.example.demo.service.impl.ShippingCostCrawlerServiceImpl.getAllServiceTypeShippingCost(ShippingCostCrawlerServiceImpl.java:343)
	at com.example.demo.service.impl.ShippingCostCrawlerServiceImpl.access$500(ShippingCostCrawlerServiceImpl.java:36)
	at com.example.demo.service.impl.ShippingCostCrawlerServiceImpl$AllServiceTask.run(ShippingCostCrawlerServiceImpl.java:532)
	at java.util.concurrent.Executors$RunnableAdapter.call(Executors.java:511)
	at java.util.concurrent.FutureTask.run(FutureTask.java:266)
	at java.util.concurrent.ThreadPoolExecutor.runWorker(ThreadPoolExecutor.java:1149)
	at java.util.concurrent.ThreadPoolExecutor$Worker.run(ThreadPoolExecutor.java:624)
	at java.lang.Thread.run(Thread.java:748)
Caused by: java.net.SocketException: Connection reset
	at java.net.SocketInputStream.read(SocketInputStream.java:210)
	at java.net.SocketInputStream.read(SocketInputStream.java:141)
	at sun.security.ssl.InputRecord.readFully(InputRecord.java:465)
	at sun.security.ssl.InputRecord.read(InputRecord.java:503)
	at sun.security.ssl.SSLSocketImpl.readRecord(SSLSocketImpl.java:983)
	at sun.security.ssl.SSLSocketImpl.readDataRecord(SSLSocketImpl.java:940)
	at sun.security.ssl.AppInputStream.read(AppInputStream.java:105)
	at java.io.BufferedInputStream.read1(BufferedInputStream.java:284)
	at java.io.BufferedInputStream.read(BufferedInputStream.java:345)
	at java.io.FilterInputStream.read(FilterInputStream.java:133)
	at com.sun.org.apache.xerces.internal.impl.XMLEntityManager$RewindableInputStream.read(XMLEntityManager.java:2919)
	at com.sun.org.apache.xerces.internal.impl.io.UTF8Reader.read(UTF8Reader.java:302)
	at com.sun.org.apache.xerces.internal.impl.XMLEntityScanner.load(XMLEntityScanner.java:1895)
	at com.sun.org.apache.xerces.internal.impl.XMLEntityScanner.skipChar(XMLEntityScanner.java:1551)
	at com.sun.org.apache.xerces.internal.impl.XMLDocumentFragmentScannerImpl$FragmentContentDriver.next(XMLDocumentFragmentScannerImpl.java:2821)
	at com.sun.org.apache.xerces.internal.impl.XMLDocumentScannerImpl.next(XMLDocumentScannerImpl.java:602)
	at com.sun.org.apache.xerces.internal.impl.XMLNSDocumentScannerImpl.next(XMLNSDocumentScannerImpl.java:112)
	at com.sun.org.apache.xerces.internal.impl.XMLDocumentFragmentScannerImpl.scanDocument(XMLDocumentFragmentScannerImpl.java:505)
	at com.sun.org.apache.xerces.internal.parsers.XML11Configuration.parse(XML11Configuration.java:842)
	at com.sun.org.apache.xerces.internal.parsers.XML11Configuration.parse(XML11Configuration.java:771)
	at com.sun.org.apache.xerces.internal.parsers.XMLParser.parse(XMLParser.java:141)
	at com.sun.org.apache.xerces.internal.parsers.AbstractSAXParser.parse(AbstractSAXParser.java:1213)
	at com.sun.org.apache.xerces.internal.jaxp.SAXParserImpl$JAXPSAXParser.parse(SAXParserImpl.java:643)
	at com.sun.org.apache.xerces.internal.jaxp.SAXParserImpl.parse(SAXParserImpl.java:327)
	at org.apache.axis.encoding.DeserializationContext.parse(DeserializationContext.java:227)
	at org.apache.axis.SOAPPart.getAsSOAPEnvelope(SOAPPart.java:696)
	... 18 common frames omitted
2019-10-16 08:56:14.525 [allService-crawler-1] ERROR com.example.demo.util.ShippingCostUtil - request exception: {}
org.apache.axis.AxisFault: ; nested exception is: 
	java.net.SocketException: Connection reset
	at org.apache.axis.AxisFault.makeFault(AxisFault.java:101)
	at org.apache.axis.SOAPPart.getAsSOAPEnvelope(SOAPPart.java:701)
	at org.apache.axis.Message.getSOAPEnvelope(Message.java:435)
	at org.apache.axis.handlers.soap.MustUnderstandChecker.invoke(MustUnderstandChecker.java:62)
	at org.apache.axis.client.AxisClient.invoke(AxisClient.java:206)
	at org.apache.axis.client.Call.invokeEngine(Call.java:2784)
	at org.apache.axis.client.Call.invoke(Call.java:2767)
	at org.apache.axis.client.Call.invoke(Call.java:2443)
	at org.apache.axis.client.Call.invoke(Call.java:2366)
	at org.apache.axis.client.Call.invoke(Call.java:1812)
	at com.example.demo.fedex.rate.stub.RateServiceSoapBindingStub.getRates(RateServiceSoapBindingStub.java:2343)
	at com.example.demo.util.ShippingCostUtil.getShippingCostReply(ShippingCostUtil.java:65)
	at com.example.demo.service.impl.ShippingCostCrawlerServiceImpl.getAllServiceTypeShippingCost(ShippingCostCrawlerServiceImpl.java:343)
	at com.example.demo.service.impl.ShippingCostCrawlerServiceImpl.access$500(ShippingCostCrawlerServiceImpl.java:36)
	at com.example.demo.service.impl.ShippingCostCrawlerServiceImpl$AllServiceTask.run(ShippingCostCrawlerServiceImpl.java:532)
	at java.util.concurrent.Executors$RunnableAdapter.call(Executors.java:511)
	at java.util.concurrent.FutureTask.run(FutureTask.java:266)
	at java.util.concurrent.ThreadPoolExecutor.runWorker(ThreadPoolExecutor.java:1149)
	at java.util.concurrent.ThreadPoolExecutor$Worker.run(ThreadPoolExecutor.java:624)
	at java.lang.Thread.run(Thread.java:748)
Caused by: java.net.SocketException: Connection reset
	at java.net.SocketInputStream.read(SocketInputStream.java:210)
	at java.net.SocketInputStream.read(SocketInputStream.java:141)
	at sun.security.ssl.InputRecord.readFully(InputRecord.java:465)
	at sun.security.ssl.InputRecord.readV3Record(InputRecord.java:593)
	at sun.security.ssl.InputRecord.read(InputRecord.java:532)
	at sun.security.ssl.SSLSocketImpl.readRecord(SSLSocketImpl.java:983)
	at sun.security.ssl.SSLSocketImpl.readDataRecord(SSLSocketImpl.java:940)
	at sun.security.ssl.AppInputStream.read(AppInputStream.java:105)
	at java.io.BufferedInputStream.fill(BufferedInputStream.java:246)
	at java.io.BufferedInputStream.read1(BufferedInputStream.java:286)
	at java.io.BufferedInputStream.read(BufferedInputStream.java:345)
	at java.io.FilterInputStream.read(FilterInputStream.java:133)
	at com.sun.org.apache.xerces.internal.impl.XMLEntityManager$RewindableInputStream.read(XMLEntityManager.java:2919)
	at com.sun.org.apache.xerces.internal.impl.io.UTF8Reader.read(UTF8Reader.java:302)
	at com.sun.org.apache.xerces.internal.impl.XMLEntityScanner.load(XMLEntityScanner.java:1895)
	at com.sun.org.apache.xerces.internal.impl.XMLEntityScanner.scanQName(XMLEntityScanner.java:843)
	at com.sun.org.apache.xerces.internal.impl.XMLNSDocumentScannerImpl.scanStartElement(XMLNSDocumentScannerImpl.java:193)
	at com.sun.org.apache.xerces.internal.impl.XMLDocumentFragmentScannerImpl$FragmentContentDriver.next(XMLDocumentFragmentScannerImpl.java:2784)
	at com.sun.org.apache.xerces.internal.impl.XMLDocumentScannerImpl.next(XMLDocumentScannerImpl.java:602)
	at com.sun.org.apache.xerces.internal.impl.XMLNSDocumentScannerImpl.next(XMLNSDocumentScannerImpl.java:112)
	at com.sun.org.apache.xerces.internal.impl.XMLDocumentFragmentScannerImpl.scanDocument(XMLDocumentFragmentScannerImpl.java:505)
	at com.sun.org.apache.xerces.internal.parsers.XML11Configuration.parse(XML11Configuration.java:842)
	at com.sun.org.apache.xerces.internal.parsers.XML11Configuration.parse(XML11Configuration.java:771)
	at com.sun.org.apache.xerces.internal.parsers.XMLParser.parse(XMLParser.java:141)
	at com.sun.org.apache.xerces.internal.parsers.AbstractSAXParser.parse(AbstractSAXParser.java:1213)
	at com.sun.org.apache.xerces.internal.jaxp.SAXParserImpl$JAXPSAXParser.parse(SAXParserImpl.java:643)
	at com.sun.org.apache.xerces.internal.jaxp.SAXParserImpl.parse(SAXParserImpl.java:327)
	at org.apache.axis.encoding.DeserializationContext.parse(DeserializationContext.java:227)
	at org.apache.axis.SOAPPart.getAsSOAPEnvelope(SOAPPart.java:696)
	... 18 common frames omitted
2019-10-16 08:56:15.439 [allService-crawler-3] ERROR com.example.demo.util.ShippingCostUtil - service bei diao yong: 40081 ci
2019-10-16 08:56:14.525 [allService-crawler-6] ERROR com.example.demo.util.ShippingCostUtil - request exception: {}
org.apache.axis.AxisFault: ; nested exception is: 
	java.net.SocketException: Connection reset
	at org.apache.axis.AxisFault.makeFault(AxisFault.java:101)
	at org.apache.axis.SOAPPart.getAsSOAPEnvelope(SOAPPart.java:701)
	at org.apache.axis.Message.getSOAPEnvelope(Message.java:435)
	at org.apache.axis.handlers.soap.MustUnderstandChecker.invoke(MustUnderstandChecker.java:62)
	at org.apache.axis.client.AxisClient.invoke(AxisClient.java:206)
	at org.apache.axis.client.Call.invokeEngine(Call.java:2784)
	at org.apache.axis.client.Call.invoke(Call.java:2767)
	at org.apache.axis.client.Call.invoke(Call.java:2443)
	at org.apache.axis.client.Call.invoke(Call.java:2366)
	at org.apache.axis.client.Call.invoke(Call.java:1812)
	at com.example.demo.fedex.rate.stub.RateServiceSoapBindingStub.getRates(RateServiceSoapBindingStub.java:2343)
	at com.example.demo.util.ShippingCostUtil.getShippingCostReply(ShippingCostUtil.java:65)
	at com.example.demo.service.impl.ShippingCostCrawlerServiceImpl.getAllServiceTypeShippingCost(ShippingCostCrawlerServiceImpl.java:343)
	at com.example.demo.service.impl.ShippingCostCrawlerServiceImpl.access$500(ShippingCostCrawlerServiceImpl.java:36)
	at com.example.demo.service.impl.ShippingCostCrawlerServiceImpl$AllServiceTask.run(ShippingCostCrawlerServiceImpl.java:532)
	at java.util.concurrent.Executors$RunnableAdapter.call(Executors.java:511)
	at java.util.concurrent.FutureTask.run(FutureTask.java:266)
	at java.util.concurrent.ThreadPoolExecutor.runWorker(ThreadPoolExecutor.java:1149)
	at java.util.concurrent.ThreadPoolExecutor$Worker.run(ThreadPoolExecutor.java:624)
	at java.lang.Thread.run(Thread.java:748)
Caused by: java.net.SocketException: Connection reset
	at java.net.SocketInputStream.read(SocketInputStream.java:210)
	at java.net.SocketInputStream.read(SocketInputStream.java:141)
	at sun.security.ssl.InputRecord.readFully(InputRecord.java:465)
	at sun.security.ssl.InputRecord.readV3Record(InputRecord.java:593)
	at sun.security.ssl.InputRecord.read(InputRecord.java:532)
	at sun.security.ssl.SSLSocketImpl.readRecord(SSLSocketImpl.java:983)
	at sun.security.ssl.SSLSocketImpl.readDataRecord(SSLSocketImpl.java:940)
	at sun.security.ssl.AppInputStream.read(AppInputStream.java:105)
	at java.io.BufferedInputStream.fill(BufferedInputStream.java:246)
	at java.io.BufferedInputStream.read1(BufferedInputStream.java:286)
	at java.io.BufferedInputStream.read(BufferedInputStream.java:345)
	at java.io.FilterInputStream.read(FilterInputStream.java:133)
	at com.sun.org.apache.xerces.internal.impl.XMLEntityManager$RewindableInputStream.read(XMLEntityManager.java:2919)
	at com.sun.org.apache.xerces.internal.impl.io.UTF8Reader.read(UTF8Reader.java:302)
	at com.sun.org.apache.xerces.internal.impl.XMLEntityScanner.load(XMLEntityScanner.java:1895)
	at com.sun.org.apache.xerces.internal.impl.XMLEntityScanner.arrangeCapacity(XMLEntityScanner.java:1761)
	at com.sun.org.apache.xerces.internal.impl.XMLEntityScanner.skipString(XMLEntityScanner.java:1799)
	at com.sun.org.apache.xerces.internal.impl.XMLDocumentFragmentScannerImpl.scanEndElement(XMLDocumentFragmentScannerImpl.java:1748)
	at com.sun.org.apache.xerces.internal.impl.XMLDocumentFragmentScannerImpl$FragmentContentDriver.next(XMLDocumentFragmentScannerImpl.java:2967)
	at com.sun.org.apache.xerces.internal.impl.XMLDocumentScannerImpl.next(XMLDocumentScannerImpl.java:602)
	at com.sun.org.apache.xerces.internal.impl.XMLNSDocumentScannerImpl.next(XMLNSDocumentScannerImpl.java:112)
	at com.sun.org.apache.xerces.internal.impl.XMLDocumentFragmentScannerImpl.scanDocument(XMLDocumentFragmentScannerImpl.java:505)
	at com.sun.org.apache.xerces.internal.parsers.XML11Configuration.parse(XML11Configuration.java:842)
	at com.sun.org.apache.xerces.internal.parsers.XML11Configuration.parse(XML11Configuration.java:771)
	at com.sun.org.apache.xerces.internal.parsers.XMLParser.parse(XMLParser.java:141)
	at com.sun.org.apache.xerces.internal.parsers.AbstractSAXParser.parse(AbstractSAXParser.java:1213)
	at com.sun.org.apache.xerces.internal.jaxp.SAXParserImpl$JAXPSAXParser.parse(SAXParserImpl.java:643)
	at com.sun.org.apache.xerces.internal.jaxp.SAXParserImpl.parse(SAXParserImpl.java:327)
	at org.apache.axis.encoding.DeserializationContext.parse(DeserializationContext.java:227)
	at org.apache.axis.SOAPPart.getAsSOAPEnvelope(SOAPPart.java:696)
	... 18 common frames omitted
2019-10-16 08:56:14.524 [allService-crawler-8] ERROR com.example.demo.util.ShippingCostUtil - request exception: {}
org.apache.axis.AxisFault: ; nested exception is: 
	java.net.SocketException: Connection reset
	at org.apache.axis.AxisFault.makeFault(AxisFault.java:101)
	at org.apache.axis.SOAPPart.getAsSOAPEnvelope(SOAPPart.java:701)
	at org.apache.axis.Message.getSOAPEnvelope(Message.java:435)
	at org.apache.axis.handlers.soap.MustUnderstandChecker.invoke(MustUnderstandChecker.java:62)
	at org.apache.axis.client.AxisClient.invoke(AxisClient.java:206)
	at org.apache.axis.client.Call.invokeEngine(Call.java:2784)
	at org.apache.axis.client.Call.invoke(Call.java:2767)
	at org.apache.axis.client.Call.invoke(Call.java:2443)
	at org.apache.axis.client.Call.invoke(Call.java:2366)
	at org.apache.axis.client.Call.invoke(Call.java:1812)
	at com.example.demo.fedex.rate.stub.RateServiceSoapBindingStub.getRates(RateServiceSoapBindingStub.java:2343)
	at com.example.demo.util.ShippingCostUtil.getShippingCostReply(ShippingCostUtil.java:65)
	at com.example.demo.service.impl.ShippingCostCrawlerServiceImpl.getAllServiceTypeShippingCost(ShippingCostCrawlerServiceImpl.java:343)
	at com.example.demo.service.impl.ShippingCostCrawlerServiceImpl.dealAcceptableCities(ShippingCostCrawlerServiceImpl.java:317)
	at com.example.demo.service.impl.ShippingCostCrawlerServiceImpl.access$300(ShippingCostCrawlerServiceImpl.java:36)
	at com.example.demo.service.impl.ShippingCostCrawlerServiceImpl$AllServiceTask.run(ShippingCostCrawlerServiceImpl.java:531)
	at java.util.concurrent.Executors$RunnableAdapter.call(Executors.java:511)
	at java.util.concurrent.FutureTask.run(FutureTask.java:266)
	at java.util.concurrent.ThreadPoolExecutor.runWorker(ThreadPoolExecutor.java:1149)
	at java.util.concurrent.ThreadPoolExecutor$Worker.run(ThreadPoolExecutor.java:624)
	at java.lang.Thread.run(Thread.java:748)
Caused by: java.net.SocketException: Connection reset
	at java.net.SocketInputStream.read(SocketInputStream.java:210)
	at java.net.SocketInputStream.read(SocketInputStream.java:141)
	at sun.security.ssl.InputRecord.readFully(InputRecord.java:465)
	at sun.security.ssl.InputRecord.readV3Record(InputRecord.java:593)
	at sun.security.ssl.InputRecord.read(InputRecord.java:532)
	at sun.security.ssl.SSLSocketImpl.readRecord(SSLSocketImpl.java:983)
	at sun.security.ssl.SSLSocketImpl.readDataRecord(SSLSocketImpl.java:940)
	at sun.security.ssl.AppInputStream.read(AppInputStream.java:105)
	at java.io.BufferedInputStream.fill(BufferedInputStream.java:246)
	at java.io.BufferedInputStream.read1(BufferedInputStream.java:286)
	at java.io.BufferedInputStream.read(BufferedInputStream.java:345)
	at java.io.FilterInputStream.read(FilterInputStream.java:133)
	at com.sun.org.apache.xerces.internal.impl.XMLEntityManager$RewindableInputStream.read(XMLEntityManager.java:2919)
	at com.sun.org.apache.xerces.internal.impl.io.UTF8Reader.read(UTF8Reader.java:302)
	at com.sun.org.apache.xerces.internal.impl.XMLEntityScanner.load(XMLEntityScanner.java:1895)
	at com.sun.org.apache.xerces.internal.impl.XMLEntityScanner.arrangeCapacity(XMLEntityScanner.java:1761)
	at com.sun.org.apache.xerces.internal.impl.XMLEntityScanner.skipString(XMLEntityScanner.java:1799)
	at com.sun.org.apache.xerces.internal.impl.XMLDocumentFragmentScannerImpl.scanEndElement(XMLDocumentFragmentScannerImpl.java:1748)
	at com.sun.org.apache.xerces.internal.impl.XMLDocumentFragmentScannerImpl$FragmentContentDriver.next(XMLDocumentFragmentScannerImpl.java:2967)
	at com.sun.org.apache.xerces.internal.impl.XMLDocumentScannerImpl.next(XMLDocumentScannerImpl.java:602)
	at com.sun.org.apache.xerces.internal.impl.XMLNSDocumentScannerImpl.next(XMLNSDocumentScannerImpl.java:112)
	at com.sun.org.apache.xerces.internal.impl.XMLDocumentFragmentScannerImpl.scanDocument(XMLDocumentFragmentScannerImpl.java:505)
	at com.sun.org.apache.xerces.internal.parsers.XML11Configuration.parse(XML11Configuration.java:842)
	at com.sun.org.apache.xerces.internal.parsers.XML11Configuration.parse(XML11Configuration.java:771)
	at com.sun.org.apache.xerces.internal.parsers.XMLParser.parse(XMLParser.java:141)
	at com.sun.org.apache.xerces.internal.parsers.AbstractSAXParser.parse(AbstractSAXParser.java:1213)
	at com.sun.org.apache.xerces.internal.jaxp.SAXParserImpl$JAXPSAXParser.parse(SAXParserImpl.java:643)
	at com.sun.org.apache.xerces.internal.jaxp.SAXParserImpl.parse(SAXParserImpl.java:327)
	at org.apache.axis.encoding.DeserializationContext.parse(DeserializationContext.java:227)
	at org.apache.axis.SOAPPart.getAsSOAPEnvelope(SOAPPart.java:696)
	... 19 common frames omitted
2019-10-16 08:56:14.524 [allService-crawler-4] ERROR com.example.demo.util.ShippingCostUtil - request exception: {}
org.apache.axis.AxisFault: ; nested exception is: 
	java.net.SocketException: Connection reset
	at org.apache.axis.AxisFault.makeFault(AxisFault.java:101)
	at org.apache.axis.transport.http.HTTPSender.invoke(HTTPSender.java:154)
	at org.apache.axis.strategies.InvocationStrategy.visit(InvocationStrategy.java:32)
	at org.apache.axis.SimpleChain.doVisiting(SimpleChain.java:118)
	at org.apache.axis.SimpleChain.invoke(SimpleChain.java:83)
	at org.apache.axis.client.AxisClient.invoke(AxisClient.java:165)
	at org.apache.axis.client.Call.invokeEngine(Call.java:2784)
	at org.apache.axis.client.Call.invoke(Call.java:2767)
	at org.apache.axis.client.Call.invoke(Call.java:2443)
	at org.apache.axis.client.Call.invoke(Call.java:2366)
	at org.apache.axis.client.Call.invoke(Call.java:1812)
	at com.example.demo.fedex.rate.stub.RateServiceSoapBindingStub.getRates(RateServiceSoapBindingStub.java:2343)
	at com.example.demo.util.ShippingCostUtil.getShippingCostReply(ShippingCostUtil.java:65)
	at com.example.demo.service.impl.ShippingCostCrawlerServiceImpl.getAllServiceTypeShippingCost(ShippingCostCrawlerServiceImpl.java:343)
	at com.example.demo.service.impl.ShippingCostCrawlerServiceImpl.access$500(ShippingCostCrawlerServiceImpl.java:36)
	at com.example.demo.service.impl.ShippingCostCrawlerServiceImpl$AllServiceTask.run(ShippingCostCrawlerServiceImpl.java:532)
	at java.util.concurrent.Executors$RunnableAdapter.call(Executors.java:511)
	at java.util.concurrent.FutureTask.run(FutureTask.java:266)
	at java.util.concurrent.ThreadPoolExecutor.runWorker(ThreadPoolExecutor.java:1149)
	at java.util.concurrent.ThreadPoolExecutor$Worker.run(ThreadPoolExecutor.java:624)
	at java.lang.Thread.run(Thread.java:748)
Caused by: java.net.SocketException: Connection reset
	at java.net.SocketInputStream.read(SocketInputStream.java:210)
	at java.net.SocketInputStream.read(SocketInputStream.java:141)
	at sun.security.ssl.InputRecord.readFully(InputRecord.java:465)
	at sun.security.ssl.InputRecord.read(InputRecord.java:503)
	at sun.security.ssl.SSLSocketImpl.readRecord(SSLSocketImpl.java:983)
	at sun.security.ssl.SSLSocketImpl.readDataRecord(SSLSocketImpl.java:940)
	at sun.security.ssl.AppInputStream.read(AppInputStream.java:105)
	at java.io.BufferedInputStream.fill(BufferedInputStream.java:246)
	at java.io.BufferedInputStream.read(BufferedInputStream.java:265)
	at org.apache.axis.transport.http.HTTPSender.readHeadersFromSocket(HTTPSender.java:583)
	at org.apache.axis.transport.http.HTTPSender.invoke(HTTPSender.java:143)
	... 19 common frames omitted
2019-10-16 08:56:14.524 [allService-crawler-7] ERROR com.example.demo.util.ShippingCostUtil - request exception: {}
org.apache.axis.AxisFault: ; nested exception is: 
	java.net.SocketException: Connection reset
	at org.apache.axis.AxisFault.makeFault(AxisFault.java:101)
	at org.apache.axis.SOAPPart.getAsSOAPEnvelope(SOAPPart.java:701)
	at org.apache.axis.Message.getSOAPEnvelope(Message.java:435)
	at org.apache.axis.handlers.soap.MustUnderstandChecker.invoke(MustUnderstandChecker.java:62)
	at org.apache.axis.client.AxisClient.invoke(AxisClient.java:206)
	at org.apache.axis.client.Call.invokeEngine(Call.java:2784)
	at org.apache.axis.client.Call.invoke(Call.java:2767)
	at org.apache.axis.client.Call.invoke(Call.java:2443)
	at org.apache.axis.client.Call.invoke(Call.java:2366)
	at org.apache.axis.client.Call.invoke(Call.java:1812)
	at com.example.demo.fedex.rate.stub.RateServiceSoapBindingStub.getRates(RateServiceSoapBindingStub.java:2343)
	at com.example.demo.util.ShippingCostUtil.getShippingCostReply(ShippingCostUtil.java:65)
	at com.example.demo.service.impl.ShippingCostCrawlerServiceImpl.getAllServiceTypeShippingCost(ShippingCostCrawlerServiceImpl.java:343)
	at com.example.demo.service.impl.ShippingCostCrawlerServiceImpl.access$500(ShippingCostCrawlerServiceImpl.java:36)
	at com.example.demo.service.impl.ShippingCostCrawlerServiceImpl$AllServiceTask.run(ShippingCostCrawlerServiceImpl.java:532)
	at java.util.concurrent.Executors$RunnableAdapter.call(Executors.java:511)
	at java.util.concurrent.FutureTask.run(FutureTask.java:266)
	at java.util.concurrent.ThreadPoolExecutor.runWorker(ThreadPoolExecutor.java:1149)
	at java.util.concurrent.ThreadPoolExecutor$Worker.run(ThreadPoolExecutor.java:624)
	at java.lang.Thread.run(Thread.java:748)
Caused by: java.net.SocketException: Connection reset
	at java.net.SocketInputStream.read(SocketInputStream.java:210)
	at java.net.SocketInputStream.read(SocketInputStream.java:141)
	at sun.security.ssl.InputRecord.readFully(InputRecord.java:465)
	at sun.security.ssl.InputRecord.readV3Record(InputRecord.java:593)
	at sun.security.ssl.InputRecord.read(InputRecord.java:532)
	at sun.security.ssl.SSLSocketImpl.readRecord(SSLSocketImpl.java:983)
	at sun.security.ssl.SSLSocketImpl.readDataRecord(SSLSocketImpl.java:940)
	at sun.security.ssl.AppInputStream.read(AppInputStream.java:105)
	at java.io.BufferedInputStream.fill(BufferedInputStream.java:246)
	at java.io.BufferedInputStream.read1(BufferedInputStream.java:286)
	at java.io.BufferedInputStream.read(BufferedInputStream.java:345)
	at java.io.FilterInputStream.read(FilterInputStream.java:133)
	at com.sun.org.apache.xerces.internal.impl.XMLEntityManager$RewindableInputStream.read(XMLEntityManager.java:2919)
	at com.sun.org.apache.xerces.internal.impl.io.UTF8Reader.read(UTF8Reader.java:302)
	at com.sun.org.apache.xerces.internal.impl.XMLEntityScanner.load(XMLEntityScanner.java:1895)
	at com.sun.org.apache.xerces.internal.impl.XMLEntityScanner.scanQName(XMLEntityScanner.java:843)
	at com.sun.org.apache.xerces.internal.impl.XMLNSDocumentScannerImpl.scanStartElement(XMLNSDocumentScannerImpl.java:193)
	at com.sun.org.apache.xerces.internal.impl.XMLDocumentFragmentScannerImpl$FragmentContentDriver.next(XMLDocumentFragmentScannerImpl.java:2784)
	at com.sun.org.apache.xerces.internal.impl.XMLDocumentScannerImpl.next(XMLDocumentScannerImpl.java:602)
	at com.sun.org.apache.xerces.internal.impl.XMLNSDocumentScannerImpl.next(XMLNSDocumentScannerImpl.java:112)
	at com.sun.org.apache.xerces.internal.impl.XMLDocumentFragmentScannerImpl.scanDocument(XMLDocumentFragmentScannerImpl.java:505)
	at com.sun.org.apache.xerces.internal.parsers.XML11Configuration.parse(XML11Configuration.java:842)
	at com.sun.org.apache.xerces.internal.parsers.XML11Configuration.parse(XML11Configuration.java:771)
	at com.sun.org.apache.xerces.internal.parsers.XMLParser.parse(XMLParser.java:141)
	at com.sun.org.apache.xerces.internal.parsers.AbstractSAXParser.parse(AbstractSAXParser.java:1213)
	at com.sun.org.apache.xerces.internal.jaxp.SAXParserImpl$JAXPSAXParser.parse(SAXParserImpl.java:643)
	at com.sun.org.apache.xerces.internal.jaxp.SAXParserImpl.parse(SAXParserImpl.java:327)
	at org.apache.axis.encoding.DeserializationContext.parse(DeserializationContext.java:227)
	at org.apache.axis.SOAPPart.getAsSOAPEnvelope(SOAPPart.java:696)
	... 18 common frames omitted
2019-10-16 08:56:15.445 [allService-crawler-8] ERROR com.example.demo.util.ShippingCostUtil - service bei diao yong: 40081 ci
2019-10-16 08:56:15.445 [allService-crawler-7] ERROR com.example.demo.util.ShippingCostUtil - service bei diao yong: 40081 ci
2019-10-16 08:56:15.445 [allService-crawler-7] ERROR com.example.demo.util.ShippingCostUtil - service unvailable sleep ten minutes!
2019-10-16 08:56:14.523 [allService-crawler-10] ERROR com.example.demo.util.ShippingCostUtil - request exception: {}
org.apache.axis.AxisFault: ; nested exception is: 
	java.net.SocketException: Software caused connection abort: recv failed
	at org.apache.axis.AxisFault.makeFault(AxisFault.java:101)
	at org.apache.axis.transport.http.HTTPSender.invoke(HTTPSender.java:154)
	at org.apache.axis.strategies.InvocationStrategy.visit(InvocationStrategy.java:32)
	at org.apache.axis.SimpleChain.doVisiting(SimpleChain.java:118)
	at org.apache.axis.SimpleChain.invoke(SimpleChain.java:83)
	at org.apache.axis.client.AxisClient.invoke(AxisClient.java:165)
	at org.apache.axis.client.Call.invokeEngine(Call.java:2784)
	at org.apache.axis.client.Call.invoke(Call.java:2767)
	at org.apache.axis.client.Call.invoke(Call.java:2443)
	at org.apache.axis.client.Call.invoke(Call.java:2366)
	at org.apache.axis.client.Call.invoke(Call.java:1812)
	at com.example.demo.fedex.rate.stub.RateServiceSoapBindingStub.getRates(RateServiceSoapBindingStub.java:2343)
	at com.example.demo.util.ShippingCostUtil.getShippingCostReply(ShippingCostUtil.java:65)
	at com.example.demo.service.impl.ShippingCostCrawlerServiceImpl.getAllServiceTypeShippingCost(ShippingCostCrawlerServiceImpl.java:343)
	at com.example.demo.service.impl.ShippingCostCrawlerServiceImpl.access$500(ShippingCostCrawlerServiceImpl.java:36)
	at com.example.demo.service.impl.ShippingCostCrawlerServiceImpl$AllServiceTask.run(ShippingCostCrawlerServiceImpl.java:532)
	at java.util.concurrent.Executors$RunnableAdapter.call(Executors.java:511)
	at java.util.concurrent.FutureTask.run(FutureTask.java:266)
	at java.util.concurrent.ThreadPoolExecutor.runWorker(ThreadPoolExecutor.java:1149)
	at java.util.concurrent.ThreadPoolExecutor$Worker.run(ThreadPoolExecutor.java:624)
	at java.lang.Thread.run(Thread.java:748)
Caused by: java.net.SocketException: Software caused connection abort: recv failed
	at java.net.SocketInputStream.socketRead0(Native Method)
	at java.net.SocketInputStream.socketRead(SocketInputStream.java:116)
	at java.net.SocketInputStream.read(SocketInputStream.java:171)
	at java.net.SocketInputStream.read(SocketInputStream.java:141)
	at sun.security.ssl.InputRecord.readFully(InputRecord.java:465)
	at sun.security.ssl.InputRecord.read(InputRecord.java:503)
	at sun.security.ssl.SSLSocketImpl.readRecord(SSLSocketImpl.java:983)
	at sun.security.ssl.SSLSocketImpl.performInitialHandshake(SSLSocketImpl.java:1385)
	at sun.security.ssl.SSLSocketImpl.startHandshake(SSLSocketImpl.java:1413)
	at sun.security.ssl.SSLSocketImpl.startHandshake(SSLSocketImpl.java:1397)
	at org.apache.axis.components.net.JSSESocketFactory.create(JSSESocketFactory.java:186)
	at org.apache.axis.transport.http.HTTPSender.getSocket(HTTPSender.java:191)
	at org.apache.axis.transport.http.HTTPSender.writeToSocket(HTTPSender.java:404)
	at org.apache.axis.transport.http.HTTPSender.invoke(HTTPSender.java:138)
	... 19 common frames omitted
2019-10-16 08:56:15.445 [allService-crawler-4] ERROR com.example.demo.util.ShippingCostUtil - service bei diao yong: 40081 ci
2019-10-16 08:56:15.445 [allService-crawler-8] ERROR com.example.demo.util.ShippingCostUtil - service unvailable sleep ten minutes!
2019-10-16 08:56:14.522 [allService-crawler-2] ERROR com.example.demo.util.ShippingCostUtil - request exception: {}
org.apache.axis.AxisFault: ; nested exception is: 
	java.net.SocketException: Connection reset
	at org.apache.axis.AxisFault.makeFault(AxisFault.java:101)
	at org.apache.axis.transport.http.HTTPSender.invoke(HTTPSender.java:154)
	at org.apache.axis.strategies.InvocationStrategy.visit(InvocationStrategy.java:32)
	at org.apache.axis.SimpleChain.doVisiting(SimpleChain.java:118)
	at org.apache.axis.SimpleChain.invoke(SimpleChain.java:83)
	at org.apache.axis.client.AxisClient.invoke(AxisClient.java:165)
	at org.apache.axis.client.Call.invokeEngine(Call.java:2784)
	at org.apache.axis.client.Call.invoke(Call.java:2767)
	at org.apache.axis.client.Call.invoke(Call.java:2443)
	at org.apache.axis.client.Call.invoke(Call.java:2366)
	at org.apache.axis.client.Call.invoke(Call.java:1812)
	at com.example.demo.fedex.rate.stub.RateServiceSoapBindingStub.getRates(RateServiceSoapBindingStub.java:2343)
	at com.example.demo.util.ShippingCostUtil.getShippingCostReply(ShippingCostUtil.java:65)
	at com.example.demo.service.impl.ShippingCostCrawlerServiceImpl.getAllServiceTypeShippingCost(ShippingCostCrawlerServiceImpl.java:343)
	at com.example.demo.service.impl.ShippingCostCrawlerServiceImpl.dealAcceptableCities(ShippingCostCrawlerServiceImpl.java:317)
	at com.example.demo.service.impl.ShippingCostCrawlerServiceImpl.access$300(ShippingCostCrawlerServiceImpl.java:36)
	at com.example.demo.service.impl.ShippingCostCrawlerServiceImpl$AllServiceTask.run(ShippingCostCrawlerServiceImpl.java:531)
	at java.util.concurrent.Executors$RunnableAdapter.call(Executors.java:511)
	at java.util.concurrent.FutureTask.run(FutureTask.java:266)
	at java.util.concurrent.ThreadPoolExecutor.runWorker(ThreadPoolExecutor.java:1149)
	at java.util.concurrent.ThreadPoolExecutor$Worker.run(ThreadPoolExecutor.java:624)
	at java.lang.Thread.run(Thread.java:748)
Caused by: java.net.SocketException: Connection reset
	at java.net.SocketInputStream.read(SocketInputStream.java:210)
	at java.net.SocketInputStream.read(SocketInputStream.java:141)
	at sun.security.ssl.InputRecord.readFully(InputRecord.java:465)
	at sun.security.ssl.InputRecord.read(InputRecord.java:503)
	at sun.security.ssl.SSLSocketImpl.readRecord(SSLSocketImpl.java:983)
	at sun.security.ssl.SSLSocketImpl.readDataRecord(SSLSocketImpl.java:940)
	at sun.security.ssl.AppInputStream.read(AppInputStream.java:105)
	at java.io.BufferedInputStream.fill(BufferedInputStream.java:246)
	at java.io.BufferedInputStream.read(BufferedInputStream.java:265)
	at org.apache.axis.transport.http.HTTPSender.readHeadersFromSocket(HTTPSender.java:583)
	at org.apache.axis.transport.http.HTTPSender.invoke(HTTPSender.java:143)
	... 20 common frames omitted
2019-10-16 08:56:14.522 [allService-crawler-9] ERROR com.example.demo.util.ShippingCostUtil - request exception: {}
org.apache.axis.AxisFault: ; nested exception is: 
	java.net.SocketException: Software caused connection abort: recv failed
	at org.apache.axis.AxisFault.makeFault(AxisFault.java:101)
	at org.apache.axis.transport.http.HTTPSender.invoke(HTTPSender.java:154)
	at org.apache.axis.strategies.InvocationStrategy.visit(InvocationStrategy.java:32)
	at org.apache.axis.SimpleChain.doVisiting(SimpleChain.java:118)
	at org.apache.axis.SimpleChain.invoke(SimpleChain.java:83)
	at org.apache.axis.client.AxisClient.invoke(AxisClient.java:165)
	at org.apache.axis.client.Call.invokeEngine(Call.java:2784)
	at org.apache.axis.client.Call.invoke(Call.java:2767)
	at org.apache.axis.client.Call.invoke(Call.java:2443)
	at org.apache.axis.client.Call.invoke(Call.java:2366)
	at org.apache.axis.client.Call.invoke(Call.java:1812)
	at com.example.demo.fedex.rate.stub.RateServiceSoapBindingStub.getRates(RateServiceSoapBindingStub.java:2343)
	at com.example.demo.util.ShippingCostUtil.getShippingCostReply(ShippingCostUtil.java:65)
	at com.example.demo.service.impl.ShippingCostCrawlerServiceImpl.getAllServiceTypeShippingCost(ShippingCostCrawlerServiceImpl.java:343)
	at com.example.demo.service.impl.ShippingCostCrawlerServiceImpl.access$500(ShippingCostCrawlerServiceImpl.java:36)
	at com.example.demo.service.impl.ShippingCostCrawlerServiceImpl$AllServiceTask.run(ShippingCostCrawlerServiceImpl.java:532)
	at java.util.concurrent.Executors$RunnableAdapter.call(Executors.java:511)
	at java.util.concurrent.FutureTask.run(FutureTask.java:266)
	at java.util.concurrent.ThreadPoolExecutor.runWorker(ThreadPoolExecutor.java:1149)
	at java.util.concurrent.ThreadPoolExecutor$Worker.run(ThreadPoolExecutor.java:624)
	at java.lang.Thread.run(Thread.java:748)
Caused by: java.net.SocketException: Software caused connection abort: recv failed
	at java.net.SocketInputStream.socketRead0(Native Method)
	at java.net.SocketInputStream.socketRead(SocketInputStream.java:116)
	at java.net.SocketInputStream.read(SocketInputStream.java:171)
	at java.net.SocketInputStream.read(SocketInputStream.java:141)
	at sun.security.ssl.InputRecord.readFully(InputRecord.java:465)
	at sun.security.ssl.InputRecord.read(InputRecord.java:503)
	at sun.security.ssl.SSLSocketImpl.readRecord(SSLSocketImpl.java:983)
	at sun.security.ssl.SSLSocketImpl.performInitialHandshake(SSLSocketImpl.java:1385)
	at sun.security.ssl.SSLSocketImpl.startHandshake(SSLSocketImpl.java:1413)
	at sun.security.ssl.SSLSocketImpl.startHandshake(SSLSocketImpl.java:1397)
	at org.apache.axis.components.net.JSSESocketFactory.create(JSSESocketFactory.java:186)
	at org.apache.axis.transport.http.HTTPSender.getSocket(HTTPSender.java:191)
	at org.apache.axis.transport.http.HTTPSender.writeToSocket(HTTPSender.java:404)
	at org.apache.axis.transport.http.HTTPSender.invoke(HTTPSender.java:138)
	... 19 common frames omitted
2019-10-16 08:56:15.447 [allService-crawler-2] ERROR com.example.demo.util.ShippingCostUtil - service bei diao yong: 40081 ci
2019-10-16 08:56:15.447 [allService-crawler-9] ERROR com.example.demo.util.ShippingCostUtil - service bei diao yong: 40081 ci
2019-10-16 08:56:15.447 [allService-crawler-2] ERROR com.example.demo.util.ShippingCostUtil - service unvailable sleep ten minutes!
2019-10-16 08:56:15.447 [allService-crawler-9] ERROR com.example.demo.util.ShippingCostUtil - service unvailable sleep ten minutes!
2019-10-16 08:56:14.522 [allService-crawler-5] ERROR com.example.demo.util.ShippingCostUtil - request exception: {}
org.apache.axis.AxisFault: ; nested exception is: 
	java.net.SocketException: Connection reset
	at org.apache.axis.AxisFault.makeFault(AxisFault.java:101)
	at org.apache.axis.transport.http.HTTPSender.invoke(HTTPSender.java:154)
	at org.apache.axis.strategies.InvocationStrategy.visit(InvocationStrategy.java:32)
	at org.apache.axis.SimpleChain.doVisiting(SimpleChain.java:118)
	at org.apache.axis.SimpleChain.invoke(SimpleChain.java:83)
	at org.apache.axis.client.AxisClient.invoke(AxisClient.java:165)
	at org.apache.axis.client.Call.invokeEngine(Call.java:2784)
	at org.apache.axis.client.Call.invoke(Call.java:2767)
	at org.apache.axis.client.Call.invoke(Call.java:2443)
	at org.apache.axis.client.Call.invoke(Call.java:2366)
	at org.apache.axis.client.Call.invoke(Call.java:1812)
	at com.example.demo.fedex.rate.stub.RateServiceSoapBindingStub.getRates(RateServiceSoapBindingStub.java:2343)
	at com.example.demo.util.ShippingCostUtil.getShippingCostReply(ShippingCostUtil.java:65)
	at com.example.demo.service.impl.ShippingCostCrawlerServiceImpl.getAllServiceTypeShippingCost(ShippingCostCrawlerServiceImpl.java:343)
	at com.example.demo.service.impl.ShippingCostCrawlerServiceImpl.dealAcceptableCities(ShippingCostCrawlerServiceImpl.java:317)
	at com.example.demo.service.impl.ShippingCostCrawlerServiceImpl.access$300(ShippingCostCrawlerServiceImpl.java:36)
	at com.example.demo.service.impl.ShippingCostCrawlerServiceImpl$AllServiceTask.run(ShippingCostCrawlerServiceImpl.java:531)
	at java.util.concurrent.Executors$RunnableAdapter.call(Executors.java:511)
	at java.util.concurrent.FutureTask.run(FutureTask.java:266)
	at java.util.concurrent.ThreadPoolExecutor.runWorker(ThreadPoolExecutor.java:1149)
	at java.util.concurrent.ThreadPoolExecutor$Worker.run(ThreadPoolExecutor.java:624)
	at java.lang.Thread.run(Thread.java:748)
Caused by: java.net.SocketException: Connection reset
	at java.net.SocketInputStream.read(SocketInputStream.java:210)
	at java.net.SocketInputStream.read(SocketInputStream.java:141)
	at sun.security.ssl.InputRecord.readFully(InputRecord.java:465)
	at sun.security.ssl.InputRecord.read(InputRecord.java:503)
	at sun.security.ssl.SSLSocketImpl.readRecord(SSLSocketImpl.java:983)
	at sun.security.ssl.SSLSocketImpl.readDataRecord(SSLSocketImpl.java:940)
	at sun.security.ssl.AppInputStream.read(AppInputStream.java:105)
	at java.io.BufferedInputStream.fill(BufferedInputStream.java:246)
	at java.io.BufferedInputStream.read(BufferedInputStream.java:265)
	at org.apache.axis.transport.http.HTTPSender.readHeadersFromSocket(HTTPSender.java:583)
	at org.apache.axis.transport.http.HTTPSender.invoke(HTTPSender.java:143)
	... 20 common frames omitted
2019-10-16 08:56:15.446 [allService-crawler-4] ERROR com.example.demo.util.ShippingCostUtil - service unvailable sleep ten minutes!
2019-10-16 08:56:15.446 [allService-crawler-10] ERROR com.example.demo.util.ShippingCostUtil - service bei diao yong: 40081 ci
2019-10-16 08:56:15.449 [allService-crawler-10] ERROR com.example.demo.util.ShippingCostUtil - service unvailable sleep ten minutes!
2019-10-16 08:56:15.441 [allService-crawler-6] ERROR com.example.demo.util.ShippingCostUtil - service bei diao yong: 40081 ci
2019-10-16 08:56:15.449 [allService-crawler-6] ERROR com.example.demo.util.ShippingCostUtil - service unvailable sleep ten minutes!
2019-10-16 08:56:15.441 [allService-crawler-3] ERROR com.example.demo.util.ShippingCostUtil - service unvailable sleep ten minutes!
2019-10-16 08:56:15.439 [allService-crawler-1] ERROR com.example.demo.util.ShippingCostUtil - service bei diao yong: 40081 ci
2019-10-16 08:56:15.432 [allService-crawler-0] ERROR com.example.demo.util.ShippingCostUtil - service bei diao yong: 40081 ci
2019-10-16 08:56:15.450 [allService-crawler-1] ERROR com.example.demo.util.ShippingCostUtil - service unvailable sleep ten minutes!
2019-10-16 08:56:15.450 [allService-crawler-0] ERROR com.example.demo.util.ShippingCostUtil - service unvailable sleep ten minutes!
2019-10-16 08:56:15.447 [allService-crawler-5] ERROR com.example.demo.util.ShippingCostUtil - service bei diao yong: 40081 ci
2019-10-16 08:56:15.451 [allService-crawler-5] ERROR com.example.demo.util.ShippingCostUtil - service unvailable sleep ten minutes!
2019-10-16 08:56:25.930 [MyHikariCP housekeeper] WARN  com.zaxxer.hikari.pool.HikariPool - MyHikariCP - Thread starvation or clock leap detected (housekeeper delta=14h52m7s640ms984µs99ns).
