2019-07-01 10:00:04.452 [main] INFO  o.s.b.t.context.SpringBootTestContextBootstrapper - Neither @ContextConfiguration nor @ContextHierarchy found for test class [com.example.demo.test.XquantXcrmsApplicationTests], using SpringBootContextLoader
2019-07-01 10:00:04.458 [main] INFO  o.s.test.context.support.AbstractContextLoader - Could not detect default resource locations for test class [com.example.demo.test.XquantXcrmsApplicationTests]: no resource found for suffixes {-context.xml, Context.groovy}.
2019-07-01 10:00:04.459 [main] INFO  o.s.t.c.support.AnnotationConfigContextLoaderUtils - Could not detect default configuration classes for test class [com.example.demo.test.XquantXcrmsApplicationTests]: XquantXcrmsApplicationTests does not declare any static, non-private, non-final, nested classes annotated with @Configuration.
2019-07-01 10:00:04.612 [main] INFO  o.s.b.t.context.SpringBootTestContextBootstrapper - Found @SpringBootConfiguration com.example.demo.DemoApplication for test class com.example.demo.test.XquantXcrmsApplicationTests
2019-07-01 10:00:04.770 [main] INFO  o.s.b.t.context.SpringBootTestContextBootstrapper - Loaded default TestExecutionListener class names from location [META-INF/spring.factories]: [org.springframework.boot.test.mock.mockito.MockitoTestExecutionListener, org.springframework.boot.test.mock.mockito.ResetMocksTestExecutionListener, org.springframework.boot.test.autoconfigure.restdocs.RestDocsTestExecutionListener, org.springframework.boot.test.autoconfigure.web.client.MockRestServiceServerResetTestExecutionListener, org.springframework.boot.test.autoconfigure.web.servlet.MockMvcPrintOnlyOnFailureTestExecutionListener, org.springframework.boot.test.autoconfigure.web.servlet.WebDriverTestExecutionListener, org.springframework.test.context.web.ServletTestExecutionListener, org.springframework.test.context.support.DirtiesContextBeforeModesTestExecutionListener, org.springframework.test.context.support.DependencyInjectionTestExecutionListener, org.springframework.test.context.support.DirtiesContextTestExecutionListener, org.springframework.test.context.transaction.TransactionalTestExecutionListener, org.springframework.test.context.jdbc.SqlScriptsTestExecutionListener]
2019-07-01 10:00:04.789 [main] INFO  o.s.b.t.context.SpringBootTestContextBootstrapper - Using TestExecutionListeners: [org.springframework.test.context.web.ServletTestExecutionListener@4e7912d8, org.springframework.test.context.support.DirtiesContextBeforeModesTestExecutionListener@53976f5c, org.springframework.boot.test.mock.mockito.MockitoTestExecutionListener@2bfc268b, org.springframework.boot.test.autoconfigure.SpringBootDependencyInjectionTestExecutionListener@2f8dad04, org.springframework.test.context.support.DirtiesContextTestExecutionListener@29e495ff, org.springframework.test.context.transaction.TransactionalTestExecutionListener@41e1e210, org.springframework.test.context.jdbc.SqlScriptsTestExecutionListener@be35cd9, org.springframework.boot.test.mock.mockito.ResetMocksTestExecutionListener@4944252c, org.springframework.boot.test.autoconfigure.restdocs.RestDocsTestExecutionListener@44821a96, org.springframework.boot.test.autoconfigure.web.client.MockRestServiceServerResetTestExecutionListener@a3d8174, org.springframework.boot.test.autoconfigure.web.servlet.MockMvcPrintOnlyOnFailureTestExecutionListener@1ba9117e, org.springframework.boot.test.autoconfigure.web.servlet.WebDriverTestExecutionListener@732c2a62]
2019-07-01 10:00:05.273 [main] INFO  com.example.demo.test.XquantXcrmsApplicationTests - Starting XquantXcrmsApplicationTests on SST-OCHO with PID 4388 (started by yxie in C:\MrX\springbootDemo\first\demo)
2019-07-01 10:00:05.274 [main] INFO  com.example.demo.test.XquantXcrmsApplicationTests - The following profiles are active: dev
2019-07-01 10:00:06.425 [main] INFO  o.s.d.r.config.RepositoryConfigurationDelegate - Multiple Spring Data modules found, entering strict repository configuration mode!
2019-07-01 10:00:06.431 [main] INFO  o.s.d.r.config.RepositoryConfigurationDelegate - Bootstrapping Spring Data repositories in DEFAULT mode.
2019-07-01 10:00:06.484 [main] INFO  o.s.d.r.config.RepositoryConfigurationDelegate - Finished Spring Data repository scanning in 29ms. Found 0 repository interfaces.
2019-07-01 10:00:07.006 [main] INFO  o.s.c.s.PostProcessorRegistrationDelegate$BeanPostProcessorChecker - Bean 'org.springframework.transaction.annotation.ProxyTransactionManagementConfiguration' of type [org.springframework.transaction.annotation.ProxyTransactionManagementConfiguration$$EnhancerBySpringCGLIB$$cc47cd4e] is not eligible for getting processed by all BeanPostProcessors (for example: not eligible for auto-proxying)
2019-07-01 10:00:07.444 [main] WARN  o.s.w.context.support.GenericWebApplicationContext - Exception encountered during context initialization - cancelling refresh attempt: org.springframework.beans.factory.UnsatisfiedDependencyException: Error creating bean with name 'redisUtils': Unsatisfied dependency expressed through field 'redisTemplate'; nested exception is org.springframework.beans.factory.BeanCreationException: Error creating bean with name 'redisTemplate' defined in class path resource [com/example/demo/config/RedisConfig.class]: Bean instantiation via factory method failed; nested exception is org.springframework.beans.BeanInstantiationException: Failed to instantiate [org.springframework.data.redis.core.RedisTemplate]: Factory method 'redisTemplate' threw exception; nested exception is java.lang.IllegalStateException: RedisConnectionFactory is required
2019-07-01 10:00:07.467 [main] INFO  o.s.b.a.l.ConditionEvaluationReportLoggingListener - 

Error starting ApplicationContext. To display the conditions report re-run your application with 'debug' enabled.
2019-07-01 10:00:07.473 [main] ERROR org.springframework.boot.SpringApplication - Application run failed
org.springframework.beans.factory.UnsatisfiedDependencyException: Error creating bean with name 'redisUtils': Unsatisfied dependency expressed through field 'redisTemplate'; nested exception is org.springframework.beans.factory.BeanCreationException: Error creating bean with name 'redisTemplate' defined in class path resource [com/example/demo/config/RedisConfig.class]: Bean instantiation via factory method failed; nested exception is org.springframework.beans.BeanInstantiationException: Failed to instantiate [org.springframework.data.redis.core.RedisTemplate]: Factory method 'redisTemplate' threw exception; nested exception is java.lang.IllegalStateException: RedisConnectionFactory is required
	at org.springframework.beans.factory.annotation.AutowiredAnnotationBeanPostProcessor$AutowiredFieldElement.inject(AutowiredAnnotationBeanPostProcessor.java:596)
	at org.springframework.beans.factory.annotation.InjectionMetadata.inject(InjectionMetadata.java:90)
	at org.springframework.beans.factory.annotation.AutowiredAnnotationBeanPostProcessor.postProcessProperties(AutowiredAnnotationBeanPostProcessor.java:374)
	at org.springframework.beans.factory.support.AbstractAutowireCapableBeanFactory.populateBean(AbstractAutowireCapableBeanFactory.java:1411)
	at org.springframework.beans.factory.support.AbstractAutowireCapableBeanFactory.doCreateBean(AbstractAutowireCapableBeanFactory.java:592)
	at org.springframework.beans.factory.support.AbstractAutowireCapableBeanFactory.createBean(AbstractAutowireCapableBeanFactory.java:515)
	at org.springframework.beans.factory.support.AbstractBeanFactory.lambda$doGetBean$0(AbstractBeanFactory.java:320)
	at org.springframework.beans.factory.support.DefaultSingletonBeanRegistry.getSingleton(DefaultSingletonBeanRegistry.java:222)
	at org.springframework.beans.factory.support.AbstractBeanFactory.doGetBean(AbstractBeanFactory.java:318)
	at org.springframework.beans.factory.support.AbstractBeanFactory.getBean(AbstractBeanFactory.java:199)
	at org.springframework.beans.factory.support.DefaultListableBeanFactory.preInstantiateSingletons(DefaultListableBeanFactory.java:845)
	at org.springframework.context.support.AbstractApplicationContext.finishBeanFactoryInitialization(AbstractApplicationContext.java:877)
	at org.springframework.context.support.AbstractApplicationContext.refresh(AbstractApplicationContext.java:549)
	at org.springframework.boot.SpringApplication.refresh(SpringApplication.java:742)
	at org.springframework.boot.SpringApplication.refreshContext(SpringApplication.java:389)
	at org.springframework.boot.SpringApplication.run(SpringApplication.java:311)
	at org.springframework.boot.test.context.SpringBootContextLoader.loadContext(SpringBootContextLoader.java:119)
	at org.springframework.test.context.cache.DefaultCacheAwareContextLoaderDelegate.loadContextInternal(DefaultCacheAwareContextLoaderDelegate.java:99)
	at org.springframework.test.context.cache.DefaultCacheAwareContextLoaderDelegate.loadContext(DefaultCacheAwareContextLoaderDelegate.java:117)
	at org.springframework.test.context.support.DefaultTestContext.getApplicationContext(DefaultTestContext.java:108)
	at org.springframework.test.context.web.ServletTestExecutionListener.setUpRequestContextIfNecessary(ServletTestExecutionListener.java:190)
	at org.springframework.test.context.web.ServletTestExecutionListener.prepareTestInstance(ServletTestExecutionListener.java:132)
	at org.springframework.test.context.TestContextManager.prepareTestInstance(TestContextManager.java:246)
	at org.springframework.test.context.junit4.SpringJUnit4ClassRunner.createTest(SpringJUnit4ClassRunner.java:227)
	at org.springframework.test.context.junit4.SpringJUnit4ClassRunner$1.runReflectiveCall(SpringJUnit4ClassRunner.java:289)
	at org.junit.internal.runners.model.ReflectiveCallable.run(ReflectiveCallable.java:12)
	at org.springframework.test.context.junit4.SpringJUnit4ClassRunner.methodBlock(SpringJUnit4ClassRunner.java:291)
	at org.springframework.test.context.junit4.SpringJUnit4ClassRunner.runChild(SpringJUnit4ClassRunner.java:246)
	at org.springframework.test.context.junit4.SpringJUnit4ClassRunner.runChild(SpringJUnit4ClassRunner.java:97)
	at org.junit.runners.ParentRunner$3.run(ParentRunner.java:290)
	at org.junit.runners.ParentRunner$1.schedule(ParentRunner.java:71)
	at org.junit.runners.ParentRunner.runChildren(ParentRunner.java:288)
	at org.junit.runners.ParentRunner.access$000(ParentRunner.java:58)
	at org.junit.runners.ParentRunner$2.evaluate(ParentRunner.java:268)
	at org.springframework.test.context.junit4.statements.RunBeforeTestClassCallbacks.evaluate(RunBeforeTestClassCallbacks.java:61)
	at org.springframework.test.context.junit4.statements.RunAfterTestClassCallbacks.evaluate(RunAfterTestClassCallbacks.java:70)
	at org.junit.runners.ParentRunner.run(ParentRunner.java:363)
	at org.springframework.test.context.junit4.SpringJUnit4ClassRunner.run(SpringJUnit4ClassRunner.java:190)
	at org.junit.runner.JUnitCore.run(JUnitCore.java:137)
	at com.intellij.junit4.JUnit4IdeaTestRunner.startRunnerWithArgs(JUnit4IdeaTestRunner.java:68)
	at com.intellij.rt.execution.junit.IdeaTestRunner$Repeater.startRunnerWithArgs(IdeaTestRunner.java:47)
	at com.intellij.rt.execution.junit.JUnitStarter.prepareStreamsAndStart(JUnitStarter.java:242)
	at com.intellij.rt.execution.junit.JUnitStarter.main(JUnitStarter.java:70)
Caused by: org.springframework.beans.factory.BeanCreationException: Error creating bean with name 'redisTemplate' defined in class path resource [com/example/demo/config/RedisConfig.class]: Bean instantiation via factory method failed; nested exception is org.springframework.beans.BeanInstantiationException: Failed to instantiate [org.springframework.data.redis.core.RedisTemplate]: Factory method 'redisTemplate' threw exception; nested exception is java.lang.IllegalStateException: RedisConnectionFactory is required
	at org.springframework.beans.factory.support.ConstructorResolver.instantiate(ConstructorResolver.java:627)
	at org.springframework.beans.factory.support.ConstructorResolver.instantiateUsingFactoryMethod(ConstructorResolver.java:456)
	at org.springframework.beans.factory.support.AbstractAutowireCapableBeanFactory.instantiateUsingFactoryMethod(AbstractAutowireCapableBeanFactory.java:1321)
	at org.springframework.beans.factory.support.AbstractAutowireCapableBeanFactory.createBeanInstance(AbstractAutowireCapableBeanFactory.java:1160)
	at org.springframework.beans.factory.support.AbstractAutowireCapableBeanFactory.doCreateBean(AbstractAutowireCapableBeanFactory.java:555)
	at org.springframework.beans.factory.support.AbstractAutowireCapableBeanFactory.createBean(AbstractAutowireCapableBeanFactory.java:515)
	at org.springframework.beans.factory.support.AbstractBeanFactory.lambda$doGetBean$0(AbstractBeanFactory.java:320)
	at org.springframework.beans.factory.support.DefaultSingletonBeanRegistry.getSingleton(DefaultSingletonBeanRegistry.java:222)
	at org.springframework.beans.factory.support.AbstractBeanFactory.doGetBean(AbstractBeanFactory.java:318)
	at org.springframework.beans.factory.support.AbstractBeanFactory.getBean(AbstractBeanFactory.java:199)
	at org.springframework.beans.factory.config.DependencyDescriptor.resolveCandidate(DependencyDescriptor.java:277)
	at org.springframework.beans.factory.support.DefaultListableBeanFactory.doResolveDependency(DefaultListableBeanFactory.java:1251)
	at org.springframework.beans.factory.support.DefaultListableBeanFactory.resolveDependency(DefaultListableBeanFactory.java:1171)
	at org.springframework.beans.factory.annotation.AutowiredAnnotationBeanPostProcessor$AutowiredFieldElement.inject(AutowiredAnnotationBeanPostProcessor.java:593)
	... 42 common frames omitted
Caused by: org.springframework.beans.BeanInstantiationException: Failed to instantiate [org.springframework.data.redis.core.RedisTemplate]: Factory method 'redisTemplate' threw exception; nested exception is java.lang.IllegalStateException: RedisConnectionFactory is required
	at org.springframework.beans.factory.support.SimpleInstantiationStrategy.instantiate(SimpleInstantiationStrategy.java:185)
	at org.springframework.beans.factory.support.ConstructorResolver.instantiate(ConstructorResolver.java:622)
	... 55 common frames omitted
Caused by: java.lang.IllegalStateException: RedisConnectionFactory is required
	at org.springframework.util.Assert.state(Assert.java:73)
	at org.springframework.data.redis.core.RedisAccessor.afterPropertiesSet(RedisAccessor.java:38)
	at org.springframework.data.redis.core.RedisTemplate.afterPropertiesSet(RedisTemplate.java:123)
	at com.example.demo.config.RedisConfig.redisTemplate(RedisConfig.java:60)
	at com.example.demo.config.RedisConfig$$EnhancerBySpringCGLIB$$7616b3de.CGLIB$redisTemplate$2(<generated>)
	at com.example.demo.config.RedisConfig$$EnhancerBySpringCGLIB$$7616b3de$$FastClassBySpringCGLIB$$e3d8064.invoke(<generated>)
	at org.springframework.cglib.proxy.MethodProxy.invokeSuper(MethodProxy.java:244)
	at org.springframework.context.annotation.ConfigurationClassEnhancer$BeanMethodInterceptor.intercept(ConfigurationClassEnhancer.java:363)
	at com.example.demo.config.RedisConfig$$EnhancerBySpringCGLIB$$7616b3de.redisTemplate(<generated>)
	at sun.reflect.NativeMethodAccessorImpl.invoke0(Native Method)
	at sun.reflect.NativeMethodAccessorImpl.invoke(NativeMethodAccessorImpl.java:62)
	at sun.reflect.DelegatingMethodAccessorImpl.invoke(DelegatingMethodAccessorImpl.java:43)
	at java.lang.reflect.Method.invoke(Method.java:498)
	at org.springframework.beans.factory.support.SimpleInstantiationStrategy.instantiate(SimpleInstantiationStrategy.java:154)
	... 56 common frames omitted
2019-07-01 10:00:07.478 [main] ERROR o.springframework.test.context.TestContextManager - Caught exception while allowing TestExecutionListener [org.springframework.test.context.web.ServletTestExecutionListener@4e7912d8] to prepare test instance [com.example.demo.test.XquantXcrmsApplicationTests@62e93c3a]
java.lang.IllegalStateException: Failed to load ApplicationContext
	at org.springframework.test.context.cache.DefaultCacheAwareContextLoaderDelegate.loadContext(DefaultCacheAwareContextLoaderDelegate.java:125)
	at org.springframework.test.context.support.DefaultTestContext.getApplicationContext(DefaultTestContext.java:108)
	at org.springframework.test.context.web.ServletTestExecutionListener.setUpRequestContextIfNecessary(ServletTestExecutionListener.java:190)
	at org.springframework.test.context.web.ServletTestExecutionListener.prepareTestInstance(ServletTestExecutionListener.java:132)
	at org.springframework.test.context.TestContextManager.prepareTestInstance(TestContextManager.java:246)
	at org.springframework.test.context.junit4.SpringJUnit4ClassRunner.createTest(SpringJUnit4ClassRunner.java:227)
	at org.springframework.test.context.junit4.SpringJUnit4ClassRunner$1.runReflectiveCall(SpringJUnit4ClassRunner.java:289)
	at org.junit.internal.runners.model.ReflectiveCallable.run(ReflectiveCallable.java:12)
	at org.springframework.test.context.junit4.SpringJUnit4ClassRunner.methodBlock(SpringJUnit4ClassRunner.java:291)
	at org.springframework.test.context.junit4.SpringJUnit4ClassRunner.runChild(SpringJUnit4ClassRunner.java:246)
	at org.springframework.test.context.junit4.SpringJUnit4ClassRunner.runChild(SpringJUnit4ClassRunner.java:97)
	at org.junit.runners.ParentRunner$3.run(ParentRunner.java:290)
	at org.junit.runners.ParentRunner$1.schedule(ParentRunner.java:71)
	at org.junit.runners.ParentRunner.runChildren(ParentRunner.java:288)
	at org.junit.runners.ParentRunner.access$000(ParentRunner.java:58)
	at org.junit.runners.ParentRunner$2.evaluate(ParentRunner.java:268)
	at org.springframework.test.context.junit4.statements.RunBeforeTestClassCallbacks.evaluate(RunBeforeTestClassCallbacks.java:61)
	at org.springframework.test.context.junit4.statements.RunAfterTestClassCallbacks.evaluate(RunAfterTestClassCallbacks.java:70)
	at org.junit.runners.ParentRunner.run(ParentRunner.java:363)
	at org.springframework.test.context.junit4.SpringJUnit4ClassRunner.run(SpringJUnit4ClassRunner.java:190)
	at org.junit.runner.JUnitCore.run(JUnitCore.java:137)
	at com.intellij.junit4.JUnit4IdeaTestRunner.startRunnerWithArgs(JUnit4IdeaTestRunner.java:68)
	at com.intellij.rt.execution.junit.IdeaTestRunner$Repeater.startRunnerWithArgs(IdeaTestRunner.java:47)
	at com.intellij.rt.execution.junit.JUnitStarter.prepareStreamsAndStart(JUnitStarter.java:242)
	at com.intellij.rt.execution.junit.JUnitStarter.main(JUnitStarter.java:70)
Caused by: org.springframework.beans.factory.UnsatisfiedDependencyException: Error creating bean with name 'redisUtils': Unsatisfied dependency expressed through field 'redisTemplate'; nested exception is org.springframework.beans.factory.BeanCreationException: Error creating bean with name 'redisTemplate' defined in class path resource [com/example/demo/config/RedisConfig.class]: Bean instantiation via factory method failed; nested exception is org.springframework.beans.BeanInstantiationException: Failed to instantiate [org.springframework.data.redis.core.RedisTemplate]: Factory method 'redisTemplate' threw exception; nested exception is java.lang.IllegalStateException: RedisConnectionFactory is required
	at org.springframework.beans.factory.annotation.AutowiredAnnotationBeanPostProcessor$AutowiredFieldElement.inject(AutowiredAnnotationBeanPostProcessor.java:596)
	at org.springframework.beans.factory.annotation.InjectionMetadata.inject(InjectionMetadata.java:90)
	at org.springframework.beans.factory.annotation.AutowiredAnnotationBeanPostProcessor.postProcessProperties(AutowiredAnnotationBeanPostProcessor.java:374)
	at org.springframework.beans.factory.support.AbstractAutowireCapableBeanFactory.populateBean(AbstractAutowireCapableBeanFactory.java:1411)
	at org.springframework.beans.factory.support.AbstractAutowireCapableBeanFactory.doCreateBean(AbstractAutowireCapableBeanFactory.java:592)
	at org.springframework.beans.factory.support.AbstractAutowireCapableBeanFactory.createBean(AbstractAutowireCapableBeanFactory.java:515)
	at org.springframework.beans.factory.support.AbstractBeanFactory.lambda$doGetBean$0(AbstractBeanFactory.java:320)
	at org.springframework.beans.factory.support.DefaultSingletonBeanRegistry.getSingleton(DefaultSingletonBeanRegistry.java:222)
	at org.springframework.beans.factory.support.AbstractBeanFactory.doGetBean(AbstractBeanFactory.java:318)
	at org.springframework.beans.factory.support.AbstractBeanFactory.getBean(AbstractBeanFactory.java:199)
	at org.springframework.beans.factory.support.DefaultListableBeanFactory.preInstantiateSingletons(DefaultListableBeanFactory.java:845)
	at org.springframework.context.support.AbstractApplicationContext.finishBeanFactoryInitialization(AbstractApplicationContext.java:877)
	at org.springframework.context.support.AbstractApplicationContext.refresh(AbstractApplicationContext.java:549)
	at org.springframework.boot.SpringApplication.refresh(SpringApplication.java:742)
	at org.springframework.boot.SpringApplication.refreshContext(SpringApplication.java:389)
	at org.springframework.boot.SpringApplication.run(SpringApplication.java:311)
	at org.springframework.boot.test.context.SpringBootContextLoader.loadContext(SpringBootContextLoader.java:119)
	at org.springframework.test.context.cache.DefaultCacheAwareContextLoaderDelegate.loadContextInternal(DefaultCacheAwareContextLoaderDelegate.java:99)
	at org.springframework.test.context.cache.DefaultCacheAwareContextLoaderDelegate.loadContext(DefaultCacheAwareContextLoaderDelegate.java:117)
	... 24 common frames omitted
Caused by: org.springframework.beans.factory.BeanCreationException: Error creating bean with name 'redisTemplate' defined in class path resource [com/example/demo/config/RedisConfig.class]: Bean instantiation via factory method failed; nested exception is org.springframework.beans.BeanInstantiationException: Failed to instantiate [org.springframework.data.redis.core.RedisTemplate]: Factory method 'redisTemplate' threw exception; nested exception is java.lang.IllegalStateException: RedisConnectionFactory is required
	at org.springframework.beans.factory.support.ConstructorResolver.instantiate(ConstructorResolver.java:627)
	at org.springframework.beans.factory.support.ConstructorResolver.instantiateUsingFactoryMethod(ConstructorResolver.java:456)
	at org.springframework.beans.factory.support.AbstractAutowireCapableBeanFactory.instantiateUsingFactoryMethod(AbstractAutowireCapableBeanFactory.java:1321)
	at org.springframework.beans.factory.support.AbstractAutowireCapableBeanFactory.createBeanInstance(AbstractAutowireCapableBeanFactory.java:1160)
	at org.springframework.beans.factory.support.AbstractAutowireCapableBeanFactory.doCreateBean(AbstractAutowireCapableBeanFactory.java:555)
	at org.springframework.beans.factory.support.AbstractAutowireCapableBeanFactory.createBean(AbstractAutowireCapableBeanFactory.java:515)
	at org.springframework.beans.factory.support.AbstractBeanFactory.lambda$doGetBean$0(AbstractBeanFactory.java:320)
	at org.springframework.beans.factory.support.DefaultSingletonBeanRegistry.getSingleton(DefaultSingletonBeanRegistry.java:222)
	at org.springframework.beans.factory.support.AbstractBeanFactory.doGetBean(AbstractBeanFactory.java:318)
	at org.springframework.beans.factory.support.AbstractBeanFactory.getBean(AbstractBeanFactory.java:199)
	at org.springframework.beans.factory.config.DependencyDescriptor.resolveCandidate(DependencyDescriptor.java:277)
	at org.springframework.beans.factory.support.DefaultListableBeanFactory.doResolveDependency(DefaultListableBeanFactory.java:1251)
	at org.springframework.beans.factory.support.DefaultListableBeanFactory.resolveDependency(DefaultListableBeanFactory.java:1171)
	at org.springframework.beans.factory.annotation.AutowiredAnnotationBeanPostProcessor$AutowiredFieldElement.inject(AutowiredAnnotationBeanPostProcessor.java:593)
	... 42 common frames omitted
Caused by: org.springframework.beans.BeanInstantiationException: Failed to instantiate [org.springframework.data.redis.core.RedisTemplate]: Factory method 'redisTemplate' threw exception; nested exception is java.lang.IllegalStateException: RedisConnectionFactory is required
	at org.springframework.beans.factory.support.SimpleInstantiationStrategy.instantiate(SimpleInstantiationStrategy.java:185)
	at org.springframework.beans.factory.support.ConstructorResolver.instantiate(ConstructorResolver.java:622)
	... 55 common frames omitted
Caused by: java.lang.IllegalStateException: RedisConnectionFactory is required
	at org.springframework.util.Assert.state(Assert.java:73)
	at org.springframework.data.redis.core.RedisAccessor.afterPropertiesSet(RedisAccessor.java:38)
	at org.springframework.data.redis.core.RedisTemplate.afterPropertiesSet(RedisTemplate.java:123)
	at com.example.demo.config.RedisConfig.redisTemplate(RedisConfig.java:60)
	at com.example.demo.config.RedisConfig$$EnhancerBySpringCGLIB$$7616b3de.CGLIB$redisTemplate$2(<generated>)
	at com.example.demo.config.RedisConfig$$EnhancerBySpringCGLIB$$7616b3de$$FastClassBySpringCGLIB$$e3d8064.invoke(<generated>)
	at org.springframework.cglib.proxy.MethodProxy.invokeSuper(MethodProxy.java:244)
	at org.springframework.context.annotation.ConfigurationClassEnhancer$BeanMethodInterceptor.intercept(ConfigurationClassEnhancer.java:363)
	at com.example.demo.config.RedisConfig$$EnhancerBySpringCGLIB$$7616b3de.redisTemplate(<generated>)
	at sun.reflect.NativeMethodAccessorImpl.invoke0(Native Method)
	at sun.reflect.NativeMethodAccessorImpl.invoke(NativeMethodAccessorImpl.java:62)
	at sun.reflect.DelegatingMethodAccessorImpl.invoke(DelegatingMethodAccessorImpl.java:43)
	at java.lang.reflect.Method.invoke(Method.java:498)
	at org.springframework.beans.factory.support.SimpleInstantiationStrategy.instantiate(SimpleInstantiationStrategy.java:154)
	... 56 common frames omitted
2019-07-01 10:00:32.055 [main] INFO  o.s.b.t.context.SpringBootTestContextBootstrapper - Neither @ContextConfiguration nor @ContextHierarchy found for test class [com.example.demo.test.XquantXcrmsApplicationTests], using SpringBootContextLoader
2019-07-01 10:00:32.061 [main] INFO  o.s.test.context.support.AbstractContextLoader - Could not detect default resource locations for test class [com.example.demo.test.XquantXcrmsApplicationTests]: no resource found for suffixes {-context.xml, Context.groovy}.
2019-07-01 10:00:32.062 [main] INFO  o.s.t.c.support.AnnotationConfigContextLoaderUtils - Could not detect default configuration classes for test class [com.example.demo.test.XquantXcrmsApplicationTests]: XquantXcrmsApplicationTests does not declare any static, non-private, non-final, nested classes annotated with @Configuration.
2019-07-01 10:00:32.233 [main] INFO  o.s.b.t.context.SpringBootTestContextBootstrapper - Found @SpringBootConfiguration com.example.demo.DemoApplication for test class com.example.demo.test.XquantXcrmsApplicationTests
2019-07-01 10:00:32.455 [main] INFO  o.s.b.t.context.SpringBootTestContextBootstrapper - Loaded default TestExecutionListener class names from location [META-INF/spring.factories]: [org.springframework.boot.test.mock.mockito.MockitoTestExecutionListener, org.springframework.boot.test.mock.mockito.ResetMocksTestExecutionListener, org.springframework.boot.test.autoconfigure.restdocs.RestDocsTestExecutionListener, org.springframework.boot.test.autoconfigure.web.client.MockRestServiceServerResetTestExecutionListener, org.springframework.boot.test.autoconfigure.web.servlet.MockMvcPrintOnlyOnFailureTestExecutionListener, org.springframework.boot.test.autoconfigure.web.servlet.WebDriverTestExecutionListener, org.springframework.test.context.web.ServletTestExecutionListener, org.springframework.test.context.support.DirtiesContextBeforeModesTestExecutionListener, org.springframework.test.context.support.DependencyInjectionTestExecutionListener, org.springframework.test.context.support.DirtiesContextTestExecutionListener, org.springframework.test.context.transaction.TransactionalTestExecutionListener, org.springframework.test.context.jdbc.SqlScriptsTestExecutionListener]
2019-07-01 10:00:32.481 [main] INFO  o.s.b.t.context.SpringBootTestContextBootstrapper - Using TestExecutionListeners: [org.springframework.test.context.web.ServletTestExecutionListener@4e7912d8, org.springframework.test.context.support.DirtiesContextBeforeModesTestExecutionListener@53976f5c, org.springframework.boot.test.mock.mockito.MockitoTestExecutionListener@2bfc268b, org.springframework.boot.test.autoconfigure.SpringBootDependencyInjectionTestExecutionListener@2f8dad04, org.springframework.test.context.support.DirtiesContextTestExecutionListener@29e495ff, org.springframework.test.context.transaction.TransactionalTestExecutionListener@41e1e210, org.springframework.test.context.jdbc.SqlScriptsTestExecutionListener@be35cd9, org.springframework.boot.test.mock.mockito.ResetMocksTestExecutionListener@4944252c, org.springframework.boot.test.autoconfigure.restdocs.RestDocsTestExecutionListener@44821a96, org.springframework.boot.test.autoconfigure.web.client.MockRestServiceServerResetTestExecutionListener@a3d8174, org.springframework.boot.test.autoconfigure.web.servlet.MockMvcPrintOnlyOnFailureTestExecutionListener@1ba9117e, org.springframework.boot.test.autoconfigure.web.servlet.WebDriverTestExecutionListener@732c2a62]
2019-07-01 10:00:33.038 [main] INFO  com.example.demo.test.XquantXcrmsApplicationTests - Starting XquantXcrmsApplicationTests on SST-OCHO with PID 18352 (started by yxie in C:\MrX\springbootDemo\first\demo)
2019-07-01 10:00:33.039 [main] INFO  com.example.demo.test.XquantXcrmsApplicationTests - The following profiles are active: dev
2019-07-01 10:00:33.881 [main] INFO  o.s.d.r.config.RepositoryConfigurationDelegate - Multiple Spring Data modules found, entering strict repository configuration mode!
2019-07-01 10:00:33.883 [main] INFO  o.s.d.r.config.RepositoryConfigurationDelegate - Bootstrapping Spring Data repositories in DEFAULT mode.
2019-07-01 10:00:33.924 [main] INFO  o.s.d.r.config.RepositoryConfigurationDelegate - Finished Spring Data repository scanning in 23ms. Found 0 repository interfaces.
2019-07-01 10:00:34.376 [main] INFO  o.s.c.s.PostProcessorRegistrationDelegate$BeanPostProcessorChecker - Bean 'org.springframework.transaction.annotation.ProxyTransactionManagementConfiguration' of type [org.springframework.transaction.annotation.ProxyTransactionManagementConfiguration$$EnhancerBySpringCGLIB$$ab6ea3bf] is not eligible for getting processed by all BeanPostProcessors (for example: not eligible for auto-proxying)
2019-07-01 10:00:34.873 [main] ERROR com.example.demo.config.TestProfileAnnotation - TestProfileAnnotation------------------------
2019-07-01 10:00:35.916 [main] INFO  o.s.scheduling.concurrent.ThreadPoolTaskExecutor - Initializing ExecutorService 'applicationTaskExecutor'
2019-07-01 10:00:36.147 [main] WARN  org.thymeleaf.templatemode.TemplateMode - [THYMELEAF][main] Template Mode 'LEGACYHTML5' is deprecated. Using Template Mode 'HTML' instead.
2019-07-01 10:00:36.224 [main] INFO  o.s.b.a.web.servlet.WelcomePageHandlerMapping - Adding welcome page: class path resource [static/index.html]
2019-07-01 10:00:36.644 [main] INFO  com.example.demo.test.XquantXcrmsApplicationTests - Started XquantXcrmsApplicationTests in 4.079 seconds (JVM running for 5.373)
2019-07-01 10:00:36.994 [main] INFO  io.lettuce.core.EpollProvider - Starting without optional epoll library
2019-07-01 10:00:36.996 [main] INFO  io.lettuce.core.KqueueProvider - Starting without optional kqueue library
2019-07-01 10:00:37.484 [Thread-3] INFO  o.s.scheduling.concurrent.ThreadPoolTaskExecutor - Shutting down ExecutorService 'applicationTaskExecutor'
2019-07-01 10:07:06.341 [main] INFO  o.s.b.t.context.SpringBootTestContextBootstrapper - Neither @ContextConfiguration nor @ContextHierarchy found for test class [com.example.demo.test.XquantXcrmsApplicationTests], using SpringBootContextLoader
2019-07-01 10:07:06.348 [main] INFO  o.s.test.context.support.AbstractContextLoader - Could not detect default resource locations for test class [com.example.demo.test.XquantXcrmsApplicationTests]: no resource found for suffixes {-context.xml, Context.groovy}.
2019-07-01 10:07:06.348 [main] INFO  o.s.t.c.support.AnnotationConfigContextLoaderUtils - Could not detect default configuration classes for test class [com.example.demo.test.XquantXcrmsApplicationTests]: XquantXcrmsApplicationTests does not declare any static, non-private, non-final, nested classes annotated with @Configuration.
2019-07-01 10:07:06.506 [main] INFO  o.s.b.t.context.SpringBootTestContextBootstrapper - Found @SpringBootConfiguration com.example.demo.DemoApplication for test class com.example.demo.test.XquantXcrmsApplicationTests
2019-07-01 10:07:06.730 [main] INFO  o.s.b.t.context.SpringBootTestContextBootstrapper - Loaded default TestExecutionListener class names from location [META-INF/spring.factories]: [org.springframework.boot.test.mock.mockito.MockitoTestExecutionListener, org.springframework.boot.test.mock.mockito.ResetMocksTestExecutionListener, org.springframework.boot.test.autoconfigure.restdocs.RestDocsTestExecutionListener, org.springframework.boot.test.autoconfigure.web.client.MockRestServiceServerResetTestExecutionListener, org.springframework.boot.test.autoconfigure.web.servlet.MockMvcPrintOnlyOnFailureTestExecutionListener, org.springframework.boot.test.autoconfigure.web.servlet.WebDriverTestExecutionListener, org.springframework.test.context.web.ServletTestExecutionListener, org.springframework.test.context.support.DirtiesContextBeforeModesTestExecutionListener, org.springframework.test.context.support.DependencyInjectionTestExecutionListener, org.springframework.test.context.support.DirtiesContextTestExecutionListener, org.springframework.test.context.transaction.TransactionalTestExecutionListener, org.springframework.test.context.jdbc.SqlScriptsTestExecutionListener]
2019-07-01 10:07:06.751 [main] INFO  o.s.b.t.context.SpringBootTestContextBootstrapper - Using TestExecutionListeners: [org.springframework.test.context.web.ServletTestExecutionListener@4e7912d8, org.springframework.test.context.support.DirtiesContextBeforeModesTestExecutionListener@53976f5c, org.springframework.boot.test.mock.mockito.MockitoTestExecutionListener@2bfc268b, org.springframework.boot.test.autoconfigure.SpringBootDependencyInjectionTestExecutionListener@2f8dad04, org.springframework.test.context.support.DirtiesContextTestExecutionListener@29e495ff, org.springframework.test.context.transaction.TransactionalTestExecutionListener@41e1e210, org.springframework.test.context.jdbc.SqlScriptsTestExecutionListener@be35cd9, org.springframework.boot.test.mock.mockito.ResetMocksTestExecutionListener@4944252c, org.springframework.boot.test.autoconfigure.restdocs.RestDocsTestExecutionListener@44821a96, org.springframework.boot.test.autoconfigure.web.client.MockRestServiceServerResetTestExecutionListener@a3d8174, org.springframework.boot.test.autoconfigure.web.servlet.MockMvcPrintOnlyOnFailureTestExecutionListener@1ba9117e, org.springframework.boot.test.autoconfigure.web.servlet.WebDriverTestExecutionListener@732c2a62]
2019-07-01 10:07:07.319 [main] INFO  com.example.demo.test.XquantXcrmsApplicationTests - Starting XquantXcrmsApplicationTests on SST-OCHO with PID 13660 (started by yxie in C:\MrX\springbootDemo\first\demo)
2019-07-01 10:07:07.320 [main] INFO  com.example.demo.test.XquantXcrmsApplicationTests - The following profiles are active: dev
2019-07-01 10:07:08.137 [main] INFO  o.s.d.r.config.RepositoryConfigurationDelegate - Multiple Spring Data modules found, entering strict repository configuration mode!
2019-07-01 10:07:08.142 [main] INFO  o.s.d.r.config.RepositoryConfigurationDelegate - Bootstrapping Spring Data repositories in DEFAULT mode.
2019-07-01 10:07:08.194 [main] INFO  o.s.d.r.config.RepositoryConfigurationDelegate - Finished Spring Data repository scanning in 29ms. Found 0 repository interfaces.
2019-07-01 10:07:08.660 [main] INFO  o.s.c.s.PostProcessorRegistrationDelegate$BeanPostProcessorChecker - Bean 'org.springframework.transaction.annotation.ProxyTransactionManagementConfiguration' of type [org.springframework.transaction.annotation.ProxyTransactionManagementConfiguration$$EnhancerBySpringCGLIB$$a61685f4] is not eligible for getting processed by all BeanPostProcessors (for example: not eligible for auto-proxying)
2019-07-01 10:07:09.193 [main] ERROR com.example.demo.config.TestProfileAnnotation - TestProfileAnnotation------------------------
2019-07-01 10:07:10.238 [main] INFO  o.s.scheduling.concurrent.ThreadPoolTaskExecutor - Initializing ExecutorService 'applicationTaskExecutor'
2019-07-01 10:07:10.447 [main] WARN  org.thymeleaf.templatemode.TemplateMode - [THYMELEAF][main] Template Mode 'LEGACYHTML5' is deprecated. Using Template Mode 'HTML' instead.
2019-07-01 10:07:10.507 [main] INFO  o.s.b.a.web.servlet.WelcomePageHandlerMapping - Adding welcome page: class path resource [static/index.html]
2019-07-01 10:07:10.910 [main] INFO  com.example.demo.test.XquantXcrmsApplicationTests - Started XquantXcrmsApplicationTests in 4.067 seconds (JVM running for 5.333)
2019-07-01 10:07:11.233 [main] INFO  io.lettuce.core.EpollProvider - Starting without optional epoll library
2019-07-01 10:07:11.236 [main] INFO  io.lettuce.core.KqueueProvider - Starting without optional kqueue library
2019-07-01 10:07:11.716 [Thread-3] INFO  o.s.scheduling.concurrent.ThreadPoolTaskExecutor - Shutting down ExecutorService 'applicationTaskExecutor'
2019-07-01 10:07:45.812 [main] INFO  o.s.b.t.context.SpringBootTestContextBootstrapper - Neither @ContextConfiguration nor @ContextHierarchy found for test class [com.example.demo.test.XquantXcrmsApplicationTests], using SpringBootContextLoader
2019-07-01 10:07:45.819 [main] INFO  o.s.test.context.support.AbstractContextLoader - Could not detect default resource locations for test class [com.example.demo.test.XquantXcrmsApplicationTests]: no resource found for suffixes {-context.xml, Context.groovy}.
2019-07-01 10:07:45.820 [main] INFO  o.s.t.c.support.AnnotationConfigContextLoaderUtils - Could not detect default configuration classes for test class [com.example.demo.test.XquantXcrmsApplicationTests]: XquantXcrmsApplicationTests does not declare any static, non-private, non-final, nested classes annotated with @Configuration.
2019-07-01 10:07:45.978 [main] INFO  o.s.b.t.context.SpringBootTestContextBootstrapper - Found @SpringBootConfiguration com.example.demo.DemoApplication for test class com.example.demo.test.XquantXcrmsApplicationTests
2019-07-01 10:07:46.177 [main] INFO  o.s.b.t.context.SpringBootTestContextBootstrapper - Loaded default TestExecutionListener class names from location [META-INF/spring.factories]: [org.springframework.boot.test.mock.mockito.MockitoTestExecutionListener, org.springframework.boot.test.mock.mockito.ResetMocksTestExecutionListener, org.springframework.boot.test.autoconfigure.restdocs.RestDocsTestExecutionListener, org.springframework.boot.test.autoconfigure.web.client.MockRestServiceServerResetTestExecutionListener, org.springframework.boot.test.autoconfigure.web.servlet.MockMvcPrintOnlyOnFailureTestExecutionListener, org.springframework.boot.test.autoconfigure.web.servlet.WebDriverTestExecutionListener, org.springframework.test.context.web.ServletTestExecutionListener, org.springframework.test.context.support.DirtiesContextBeforeModesTestExecutionListener, org.springframework.test.context.support.DependencyInjectionTestExecutionListener, org.springframework.test.context.support.DirtiesContextTestExecutionListener, org.springframework.test.context.transaction.TransactionalTestExecutionListener, org.springframework.test.context.jdbc.SqlScriptsTestExecutionListener]
2019-07-01 10:07:46.199 [main] INFO  o.s.b.t.context.SpringBootTestContextBootstrapper - Using TestExecutionListeners: [org.springframework.test.context.web.ServletTestExecutionListener@4e7912d8, org.springframework.test.context.support.DirtiesContextBeforeModesTestExecutionListener@53976f5c, org.springframework.boot.test.mock.mockito.MockitoTestExecutionListener@2bfc268b, org.springframework.boot.test.autoconfigure.SpringBootDependencyInjectionTestExecutionListener@2f8dad04, org.springframework.test.context.support.DirtiesContextTestExecutionListener@29e495ff, org.springframework.test.context.transaction.TransactionalTestExecutionListener@41e1e210, org.springframework.test.context.jdbc.SqlScriptsTestExecutionListener@be35cd9, org.springframework.boot.test.mock.mockito.ResetMocksTestExecutionListener@4944252c, org.springframework.boot.test.autoconfigure.restdocs.RestDocsTestExecutionListener@44821a96, org.springframework.boot.test.autoconfigure.web.client.MockRestServiceServerResetTestExecutionListener@a3d8174, org.springframework.boot.test.autoconfigure.web.servlet.MockMvcPrintOnlyOnFailureTestExecutionListener@1ba9117e, org.springframework.boot.test.autoconfigure.web.servlet.WebDriverTestExecutionListener@732c2a62]
2019-07-01 10:07:46.702 [main] INFO  com.example.demo.test.XquantXcrmsApplicationTests - Starting XquantXcrmsApplicationTests on SST-OCHO with PID 1100 (started by yxie in C:\MrX\springbootDemo\first\demo)
2019-07-01 10:07:46.702 [main] INFO  com.example.demo.test.XquantXcrmsApplicationTests - The following profiles are active: dev
2019-07-01 10:07:47.484 [main] INFO  o.s.d.r.config.RepositoryConfigurationDelegate - Multiple Spring Data modules found, entering strict repository configuration mode!
2019-07-01 10:07:47.488 [main] INFO  o.s.d.r.config.RepositoryConfigurationDelegate - Bootstrapping Spring Data repositories in DEFAULT mode.
2019-07-01 10:07:47.526 [main] INFO  o.s.d.r.config.RepositoryConfigurationDelegate - Finished Spring Data repository scanning in 21ms. Found 0 repository interfaces.
2019-07-01 10:07:48.001 [main] INFO  o.s.c.s.PostProcessorRegistrationDelegate$BeanPostProcessorChecker - Bean 'org.springframework.transaction.annotation.ProxyTransactionManagementConfiguration' of type [org.springframework.transaction.annotation.ProxyTransactionManagementConfiguration$$EnhancerBySpringCGLIB$$ecd05f89] is not eligible for getting processed by all BeanPostProcessors (for example: not eligible for auto-proxying)
2019-07-01 10:07:48.546 [main] ERROR com.example.demo.config.TestProfileAnnotation - TestProfileAnnotation------------------------
2019-07-01 10:07:49.782 [main] INFO  o.s.scheduling.concurrent.ThreadPoolTaskExecutor - Initializing ExecutorService 'applicationTaskExecutor'
2019-07-01 10:07:50.025 [main] WARN  org.thymeleaf.templatemode.TemplateMode - [THYMELEAF][main] Template Mode 'LEGACYHTML5' is deprecated. Using Template Mode 'HTML' instead.
2019-07-01 10:07:50.089 [main] INFO  o.s.b.a.web.servlet.WelcomePageHandlerMapping - Adding welcome page: class path resource [static/index.html]
2019-07-01 10:07:50.855 [main] INFO  com.example.demo.test.XquantXcrmsApplicationTests - Started XquantXcrmsApplicationTests in 4.573 seconds (JVM running for 5.822)
2019-07-01 10:07:51.299 [main] INFO  io.lettuce.core.EpollProvider - Starting without optional epoll library
2019-07-01 10:07:51.302 [main] INFO  io.lettuce.core.KqueueProvider - Starting without optional kqueue library
2019-07-01 10:07:51.847 [Thread-3] INFO  o.s.scheduling.concurrent.ThreadPoolTaskExecutor - Shutting down ExecutorService 'applicationTaskExecutor'
2019-07-01 10:08:42.207 [main] INFO  o.s.b.t.context.SpringBootTestContextBootstrapper - Neither @ContextConfiguration nor @ContextHierarchy found for test class [com.example.demo.test.XquantXcrmsApplicationTests], using SpringBootContextLoader
2019-07-01 10:08:42.214 [main] INFO  o.s.test.context.support.AbstractContextLoader - Could not detect default resource locations for test class [com.example.demo.test.XquantXcrmsApplicationTests]: no resource found for suffixes {-context.xml, Context.groovy}.
2019-07-01 10:08:42.215 [main] INFO  o.s.t.c.support.AnnotationConfigContextLoaderUtils - Could not detect default configuration classes for test class [com.example.demo.test.XquantXcrmsApplicationTests]: XquantXcrmsApplicationTests does not declare any static, non-private, non-final, nested classes annotated with @Configuration.
2019-07-01 10:08:42.396 [main] INFO  o.s.b.t.context.SpringBootTestContextBootstrapper - Found @SpringBootConfiguration com.example.demo.DemoApplication for test class com.example.demo.test.XquantXcrmsApplicationTests
2019-07-01 10:08:42.597 [main] INFO  o.s.b.t.context.SpringBootTestContextBootstrapper - Loaded default TestExecutionListener class names from location [META-INF/spring.factories]: [org.springframework.boot.test.mock.mockito.MockitoTestExecutionListener, org.springframework.boot.test.mock.mockito.ResetMocksTestExecutionListener, org.springframework.boot.test.autoconfigure.restdocs.RestDocsTestExecutionListener, org.springframework.boot.test.autoconfigure.web.client.MockRestServiceServerResetTestExecutionListener, org.springframework.boot.test.autoconfigure.web.servlet.MockMvcPrintOnlyOnFailureTestExecutionListener, org.springframework.boot.test.autoconfigure.web.servlet.WebDriverTestExecutionListener, org.springframework.test.context.web.ServletTestExecutionListener, org.springframework.test.context.support.DirtiesContextBeforeModesTestExecutionListener, org.springframework.test.context.support.DependencyInjectionTestExecutionListener, org.springframework.test.context.support.DirtiesContextTestExecutionListener, org.springframework.test.context.transaction.TransactionalTestExecutionListener, org.springframework.test.context.jdbc.SqlScriptsTestExecutionListener]
2019-07-01 10:08:42.619 [main] INFO  o.s.b.t.context.SpringBootTestContextBootstrapper - Using TestExecutionListeners: [org.springframework.test.context.web.ServletTestExecutionListener@8692d67, org.springframework.test.context.support.DirtiesContextBeforeModesTestExecutionListener@78f5c518, org.springframework.boot.test.mock.mockito.MockitoTestExecutionListener@2f48b3d2, org.springframework.boot.test.autoconfigure.SpringBootDependencyInjectionTestExecutionListener@34f7234e, org.springframework.test.context.support.DirtiesContextTestExecutionListener@753432a2, org.springframework.test.context.transaction.TransactionalTestExecutionListener@23bff419, org.springframework.test.context.jdbc.SqlScriptsTestExecutionListener@4983159f, org.springframework.boot.test.mock.mockito.ResetMocksTestExecutionListener@44e3a2b2, org.springframework.boot.test.autoconfigure.restdocs.RestDocsTestExecutionListener@101639ae, org.springframework.boot.test.autoconfigure.web.client.MockRestServiceServerResetTestExecutionListener@4c550889, org.springframework.boot.test.autoconfigure.web.servlet.MockMvcPrintOnlyOnFailureTestExecutionListener@1d2bd371, org.springframework.boot.test.autoconfigure.web.servlet.WebDriverTestExecutionListener@44040454]
2019-07-01 10:08:43.238 [main] INFO  com.example.demo.test.XquantXcrmsApplicationTests - Starting XquantXcrmsApplicationTests on SST-OCHO with PID 6156 (started by yxie in C:\MrX\springbootDemo\first\demo)
2019-07-01 10:08:43.239 [main] INFO  com.example.demo.test.XquantXcrmsApplicationTests - The following profiles are active: dev
2019-07-01 10:08:44.186 [main] INFO  o.s.d.r.config.RepositoryConfigurationDelegate - Multiple Spring Data modules found, entering strict repository configuration mode!
2019-07-01 10:08:44.190 [main] INFO  o.s.d.r.config.RepositoryConfigurationDelegate - Bootstrapping Spring Data repositories in DEFAULT mode.
2019-07-01 10:08:44.231 [main] INFO  o.s.d.r.config.RepositoryConfigurationDelegate - Finished Spring Data repository scanning in 26ms. Found 0 repository interfaces.
2019-07-01 10:08:44.774 [main] INFO  o.s.c.s.PostProcessorRegistrationDelegate$BeanPostProcessorChecker - Bean 'org.springframework.transaction.annotation.ProxyTransactionManagementConfiguration' of type [org.springframework.transaction.annotation.ProxyTransactionManagementConfiguration$$EnhancerBySpringCGLIB$$974b6180] is not eligible for getting processed by all BeanPostProcessors (for example: not eligible for auto-proxying)
2019-07-01 10:08:45.334 [main] ERROR com.example.demo.config.TestProfileAnnotation - TestProfileAnnotation------------------------
2019-07-01 10:08:46.562 [main] INFO  o.s.scheduling.concurrent.ThreadPoolTaskExecutor - Initializing ExecutorService 'applicationTaskExecutor'
2019-07-01 10:08:46.806 [main] WARN  org.thymeleaf.templatemode.TemplateMode - [THYMELEAF][main] Template Mode 'LEGACYHTML5' is deprecated. Using Template Mode 'HTML' instead.
2019-07-01 10:08:46.882 [main] INFO  o.s.b.a.web.servlet.WelcomePageHandlerMapping - Adding welcome page: class path resource [static/index.html]
2019-07-01 10:08:47.381 [main] INFO  com.example.demo.test.XquantXcrmsApplicationTests - Started XquantXcrmsApplicationTests in 4.682 seconds (JVM running for 7.029)
2019-07-01 10:08:47.755 [main] INFO  io.lettuce.core.EpollProvider - Starting without optional epoll library
2019-07-01 10:08:47.757 [main] INFO  io.lettuce.core.KqueueProvider - Starting without optional kqueue library
2019-07-01 10:09:07.098 [Thread-3] INFO  o.s.scheduling.concurrent.ThreadPoolTaskExecutor - Shutting down ExecutorService 'applicationTaskExecutor'
2019-07-01 10:09:40.830 [main] INFO  o.s.b.t.context.SpringBootTestContextBootstrapper - Neither @ContextConfiguration nor @ContextHierarchy found for test class [com.example.demo.test.XquantXcrmsApplicationTests], using SpringBootContextLoader
2019-07-01 10:09:40.837 [main] INFO  o.s.test.context.support.AbstractContextLoader - Could not detect default resource locations for test class [com.example.demo.test.XquantXcrmsApplicationTests]: no resource found for suffixes {-context.xml, Context.groovy}.
2019-07-01 10:09:40.838 [main] INFO  o.s.t.c.support.AnnotationConfigContextLoaderUtils - Could not detect default configuration classes for test class [com.example.demo.test.XquantXcrmsApplicationTests]: XquantXcrmsApplicationTests does not declare any static, non-private, non-final, nested classes annotated with @Configuration.
2019-07-01 10:09:41.008 [main] INFO  o.s.b.t.context.SpringBootTestContextBootstrapper - Found @SpringBootConfiguration com.example.demo.DemoApplication for test class com.example.demo.test.XquantXcrmsApplicationTests
2019-07-01 10:09:41.193 [main] INFO  o.s.b.t.context.SpringBootTestContextBootstrapper - Loaded default TestExecutionListener class names from location [META-INF/spring.factories]: [org.springframework.boot.test.mock.mockito.MockitoTestExecutionListener, org.springframework.boot.test.mock.mockito.ResetMocksTestExecutionListener, org.springframework.boot.test.autoconfigure.restdocs.RestDocsTestExecutionListener, org.springframework.boot.test.autoconfigure.web.client.MockRestServiceServerResetTestExecutionListener, org.springframework.boot.test.autoconfigure.web.servlet.MockMvcPrintOnlyOnFailureTestExecutionListener, org.springframework.boot.test.autoconfigure.web.servlet.WebDriverTestExecutionListener, org.springframework.test.context.web.ServletTestExecutionListener, org.springframework.test.context.support.DirtiesContextBeforeModesTestExecutionListener, org.springframework.test.context.support.DependencyInjectionTestExecutionListener, org.springframework.test.context.support.DirtiesContextTestExecutionListener, org.springframework.test.context.transaction.TransactionalTestExecutionListener, org.springframework.test.context.jdbc.SqlScriptsTestExecutionListener]
2019-07-01 10:09:41.214 [main] INFO  o.s.b.t.context.SpringBootTestContextBootstrapper - Using TestExecutionListeners: [org.springframework.test.context.web.ServletTestExecutionListener@5fd4f8f5, org.springframework.test.context.support.DirtiesContextBeforeModesTestExecutionListener@696da30b, org.springframework.boot.test.mock.mockito.MockitoTestExecutionListener@4e7912d8, org.springframework.boot.test.autoconfigure.SpringBootDependencyInjectionTestExecutionListener@53976f5c, org.springframework.test.context.support.DirtiesContextTestExecutionListener@2bfc268b, org.springframework.test.context.transaction.TransactionalTestExecutionListener@2f8dad04, org.springframework.test.context.jdbc.SqlScriptsTestExecutionListener@29e495ff, org.springframework.boot.test.mock.mockito.ResetMocksTestExecutionListener@41e1e210, org.springframework.boot.test.autoconfigure.restdocs.RestDocsTestExecutionListener@be35cd9, org.springframework.boot.test.autoconfigure.web.client.MockRestServiceServerResetTestExecutionListener@4944252c, org.springframework.boot.test.autoconfigure.web.servlet.MockMvcPrintOnlyOnFailureTestExecutionListener@44821a96, org.springframework.boot.test.autoconfigure.web.servlet.WebDriverTestExecutionListener@a3d8174]
2019-07-01 10:09:41.736 [main] INFO  com.example.demo.test.XquantXcrmsApplicationTests - Starting XquantXcrmsApplicationTests on SST-OCHO with PID 15092 (started by yxie in C:\MrX\springbootDemo\first\demo)
2019-07-01 10:09:41.736 [main] INFO  com.example.demo.test.XquantXcrmsApplicationTests - The following profiles are active: dev
2019-07-01 10:09:42.514 [main] INFO  o.s.d.r.config.RepositoryConfigurationDelegate - Multiple Spring Data modules found, entering strict repository configuration mode!
2019-07-01 10:09:42.518 [main] INFO  o.s.d.r.config.RepositoryConfigurationDelegate - Bootstrapping Spring Data repositories in DEFAULT mode.
2019-07-01 10:09:42.557 [main] INFO  o.s.d.r.config.RepositoryConfigurationDelegate - Finished Spring Data repository scanning in 23ms. Found 0 repository interfaces.
2019-07-01 10:09:43.009 [main] INFO  o.s.c.s.PostProcessorRegistrationDelegate$BeanPostProcessorChecker - Bean 'org.springframework.transaction.annotation.ProxyTransactionManagementConfiguration' of type [org.springframework.transaction.annotation.ProxyTransactionManagementConfiguration$$EnhancerBySpringCGLIB$$b564c6c9] is not eligible for getting processed by all BeanPostProcessors (for example: not eligible for auto-proxying)
2019-07-01 10:09:43.548 [main] ERROR com.example.demo.config.TestProfileAnnotation - TestProfileAnnotation------------------------
2019-07-01 10:09:45.062 [main] INFO  o.s.scheduling.concurrent.ThreadPoolTaskExecutor - Initializing ExecutorService 'applicationTaskExecutor'
2019-07-01 10:09:45.285 [main] WARN  org.thymeleaf.templatemode.TemplateMode - [THYMELEAF][main] Template Mode 'LEGACYHTML5' is deprecated. Using Template Mode 'HTML' instead.
2019-07-01 10:09:45.345 [main] INFO  o.s.b.a.web.servlet.WelcomePageHandlerMapping - Adding welcome page: class path resource [static/index.html]
2019-07-01 10:09:45.827 [main] INFO  com.example.demo.test.XquantXcrmsApplicationTests - Started XquantXcrmsApplicationTests in 4.538 seconds (JVM running for 5.868)
2019-07-01 10:09:46.447 [main] INFO  io.lettuce.core.EpollProvider - Starting without optional epoll library
2019-07-01 10:09:46.450 [main] INFO  io.lettuce.core.KqueueProvider - Starting without optional kqueue library
2019-07-01 10:09:46.930 [Thread-3] INFO  o.s.scheduling.concurrent.ThreadPoolTaskExecutor - Shutting down ExecutorService 'applicationTaskExecutor'
2019-07-01 10:16:55.257 [main] INFO  o.s.b.t.context.SpringBootTestContextBootstrapper - Neither @ContextConfiguration nor @ContextHierarchy found for test class [com.example.demo.test.XquantXcrmsApplicationTests], using SpringBootContextLoader
2019-07-01 10:16:55.264 [main] INFO  o.s.test.context.support.AbstractContextLoader - Could not detect default resource locations for test class [com.example.demo.test.XquantXcrmsApplicationTests]: no resource found for suffixes {-context.xml, Context.groovy}.
2019-07-01 10:16:55.265 [main] INFO  o.s.t.c.support.AnnotationConfigContextLoaderUtils - Could not detect default configuration classes for test class [com.example.demo.test.XquantXcrmsApplicationTests]: XquantXcrmsApplicationTests does not declare any static, non-private, non-final, nested classes annotated with @Configuration.
2019-07-01 10:16:55.427 [main] INFO  o.s.b.t.context.SpringBootTestContextBootstrapper - Found @SpringBootConfiguration com.example.demo.DemoApplication for test class com.example.demo.test.XquantXcrmsApplicationTests
2019-07-01 10:16:55.648 [main] INFO  o.s.b.t.context.SpringBootTestContextBootstrapper - Loaded default TestExecutionListener class names from location [META-INF/spring.factories]: [org.springframework.boot.test.mock.mockito.MockitoTestExecutionListener, org.springframework.boot.test.mock.mockito.ResetMocksTestExecutionListener, org.springframework.boot.test.autoconfigure.restdocs.RestDocsTestExecutionListener, org.springframework.boot.test.autoconfigure.web.client.MockRestServiceServerResetTestExecutionListener, org.springframework.boot.test.autoconfigure.web.servlet.MockMvcPrintOnlyOnFailureTestExecutionListener, org.springframework.boot.test.autoconfigure.web.servlet.WebDriverTestExecutionListener, org.springframework.test.context.web.ServletTestExecutionListener, org.springframework.test.context.support.DirtiesContextBeforeModesTestExecutionListener, org.springframework.test.context.support.DependencyInjectionTestExecutionListener, org.springframework.test.context.support.DirtiesContextTestExecutionListener, org.springframework.test.context.transaction.TransactionalTestExecutionListener, org.springframework.test.context.jdbc.SqlScriptsTestExecutionListener]
2019-07-01 10:16:55.672 [main] INFO  o.s.b.t.context.SpringBootTestContextBootstrapper - Using TestExecutionListeners: [org.springframework.test.context.web.ServletTestExecutionListener@5fd4f8f5, org.springframework.test.context.support.DirtiesContextBeforeModesTestExecutionListener@696da30b, org.springframework.boot.test.mock.mockito.MockitoTestExecutionListener@4e7912d8, org.springframework.boot.test.autoconfigure.SpringBootDependencyInjectionTestExecutionListener@53976f5c, org.springframework.test.context.support.DirtiesContextTestExecutionListener@2bfc268b, org.springframework.test.context.transaction.TransactionalTestExecutionListener@2f8dad04, org.springframework.test.context.jdbc.SqlScriptsTestExecutionListener@29e495ff, org.springframework.boot.test.mock.mockito.ResetMocksTestExecutionListener@41e1e210, org.springframework.boot.test.autoconfigure.restdocs.RestDocsTestExecutionListener@be35cd9, org.springframework.boot.test.autoconfigure.web.client.MockRestServiceServerResetTestExecutionListener@4944252c, org.springframework.boot.test.autoconfigure.web.servlet.MockMvcPrintOnlyOnFailureTestExecutionListener@44821a96, org.springframework.boot.test.autoconfigure.web.servlet.WebDriverTestExecutionListener@a3d8174]
2019-07-01 10:16:56.221 [main] INFO  com.example.demo.test.XquantXcrmsApplicationTests - Starting XquantXcrmsApplicationTests on SST-OCHO with PID 11972 (started by yxie in C:\MrX\springbootDemo\first\demo)
2019-07-01 10:16:56.221 [main] INFO  com.example.demo.test.XquantXcrmsApplicationTests - The following profiles are active: dev
2019-07-01 10:16:57.003 [main] INFO  o.s.d.r.config.RepositoryConfigurationDelegate - Multiple Spring Data modules found, entering strict repository configuration mode!
2019-07-01 10:16:57.007 [main] INFO  o.s.d.r.config.RepositoryConfigurationDelegate - Bootstrapping Spring Data repositories in DEFAULT mode.
2019-07-01 10:16:57.052 [main] INFO  o.s.d.r.config.RepositoryConfigurationDelegate - Finished Spring Data repository scanning in 27ms. Found 0 repository interfaces.
2019-07-01 10:16:57.549 [main] INFO  o.s.c.s.PostProcessorRegistrationDelegate$BeanPostProcessorChecker - Bean 'org.springframework.transaction.annotation.ProxyTransactionManagementConfiguration' of type [org.springframework.transaction.annotation.ProxyTransactionManagementConfiguration$$EnhancerBySpringCGLIB$$e2b7695b] is not eligible for getting processed by all BeanPostProcessors (for example: not eligible for auto-proxying)
2019-07-01 10:16:58.054 [main] ERROR com.example.demo.config.TestProfileAnnotation - TestProfileAnnotation------------------------
2019-07-01 10:16:59.094 [main] INFO  o.s.scheduling.concurrent.ThreadPoolTaskExecutor - Initializing ExecutorService 'applicationTaskExecutor'
2019-07-01 10:16:59.285 [main] WARN  org.thymeleaf.templatemode.TemplateMode - [THYMELEAF][main] Template Mode 'LEGACYHTML5' is deprecated. Using Template Mode 'HTML' instead.
2019-07-01 10:16:59.336 [main] INFO  o.s.b.a.web.servlet.WelcomePageHandlerMapping - Adding welcome page: class path resource [static/index.html]
2019-07-01 10:16:59.694 [main] INFO  com.example.demo.test.XquantXcrmsApplicationTests - Started XquantXcrmsApplicationTests in 3.944 seconds (JVM running for 5.185)
2019-07-01 10:17:00.019 [main] INFO  io.lettuce.core.EpollProvider - Starting without optional epoll library
2019-07-01 10:17:00.023 [main] INFO  io.lettuce.core.KqueueProvider - Starting without optional kqueue library
2019-07-01 10:17:00.479 [Thread-3] INFO  o.s.scheduling.concurrent.ThreadPoolTaskExecutor - Shutting down ExecutorService 'applicationTaskExecutor'
2019-07-01 10:17:41.048 [main] INFO  o.s.b.t.context.SpringBootTestContextBootstrapper - Neither @ContextConfiguration nor @ContextHierarchy found for test class [com.example.demo.test.XquantXcrmsApplicationTests], using SpringBootContextLoader
2019-07-01 10:17:41.055 [main] INFO  o.s.test.context.support.AbstractContextLoader - Could not detect default resource locations for test class [com.example.demo.test.XquantXcrmsApplicationTests]: no resource found for suffixes {-context.xml, Context.groovy}.
2019-07-01 10:17:41.055 [main] INFO  o.s.t.c.support.AnnotationConfigContextLoaderUtils - Could not detect default configuration classes for test class [com.example.demo.test.XquantXcrmsApplicationTests]: XquantXcrmsApplicationTests does not declare any static, non-private, non-final, nested classes annotated with @Configuration.
2019-07-01 10:17:41.224 [main] INFO  o.s.b.t.context.SpringBootTestContextBootstrapper - Found @SpringBootConfiguration com.example.demo.DemoApplication for test class com.example.demo.test.XquantXcrmsApplicationTests
2019-07-01 10:17:41.436 [main] INFO  o.s.b.t.context.SpringBootTestContextBootstrapper - Loaded default TestExecutionListener class names from location [META-INF/spring.factories]: [org.springframework.boot.test.mock.mockito.MockitoTestExecutionListener, org.springframework.boot.test.mock.mockito.ResetMocksTestExecutionListener, org.springframework.boot.test.autoconfigure.restdocs.RestDocsTestExecutionListener, org.springframework.boot.test.autoconfigure.web.client.MockRestServiceServerResetTestExecutionListener, org.springframework.boot.test.autoconfigure.web.servlet.MockMvcPrintOnlyOnFailureTestExecutionListener, org.springframework.boot.test.autoconfigure.web.servlet.WebDriverTestExecutionListener, org.springframework.test.context.web.ServletTestExecutionListener, org.springframework.test.context.support.DirtiesContextBeforeModesTestExecutionListener, org.springframework.test.context.support.DependencyInjectionTestExecutionListener, org.springframework.test.context.support.DirtiesContextTestExecutionListener, org.springframework.test.context.transaction.TransactionalTestExecutionListener, org.springframework.test.context.jdbc.SqlScriptsTestExecutionListener]
2019-07-01 10:17:41.461 [main] INFO  o.s.b.t.context.SpringBootTestContextBootstrapper - Using TestExecutionListeners: [org.springframework.test.context.web.ServletTestExecutionListener@5fd4f8f5, org.springframework.test.context.support.DirtiesContextBeforeModesTestExecutionListener@696da30b, org.springframework.boot.test.mock.mockito.MockitoTestExecutionListener@4e7912d8, org.springframework.boot.test.autoconfigure.SpringBootDependencyInjectionTestExecutionListener@53976f5c, org.springframework.test.context.support.DirtiesContextTestExecutionListener@2bfc268b, org.springframework.test.context.transaction.TransactionalTestExecutionListener@2f8dad04, org.springframework.test.context.jdbc.SqlScriptsTestExecutionListener@29e495ff, org.springframework.boot.test.mock.mockito.ResetMocksTestExecutionListener@41e1e210, org.springframework.boot.test.autoconfigure.restdocs.RestDocsTestExecutionListener@be35cd9, org.springframework.boot.test.autoconfigure.web.client.MockRestServiceServerResetTestExecutionListener@4944252c, org.springframework.boot.test.autoconfigure.web.servlet.MockMvcPrintOnlyOnFailureTestExecutionListener@44821a96, org.springframework.boot.test.autoconfigure.web.servlet.WebDriverTestExecutionListener@a3d8174]
2019-07-01 10:17:41.983 [main] INFO  com.example.demo.test.XquantXcrmsApplicationTests - Starting XquantXcrmsApplicationTests on SST-OCHO with PID 4924 (started by yxie in C:\MrX\springbootDemo\first\demo)
2019-07-01 10:17:41.983 [main] INFO  com.example.demo.test.XquantXcrmsApplicationTests - The following profiles are active: dev
2019-07-01 10:17:42.758 [main] INFO  o.s.d.r.config.RepositoryConfigurationDelegate - Multiple Spring Data modules found, entering strict repository configuration mode!
2019-07-01 10:17:42.762 [main] INFO  o.s.d.r.config.RepositoryConfigurationDelegate - Bootstrapping Spring Data repositories in DEFAULT mode.
2019-07-01 10:17:42.801 [main] INFO  o.s.d.r.config.RepositoryConfigurationDelegate - Finished Spring Data repository scanning in 22ms. Found 0 repository interfaces.
2019-07-01 10:17:43.250 [main] INFO  o.s.c.s.PostProcessorRegistrationDelegate$BeanPostProcessorChecker - Bean 'org.springframework.transaction.annotation.ProxyTransactionManagementConfiguration' of type [org.springframework.transaction.annotation.ProxyTransactionManagementConfiguration$$EnhancerBySpringCGLIB$$b564c6c9] is not eligible for getting processed by all BeanPostProcessors (for example: not eligible for auto-proxying)
2019-07-01 10:17:43.744 [main] ERROR com.example.demo.config.TestProfileAnnotation - TestProfileAnnotation------------------------
2019-07-01 10:17:44.745 [main] INFO  o.s.scheduling.concurrent.ThreadPoolTaskExecutor - Initializing ExecutorService 'applicationTaskExecutor'
2019-07-01 10:17:44.953 [main] WARN  org.thymeleaf.templatemode.TemplateMode - [THYMELEAF][main] Template Mode 'LEGACYHTML5' is deprecated. Using Template Mode 'HTML' instead.
2019-07-01 10:17:45.004 [main] INFO  o.s.b.a.web.servlet.WelcomePageHandlerMapping - Adding welcome page: class path resource [static/index.html]
2019-07-01 10:17:45.406 [main] INFO  com.example.demo.test.XquantXcrmsApplicationTests - Started XquantXcrmsApplicationTests in 3.864 seconds (JVM running for 5.126)
2019-07-01 10:17:45.750 [main] INFO  io.lettuce.core.EpollProvider - Starting without optional epoll library
2019-07-01 10:17:45.752 [main] INFO  io.lettuce.core.KqueueProvider - Starting without optional kqueue library
2019-07-01 10:17:46.233 [Thread-3] INFO  o.s.scheduling.concurrent.ThreadPoolTaskExecutor - Shutting down ExecutorService 'applicationTaskExecutor'
2019-07-01 10:17:56.639 [main] INFO  o.s.b.t.context.SpringBootTestContextBootstrapper - Neither @ContextConfiguration nor @ContextHierarchy found for test class [com.example.demo.test.XquantXcrmsApplicationTests], using SpringBootContextLoader
2019-07-01 10:17:56.645 [main] INFO  o.s.test.context.support.AbstractContextLoader - Could not detect default resource locations for test class [com.example.demo.test.XquantXcrmsApplicationTests]: no resource found for suffixes {-context.xml, Context.groovy}.
2019-07-01 10:17:56.646 [main] INFO  o.s.t.c.support.AnnotationConfigContextLoaderUtils - Could not detect default configuration classes for test class [com.example.demo.test.XquantXcrmsApplicationTests]: XquantXcrmsApplicationTests does not declare any static, non-private, non-final, nested classes annotated with @Configuration.
2019-07-01 10:17:56.806 [main] INFO  o.s.b.t.context.SpringBootTestContextBootstrapper - Found @SpringBootConfiguration com.example.demo.DemoApplication for test class com.example.demo.test.XquantXcrmsApplicationTests
2019-07-01 10:17:57.012 [main] INFO  o.s.b.t.context.SpringBootTestContextBootstrapper - Loaded default TestExecutionListener class names from location [META-INF/spring.factories]: [org.springframework.boot.test.mock.mockito.MockitoTestExecutionListener, org.springframework.boot.test.mock.mockito.ResetMocksTestExecutionListener, org.springframework.boot.test.autoconfigure.restdocs.RestDocsTestExecutionListener, org.springframework.boot.test.autoconfigure.web.client.MockRestServiceServerResetTestExecutionListener, org.springframework.boot.test.autoconfigure.web.servlet.MockMvcPrintOnlyOnFailureTestExecutionListener, org.springframework.boot.test.autoconfigure.web.servlet.WebDriverTestExecutionListener, org.springframework.test.context.web.ServletTestExecutionListener, org.springframework.test.context.support.DirtiesContextBeforeModesTestExecutionListener, org.springframework.test.context.support.DependencyInjectionTestExecutionListener, org.springframework.test.context.support.DirtiesContextTestExecutionListener, org.springframework.test.context.transaction.TransactionalTestExecutionListener, org.springframework.test.context.jdbc.SqlScriptsTestExecutionListener]
2019-07-01 10:17:57.037 [main] INFO  o.s.b.t.context.SpringBootTestContextBootstrapper - Using TestExecutionListeners: [org.springframework.test.context.web.ServletTestExecutionListener@5fd4f8f5, org.springframework.test.context.support.DirtiesContextBeforeModesTestExecutionListener@696da30b, org.springframework.boot.test.mock.mockito.MockitoTestExecutionListener@4e7912d8, org.springframework.boot.test.autoconfigure.SpringBootDependencyInjectionTestExecutionListener@53976f5c, org.springframework.test.context.support.DirtiesContextTestExecutionListener@2bfc268b, org.springframework.test.context.transaction.TransactionalTestExecutionListener@2f8dad04, org.springframework.test.context.jdbc.SqlScriptsTestExecutionListener@29e495ff, org.springframework.boot.test.mock.mockito.ResetMocksTestExecutionListener@41e1e210, org.springframework.boot.test.autoconfigure.restdocs.RestDocsTestExecutionListener@be35cd9, org.springframework.boot.test.autoconfigure.web.client.MockRestServiceServerResetTestExecutionListener@4944252c, org.springframework.boot.test.autoconfigure.web.servlet.MockMvcPrintOnlyOnFailureTestExecutionListener@44821a96, org.springframework.boot.test.autoconfigure.web.servlet.WebDriverTestExecutionListener@a3d8174]
2019-07-01 10:17:57.554 [main] INFO  com.example.demo.test.XquantXcrmsApplicationTests - Starting XquantXcrmsApplicationTests on SST-OCHO with PID 11888 (started by yxie in C:\MrX\springbootDemo\first\demo)
2019-07-01 10:17:57.554 [main] INFO  com.example.demo.test.XquantXcrmsApplicationTests - The following profiles are active: dev
2019-07-01 10:17:58.324 [main] INFO  o.s.d.r.config.RepositoryConfigurationDelegate - Multiple Spring Data modules found, entering strict repository configuration mode!
2019-07-01 10:17:58.328 [main] INFO  o.s.d.r.config.RepositoryConfigurationDelegate - Bootstrapping Spring Data repositories in DEFAULT mode.
2019-07-01 10:17:58.367 [main] INFO  o.s.d.r.config.RepositoryConfigurationDelegate - Finished Spring Data repository scanning in 21ms. Found 0 repository interfaces.
2019-07-01 10:17:58.815 [main] INFO  o.s.c.s.PostProcessorRegistrationDelegate$BeanPostProcessorChecker - Bean 'org.springframework.transaction.annotation.ProxyTransactionManagementConfiguration' of type [org.springframework.transaction.annotation.ProxyTransactionManagementConfiguration$$EnhancerBySpringCGLIB$$afc52b37] is not eligible for getting processed by all BeanPostProcessors (for example: not eligible for auto-proxying)
2019-07-01 10:17:59.300 [main] ERROR com.example.demo.config.TestProfileAnnotation - TestProfileAnnotation------------------------
2019-07-01 10:18:00.334 [main] INFO  o.s.scheduling.concurrent.ThreadPoolTaskExecutor - Initializing ExecutorService 'applicationTaskExecutor'
2019-07-01 10:18:00.541 [main] WARN  org.thymeleaf.templatemode.TemplateMode - [THYMELEAF][main] Template Mode 'LEGACYHTML5' is deprecated. Using Template Mode 'HTML' instead.
2019-07-01 10:18:00.592 [main] INFO  o.s.b.a.web.servlet.WelcomePageHandlerMapping - Adding welcome page: class path resource [static/index.html]
2019-07-01 10:18:00.997 [main] INFO  com.example.demo.test.XquantXcrmsApplicationTests - Started XquantXcrmsApplicationTests in 3.874 seconds (JVM running for 5.104)
2019-07-01 10:18:01.427 [main] INFO  io.lettuce.core.EpollProvider - Starting without optional epoll library
2019-07-01 10:18:01.430 [main] INFO  io.lettuce.core.KqueueProvider - Starting without optional kqueue library
2019-07-01 10:18:01.934 [Thread-3] INFO  o.s.scheduling.concurrent.ThreadPoolTaskExecutor - Shutting down ExecutorService 'applicationTaskExecutor'
2019-07-01 10:19:50.843 [main] INFO  o.s.b.t.context.SpringBootTestContextBootstrapper - Neither @ContextConfiguration nor @ContextHierarchy found for test class [com.example.demo.test.XquantXcrmsApplicationTests], using SpringBootContextLoader
2019-07-01 10:19:50.850 [main] INFO  o.s.test.context.support.AbstractContextLoader - Could not detect default resource locations for test class [com.example.demo.test.XquantXcrmsApplicationTests]: no resource found for suffixes {-context.xml, Context.groovy}.
2019-07-01 10:19:50.851 [main] INFO  o.s.t.c.support.AnnotationConfigContextLoaderUtils - Could not detect default configuration classes for test class [com.example.demo.test.XquantXcrmsApplicationTests]: XquantXcrmsApplicationTests does not declare any static, non-private, non-final, nested classes annotated with @Configuration.
2019-07-01 10:19:51.024 [main] INFO  o.s.b.t.context.SpringBootTestContextBootstrapper - Found @SpringBootConfiguration com.example.demo.DemoApplication for test class com.example.demo.test.XquantXcrmsApplicationTests
2019-07-01 10:19:51.215 [main] INFO  o.s.b.t.context.SpringBootTestContextBootstrapper - Loaded default TestExecutionListener class names from location [META-INF/spring.factories]: [org.springframework.boot.test.mock.mockito.MockitoTestExecutionListener, org.springframework.boot.test.mock.mockito.ResetMocksTestExecutionListener, org.springframework.boot.test.autoconfigure.restdocs.RestDocsTestExecutionListener, org.springframework.boot.test.autoconfigure.web.client.MockRestServiceServerResetTestExecutionListener, org.springframework.boot.test.autoconfigure.web.servlet.MockMvcPrintOnlyOnFailureTestExecutionListener, org.springframework.boot.test.autoconfigure.web.servlet.WebDriverTestExecutionListener, org.springframework.test.context.web.ServletTestExecutionListener, org.springframework.test.context.support.DirtiesContextBeforeModesTestExecutionListener, org.springframework.test.context.support.DependencyInjectionTestExecutionListener, org.springframework.test.context.support.DirtiesContextTestExecutionListener, org.springframework.test.context.transaction.TransactionalTestExecutionListener, org.springframework.test.context.jdbc.SqlScriptsTestExecutionListener]
2019-07-01 10:19:51.238 [main] INFO  o.s.b.t.context.SpringBootTestContextBootstrapper - Using TestExecutionListeners: [org.springframework.test.context.web.ServletTestExecutionListener@5fd4f8f5, org.springframework.test.context.support.DirtiesContextBeforeModesTestExecutionListener@696da30b, org.springframework.boot.test.mock.mockito.MockitoTestExecutionListener@4e7912d8, org.springframework.boot.test.autoconfigure.SpringBootDependencyInjectionTestExecutionListener@53976f5c, org.springframework.test.context.support.DirtiesContextTestExecutionListener@2bfc268b, org.springframework.test.context.transaction.TransactionalTestExecutionListener@2f8dad04, org.springframework.test.context.jdbc.SqlScriptsTestExecutionListener@29e495ff, org.springframework.boot.test.mock.mockito.ResetMocksTestExecutionListener@41e1e210, org.springframework.boot.test.autoconfigure.restdocs.RestDocsTestExecutionListener@be35cd9, org.springframework.boot.test.autoconfigure.web.client.MockRestServiceServerResetTestExecutionListener@4944252c, org.springframework.boot.test.autoconfigure.web.servlet.MockMvcPrintOnlyOnFailureTestExecutionListener@44821a96, org.springframework.boot.test.autoconfigure.web.servlet.WebDriverTestExecutionListener@a3d8174]
2019-07-01 10:19:51.803 [main] INFO  com.example.demo.test.XquantXcrmsApplicationTests - Starting XquantXcrmsApplicationTests on SST-OCHO with PID 14944 (started by yxie in C:\MrX\springbootDemo\first\demo)
2019-07-01 10:19:51.803 [main] INFO  com.example.demo.test.XquantXcrmsApplicationTests - The following profiles are active: dev
2019-07-01 10:19:52.593 [main] INFO  o.s.d.r.config.RepositoryConfigurationDelegate - Multiple Spring Data modules found, entering strict repository configuration mode!
2019-07-01 10:19:52.597 [main] INFO  o.s.d.r.config.RepositoryConfigurationDelegate - Bootstrapping Spring Data repositories in DEFAULT mode.
2019-07-01 10:19:52.635 [main] INFO  o.s.d.r.config.RepositoryConfigurationDelegate - Finished Spring Data repository scanning in 22ms. Found 0 repository interfaces.
2019-07-01 10:19:53.091 [main] INFO  o.s.c.s.PostProcessorRegistrationDelegate$BeanPostProcessorChecker - Bean 'org.springframework.transaction.annotation.ProxyTransactionManagementConfiguration' of type [org.springframework.transaction.annotation.ProxyTransactionManagementConfiguration$$EnhancerBySpringCGLIB$$afc52b37] is not eligible for getting processed by all BeanPostProcessors (for example: not eligible for auto-proxying)
2019-07-01 10:19:53.574 [main] ERROR com.example.demo.config.TestProfileAnnotation - TestProfileAnnotation------------------------
2019-07-01 10:19:54.604 [main] INFO  o.s.scheduling.concurrent.ThreadPoolTaskExecutor - Initializing ExecutorService 'applicationTaskExecutor'
2019-07-01 10:19:54.776 [main] WARN  org.thymeleaf.templatemode.TemplateMode - [THYMELEAF][main] Template Mode 'LEGACYHTML5' is deprecated. Using Template Mode 'HTML' instead.
2019-07-01 10:19:54.828 [main] INFO  o.s.b.a.web.servlet.WelcomePageHandlerMapping - Adding welcome page: class path resource [static/index.html]
2019-07-01 10:19:55.260 [main] INFO  com.example.demo.test.XquantXcrmsApplicationTests - Started XquantXcrmsApplicationTests in 3.935 seconds (JVM running for 5.229)
2019-07-01 10:19:55.592 [main] INFO  io.lettuce.core.EpollProvider - Starting without optional epoll library
2019-07-01 10:19:55.595 [main] INFO  io.lettuce.core.KqueueProvider - Starting without optional kqueue library
2019-07-01 10:19:56.081 [Thread-3] INFO  o.s.scheduling.concurrent.ThreadPoolTaskExecutor - Shutting down ExecutorService 'applicationTaskExecutor'
2019-07-01 10:20:57.335 [main] INFO  o.s.b.t.context.SpringBootTestContextBootstrapper - Neither @ContextConfiguration nor @ContextHierarchy found for test class [com.example.demo.test.XquantXcrmsApplicationTests], using SpringBootContextLoader
2019-07-01 10:20:57.344 [main] INFO  o.s.test.context.support.AbstractContextLoader - Could not detect default resource locations for test class [com.example.demo.test.XquantXcrmsApplicationTests]: no resource found for suffixes {-context.xml, Context.groovy}.
2019-07-01 10:20:57.346 [main] INFO  o.s.t.c.support.AnnotationConfigContextLoaderUtils - Could not detect default configuration classes for test class [com.example.demo.test.XquantXcrmsApplicationTests]: XquantXcrmsApplicationTests does not declare any static, non-private, non-final, nested classes annotated with @Configuration.
2019-07-01 10:20:57.534 [main] INFO  o.s.b.t.context.SpringBootTestContextBootstrapper - Found @SpringBootConfiguration com.example.demo.DemoApplication for test class com.example.demo.test.XquantXcrmsApplicationTests
2019-07-01 10:20:57.761 [main] INFO  o.s.b.t.context.SpringBootTestContextBootstrapper - Loaded default TestExecutionListener class names from location [META-INF/spring.factories]: [org.springframework.boot.test.mock.mockito.MockitoTestExecutionListener, org.springframework.boot.test.mock.mockito.ResetMocksTestExecutionListener, org.springframework.boot.test.autoconfigure.restdocs.RestDocsTestExecutionListener, org.springframework.boot.test.autoconfigure.web.client.MockRestServiceServerResetTestExecutionListener, org.springframework.boot.test.autoconfigure.web.servlet.MockMvcPrintOnlyOnFailureTestExecutionListener, org.springframework.boot.test.autoconfigure.web.servlet.WebDriverTestExecutionListener, org.springframework.test.context.web.ServletTestExecutionListener, org.springframework.test.context.support.DirtiesContextBeforeModesTestExecutionListener, org.springframework.test.context.support.DependencyInjectionTestExecutionListener, org.springframework.test.context.support.DirtiesContextTestExecutionListener, org.springframework.test.context.transaction.TransactionalTestExecutionListener, org.springframework.test.context.jdbc.SqlScriptsTestExecutionListener]
2019-07-01 10:20:57.783 [main] INFO  o.s.b.t.context.SpringBootTestContextBootstrapper - Using TestExecutionListeners: [org.springframework.test.context.web.ServletTestExecutionListener@5fd4f8f5, org.springframework.test.context.support.DirtiesContextBeforeModesTestExecutionListener@696da30b, org.springframework.boot.test.mock.mockito.MockitoTestExecutionListener@4e7912d8, org.springframework.boot.test.autoconfigure.SpringBootDependencyInjectionTestExecutionListener@53976f5c, org.springframework.test.context.support.DirtiesContextTestExecutionListener@2bfc268b, org.springframework.test.context.transaction.TransactionalTestExecutionListener@2f8dad04, org.springframework.test.context.jdbc.SqlScriptsTestExecutionListener@29e495ff, org.springframework.boot.test.mock.mockito.ResetMocksTestExecutionListener@41e1e210, org.springframework.boot.test.autoconfigure.restdocs.RestDocsTestExecutionListener@be35cd9, org.springframework.boot.test.autoconfigure.web.client.MockRestServiceServerResetTestExecutionListener@4944252c, org.springframework.boot.test.autoconfigure.web.servlet.MockMvcPrintOnlyOnFailureTestExecutionListener@44821a96, org.springframework.boot.test.autoconfigure.web.servlet.WebDriverTestExecutionListener@a3d8174]
2019-07-01 10:20:58.302 [main] INFO  com.example.demo.test.XquantXcrmsApplicationTests - Starting XquantXcrmsApplicationTests on SST-OCHO with PID 2684 (started by yxie in C:\MrX\springbootDemo\first\demo)
2019-07-01 10:20:58.302 [main] INFO  com.example.demo.test.XquantXcrmsApplicationTests - The following profiles are active: dev
2019-07-01 10:20:59.029 [main] INFO  o.s.d.r.config.RepositoryConfigurationDelegate - Multiple Spring Data modules found, entering strict repository configuration mode!
2019-07-01 10:20:59.033 [main] INFO  o.s.d.r.config.RepositoryConfigurationDelegate - Bootstrapping Spring Data repositories in DEFAULT mode.
2019-07-01 10:20:59.073 [main] INFO  o.s.d.r.config.RepositoryConfigurationDelegate - Finished Spring Data repository scanning in 23ms. Found 0 repository interfaces.
2019-07-01 10:20:59.579 [main] INFO  o.s.c.s.PostProcessorRegistrationDelegate$BeanPostProcessorChecker - Bean 'org.springframework.transaction.annotation.ProxyTransactionManagementConfiguration' of type [org.springframework.transaction.annotation.ProxyTransactionManagementConfiguration$$EnhancerBySpringCGLIB$$4e199fc9] is not eligible for getting processed by all BeanPostProcessors (for example: not eligible for auto-proxying)
2019-07-01 10:21:00.077 [main] ERROR com.example.demo.config.TestProfileAnnotation - TestProfileAnnotation------------------------
2019-07-01 10:21:01.094 [main] INFO  o.s.scheduling.concurrent.ThreadPoolTaskExecutor - Initializing ExecutorService 'applicationTaskExecutor'
2019-07-01 10:21:01.310 [main] WARN  org.thymeleaf.templatemode.TemplateMode - [THYMELEAF][main] Template Mode 'LEGACYHTML5' is deprecated. Using Template Mode 'HTML' instead.
2019-07-01 10:21:01.358 [main] INFO  o.s.b.a.web.servlet.WelcomePageHandlerMapping - Adding welcome page: class path resource [static/index.html]
2019-07-01 10:21:01.716 [main] INFO  com.example.demo.test.XquantXcrmsApplicationTests - Started XquantXcrmsApplicationTests in 3.86 seconds (JVM running for 5.167)
2019-07-01 10:21:02.079 [main] INFO  io.lettuce.core.EpollProvider - Starting without optional epoll library
2019-07-01 10:21:02.081 [main] INFO  io.lettuce.core.KqueueProvider - Starting without optional kqueue library
2019-07-01 10:21:02.545 [Thread-3] INFO  o.s.scheduling.concurrent.ThreadPoolTaskExecutor - Shutting down ExecutorService 'applicationTaskExecutor'
2019-07-01 10:21:48.218 [main] INFO  o.s.b.t.context.SpringBootTestContextBootstrapper - Neither @ContextConfiguration nor @ContextHierarchy found for test class [com.example.demo.test.XquantXcrmsApplicationTests], using SpringBootContextLoader
2019-07-01 10:21:48.224 [main] INFO  o.s.test.context.support.AbstractContextLoader - Could not detect default resource locations for test class [com.example.demo.test.XquantXcrmsApplicationTests]: no resource found for suffixes {-context.xml, Context.groovy}.
2019-07-01 10:21:48.225 [main] INFO  o.s.t.c.support.AnnotationConfigContextLoaderUtils - Could not detect default configuration classes for test class [com.example.demo.test.XquantXcrmsApplicationTests]: XquantXcrmsApplicationTests does not declare any static, non-private, non-final, nested classes annotated with @Configuration.
2019-07-01 10:21:48.399 [main] INFO  o.s.b.t.context.SpringBootTestContextBootstrapper - Found @SpringBootConfiguration com.example.demo.DemoApplication for test class com.example.demo.test.XquantXcrmsApplicationTests
2019-07-01 10:21:48.598 [main] INFO  o.s.b.t.context.SpringBootTestContextBootstrapper - Loaded default TestExecutionListener class names from location [META-INF/spring.factories]: [org.springframework.boot.test.mock.mockito.MockitoTestExecutionListener, org.springframework.boot.test.mock.mockito.ResetMocksTestExecutionListener, org.springframework.boot.test.autoconfigure.restdocs.RestDocsTestExecutionListener, org.springframework.boot.test.autoconfigure.web.client.MockRestServiceServerResetTestExecutionListener, org.springframework.boot.test.autoconfigure.web.servlet.MockMvcPrintOnlyOnFailureTestExecutionListener, org.springframework.boot.test.autoconfigure.web.servlet.WebDriverTestExecutionListener, org.springframework.test.context.web.ServletTestExecutionListener, org.springframework.test.context.support.DirtiesContextBeforeModesTestExecutionListener, org.springframework.test.context.support.DependencyInjectionTestExecutionListener, org.springframework.test.context.support.DirtiesContextTestExecutionListener, org.springframework.test.context.transaction.TransactionalTestExecutionListener, org.springframework.test.context.jdbc.SqlScriptsTestExecutionListener]
2019-07-01 10:21:48.626 [main] INFO  o.s.b.t.context.SpringBootTestContextBootstrapper - Using TestExecutionListeners: [org.springframework.test.context.web.ServletTestExecutionListener@5fd4f8f5, org.springframework.test.context.support.DirtiesContextBeforeModesTestExecutionListener@696da30b, org.springframework.boot.test.mock.mockito.MockitoTestExecutionListener@4e7912d8, org.springframework.boot.test.autoconfigure.SpringBootDependencyInjectionTestExecutionListener@53976f5c, org.springframework.test.context.support.DirtiesContextTestExecutionListener@2bfc268b, org.springframework.test.context.transaction.TransactionalTestExecutionListener@2f8dad04, org.springframework.test.context.jdbc.SqlScriptsTestExecutionListener@29e495ff, org.springframework.boot.test.mock.mockito.ResetMocksTestExecutionListener@41e1e210, org.springframework.boot.test.autoconfigure.restdocs.RestDocsTestExecutionListener@be35cd9, org.springframework.boot.test.autoconfigure.web.client.MockRestServiceServerResetTestExecutionListener@4944252c, org.springframework.boot.test.autoconfigure.web.servlet.MockMvcPrintOnlyOnFailureTestExecutionListener@44821a96, org.springframework.boot.test.autoconfigure.web.servlet.WebDriverTestExecutionListener@a3d8174]
2019-07-01 10:21:49.156 [main] INFO  com.example.demo.test.XquantXcrmsApplicationTests - Starting XquantXcrmsApplicationTests on SST-OCHO with PID 9708 (started by yxie in C:\MrX\springbootDemo\first\demo)
2019-07-01 10:21:49.156 [main] INFO  com.example.demo.test.XquantXcrmsApplicationTests - The following profiles are active: dev
2019-07-01 10:21:49.970 [main] INFO  o.s.d.r.config.RepositoryConfigurationDelegate - Multiple Spring Data modules found, entering strict repository configuration mode!
2019-07-01 10:21:49.974 [main] INFO  o.s.d.r.config.RepositoryConfigurationDelegate - Bootstrapping Spring Data repositories in DEFAULT mode.
2019-07-01 10:21:50.010 [main] INFO  o.s.d.r.config.RepositoryConfigurationDelegate - Finished Spring Data repository scanning in 20ms. Found 0 repository interfaces.
2019-07-01 10:21:50.506 [main] INFO  o.s.c.s.PostProcessorRegistrationDelegate$BeanPostProcessorChecker - Bean 'org.springframework.transaction.annotation.ProxyTransactionManagementConfiguration' of type [org.springframework.transaction.annotation.ProxyTransactionManagementConfiguration$$EnhancerBySpringCGLIB$$a61685f4] is not eligible for getting processed by all BeanPostProcessors (for example: not eligible for auto-proxying)
2019-07-01 10:21:51.012 [main] ERROR com.example.demo.config.TestProfileAnnotation - TestProfileAnnotation------------------------
2019-07-01 10:21:52.006 [main] INFO  o.s.scheduling.concurrent.ThreadPoolTaskExecutor - Initializing ExecutorService 'applicationTaskExecutor'
2019-07-01 10:21:52.196 [main] WARN  org.thymeleaf.templatemode.TemplateMode - [THYMELEAF][main] Template Mode 'LEGACYHTML5' is deprecated. Using Template Mode 'HTML' instead.
2019-07-01 10:21:52.243 [main] INFO  o.s.b.a.web.servlet.WelcomePageHandlerMapping - Adding welcome page: class path resource [static/index.html]
2019-07-01 10:21:52.610 [main] INFO  com.example.demo.test.XquantXcrmsApplicationTests - Started XquantXcrmsApplicationTests in 3.907 seconds (JVM running for 5.141)
2019-07-01 10:21:52.938 [main] INFO  io.lettuce.core.EpollProvider - Starting without optional epoll library
2019-07-01 10:21:52.940 [main] INFO  io.lettuce.core.KqueueProvider - Starting without optional kqueue library
2019-07-01 10:21:53.443 [Thread-3] INFO  o.s.scheduling.concurrent.ThreadPoolTaskExecutor - Shutting down ExecutorService 'applicationTaskExecutor'
2019-07-01 10:24:09.209 [main] INFO  o.s.b.t.context.SpringBootTestContextBootstrapper - Neither @ContextConfiguration nor @ContextHierarchy found for test class [com.example.demo.test.XquantXcrmsApplicationTests], using SpringBootContextLoader
2019-07-01 10:24:09.215 [main] INFO  o.s.test.context.support.AbstractContextLoader - Could not detect default resource locations for test class [com.example.demo.test.XquantXcrmsApplicationTests]: no resource found for suffixes {-context.xml, Context.groovy}.
2019-07-01 10:24:09.215 [main] INFO  o.s.t.c.support.AnnotationConfigContextLoaderUtils - Could not detect default configuration classes for test class [com.example.demo.test.XquantXcrmsApplicationTests]: XquantXcrmsApplicationTests does not declare any static, non-private, non-final, nested classes annotated with @Configuration.
2019-07-01 10:24:09.377 [main] INFO  o.s.b.t.context.SpringBootTestContextBootstrapper - Found @SpringBootConfiguration com.example.demo.DemoApplication for test class com.example.demo.test.XquantXcrmsApplicationTests
2019-07-01 10:24:09.571 [main] INFO  o.s.b.t.context.SpringBootTestContextBootstrapper - Loaded default TestExecutionListener class names from location [META-INF/spring.factories]: [org.springframework.boot.test.mock.mockito.MockitoTestExecutionListener, org.springframework.boot.test.mock.mockito.ResetMocksTestExecutionListener, org.springframework.boot.test.autoconfigure.restdocs.RestDocsTestExecutionListener, org.springframework.boot.test.autoconfigure.web.client.MockRestServiceServerResetTestExecutionListener, org.springframework.boot.test.autoconfigure.web.servlet.MockMvcPrintOnlyOnFailureTestExecutionListener, org.springframework.boot.test.autoconfigure.web.servlet.WebDriverTestExecutionListener, org.springframework.test.context.web.ServletTestExecutionListener, org.springframework.test.context.support.DirtiesContextBeforeModesTestExecutionListener, org.springframework.test.context.support.DependencyInjectionTestExecutionListener, org.springframework.test.context.support.DirtiesContextTestExecutionListener, org.springframework.test.context.transaction.TransactionalTestExecutionListener, org.springframework.test.context.jdbc.SqlScriptsTestExecutionListener]
2019-07-01 10:24:09.593 [main] INFO  o.s.b.t.context.SpringBootTestContextBootstrapper - Using TestExecutionListeners: [org.springframework.test.context.web.ServletTestExecutionListener@5fd4f8f5, org.springframework.test.context.support.DirtiesContextBeforeModesTestExecutionListener@696da30b, org.springframework.boot.test.mock.mockito.MockitoTestExecutionListener@4e7912d8, org.springframework.boot.test.autoconfigure.SpringBootDependencyInjectionTestExecutionListener@53976f5c, org.springframework.test.context.support.DirtiesContextTestExecutionListener@2bfc268b, org.springframework.test.context.transaction.TransactionalTestExecutionListener@2f8dad04, org.springframework.test.context.jdbc.SqlScriptsTestExecutionListener@29e495ff, org.springframework.boot.test.mock.mockito.ResetMocksTestExecutionListener@41e1e210, org.springframework.boot.test.autoconfigure.restdocs.RestDocsTestExecutionListener@be35cd9, org.springframework.boot.test.autoconfigure.web.client.MockRestServiceServerResetTestExecutionListener@4944252c, org.springframework.boot.test.autoconfigure.web.servlet.MockMvcPrintOnlyOnFailureTestExecutionListener@44821a96, org.springframework.boot.test.autoconfigure.web.servlet.WebDriverTestExecutionListener@a3d8174]
2019-07-01 10:24:10.109 [main] INFO  com.example.demo.test.XquantXcrmsApplicationTests - Starting XquantXcrmsApplicationTests on SST-OCHO with PID 7704 (started by yxie in C:\MrX\springbootDemo\first\demo)
2019-07-01 10:24:10.109 [main] INFO  com.example.demo.test.XquantXcrmsApplicationTests - The following profiles are active: dev
2019-07-01 10:24:10.902 [main] INFO  o.s.d.r.config.RepositoryConfigurationDelegate - Multiple Spring Data modules found, entering strict repository configuration mode!
2019-07-01 10:24:10.905 [main] INFO  o.s.d.r.config.RepositoryConfigurationDelegate - Bootstrapping Spring Data repositories in DEFAULT mode.
2019-07-01 10:24:10.943 [main] INFO  o.s.d.r.config.RepositoryConfigurationDelegate - Finished Spring Data repository scanning in 21ms. Found 0 repository interfaces.
2019-07-01 10:24:11.407 [main] INFO  o.s.c.s.PostProcessorRegistrationDelegate$BeanPostProcessorChecker - Bean 'org.springframework.transaction.annotation.ProxyTransactionManagementConfiguration' of type [org.springframework.transaction.annotation.ProxyTransactionManagementConfiguration$$EnhancerBySpringCGLIB$$afc52b37] is not eligible for getting processed by all BeanPostProcessors (for example: not eligible for auto-proxying)
2019-07-01 10:24:11.922 [main] ERROR com.example.demo.config.TestProfileAnnotation - TestProfileAnnotation------------------------
2019-07-01 10:24:13.023 [main] INFO  o.s.scheduling.concurrent.ThreadPoolTaskExecutor - Initializing ExecutorService 'applicationTaskExecutor'
2019-07-01 10:24:13.245 [main] WARN  org.thymeleaf.templatemode.TemplateMode - [THYMELEAF][main] Template Mode 'LEGACYHTML5' is deprecated. Using Template Mode 'HTML' instead.
2019-07-01 10:24:13.308 [main] INFO  o.s.b.a.web.servlet.WelcomePageHandlerMapping - Adding welcome page: class path resource [static/index.html]
2019-07-01 10:24:13.677 [main] INFO  com.example.demo.test.XquantXcrmsApplicationTests - Started XquantXcrmsApplicationTests in 3.999 seconds (JVM running for 5.203)
2019-07-01 10:24:14.005 [main] INFO  io.lettuce.core.EpollProvider - Starting without optional epoll library
2019-07-01 10:24:14.008 [main] INFO  io.lettuce.core.KqueueProvider - Starting without optional kqueue library
2019-07-01 10:24:14.535 [Thread-3] INFO  o.s.scheduling.concurrent.ThreadPoolTaskExecutor - Shutting down ExecutorService 'applicationTaskExecutor'
