2019-10-11 11:17:51.747 [restartedMain] INFO  com.example.demo.DemoApplication - Starting DemoApplication on SST-OCHO with PID 82840 (C:\MrX\springbootDemo\first\mavenDemoForSpringBoot\target\classes started by yxie in C:\MrX\springbootDemo\first\mavenDemoForSpringBoot)
2019-10-11 11:17:51.751 [restartedMain] INFO  com.example.demo.DemoApplication - The following profiles are active: sst
2019-10-11 11:17:51.825 [restartedMain] INFO  o.s.b.d.env.DevToolsPropertyDefaultsPostProcessor - Devtools property defaults active! Set 'spring.devtools.add-properties' to 'false' to disable
2019-10-11 11:17:51.826 [restartedMain] INFO  o.s.b.d.env.DevToolsPropertyDefaultsPostProcessor - For additional web related logging consider setting the 'logging.level.web' property to 'DEBUG'
2019-10-11 11:17:53.261 [restartedMain] INFO  o.s.d.r.config.RepositoryConfigurationDelegate - Multiple Spring Data modules found, entering strict repository configuration mode!
2019-10-11 11:17:53.265 [restartedMain] INFO  o.s.d.r.config.RepositoryConfigurationDelegate - Bootstrapping Spring Data repositories in DEFAULT mode.
2019-10-11 11:17:53.366 [restartedMain] INFO  o.s.d.r.config.RepositoryConfigurationDelegate - Finished Spring Data repository scanning in 84ms. Found 0 repository interfaces.
2019-10-11 11:17:54.003 [restartedMain] INFO  o.s.c.s.PostProcessorRegistrationDelegate$BeanPostProcessorChecker - Bean 'org.springframework.transaction.annotation.ProxyTransactionManagementConfiguration' of type [org.springframework.transaction.annotation.ProxyTransactionManagementConfiguration$$EnhancerBySpringCGLIB$$77c90fa3] is not eligible for getting processed by all BeanPostProcessors (for example: not eligible for auto-proxying)
2019-10-11 11:17:54.729 [restartedMain] INFO  o.s.boot.web.embedded.tomcat.TomcatWebServer - Tomcat initialized with port(s): 4099 (http)
2019-10-11 11:17:54.749 [restartedMain] INFO  org.apache.coyote.http11.Http11NioProtocol - Initializing ProtocolHandler ["http-nio-4099"]
2019-10-11 11:17:54.762 [restartedMain] INFO  org.apache.catalina.core.StandardService - Starting service [Tomcat]
2019-10-11 11:17:54.762 [restartedMain] INFO  org.apache.catalina.core.StandardEngine - Starting Servlet engine: [Apache Tomcat/9.0.21]
2019-10-11 11:17:54.930 [restartedMain] INFO  o.a.c.core.ContainerBase.[Tomcat].[localhost].[/] - Initializing Spring embedded WebApplicationContext
2019-10-11 11:17:54.931 [restartedMain] INFO  org.springframework.web.context.ContextLoader - Root WebApplicationContext: initialization completed in 3105 ms
2019-10-11 11:17:55.022 [restartedMain] INFO  com.example.demo.config.filter.CustomFilter - filter 初始化！！！！
2019-10-11 11:17:55.711 [restartedMain] ERROR com.alibaba.druid.pool.DruidDataSource - testWhileIdle is true, validationQuery not set
2019-10-11 11:17:55.726 [restartedMain] INFO  com.alibaba.druid.pool.DruidDataSource - {dataSource-1} inited
2019-10-11 11:17:56.660 [restartedMain] INFO  o.s.scheduling.concurrent.ThreadPoolTaskExecutor - Initializing ExecutorService 'applicationTaskExecutor'
2019-10-11 11:17:56.837 [restartedMain] WARN  org.thymeleaf.templatemode.TemplateMode - [THYMELEAF][restartedMain] Template Mode 'LEGACYHTML5' is deprecated. Using Template Mode 'HTML' instead.
2019-10-11 11:17:56.871 [restartedMain] INFO  o.s.b.a.web.servlet.WelcomePageHandlerMapping - Adding welcome page: class path resource [static/index.html]
2019-10-11 11:17:57.096 [restartedMain] INFO  o.s.scheduling.concurrent.ThreadPoolTaskScheduler - Initializing ExecutorService 'taskScheduler'
2019-10-11 11:17:57.440 [restartedMain] INFO  o.s.b.d.autoconfigure.OptionalLiveReloadServer - LiveReload server is running on port 35729
2019-10-11 11:17:57.490 [restartedMain] INFO  org.apache.coyote.http11.Http11NioProtocol - Starting ProtocolHandler ["http-nio-4099"]
2019-10-11 11:17:57.526 [restartedMain] INFO  o.s.boot.web.embedded.tomcat.TomcatWebServer - Tomcat started on port(s): 4099 (http) with context path ''
2019-10-11 11:17:57.530 [restartedMain] INFO  com.example.demo.DemoApplication - Started DemoApplication in 6.378 seconds (JVM running for 8.233)
2019-10-11 11:18:07.746 [http-nio-4099-exec-2] INFO  com.example.demo.config.listener.Customlister - 监听器：初始化
2019-10-11 11:18:07.754 [http-nio-4099-exec-2] INFO  o.a.c.core.ContainerBase.[Tomcat].[localhost].[/] - Initializing Spring DispatcherServlet 'dispatcherServlet'
2019-10-11 11:18:07.755 [http-nio-4099-exec-2] INFO  org.springframework.web.servlet.DispatcherServlet - Initializing Servlet 'dispatcherServlet'
2019-10-11 11:18:07.768 [http-nio-4099-exec-2] INFO  org.springframework.web.servlet.DispatcherServlet - Completed initialization in 12 ms
2019-10-11 11:18:07.784 [http-nio-4099-exec-2] INFO  com.example.demo.config.filter.CustomFilter - doFilter   请求处理！！！
2019-10-11 11:18:07.797 [http-nio-4099-exec-2] INFO  c.e.d.config.interceptor.CustomHandlerInterceptor - preHandle:请求前调用
2019-10-11 11:18:12.372 [http-nio-4099-exec-2] ERROR c.e.d.service.impl.ShippingCostCrawlerServiceImpl - ShippingCostFeeDetail(totalNetCharge=12.95, BaseCharge=9.55, FuelSurcharge=0.85, other=2.55)
2019-10-11 11:18:13.868 [http-nio-4099-exec-2] ERROR c.e.d.service.impl.ShippingCostCrawlerServiceImpl - ShippingCostFeeDetail(totalNetCharge=12.95, BaseCharge=9.55, FuelSurcharge=0.85, other=2.55)
2019-10-11 11:18:15.300 [http-nio-4099-exec-2] ERROR c.e.d.service.impl.ShippingCostCrawlerServiceImpl - ShippingCostFeeDetail(totalNetCharge=12.95, BaseCharge=9.55, FuelSurcharge=0.85, other=2.55)
2019-10-11 11:18:16.779 [http-nio-4099-exec-2] ERROR c.e.d.service.impl.ShippingCostCrawlerServiceImpl - ShippingCostFeeDetail(totalNetCharge=12.95, BaseCharge=9.55, FuelSurcharge=0.85, other=2.55)
2019-10-11 11:18:18.131 [http-nio-4099-exec-2] ERROR c.e.d.service.impl.ShippingCostCrawlerServiceImpl - ShippingCostFeeDetail(totalNetCharge=12.95, BaseCharge=9.55, FuelSurcharge=0.85, other=2.55)
2019-10-11 11:18:19.517 [http-nio-4099-exec-2] ERROR c.e.d.service.impl.ShippingCostCrawlerServiceImpl - ShippingCostFeeDetail(totalNetCharge=12.95, BaseCharge=9.55, FuelSurcharge=0.85, other=2.55)
2019-10-11 11:18:20.987 [http-nio-4099-exec-2] ERROR c.e.d.service.impl.ShippingCostCrawlerServiceImpl - ShippingCostFeeDetail(totalNetCharge=12.95, BaseCharge=9.55, FuelSurcharge=0.85, other=2.55)
2019-10-11 11:18:22.582 [http-nio-4099-exec-2] ERROR c.e.d.service.impl.ShippingCostCrawlerServiceImpl - ShippingCostFeeDetail(totalNetCharge=12.95, BaseCharge=9.55, FuelSurcharge=0.85, other=2.55)
2019-10-11 11:18:24.112 [http-nio-4099-exec-2] ERROR c.e.d.service.impl.ShippingCostCrawlerServiceImpl - ShippingCostFeeDetail(totalNetCharge=12.95, BaseCharge=9.55, FuelSurcharge=0.85, other=2.55)
2019-10-11 11:18:25.608 [http-nio-4099-exec-2] ERROR c.e.d.service.impl.ShippingCostCrawlerServiceImpl - ShippingCostFeeDetail(totalNetCharge=12.95, BaseCharge=9.55, FuelSurcharge=0.85, other=2.55)
2019-10-11 11:18:27.129 [http-nio-4099-exec-2] ERROR c.e.d.service.impl.ShippingCostCrawlerServiceImpl - ShippingCostFeeDetail(totalNetCharge=14.48, BaseCharge=10.98, FuelSurcharge=0.95, other=2.55)
2019-10-11 11:18:28.924 [http-nio-4099-exec-2] ERROR c.e.d.service.impl.ShippingCostCrawlerServiceImpl - ShippingCostFeeDetail(totalNetCharge=14.48, BaseCharge=10.98, FuelSurcharge=0.95, other=2.55)
2019-10-11 11:18:31.688 [http-nio-4099-exec-2] ERROR c.e.d.service.impl.ShippingCostCrawlerServiceImpl - ShippingCostFeeDetail(totalNetCharge=14.48, BaseCharge=10.98, FuelSurcharge=0.95, other=2.55)
2019-10-11 11:18:33.135 [http-nio-4099-exec-2] ERROR c.e.d.service.impl.ShippingCostCrawlerServiceImpl - ShippingCostFeeDetail(totalNetCharge=14.48, BaseCharge=10.98, FuelSurcharge=0.95, other=2.55)
2019-10-11 11:18:34.596 [http-nio-4099-exec-2] ERROR c.e.d.service.impl.ShippingCostCrawlerServiceImpl - ShippingCostFeeDetail(totalNetCharge=14.48, BaseCharge=10.98, FuelSurcharge=0.95, other=2.55)
2019-10-11 11:18:36.255 [http-nio-4099-exec-2] ERROR c.e.d.service.impl.ShippingCostCrawlerServiceImpl - ShippingCostFeeDetail(totalNetCharge=14.48, BaseCharge=10.98, FuelSurcharge=0.95, other=2.55)
2019-10-11 11:18:37.726 [http-nio-4099-exec-2] ERROR c.e.d.service.impl.ShippingCostCrawlerServiceImpl - ShippingCostFeeDetail(totalNetCharge=14.48, BaseCharge=10.98, FuelSurcharge=0.95, other=2.55)
2019-10-11 11:18:39.150 [http-nio-4099-exec-2] ERROR c.e.d.service.impl.ShippingCostCrawlerServiceImpl - ShippingCostFeeDetail(totalNetCharge=14.48, BaseCharge=10.98, FuelSurcharge=0.95, other=2.55)
2019-10-11 11:18:40.688 [http-nio-4099-exec-2] ERROR c.e.d.service.impl.ShippingCostCrawlerServiceImpl - ShippingCostFeeDetail(totalNetCharge=14.48, BaseCharge=10.98, FuelSurcharge=0.95, other=2.55)
2019-10-11 11:18:42.208 [http-nio-4099-exec-2] ERROR c.e.d.service.impl.ShippingCostCrawlerServiceImpl - ShippingCostFeeDetail(totalNetCharge=14.48, BaseCharge=10.98, FuelSurcharge=0.95, other=2.55)
2019-10-11 11:18:43.610 [http-nio-4099-exec-2] ERROR c.e.d.service.impl.ShippingCostCrawlerServiceImpl - ShippingCostFeeDetail(totalNetCharge=15.62, BaseCharge=12.05, FuelSurcharge=1.02, other=2.55)
2019-10-11 11:18:45.089 [http-nio-4099-exec-2] ERROR c.e.d.service.impl.ShippingCostCrawlerServiceImpl - ShippingCostFeeDetail(totalNetCharge=15.62, BaseCharge=12.05, FuelSurcharge=1.02, other=2.55)
2019-10-11 11:18:46.594 [http-nio-4099-exec-2] ERROR c.e.d.service.impl.ShippingCostCrawlerServiceImpl - ShippingCostFeeDetail(totalNetCharge=15.62, BaseCharge=12.05, FuelSurcharge=1.02, other=2.55)
2019-10-11 11:18:48.058 [http-nio-4099-exec-2] ERROR c.e.d.service.impl.ShippingCostCrawlerServiceImpl - ShippingCostFeeDetail(totalNetCharge=15.62, BaseCharge=12.05, FuelSurcharge=1.02, other=2.55)
2019-10-11 11:18:49.530 [http-nio-4099-exec-2] ERROR c.e.d.service.impl.ShippingCostCrawlerServiceImpl - ShippingCostFeeDetail(totalNetCharge=15.62, BaseCharge=12.05, FuelSurcharge=1.02, other=2.55)
2019-10-11 11:18:50.994 [http-nio-4099-exec-2] ERROR c.e.d.service.impl.ShippingCostCrawlerServiceImpl - ShippingCostFeeDetail(totalNetCharge=15.62, BaseCharge=12.05, FuelSurcharge=1.02, other=2.55)
2019-10-11 11:18:52.641 [http-nio-4099-exec-2] ERROR c.e.d.service.impl.ShippingCostCrawlerServiceImpl - ShippingCostFeeDetail(totalNetCharge=15.62, BaseCharge=12.05, FuelSurcharge=1.02, other=2.55)
2019-10-11 11:18:54.058 [http-nio-4099-exec-2] ERROR c.e.d.service.impl.ShippingCostCrawlerServiceImpl - ShippingCostFeeDetail(totalNetCharge=15.62, BaseCharge=12.05, FuelSurcharge=1.02, other=2.55)
2019-10-11 11:18:55.484 [http-nio-4099-exec-2] ERROR c.e.d.service.impl.ShippingCostCrawlerServiceImpl - ShippingCostFeeDetail(totalNetCharge=15.62, BaseCharge=12.05, FuelSurcharge=1.02, other=2.55)
2019-10-11 11:18:56.959 [http-nio-4099-exec-2] ERROR c.e.d.service.impl.ShippingCostCrawlerServiceImpl - ShippingCostFeeDetail(totalNetCharge=15.62, BaseCharge=12.05, FuelSurcharge=1.02, other=2.55)
2019-10-11 11:18:58.381 [http-nio-4099-exec-2] ERROR c.e.d.service.impl.ShippingCostCrawlerServiceImpl - ShippingCostFeeDetail(totalNetCharge=16.65, BaseCharge=13.01, FuelSurcharge=1.09, other=2.55)
2019-10-11 11:18:59.962 [http-nio-4099-exec-2] ERROR c.e.d.service.impl.ShippingCostCrawlerServiceImpl - ShippingCostFeeDetail(totalNetCharge=16.65, BaseCharge=13.01, FuelSurcharge=1.09, other=2.55)
2019-10-11 11:19:01.392 [http-nio-4099-exec-2] ERROR c.e.d.service.impl.ShippingCostCrawlerServiceImpl - ShippingCostFeeDetail(totalNetCharge=16.65, BaseCharge=13.01, FuelSurcharge=1.09, other=2.55)
2019-10-11 11:19:02.818 [http-nio-4099-exec-2] ERROR c.e.d.service.impl.ShippingCostCrawlerServiceImpl - ShippingCostFeeDetail(totalNetCharge=16.65, BaseCharge=13.01, FuelSurcharge=1.09, other=2.55)
2019-10-11 11:19:04.350 [http-nio-4099-exec-2] ERROR c.e.d.service.impl.ShippingCostCrawlerServiceImpl - ShippingCostFeeDetail(totalNetCharge=16.65, BaseCharge=13.01, FuelSurcharge=1.09, other=2.55)
2019-10-11 11:19:05.895 [http-nio-4099-exec-2] ERROR c.e.d.service.impl.ShippingCostCrawlerServiceImpl - ShippingCostFeeDetail(totalNetCharge=16.65, BaseCharge=13.01, FuelSurcharge=1.09, other=2.55)
2019-10-11 11:19:07.251 [http-nio-4099-exec-2] ERROR c.e.d.service.impl.ShippingCostCrawlerServiceImpl - ShippingCostFeeDetail(totalNetCharge=16.65, BaseCharge=13.01, FuelSurcharge=1.09, other=2.55)
2019-10-11 11:19:08.696 [http-nio-4099-exec-2] ERROR c.e.d.service.impl.ShippingCostCrawlerServiceImpl - ShippingCostFeeDetail(totalNetCharge=16.65, BaseCharge=13.01, FuelSurcharge=1.09, other=2.55)
2019-10-11 11:19:10.464 [http-nio-4099-exec-2] ERROR c.e.d.service.impl.ShippingCostCrawlerServiceImpl - ShippingCostFeeDetail(totalNetCharge=16.65, BaseCharge=13.01, FuelSurcharge=1.09, other=2.55)
2019-10-11 11:19:12.737 [http-nio-4099-exec-2] ERROR c.e.d.service.impl.ShippingCostCrawlerServiceImpl - ShippingCostFeeDetail(totalNetCharge=16.65, BaseCharge=13.01, FuelSurcharge=1.09, other=2.55)
2019-10-11 11:19:14.459 [http-nio-4099-exec-2] ERROR c.e.d.service.impl.ShippingCostCrawlerServiceImpl - ShippingCostFeeDetail(totalNetCharge=17.36, BaseCharge=13.67, FuelSurcharge=1.14, other=2.55)
2019-10-11 11:19:15.895 [http-nio-4099-exec-2] ERROR c.e.d.service.impl.ShippingCostCrawlerServiceImpl - ShippingCostFeeDetail(totalNetCharge=17.36, BaseCharge=13.67, FuelSurcharge=1.14, other=2.55)
2019-10-11 11:19:17.353 [http-nio-4099-exec-2] ERROR c.e.d.service.impl.ShippingCostCrawlerServiceImpl - ShippingCostFeeDetail(totalNetCharge=17.36, BaseCharge=13.67, FuelSurcharge=1.14, other=2.55)
2019-10-11 11:19:18.811 [http-nio-4099-exec-2] ERROR c.e.d.service.impl.ShippingCostCrawlerServiceImpl - ShippingCostFeeDetail(totalNetCharge=17.36, BaseCharge=13.67, FuelSurcharge=1.14, other=2.55)
2019-10-11 11:19:20.477 [http-nio-4099-exec-2] ERROR c.e.d.service.impl.ShippingCostCrawlerServiceImpl - ShippingCostFeeDetail(totalNetCharge=17.36, BaseCharge=13.67, FuelSurcharge=1.14, other=2.55)
2019-10-11 11:19:22.071 [http-nio-4099-exec-2] ERROR c.e.d.service.impl.ShippingCostCrawlerServiceImpl - ShippingCostFeeDetail(totalNetCharge=17.36, BaseCharge=13.67, FuelSurcharge=1.14, other=2.55)
2019-10-11 11:19:23.448 [http-nio-4099-exec-2] ERROR c.e.d.service.impl.ShippingCostCrawlerServiceImpl - ShippingCostFeeDetail(totalNetCharge=17.36, BaseCharge=13.67, FuelSurcharge=1.14, other=2.55)
2019-10-11 11:19:24.891 [http-nio-4099-exec-2] ERROR c.e.d.service.impl.ShippingCostCrawlerServiceImpl - ShippingCostFeeDetail(totalNetCharge=17.36, BaseCharge=13.67, FuelSurcharge=1.14, other=2.55)
2019-10-11 11:19:26.314 [http-nio-4099-exec-2] ERROR c.e.d.service.impl.ShippingCostCrawlerServiceImpl - ShippingCostFeeDetail(totalNetCharge=17.36, BaseCharge=13.67, FuelSurcharge=1.14, other=2.55)
2019-10-11 11:19:27.706 [http-nio-4099-exec-2] ERROR c.e.d.service.impl.ShippingCostCrawlerServiceImpl - ShippingCostFeeDetail(totalNetCharge=17.36, BaseCharge=13.67, FuelSurcharge=1.14, other=2.55)
2019-10-11 11:19:29.231 [http-nio-4099-exec-2] ERROR c.e.d.service.impl.ShippingCostCrawlerServiceImpl - ShippingCostFeeDetail(totalNetCharge=17.49, BaseCharge=13.79, FuelSurcharge=1.15, other=2.55)
2019-10-11 11:19:30.725 [http-nio-4099-exec-2] ERROR c.e.d.service.impl.ShippingCostCrawlerServiceImpl - ShippingCostFeeDetail(totalNetCharge=17.49, BaseCharge=13.79, FuelSurcharge=1.15, other=2.55)
2019-10-11 11:19:32.205 [http-nio-4099-exec-2] ERROR c.e.d.service.impl.ShippingCostCrawlerServiceImpl - ShippingCostFeeDetail(totalNetCharge=17.49, BaseCharge=13.79, FuelSurcharge=1.15, other=2.55)
2019-10-11 11:19:33.671 [http-nio-4099-exec-2] ERROR c.e.d.service.impl.ShippingCostCrawlerServiceImpl - ShippingCostFeeDetail(totalNetCharge=17.49, BaseCharge=13.79, FuelSurcharge=1.15, other=2.55)
2019-10-11 11:19:35.119 [http-nio-4099-exec-2] ERROR c.e.d.service.impl.ShippingCostCrawlerServiceImpl - ShippingCostFeeDetail(totalNetCharge=17.49, BaseCharge=13.79, FuelSurcharge=1.15, other=2.55)
2019-10-11 11:19:36.482 [http-nio-4099-exec-2] ERROR c.e.d.service.impl.ShippingCostCrawlerServiceImpl - ShippingCostFeeDetail(totalNetCharge=17.49, BaseCharge=13.79, FuelSurcharge=1.15, other=2.55)
2019-10-11 11:19:37.995 [http-nio-4099-exec-2] ERROR c.e.d.service.impl.ShippingCostCrawlerServiceImpl - ShippingCostFeeDetail(totalNetCharge=17.49, BaseCharge=13.79, FuelSurcharge=1.15, other=2.55)
2019-10-11 11:19:39.417 [http-nio-4099-exec-2] ERROR c.e.d.service.impl.ShippingCostCrawlerServiceImpl - ShippingCostFeeDetail(totalNetCharge=17.49, BaseCharge=13.79, FuelSurcharge=1.15, other=2.55)
2019-10-11 11:19:42.309 [http-nio-4099-exec-2] ERROR c.e.d.service.impl.ShippingCostCrawlerServiceImpl - ShippingCostFeeDetail(totalNetCharge=17.49, BaseCharge=13.79, FuelSurcharge=1.15, other=2.55)
2019-10-11 11:28:11.365 [restartedMain] INFO  com.example.demo.DemoApplication - Starting DemoApplication on SST-OCHO with PID 59664 (C:\MrX\springbootDemo\first\mavenDemoForSpringBoot\target\classes started by yxie in C:\MrX\springbootDemo\first\mavenDemoForSpringBoot)
2019-10-11 11:28:11.369 [restartedMain] INFO  com.example.demo.DemoApplication - The following profiles are active: sst
2019-10-11 11:28:11.434 [restartedMain] INFO  o.s.b.d.env.DevToolsPropertyDefaultsPostProcessor - Devtools property defaults active! Set 'spring.devtools.add-properties' to 'false' to disable
2019-10-11 11:28:11.434 [restartedMain] INFO  o.s.b.d.env.DevToolsPropertyDefaultsPostProcessor - For additional web related logging consider setting the 'logging.level.web' property to 'DEBUG'
2019-10-11 11:28:12.780 [restartedMain] INFO  o.s.d.r.config.RepositoryConfigurationDelegate - Multiple Spring Data modules found, entering strict repository configuration mode!
2019-10-11 11:28:12.785 [restartedMain] INFO  o.s.d.r.config.RepositoryConfigurationDelegate - Bootstrapping Spring Data repositories in DEFAULT mode.
2019-10-11 11:28:12.881 [restartedMain] INFO  o.s.d.r.config.RepositoryConfigurationDelegate - Finished Spring Data repository scanning in 78ms. Found 0 repository interfaces.
2019-10-11 11:28:13.543 [restartedMain] INFO  o.s.c.s.PostProcessorRegistrationDelegate$BeanPostProcessorChecker - Bean 'org.springframework.transaction.annotation.ProxyTransactionManagementConfiguration' of type [org.springframework.transaction.annotation.ProxyTransactionManagementConfiguration$$EnhancerBySpringCGLIB$$b73a9fed] is not eligible for getting processed by all BeanPostProcessors (for example: not eligible for auto-proxying)
2019-10-11 11:28:14.640 [restartedMain] INFO  o.s.boot.web.embedded.tomcat.TomcatWebServer - Tomcat initialized with port(s): 4099 (http)
2019-10-11 11:28:14.670 [restartedMain] INFO  org.apache.coyote.http11.Http11NioProtocol - Initializing ProtocolHandler ["http-nio-4099"]
2019-10-11 11:28:14.687 [restartedMain] INFO  org.apache.catalina.core.StandardService - Starting service [Tomcat]
2019-10-11 11:28:14.687 [restartedMain] INFO  org.apache.catalina.core.StandardEngine - Starting Servlet engine: [Apache Tomcat/9.0.21]
2019-10-11 11:28:14.877 [restartedMain] INFO  o.a.c.core.ContainerBase.[Tomcat].[localhost].[/] - Initializing Spring embedded WebApplicationContext
2019-10-11 11:28:14.877 [restartedMain] INFO  org.springframework.web.context.ContextLoader - Root WebApplicationContext: initialization completed in 3443 ms
2019-10-11 11:28:14.979 [restartedMain] INFO  com.example.demo.config.filter.CustomFilter - filter 初始化！！！！
2019-10-11 11:28:15.936 [restartedMain] ERROR com.alibaba.druid.pool.DruidDataSource - testWhileIdle is true, validationQuery not set
2019-10-11 11:28:15.957 [restartedMain] INFO  com.alibaba.druid.pool.DruidDataSource - {dataSource-1} inited
2019-10-11 11:28:17.128 [restartedMain] INFO  o.s.scheduling.concurrent.ThreadPoolTaskExecutor - Initializing ExecutorService 'applicationTaskExecutor'
2019-10-11 11:28:17.366 [restartedMain] WARN  org.thymeleaf.templatemode.TemplateMode - [THYMELEAF][restartedMain] Template Mode 'LEGACYHTML5' is deprecated. Using Template Mode 'HTML' instead.
2019-10-11 11:28:17.415 [restartedMain] INFO  o.s.b.a.web.servlet.WelcomePageHandlerMapping - Adding welcome page: class path resource [static/index.html]
2019-10-11 11:28:17.693 [restartedMain] INFO  o.s.scheduling.concurrent.ThreadPoolTaskScheduler - Initializing ExecutorService 'taskScheduler'
2019-10-11 11:28:18.149 [restartedMain] INFO  o.s.b.d.autoconfigure.OptionalLiveReloadServer - LiveReload server is running on port 35729
2019-10-11 11:28:18.197 [restartedMain] INFO  org.apache.coyote.http11.Http11NioProtocol - Starting ProtocolHandler ["http-nio-4099"]
2019-10-11 11:28:18.230 [restartedMain] INFO  o.s.boot.web.embedded.tomcat.TomcatWebServer - Tomcat started on port(s): 4099 (http) with context path ''
2019-10-11 11:28:18.234 [restartedMain] INFO  com.example.demo.DemoApplication - Started DemoApplication in 7.509 seconds (JVM running for 9.253)
2019-10-11 11:28:26.543 [http-nio-4099-exec-2] INFO  com.example.demo.config.listener.Customlister - 监听器：初始化
2019-10-11 11:28:26.552 [http-nio-4099-exec-2] INFO  o.a.c.core.ContainerBase.[Tomcat].[localhost].[/] - Initializing Spring DispatcherServlet 'dispatcherServlet'
2019-10-11 11:28:26.553 [http-nio-4099-exec-2] INFO  org.springframework.web.servlet.DispatcherServlet - Initializing Servlet 'dispatcherServlet'
2019-10-11 11:28:26.565 [http-nio-4099-exec-2] INFO  org.springframework.web.servlet.DispatcherServlet - Completed initialization in 11 ms
2019-10-11 11:28:26.578 [http-nio-4099-exec-2] INFO  com.example.demo.config.filter.CustomFilter - doFilter   请求处理！！！
2019-10-11 11:28:26.589 [http-nio-4099-exec-2] INFO  c.e.d.config.interceptor.CustomHandlerInterceptor - preHandle:请求前调用
2019-10-11 11:35:34.044 [restartedMain] INFO  com.example.demo.DemoApplication - Starting DemoApplication on SST-OCHO with PID 8392 (C:\MrX\springbootDemo\first\mavenDemoForSpringBoot\target\classes started by yxie in C:\MrX\springbootDemo\first\mavenDemoForSpringBoot)
2019-10-11 11:35:34.048 [restartedMain] INFO  com.example.demo.DemoApplication - The following profiles are active: sst
2019-10-11 11:35:34.123 [restartedMain] INFO  o.s.b.d.env.DevToolsPropertyDefaultsPostProcessor - Devtools property defaults active! Set 'spring.devtools.add-properties' to 'false' to disable
2019-10-11 11:35:34.123 [restartedMain] INFO  o.s.b.d.env.DevToolsPropertyDefaultsPostProcessor - For additional web related logging consider setting the 'logging.level.web' property to 'DEBUG'
2019-10-11 11:35:35.459 [restartedMain] INFO  o.s.d.r.config.RepositoryConfigurationDelegate - Multiple Spring Data modules found, entering strict repository configuration mode!
2019-10-11 11:35:35.463 [restartedMain] INFO  o.s.d.r.config.RepositoryConfigurationDelegate - Bootstrapping Spring Data repositories in DEFAULT mode.
2019-10-11 11:35:35.565 [restartedMain] INFO  o.s.d.r.config.RepositoryConfigurationDelegate - Finished Spring Data repository scanning in 88ms. Found 0 repository interfaces.
2019-10-11 11:35:36.177 [restartedMain] INFO  o.s.c.s.PostProcessorRegistrationDelegate$BeanPostProcessorChecker - Bean 'org.springframework.transaction.annotation.ProxyTransactionManagementConfiguration' of type [org.springframework.transaction.annotation.ProxyTransactionManagementConfiguration$$EnhancerBySpringCGLIB$$2affae5a] is not eligible for getting processed by all BeanPostProcessors (for example: not eligible for auto-proxying)
2019-10-11 11:35:36.867 [restartedMain] INFO  o.s.boot.web.embedded.tomcat.TomcatWebServer - Tomcat initialized with port(s): 4099 (http)
2019-10-11 11:35:36.892 [restartedMain] INFO  org.apache.coyote.http11.Http11NioProtocol - Initializing ProtocolHandler ["http-nio-4099"]
2019-10-11 11:35:36.906 [restartedMain] INFO  org.apache.catalina.core.StandardService - Starting service [Tomcat]
2019-10-11 11:35:36.906 [restartedMain] INFO  org.apache.catalina.core.StandardEngine - Starting Servlet engine: [Apache Tomcat/9.0.21]
2019-10-11 11:35:37.096 [restartedMain] INFO  o.a.c.core.ContainerBase.[Tomcat].[localhost].[/] - Initializing Spring embedded WebApplicationContext
2019-10-11 11:35:37.097 [restartedMain] INFO  org.springframework.web.context.ContextLoader - Root WebApplicationContext: initialization completed in 2974 ms
2019-10-11 11:35:37.180 [restartedMain] INFO  com.example.demo.config.filter.CustomFilter - filter 初始化！！！！
2019-10-11 11:35:37.930 [restartedMain] ERROR com.alibaba.druid.pool.DruidDataSource - testWhileIdle is true, validationQuery not set
2019-10-11 11:35:37.944 [restartedMain] INFO  com.alibaba.druid.pool.DruidDataSource - {dataSource-1} inited
2019-10-11 11:35:38.797 [restartedMain] INFO  o.s.scheduling.concurrent.ThreadPoolTaskExecutor - Initializing ExecutorService 'applicationTaskExecutor'
2019-10-11 11:35:38.964 [restartedMain] WARN  org.thymeleaf.templatemode.TemplateMode - [THYMELEAF][restartedMain] Template Mode 'LEGACYHTML5' is deprecated. Using Template Mode 'HTML' instead.
2019-10-11 11:35:38.999 [restartedMain] INFO  o.s.b.a.web.servlet.WelcomePageHandlerMapping - Adding welcome page: class path resource [static/index.html]
2019-10-11 11:35:39.227 [restartedMain] INFO  o.s.scheduling.concurrent.ThreadPoolTaskScheduler - Initializing ExecutorService 'taskScheduler'
2019-10-11 11:35:39.605 [restartedMain] INFO  o.s.b.d.autoconfigure.OptionalLiveReloadServer - LiveReload server is running on port 35729
2019-10-11 11:35:39.647 [restartedMain] INFO  org.apache.coyote.http11.Http11NioProtocol - Starting ProtocolHandler ["http-nio-4099"]
2019-10-11 11:35:39.681 [restartedMain] INFO  o.s.boot.web.embedded.tomcat.TomcatWebServer - Tomcat started on port(s): 4099 (http) with context path ''
2019-10-11 11:35:39.686 [restartedMain] INFO  com.example.demo.DemoApplication - Started DemoApplication in 6.275 seconds (JVM running for 8.173)
2019-10-11 11:36:18.703 [restartedMain] INFO  com.example.demo.DemoApplication - Starting DemoApplication on SST-OCHO with PID 68724 (C:\MrX\springbootDemo\first\mavenDemoForSpringBoot\target\classes started by yxie in C:\MrX\springbootDemo\first\mavenDemoForSpringBoot)
2019-10-11 11:36:18.707 [restartedMain] INFO  com.example.demo.DemoApplication - The following profiles are active: sst
2019-10-11 11:36:18.776 [restartedMain] INFO  o.s.b.d.env.DevToolsPropertyDefaultsPostProcessor - Devtools property defaults active! Set 'spring.devtools.add-properties' to 'false' to disable
2019-10-11 11:36:18.776 [restartedMain] INFO  o.s.b.d.env.DevToolsPropertyDefaultsPostProcessor - For additional web related logging consider setting the 'logging.level.web' property to 'DEBUG'
2019-10-11 11:36:20.122 [restartedMain] INFO  o.s.d.r.config.RepositoryConfigurationDelegate - Multiple Spring Data modules found, entering strict repository configuration mode!
2019-10-11 11:36:20.126 [restartedMain] INFO  o.s.d.r.config.RepositoryConfigurationDelegate - Bootstrapping Spring Data repositories in DEFAULT mode.
2019-10-11 11:36:20.228 [restartedMain] INFO  o.s.d.r.config.RepositoryConfigurationDelegate - Finished Spring Data repository scanning in 87ms. Found 0 repository interfaces.
2019-10-11 11:36:20.816 [restartedMain] INFO  o.s.c.s.PostProcessorRegistrationDelegate$BeanPostProcessorChecker - Bean 'org.springframework.transaction.annotation.ProxyTransactionManagementConfiguration' of type [org.springframework.transaction.annotation.ProxyTransactionManagementConfiguration$$EnhancerBySpringCGLIB$$c5929031] is not eligible for getting processed by all BeanPostProcessors (for example: not eligible for auto-proxying)
2019-10-11 11:36:21.506 [restartedMain] INFO  o.s.boot.web.embedded.tomcat.TomcatWebServer - Tomcat initialized with port(s): 4099 (http)
2019-10-11 11:36:21.528 [restartedMain] INFO  org.apache.coyote.http11.Http11NioProtocol - Initializing ProtocolHandler ["http-nio-4099"]
2019-10-11 11:36:21.543 [restartedMain] INFO  org.apache.catalina.core.StandardService - Starting service [Tomcat]
2019-10-11 11:36:21.544 [restartedMain] INFO  org.apache.catalina.core.StandardEngine - Starting Servlet engine: [Apache Tomcat/9.0.21]
2019-10-11 11:36:21.706 [restartedMain] INFO  o.a.c.core.ContainerBase.[Tomcat].[localhost].[/] - Initializing Spring embedded WebApplicationContext
2019-10-11 11:36:21.706 [restartedMain] INFO  org.springframework.web.context.ContextLoader - Root WebApplicationContext: initialization completed in 2929 ms
2019-10-11 11:36:21.802 [restartedMain] INFO  com.example.demo.config.filter.CustomFilter - filter 初始化！！！！
2019-10-11 11:36:22.509 [restartedMain] ERROR com.alibaba.druid.pool.DruidDataSource - testWhileIdle is true, validationQuery not set
2019-10-11 11:36:22.524 [restartedMain] INFO  com.alibaba.druid.pool.DruidDataSource - {dataSource-1} inited
2019-10-11 11:36:23.359 [restartedMain] INFO  o.s.scheduling.concurrent.ThreadPoolTaskExecutor - Initializing ExecutorService 'applicationTaskExecutor'
2019-10-11 11:36:23.531 [restartedMain] WARN  org.thymeleaf.templatemode.TemplateMode - [THYMELEAF][restartedMain] Template Mode 'LEGACYHTML5' is deprecated. Using Template Mode 'HTML' instead.
2019-10-11 11:36:23.568 [restartedMain] INFO  o.s.b.a.web.servlet.WelcomePageHandlerMapping - Adding welcome page: class path resource [static/index.html]
2019-10-11 11:36:23.792 [restartedMain] INFO  o.s.scheduling.concurrent.ThreadPoolTaskScheduler - Initializing ExecutorService 'taskScheduler'
2019-10-11 11:36:24.119 [restartedMain] INFO  o.s.b.d.autoconfigure.OptionalLiveReloadServer - LiveReload server is running on port 35729
2019-10-11 11:36:24.157 [restartedMain] INFO  org.apache.coyote.http11.Http11NioProtocol - Starting ProtocolHandler ["http-nio-4099"]
2019-10-11 11:36:24.187 [restartedMain] INFO  o.s.boot.web.embedded.tomcat.TomcatWebServer - Tomcat started on port(s): 4099 (http) with context path ''
2019-10-11 11:36:24.192 [restartedMain] INFO  com.example.demo.DemoApplication - Started DemoApplication in 6.06 seconds (JVM running for 7.75)
2019-10-11 11:36:40.389 [http-nio-4099-exec-2] INFO  com.example.demo.config.listener.Customlister - 监听器：初始化
2019-10-11 11:36:40.399 [http-nio-4099-exec-2] INFO  o.a.c.core.ContainerBase.[Tomcat].[localhost].[/] - Initializing Spring DispatcherServlet 'dispatcherServlet'
2019-10-11 11:36:40.400 [http-nio-4099-exec-2] INFO  org.springframework.web.servlet.DispatcherServlet - Initializing Servlet 'dispatcherServlet'
2019-10-11 11:36:40.414 [http-nio-4099-exec-2] INFO  org.springframework.web.servlet.DispatcherServlet - Completed initialization in 12 ms
2019-10-11 11:36:40.428 [http-nio-4099-exec-2] INFO  com.example.demo.config.filter.CustomFilter - doFilter   请求处理！！！
2019-10-11 11:36:40.440 [http-nio-4099-exec-2] INFO  c.e.d.config.interceptor.CustomHandlerInterceptor - preHandle:请求前调用
2019-10-11 11:37:19.177 [restartedMain] INFO  com.example.demo.DemoApplication - Starting DemoApplication on SST-OCHO with PID 11744 (C:\MrX\springbootDemo\first\mavenDemoForSpringBoot\target\classes started by yxie in C:\MrX\springbootDemo\first\mavenDemoForSpringBoot)
2019-10-11 11:37:19.180 [restartedMain] INFO  com.example.demo.DemoApplication - The following profiles are active: sst
2019-10-11 11:37:19.263 [restartedMain] INFO  o.s.b.d.env.DevToolsPropertyDefaultsPostProcessor - Devtools property defaults active! Set 'spring.devtools.add-properties' to 'false' to disable
2019-10-11 11:37:19.264 [restartedMain] INFO  o.s.b.d.env.DevToolsPropertyDefaultsPostProcessor - For additional web related logging consider setting the 'logging.level.web' property to 'DEBUG'
2019-10-11 11:37:20.569 [restartedMain] INFO  o.s.d.r.config.RepositoryConfigurationDelegate - Multiple Spring Data modules found, entering strict repository configuration mode!
2019-10-11 11:37:20.573 [restartedMain] INFO  o.s.d.r.config.RepositoryConfigurationDelegate - Bootstrapping Spring Data repositories in DEFAULT mode.
2019-10-11 11:37:20.672 [restartedMain] INFO  o.s.d.r.config.RepositoryConfigurationDelegate - Finished Spring Data repository scanning in 83ms. Found 0 repository interfaces.
2019-10-11 11:37:21.277 [restartedMain] INFO  o.s.c.s.PostProcessorRegistrationDelegate$BeanPostProcessorChecker - Bean 'org.springframework.transaction.annotation.ProxyTransactionManagementConfiguration' of type [org.springframework.transaction.annotation.ProxyTransactionManagementConfiguration$$EnhancerBySpringCGLIB$$9202f844] is not eligible for getting processed by all BeanPostProcessors (for example: not eligible for auto-proxying)
2019-10-11 11:37:21.980 [restartedMain] INFO  o.s.boot.web.embedded.tomcat.TomcatWebServer - Tomcat initialized with port(s): 4099 (http)
2019-10-11 11:37:21.999 [restartedMain] INFO  org.apache.coyote.http11.Http11NioProtocol - Initializing ProtocolHandler ["http-nio-4099"]
2019-10-11 11:37:22.012 [restartedMain] INFO  org.apache.catalina.core.StandardService - Starting service [Tomcat]
2019-10-11 11:37:22.013 [restartedMain] INFO  org.apache.catalina.core.StandardEngine - Starting Servlet engine: [Apache Tomcat/9.0.21]
2019-10-11 11:37:22.188 [restartedMain] INFO  o.a.c.core.ContainerBase.[Tomcat].[localhost].[/] - Initializing Spring embedded WebApplicationContext
2019-10-11 11:37:22.189 [restartedMain] INFO  org.springframework.web.context.ContextLoader - Root WebApplicationContext: initialization completed in 2925 ms
2019-10-11 11:37:22.284 [restartedMain] INFO  com.example.demo.config.filter.CustomFilter - filter 初始化！！！！
2019-10-11 11:37:22.998 [restartedMain] ERROR com.alibaba.druid.pool.DruidDataSource - testWhileIdle is true, validationQuery not set
2019-10-11 11:37:23.015 [restartedMain] INFO  com.alibaba.druid.pool.DruidDataSource - {dataSource-1} inited
2019-10-11 11:37:25.468 [restartedMain] INFO  o.s.scheduling.concurrent.ThreadPoolTaskExecutor - Initializing ExecutorService 'applicationTaskExecutor'
2019-10-11 11:37:25.634 [restartedMain] WARN  org.thymeleaf.templatemode.TemplateMode - [THYMELEAF][restartedMain] Template Mode 'LEGACYHTML5' is deprecated. Using Template Mode 'HTML' instead.
2019-10-11 11:37:25.672 [restartedMain] INFO  o.s.b.a.web.servlet.WelcomePageHandlerMapping - Adding welcome page: class path resource [static/index.html]
2019-10-11 11:37:25.929 [restartedMain] INFO  o.s.scheduling.concurrent.ThreadPoolTaskScheduler - Initializing ExecutorService 'taskScheduler'
2019-10-11 11:37:26.286 [restartedMain] INFO  o.s.b.d.autoconfigure.OptionalLiveReloadServer - LiveReload server is running on port 35729
2019-10-11 11:37:26.322 [restartedMain] INFO  org.apache.coyote.http11.Http11NioProtocol - Starting ProtocolHandler ["http-nio-4099"]
2019-10-11 11:37:26.352 [restartedMain] INFO  o.s.boot.web.embedded.tomcat.TomcatWebServer - Tomcat started on port(s): 4099 (http) with context path ''
2019-10-11 11:37:26.357 [restartedMain] INFO  com.example.demo.DemoApplication - Started DemoApplication in 7.84 seconds (JVM running for 9.529)
2019-10-11 11:37:33.132 [http-nio-4099-exec-1] INFO  com.example.demo.config.listener.Customlister - 监听器：初始化
2019-10-11 11:37:33.142 [http-nio-4099-exec-1] INFO  o.a.c.core.ContainerBase.[Tomcat].[localhost].[/] - Initializing Spring DispatcherServlet 'dispatcherServlet'
2019-10-11 11:37:33.143 [http-nio-4099-exec-1] INFO  org.springframework.web.servlet.DispatcherServlet - Initializing Servlet 'dispatcherServlet'
2019-10-11 11:37:33.157 [http-nio-4099-exec-1] INFO  org.springframework.web.servlet.DispatcherServlet - Completed initialization in 13 ms
2019-10-11 11:37:33.170 [http-nio-4099-exec-1] INFO  com.example.demo.config.filter.CustomFilter - doFilter   请求处理！！！
2019-10-11 11:37:33.182 [http-nio-4099-exec-1] INFO  c.e.d.config.interceptor.CustomHandlerInterceptor - preHandle:请求前调用
2019-10-11 11:41:56.765 [restartedMain] INFO  com.example.demo.DemoApplication - Starting DemoApplication on SST-OCHO with PID 57008 (C:\MrX\springbootDemo\first\mavenDemoForSpringBoot\target\classes started by yxie in C:\MrX\springbootDemo\first\mavenDemoForSpringBoot)
2019-10-11 11:41:56.768 [restartedMain] INFO  com.example.demo.DemoApplication - The following profiles are active: sst
2019-10-11 11:41:56.846 [restartedMain] INFO  o.s.b.d.env.DevToolsPropertyDefaultsPostProcessor - Devtools property defaults active! Set 'spring.devtools.add-properties' to 'false' to disable
2019-10-11 11:41:56.846 [restartedMain] INFO  o.s.b.d.env.DevToolsPropertyDefaultsPostProcessor - For additional web related logging consider setting the 'logging.level.web' property to 'DEBUG'
2019-10-11 11:41:58.235 [restartedMain] INFO  o.s.d.r.config.RepositoryConfigurationDelegate - Multiple Spring Data modules found, entering strict repository configuration mode!
2019-10-11 11:41:58.240 [restartedMain] INFO  o.s.d.r.config.RepositoryConfigurationDelegate - Bootstrapping Spring Data repositories in DEFAULT mode.
2019-10-11 11:41:58.337 [restartedMain] INFO  o.s.d.r.config.RepositoryConfigurationDelegate - Finished Spring Data repository scanning in 80ms. Found 0 repository interfaces.
2019-10-11 11:41:58.956 [restartedMain] INFO  o.s.c.s.PostProcessorRegistrationDelegate$BeanPostProcessorChecker - Bean 'org.springframework.transaction.annotation.ProxyTransactionManagementConfiguration' of type [org.springframework.transaction.annotation.ProxyTransactionManagementConfiguration$$EnhancerBySpringCGLIB$$846c8dcb] is not eligible for getting processed by all BeanPostProcessors (for example: not eligible for auto-proxying)
2019-10-11 11:41:59.719 [restartedMain] INFO  o.s.boot.web.embedded.tomcat.TomcatWebServer - Tomcat initialized with port(s): 4099 (http)
2019-10-11 11:41:59.740 [restartedMain] INFO  org.apache.coyote.http11.Http11NioProtocol - Initializing ProtocolHandler ["http-nio-4099"]
2019-10-11 11:41:59.758 [restartedMain] INFO  org.apache.catalina.core.StandardService - Starting service [Tomcat]
2019-10-11 11:41:59.759 [restartedMain] INFO  org.apache.catalina.core.StandardEngine - Starting Servlet engine: [Apache Tomcat/9.0.21]
2019-10-11 11:41:59.927 [restartedMain] INFO  o.a.c.core.ContainerBase.[Tomcat].[localhost].[/] - Initializing Spring embedded WebApplicationContext
2019-10-11 11:41:59.927 [restartedMain] INFO  org.springframework.web.context.ContextLoader - Root WebApplicationContext: initialization completed in 3081 ms
2019-10-11 11:42:00.020 [restartedMain] INFO  com.example.demo.config.filter.CustomFilter - filter 初始化！！！！
2019-10-11 11:42:00.761 [restartedMain] ERROR com.alibaba.druid.pool.DruidDataSource - testWhileIdle is true, validationQuery not set
2019-10-11 11:42:00.774 [restartedMain] INFO  com.alibaba.druid.pool.DruidDataSource - {dataSource-1} inited
2019-10-11 11:42:01.698 [restartedMain] INFO  o.s.scheduling.concurrent.ThreadPoolTaskExecutor - Initializing ExecutorService 'applicationTaskExecutor'
2019-10-11 11:42:01.926 [restartedMain] WARN  org.thymeleaf.templatemode.TemplateMode - [THYMELEAF][restartedMain] Template Mode 'LEGACYHTML5' is deprecated. Using Template Mode 'HTML' instead.
2019-10-11 11:42:01.963 [restartedMain] INFO  o.s.b.a.web.servlet.WelcomePageHandlerMapping - Adding welcome page: class path resource [static/index.html]
2019-10-11 11:42:02.202 [restartedMain] INFO  o.s.scheduling.concurrent.ThreadPoolTaskScheduler - Initializing ExecutorService 'taskScheduler'
2019-10-11 11:42:02.575 [restartedMain] INFO  o.s.b.d.autoconfigure.OptionalLiveReloadServer - LiveReload server is running on port 35729
2019-10-11 11:42:02.618 [restartedMain] INFO  org.apache.coyote.http11.Http11NioProtocol - Starting ProtocolHandler ["http-nio-4099"]
2019-10-11 11:42:02.650 [restartedMain] INFO  o.s.boot.web.embedded.tomcat.TomcatWebServer - Tomcat started on port(s): 4099 (http) with context path ''
2019-10-11 11:42:02.654 [restartedMain] INFO  com.example.demo.DemoApplication - Started DemoApplication in 6.485 seconds (JVM running for 8.17)
2019-10-11 11:42:20.705 [restartedMain] INFO  com.example.demo.DemoApplication - Starting DemoApplication on SST-OCHO with PID 68932 (C:\MrX\springbootDemo\first\mavenDemoForSpringBoot\target\classes started by yxie in C:\MrX\springbootDemo\first\mavenDemoForSpringBoot)
2019-10-11 11:42:20.708 [restartedMain] INFO  com.example.demo.DemoApplication - The following profiles are active: sst
2019-10-11 11:42:20.793 [restartedMain] INFO  o.s.b.d.env.DevToolsPropertyDefaultsPostProcessor - Devtools property defaults active! Set 'spring.devtools.add-properties' to 'false' to disable
2019-10-11 11:42:20.793 [restartedMain] INFO  o.s.b.d.env.DevToolsPropertyDefaultsPostProcessor - For additional web related logging consider setting the 'logging.level.web' property to 'DEBUG'
2019-10-11 11:42:22.014 [restartedMain] INFO  o.s.d.r.config.RepositoryConfigurationDelegate - Multiple Spring Data modules found, entering strict repository configuration mode!
2019-10-11 11:42:22.018 [restartedMain] INFO  o.s.d.r.config.RepositoryConfigurationDelegate - Bootstrapping Spring Data repositories in DEFAULT mode.
2019-10-11 11:42:22.110 [restartedMain] INFO  o.s.d.r.config.RepositoryConfigurationDelegate - Finished Spring Data repository scanning in 78ms. Found 0 repository interfaces.
2019-10-11 11:42:22.595 [restartedMain] INFO  o.s.c.s.PostProcessorRegistrationDelegate$BeanPostProcessorChecker - Bean 'org.springframework.transaction.annotation.ProxyTransactionManagementConfiguration' of type [org.springframework.transaction.annotation.ProxyTransactionManagementConfiguration$$EnhancerBySpringCGLIB$$3a784c94] is not eligible for getting processed by all BeanPostProcessors (for example: not eligible for auto-proxying)
2019-10-11 11:42:23.189 [restartedMain] INFO  o.s.boot.web.embedded.tomcat.TomcatWebServer - Tomcat initialized with port(s): 4099 (http)
2019-10-11 11:42:23.205 [restartedMain] INFO  org.apache.coyote.http11.Http11NioProtocol - Initializing ProtocolHandler ["http-nio-4099"]
2019-10-11 11:42:23.215 [restartedMain] INFO  org.apache.catalina.core.StandardService - Starting service [Tomcat]
2019-10-11 11:42:23.216 [restartedMain] INFO  org.apache.catalina.core.StandardEngine - Starting Servlet engine: [Apache Tomcat/9.0.21]
2019-10-11 11:42:23.361 [restartedMain] INFO  o.a.c.core.ContainerBase.[Tomcat].[localhost].[/] - Initializing Spring embedded WebApplicationContext
2019-10-11 11:42:23.361 [restartedMain] INFO  org.springframework.web.context.ContextLoader - Root WebApplicationContext: initialization completed in 2568 ms
2019-10-11 11:42:23.439 [restartedMain] INFO  com.example.demo.config.filter.CustomFilter - filter 初始化！！！！
2019-10-11 11:42:24.040 [restartedMain] ERROR com.alibaba.druid.pool.DruidDataSource - testWhileIdle is true, validationQuery not set
2019-10-11 11:42:24.053 [restartedMain] INFO  com.alibaba.druid.pool.DruidDataSource - {dataSource-1} inited
2019-10-11 11:42:25.571 [restartedMain] INFO  o.s.scheduling.concurrent.ThreadPoolTaskExecutor - Initializing ExecutorService 'applicationTaskExecutor'
2019-10-11 11:42:25.735 [restartedMain] WARN  org.thymeleaf.templatemode.TemplateMode - [THYMELEAF][restartedMain] Template Mode 'LEGACYHTML5' is deprecated. Using Template Mode 'HTML' instead.
2019-10-11 11:42:25.772 [restartedMain] INFO  o.s.b.a.web.servlet.WelcomePageHandlerMapping - Adding welcome page: class path resource [static/index.html]
2019-10-11 11:42:26.022 [restartedMain] INFO  o.s.scheduling.concurrent.ThreadPoolTaskScheduler - Initializing ExecutorService 'taskScheduler'
2019-10-11 11:42:26.369 [restartedMain] INFO  o.s.b.d.autoconfigure.OptionalLiveReloadServer - LiveReload server is running on port 35729
2019-10-11 11:42:26.405 [restartedMain] INFO  org.apache.coyote.http11.Http11NioProtocol - Starting ProtocolHandler ["http-nio-4099"]
2019-10-11 11:42:26.437 [restartedMain] INFO  o.s.boot.web.embedded.tomcat.TomcatWebServer - Tomcat started on port(s): 4099 (http) with context path ''
2019-10-11 11:42:26.441 [restartedMain] INFO  com.example.demo.DemoApplication - Started DemoApplication in 6.397 seconds (JVM running for 7.179)
2019-10-11 11:42:33.044 [http-nio-4099-exec-1] INFO  com.example.demo.config.listener.Customlister - 监听器：初始化
2019-10-11 11:42:33.053 [http-nio-4099-exec-1] INFO  o.a.c.core.ContainerBase.[Tomcat].[localhost].[/] - Initializing Spring DispatcherServlet 'dispatcherServlet'
2019-10-11 11:42:33.055 [http-nio-4099-exec-1] INFO  org.springframework.web.servlet.DispatcherServlet - Initializing Servlet 'dispatcherServlet'
2019-10-11 11:42:33.067 [http-nio-4099-exec-1] INFO  org.springframework.web.servlet.DispatcherServlet - Completed initialization in 11 ms
2019-10-11 11:42:33.077 [http-nio-4099-exec-1] INFO  com.example.demo.config.filter.CustomFilter - doFilter   请求处理！！！
2019-10-11 11:42:33.086 [http-nio-4099-exec-1] INFO  c.e.d.config.interceptor.CustomHandlerInterceptor - preHandle:请求前调用
