2019-06-29 14:55:51.977 [restartedMain] INFO  com.example.demo.DemoApplication - Starting DemoApplication on SST-OCHO with PID 2756 (C:\MrX\springbootDemo\first\demo\target\classes started by yxie in C:\MrX\springbootDemo\first\demo)
2019-06-29 14:55:51.981 [restartedMain] INFO  com.example.demo.DemoApplication - No active profile set, falling back to default profiles: default
2019-06-29 14:55:52.064 [restartedMain] INFO  o.s.b.d.env.DevToolsPropertyDefaultsPostProcessor - Devtools property defaults active! Set 'spring.devtools.add-properties' to 'false' to disable
2019-06-29 14:55:52.065 [restartedMain] INFO  o.s.b.d.env.DevToolsPropertyDefaultsPostProcessor - For additional web related logging consider setting the 'logging.level.web' property to 'DEBUG'
2019-06-29 14:55:52.787 [restartedMain] INFO  o.s.d.r.config.RepositoryConfigurationDelegate - Multiple Spring Data modules found, entering strict repository configuration mode!
2019-06-29 14:55:52.790 [restartedMain] INFO  o.s.d.r.config.RepositoryConfigurationDelegate - Bootstrapping Spring Data repositories in DEFAULT mode.
2019-06-29 14:55:52.819 [restartedMain] INFO  o.s.d.r.config.RepositoryConfigurationDelegate - Finished Spring Data repository scanning in 17ms. Found 0 repository interfaces.
2019-06-29 14:55:53.181 [restartedMain] INFO  o.s.c.s.PostProcessorRegistrationDelegate$BeanPostProcessorChecker - Bean 'org.springframework.transaction.annotation.ProxyTransactionManagementConfiguration' of type [org.springframework.transaction.annotation.ProxyTransactionManagementConfiguration$$EnhancerBySpringCGLIB$$d45f6ec5] is not eligible for getting processed by all BeanPostProcessors (for example: not eligible for auto-proxying)
2019-06-29 14:55:53.500 [restartedMain] INFO  o.s.boot.web.embedded.tomcat.TomcatWebServer - Tomcat initialized with port(s): 8080 (http)
2019-06-29 14:55:53.514 [restartedMain] INFO  org.apache.coyote.http11.Http11NioProtocol - Initializing ProtocolHandler ["http-nio-8080"]
2019-06-29 14:55:53.524 [restartedMain] INFO  org.apache.catalina.core.StandardService - Starting service [Tomcat]
2019-06-29 14:55:53.524 [restartedMain] INFO  org.apache.catalina.core.StandardEngine - Starting Servlet engine: [Apache Tomcat/9.0.21]
2019-06-29 14:55:53.631 [restartedMain] INFO  o.a.c.core.ContainerBase.[Tomcat].[localhost].[/] - Initializing Spring embedded WebApplicationContext
2019-06-29 14:55:53.631 [restartedMain] INFO  org.springframework.web.context.ContextLoader - Root WebApplicationContext: initialization completed in 1566 ms
2019-06-29 14:55:54.351 [restartedMain] INFO  o.s.scheduling.concurrent.ThreadPoolTaskExecutor - Initializing ExecutorService 'applicationTaskExecutor'
2019-06-29 14:55:54.453 [restartedMain] WARN  org.thymeleaf.templatemode.TemplateMode - [THYMELEAF][restartedMain] Template Mode 'LEGACYHTML5' is deprecated. Using Template Mode 'HTML' instead.
2019-06-29 14:55:54.479 [restartedMain] INFO  o.s.b.a.web.servlet.WelcomePageHandlerMapping - Adding welcome page: class path resource [static/index.html]
2019-06-29 14:55:54.810 [restartedMain] INFO  o.s.b.d.autoconfigure.OptionalLiveReloadServer - LiveReload server is running on port 35729
2019-06-29 14:55:54.843 [restartedMain] INFO  org.apache.coyote.http11.Http11NioProtocol - Starting ProtocolHandler ["http-nio-8080"]
2019-06-29 14:55:54.866 [restartedMain] INFO  o.s.boot.web.embedded.tomcat.TomcatWebServer - Tomcat started on port(s): 8080 (http) with context path ''
2019-06-29 14:55:54.871 [restartedMain] INFO  com.example.demo.DemoApplication - Started DemoApplication in 3.313 seconds (JVM running for 5.015)
2019-06-29 14:56:16.688 [http-nio-8080-exec-1] INFO  o.a.c.core.ContainerBase.[Tomcat].[localhost].[/] - Initializing Spring DispatcherServlet 'dispatcherServlet'
2019-06-29 14:56:16.688 [http-nio-8080-exec-1] INFO  org.springframework.web.servlet.DispatcherServlet - Initializing Servlet 'dispatcherServlet'
2019-06-29 14:56:16.697 [http-nio-8080-exec-1] INFO  org.springframework.web.servlet.DispatcherServlet - Completed initialization in 8 ms
2019-06-29 14:56:28.764 [http-nio-8080-exec-1] ERROR com.alibaba.druid.pool.DruidDataSource - testWhileIdle is true, validationQuery not set
2019-06-29 14:56:28.772 [http-nio-8080-exec-1] INFO  com.alibaba.druid.pool.DruidDataSource - {dataSource-1} inited
2019-06-29 14:57:04.516 [restartedMain] INFO  com.example.demo.DemoApplication - Starting DemoApplication on SST-OCHO with PID 17184 (C:\MrX\springbootDemo\first\demo\target\classes started by yxie in C:\MrX\springbootDemo\first\demo)
2019-06-29 14:57:04.519 [restartedMain] INFO  com.example.demo.DemoApplication - No active profile set, falling back to default profiles: default
2019-06-29 14:57:04.603 [restartedMain] INFO  o.s.b.d.env.DevToolsPropertyDefaultsPostProcessor - Devtools property defaults active! Set 'spring.devtools.add-properties' to 'false' to disable
2019-06-29 14:57:04.603 [restartedMain] INFO  o.s.b.d.env.DevToolsPropertyDefaultsPostProcessor - For additional web related logging consider setting the 'logging.level.web' property to 'DEBUG'
2019-06-29 14:57:05.335 [restartedMain] INFO  o.s.d.r.config.RepositoryConfigurationDelegate - Multiple Spring Data modules found, entering strict repository configuration mode!
2019-06-29 14:57:05.338 [restartedMain] INFO  o.s.d.r.config.RepositoryConfigurationDelegate - Bootstrapping Spring Data repositories in DEFAULT mode.
2019-06-29 14:57:05.367 [restartedMain] INFO  o.s.d.r.config.RepositoryConfigurationDelegate - Finished Spring Data repository scanning in 16ms. Found 0 repository interfaces.
2019-06-29 14:57:05.720 [restartedMain] INFO  o.s.c.s.PostProcessorRegistrationDelegate$BeanPostProcessorChecker - Bean 'org.springframework.transaction.annotation.ProxyTransactionManagementConfiguration' of type [org.springframework.transaction.annotation.ProxyTransactionManagementConfiguration$$EnhancerBySpringCGLIB$$f2a423e4] is not eligible for getting processed by all BeanPostProcessors (for example: not eligible for auto-proxying)
2019-06-29 14:57:06.031 [restartedMain] INFO  o.s.boot.web.embedded.tomcat.TomcatWebServer - Tomcat initialized with port(s): 8080 (http)
2019-06-29 14:57:06.045 [restartedMain] INFO  org.apache.coyote.http11.Http11NioProtocol - Initializing ProtocolHandler ["http-nio-8080"]
2019-06-29 14:57:06.053 [restartedMain] INFO  org.apache.catalina.core.StandardService - Starting service [Tomcat]
2019-06-29 14:57:06.053 [restartedMain] INFO  org.apache.catalina.core.StandardEngine - Starting Servlet engine: [Apache Tomcat/9.0.21]
2019-06-29 14:57:06.158 [restartedMain] INFO  o.a.c.c.ContainerBase.[Tomcat].[localhost].[/aaa] - Initializing Spring embedded WebApplicationContext
2019-06-29 14:57:06.158 [restartedMain] INFO  org.springframework.web.context.ContextLoader - Root WebApplicationContext: initialization completed in 1555 ms
2019-06-29 14:57:06.863 [restartedMain] INFO  o.s.scheduling.concurrent.ThreadPoolTaskExecutor - Initializing ExecutorService 'applicationTaskExecutor'
2019-06-29 14:57:06.966 [restartedMain] WARN  org.thymeleaf.templatemode.TemplateMode - [THYMELEAF][restartedMain] Template Mode 'LEGACYHTML5' is deprecated. Using Template Mode 'HTML' instead.
2019-06-29 14:57:06.991 [restartedMain] INFO  o.s.b.a.web.servlet.WelcomePageHandlerMapping - Adding welcome page: class path resource [static/index.html]
2019-06-29 14:57:07.324 [restartedMain] INFO  o.s.b.d.autoconfigure.OptionalLiveReloadServer - LiveReload server is running on port 35729
2019-06-29 14:57:07.356 [restartedMain] INFO  org.apache.coyote.http11.Http11NioProtocol - Starting ProtocolHandler ["http-nio-8080"]
2019-06-29 14:57:07.378 [restartedMain] INFO  o.s.boot.web.embedded.tomcat.TomcatWebServer - Tomcat started on port(s): 8080 (http) with context path '/aaa'
2019-06-29 14:57:07.382 [restartedMain] INFO  com.example.demo.DemoApplication - Started DemoApplication in 3.283 seconds (JVM running for 4.954)
2019-06-29 14:57:29.231 [http-nio-8080-exec-3] INFO  o.a.c.c.ContainerBase.[Tomcat].[localhost].[/aaa] - Initializing Spring DispatcherServlet 'dispatcherServlet'
2019-06-29 14:57:29.233 [http-nio-8080-exec-3] INFO  org.springframework.web.servlet.DispatcherServlet - Initializing Servlet 'dispatcherServlet'
2019-06-29 14:57:29.241 [http-nio-8080-exec-3] INFO  org.springframework.web.servlet.DispatcherServlet - Completed initialization in 7 ms
2019-06-29 14:57:29.319 [http-nio-8080-exec-3] ERROR com.alibaba.druid.pool.DruidDataSource - testWhileIdle is true, validationQuery not set
2019-06-29 14:57:29.328 [http-nio-8080-exec-3] INFO  com.alibaba.druid.pool.DruidDataSource - {dataSource-1} inited
2019-06-29 14:57:42.876 [restartedMain] INFO  com.example.demo.DemoApplication - Starting DemoApplication on SST-OCHO with PID 4536 (C:\MrX\springbootDemo\first\demo\target\classes started by yxie in C:\MrX\springbootDemo\first\demo)
2019-06-29 14:57:42.879 [restartedMain] INFO  com.example.demo.DemoApplication - No active profile set, falling back to default profiles: default
2019-06-29 14:57:42.961 [restartedMain] INFO  o.s.b.d.env.DevToolsPropertyDefaultsPostProcessor - Devtools property defaults active! Set 'spring.devtools.add-properties' to 'false' to disable
2019-06-29 14:57:42.961 [restartedMain] INFO  o.s.b.d.env.DevToolsPropertyDefaultsPostProcessor - For additional web related logging consider setting the 'logging.level.web' property to 'DEBUG'
2019-06-29 14:57:43.685 [restartedMain] INFO  o.s.d.r.config.RepositoryConfigurationDelegate - Multiple Spring Data modules found, entering strict repository configuration mode!
2019-06-29 14:57:43.688 [restartedMain] INFO  o.s.d.r.config.RepositoryConfigurationDelegate - Bootstrapping Spring Data repositories in DEFAULT mode.
2019-06-29 14:57:43.716 [restartedMain] INFO  o.s.d.r.config.RepositoryConfigurationDelegate - Finished Spring Data repository scanning in 16ms. Found 0 repository interfaces.
2019-06-29 14:57:44.064 [restartedMain] INFO  o.s.c.s.PostProcessorRegistrationDelegate$BeanPostProcessorChecker - Bean 'org.springframework.transaction.annotation.ProxyTransactionManagementConfiguration' of type [org.springframework.transaction.annotation.ProxyTransactionManagementConfiguration$$EnhancerBySpringCGLIB$$73baa602] is not eligible for getting processed by all BeanPostProcessors (for example: not eligible for auto-proxying)
2019-06-29 14:57:44.373 [restartedMain] INFO  o.s.boot.web.embedded.tomcat.TomcatWebServer - Tomcat initialized with port(s): 8080 (http)
2019-06-29 14:57:44.386 [restartedMain] INFO  org.apache.coyote.http11.Http11NioProtocol - Initializing ProtocolHandler ["http-nio-8080"]
2019-06-29 14:57:44.393 [restartedMain] INFO  org.apache.catalina.core.StandardService - Starting service [Tomcat]
2019-06-29 14:57:44.393 [restartedMain] INFO  org.apache.catalina.core.StandardEngine - Starting Servlet engine: [Apache Tomcat/9.0.21]
2019-06-29 14:57:44.497 [restartedMain] INFO  o.a.c.core.ContainerBase.[Tomcat].[localhost].[/] - Initializing Spring embedded WebApplicationContext
2019-06-29 14:57:44.497 [restartedMain] INFO  org.springframework.web.context.ContextLoader - Root WebApplicationContext: initialization completed in 1535 ms
2019-06-29 14:57:45.208 [restartedMain] INFO  o.s.scheduling.concurrent.ThreadPoolTaskExecutor - Initializing ExecutorService 'applicationTaskExecutor'
2019-06-29 14:57:45.306 [restartedMain] WARN  org.thymeleaf.templatemode.TemplateMode - [THYMELEAF][restartedMain] Template Mode 'LEGACYHTML5' is deprecated. Using Template Mode 'HTML' instead.
2019-06-29 14:57:45.330 [restartedMain] INFO  o.s.b.a.web.servlet.WelcomePageHandlerMapping - Adding welcome page: class path resource [static/index.html]
2019-06-29 14:57:45.662 [restartedMain] INFO  o.s.b.d.autoconfigure.OptionalLiveReloadServer - LiveReload server is running on port 35729
2019-06-29 14:57:45.694 [restartedMain] INFO  org.apache.coyote.http11.Http11NioProtocol - Starting ProtocolHandler ["http-nio-8080"]
2019-06-29 14:57:45.717 [restartedMain] INFO  o.s.boot.web.embedded.tomcat.TomcatWebServer - Tomcat started on port(s): 8080 (http) with context path ''
2019-06-29 14:57:45.720 [restartedMain] INFO  com.example.demo.DemoApplication - Started DemoApplication in 3.257 seconds (JVM running for 4.96)
