2019-12-17 19:06:19.199 [main] INFO  o.s.b.t.context.SpringBootTestContextBootstrapper - Neither @ContextConfiguration nor @ContextHierarchy found for test class [com.example.demo.test.MqTest], using SpringBootContextLoader
2019-12-17 19:06:19.207 [main] INFO  o.s.test.context.support.AbstractContextLoader - Could not detect default resource locations for test class [com.example.demo.test.MqTest]: no resource found for suffixes {-context.xml, Context.groovy}.
2019-12-17 19:06:19.208 [main] INFO  o.s.t.c.support.AnnotationConfigContextLoaderUtils - Could not detect default configuration classes for test class [com.example.demo.test.MqTest]: MqTest does not declare any static, non-private, non-final, nested classes annotated with @Configuration.
2019-12-17 19:06:19.513 [main] INFO  o.s.b.t.context.SpringBootTestContextBootstrapper - Found @SpringBootConfiguration com.example.demo.DemoApplication for test class com.example.demo.test.MqTest
2019-12-17 19:06:19.716 [main] INFO  o.s.b.t.context.SpringBootTestContextBootstrapper - Loaded default TestExecutionListener class names from location [META-INF/spring.factories]: [org.springframework.boot.test.mock.mockito.MockitoTestExecutionListener, org.springframework.boot.test.mock.mockito.ResetMocksTestExecutionListener, org.springframework.boot.test.autoconfigure.restdocs.RestDocsTestExecutionListener, org.springframework.boot.test.autoconfigure.web.client.MockRestServiceServerResetTestExecutionListener, org.springframework.boot.test.autoconfigure.web.servlet.MockMvcPrintOnlyOnFailureTestExecutionListener, org.springframework.boot.test.autoconfigure.web.servlet.WebDriverTestExecutionListener, org.springframework.test.context.web.ServletTestExecutionListener, org.springframework.test.context.support.DirtiesContextBeforeModesTestExecutionListener, org.springframework.test.context.support.DependencyInjectionTestExecutionListener, org.springframework.test.context.support.DirtiesContextTestExecutionListener, org.springframework.test.context.transaction.TransactionalTestExecutionListener, org.springframework.test.context.jdbc.SqlScriptsTestExecutionListener]
2019-12-17 19:06:19.752 [main] INFO  o.s.b.t.context.SpringBootTestContextBootstrapper - Using TestExecutionListeners: [org.springframework.test.context.web.ServletTestExecutionListener@10d307f1, org.springframework.test.context.support.DirtiesContextBeforeModesTestExecutionListener@4d5b6aac, org.springframework.boot.test.mock.mockito.MockitoTestExecutionListener@3e84448c, org.springframework.boot.test.autoconfigure.SpringBootDependencyInjectionTestExecutionListener@4a7f959b, org.springframework.test.context.support.DirtiesContextTestExecutionListener@429bffaa, org.springframework.test.context.transaction.TransactionalTestExecutionListener@5403f35f, org.springframework.test.context.jdbc.SqlScriptsTestExecutionListener@483f6d77, org.springframework.boot.test.mock.mockito.ResetMocksTestExecutionListener@7e5afaa6, org.springframework.boot.test.autoconfigure.restdocs.RestDocsTestExecutionListener@63a12c68, org.springframework.boot.test.autoconfigure.web.client.MockRestServiceServerResetTestExecutionListener@28f3b248, org.springframework.boot.test.autoconfigure.web.servlet.MockMvcPrintOnlyOnFailureTestExecutionListener@1b1426f4, org.springframework.boot.test.autoconfigure.web.servlet.WebDriverTestExecutionListener@32b260fa]
2019-12-17 19:06:20.311 [main] INFO  com.example.demo.test.MqTest - Starting MqTest on SST-OCHO with PID 8904 (started by yxie in C:\MrX\springbootDemo\first\mavenDemoForSpringBoot)
2019-12-17 19:06:20.311 [main] INFO  com.example.demo.test.MqTest - The following profiles are active: mq
2019-12-17 19:06:24.044 [main] WARN  org.mybatis.spring.mapper.ClassPathMapperScanner - Skipping MapperFactoryBean with name 'countryPostalCodeDao' and 'com.example.demo.dao.CountryPostalCodeDao' mapperInterface. Bean already defined with the same name!
2019-12-17 19:06:24.045 [main] WARN  org.mybatis.spring.mapper.ClassPathMapperScanner - Skipping MapperFactoryBean with name 'mpUserMapper' and 'com.example.demo.dao.MpUserMapper' mapperInterface. Bean already defined with the same name!
2019-12-17 19:06:24.046 [main] WARN  org.mybatis.spring.mapper.ClassPathMapperScanner - Skipping MapperFactoryBean with name 'shippingCostAreaDao' and 'com.example.demo.dao.ShippingCostAreaDao' mapperInterface. Bean already defined with the same name!
2019-12-17 19:06:24.046 [main] WARN  org.mybatis.spring.mapper.ClassPathMapperScanner - Skipping MapperFactoryBean with name 'shippingCostCrawlerDao' and 'com.example.demo.dao.ShippingCostCrawlerDao' mapperInterface. Bean already defined with the same name!
2019-12-17 19:06:24.046 [main] WARN  org.mybatis.spring.mapper.ClassPathMapperScanner - Skipping MapperFactoryBean with name 'sysUserDao' and 'com.example.demo.dao.SysUserDao' mapperInterface. Bean already defined with the same name!
2019-12-17 19:06:24.046 [main] WARN  org.mybatis.spring.mapper.ClassPathMapperScanner - Skipping MapperFactoryBean with name 'userMapper' and 'com.example.demo.dao.UserMapper' mapperInterface. Bean already defined with the same name!
2019-12-17 19:06:24.047 [main] WARN  org.mybatis.spring.mapper.ClassPathMapperScanner - No MyBatis mapper was found in '[com.example.demo.dao]' package. Please check your configuration.
2019-12-17 19:06:24.284 [main] INFO  o.s.d.r.config.RepositoryConfigurationDelegate - Multiple Spring Data modules found, entering strict repository configuration mode!
2019-12-17 19:06:24.290 [main] INFO  o.s.d.r.config.RepositoryConfigurationDelegate - Bootstrapping Spring Data repositories in DEFAULT mode.
2019-12-17 19:06:24.411 [main] INFO  o.s.d.r.config.RepositoryConfigurationDelegate - Finished Spring Data repository scanning in 93ms. Found 0 repository interfaces.
2019-12-17 19:06:25.044 [main] INFO  o.s.c.s.PostProcessorRegistrationDelegate$BeanPostProcessorChecker - Bean 'org.springframework.transaction.annotation.ProxyTransactionManagementConfiguration' of type [org.springframework.transaction.annotation.ProxyTransactionManagementConfiguration$$EnhancerBySpringCGLIB$$bffb7e7e] is not eligible for getting processed by all BeanPostProcessors (for example: not eligible for auto-proxying)
2019-12-17 19:06:26.017 [main] INFO  com.alibaba.druid.pool.DruidDataSource - {dataSource-1} inited
2019-12-17 19:06:26.382 [main] WARN  c.b.mybatisplus.core.toolkit.TableInfoHelper - Warn: Could not find @TableId in Class: com.example.demo.entity.CountryPostalCode.
2019-12-17 19:06:27.974 [main] INFO  o.s.scheduling.concurrent.ThreadPoolTaskExecutor - Initializing ExecutorService 'applicationTaskExecutor'
2019-12-17 19:06:28.249 [main] WARN  org.thymeleaf.templatemode.TemplateMode - [THYMELEAF][main] Template Mode 'LEGACYHTML5' is deprecated. Using Template Mode 'HTML' instead.
2019-12-17 19:06:28.337 [main] INFO  o.s.b.a.web.servlet.WelcomePageHandlerMapping - Adding welcome page: class path resource [static/index.html]
2019-12-17 19:06:28.792 [main] INFO  o.s.scheduling.concurrent.ThreadPoolTaskScheduler - Initializing ExecutorService 'taskScheduler'
2019-12-17 19:06:28.922 [main] INFO  com.example.demo.test.MqTest - Started MqTest in 9.098 seconds (JVM running for 10.84)
2019-12-17 19:06:29.290 [Thread-3] INFO  o.s.scheduling.concurrent.ThreadPoolTaskScheduler - Shutting down ExecutorService 'taskScheduler'
2019-12-17 19:06:29.291 [Thread-3] INFO  o.s.scheduling.concurrent.ThreadPoolTaskExecutor - Shutting down ExecutorService 'applicationTaskExecutor'
2019-12-17 19:06:29.303 [Thread-3] INFO  com.alibaba.druid.pool.DruidDataSource - {dataSource-1} closed
2019-12-17 19:07:40.869 [main] INFO  o.s.b.t.context.SpringBootTestContextBootstrapper - Neither @ContextConfiguration nor @ContextHierarchy found for test class [com.example.demo.test.MqTest], using SpringBootContextLoader
2019-12-17 19:07:40.877 [main] INFO  o.s.test.context.support.AbstractContextLoader - Could not detect default resource locations for test class [com.example.demo.test.MqTest]: no resource found for suffixes {-context.xml, Context.groovy}.
2019-12-17 19:07:40.879 [main] INFO  o.s.t.c.support.AnnotationConfigContextLoaderUtils - Could not detect default configuration classes for test class [com.example.demo.test.MqTest]: MqTest does not declare any static, non-private, non-final, nested classes annotated with @Configuration.
2019-12-17 19:07:41.071 [main] INFO  o.s.b.t.context.SpringBootTestContextBootstrapper - Found @SpringBootConfiguration com.example.demo.DemoApplication for test class com.example.demo.test.MqTest
2019-12-17 19:07:41.247 [main] INFO  o.s.b.t.context.SpringBootTestContextBootstrapper - Loaded default TestExecutionListener class names from location [META-INF/spring.factories]: [org.springframework.boot.test.mock.mockito.MockitoTestExecutionListener, org.springframework.boot.test.mock.mockito.ResetMocksTestExecutionListener, org.springframework.boot.test.autoconfigure.restdocs.RestDocsTestExecutionListener, org.springframework.boot.test.autoconfigure.web.client.MockRestServiceServerResetTestExecutionListener, org.springframework.boot.test.autoconfigure.web.servlet.MockMvcPrintOnlyOnFailureTestExecutionListener, org.springframework.boot.test.autoconfigure.web.servlet.WebDriverTestExecutionListener, org.springframework.test.context.web.ServletTestExecutionListener, org.springframework.test.context.support.DirtiesContextBeforeModesTestExecutionListener, org.springframework.test.context.support.DependencyInjectionTestExecutionListener, org.springframework.test.context.support.DirtiesContextTestExecutionListener, org.springframework.test.context.transaction.TransactionalTestExecutionListener, org.springframework.test.context.jdbc.SqlScriptsTestExecutionListener]
2019-12-17 19:07:41.270 [main] INFO  o.s.b.t.context.SpringBootTestContextBootstrapper - Using TestExecutionListeners: [org.springframework.test.context.web.ServletTestExecutionListener@10d307f1, org.springframework.test.context.support.DirtiesContextBeforeModesTestExecutionListener@4d5b6aac, org.springframework.boot.test.mock.mockito.MockitoTestExecutionListener@3e84448c, org.springframework.boot.test.autoconfigure.SpringBootDependencyInjectionTestExecutionListener@4a7f959b, org.springframework.test.context.support.DirtiesContextTestExecutionListener@429bffaa, org.springframework.test.context.transaction.TransactionalTestExecutionListener@5403f35f, org.springframework.test.context.jdbc.SqlScriptsTestExecutionListener@483f6d77, org.springframework.boot.test.mock.mockito.ResetMocksTestExecutionListener@7e5afaa6, org.springframework.boot.test.autoconfigure.restdocs.RestDocsTestExecutionListener@63a12c68, org.springframework.boot.test.autoconfigure.web.client.MockRestServiceServerResetTestExecutionListener@28f3b248, org.springframework.boot.test.autoconfigure.web.servlet.MockMvcPrintOnlyOnFailureTestExecutionListener@1b1426f4, org.springframework.boot.test.autoconfigure.web.servlet.WebDriverTestExecutionListener@32b260fa]
2019-12-17 19:07:41.773 [main] INFO  com.example.demo.test.MqTest - Starting MqTest on SST-OCHO with PID 3608 (started by yxie in C:\MrX\springbootDemo\first\mavenDemoForSpringBoot)
2019-12-17 19:07:41.774 [main] INFO  com.example.demo.test.MqTest - The following profiles are active: mq
2019-12-17 19:07:43.282 [main] WARN  org.mybatis.spring.mapper.ClassPathMapperScanner - Skipping MapperFactoryBean with name 'countryPostalCodeDao' and 'com.example.demo.dao.CountryPostalCodeDao' mapperInterface. Bean already defined with the same name!
2019-12-17 19:07:43.282 [main] WARN  org.mybatis.spring.mapper.ClassPathMapperScanner - Skipping MapperFactoryBean with name 'mpUserMapper' and 'com.example.demo.dao.MpUserMapper' mapperInterface. Bean already defined with the same name!
2019-12-17 19:07:43.284 [main] WARN  org.mybatis.spring.mapper.ClassPathMapperScanner - Skipping MapperFactoryBean with name 'shippingCostAreaDao' and 'com.example.demo.dao.ShippingCostAreaDao' mapperInterface. Bean already defined with the same name!
2019-12-17 19:07:43.284 [main] WARN  org.mybatis.spring.mapper.ClassPathMapperScanner - Skipping MapperFactoryBean with name 'shippingCostCrawlerDao' and 'com.example.demo.dao.ShippingCostCrawlerDao' mapperInterface. Bean already defined with the same name!
2019-12-17 19:07:43.284 [main] WARN  org.mybatis.spring.mapper.ClassPathMapperScanner - Skipping MapperFactoryBean with name 'sysUserDao' and 'com.example.demo.dao.SysUserDao' mapperInterface. Bean already defined with the same name!
2019-12-17 19:07:43.284 [main] WARN  org.mybatis.spring.mapper.ClassPathMapperScanner - Skipping MapperFactoryBean with name 'userMapper' and 'com.example.demo.dao.UserMapper' mapperInterface. Bean already defined with the same name!
2019-12-17 19:07:43.286 [main] WARN  org.mybatis.spring.mapper.ClassPathMapperScanner - No MyBatis mapper was found in '[com.example.demo.dao]' package. Please check your configuration.
2019-12-17 19:07:43.555 [main] INFO  o.s.d.r.config.RepositoryConfigurationDelegate - Multiple Spring Data modules found, entering strict repository configuration mode!
2019-12-17 19:07:43.563 [main] INFO  o.s.d.r.config.RepositoryConfigurationDelegate - Bootstrapping Spring Data repositories in DEFAULT mode.
2019-12-17 19:07:43.691 [main] INFO  o.s.d.r.config.RepositoryConfigurationDelegate - Finished Spring Data repository scanning in 105ms. Found 0 repository interfaces.
2019-12-17 19:07:44.370 [main] INFO  o.s.c.s.PostProcessorRegistrationDelegate$BeanPostProcessorChecker - Bean 'org.springframework.transaction.annotation.ProxyTransactionManagementConfiguration' of type [org.springframework.transaction.annotation.ProxyTransactionManagementConfiguration$$EnhancerBySpringCGLIB$$796087ab] is not eligible for getting processed by all BeanPostProcessors (for example: not eligible for auto-proxying)
2019-12-17 19:07:45.193 [main] INFO  com.alibaba.druid.pool.DruidDataSource - {dataSource-1} inited
2019-12-17 19:07:45.548 [main] WARN  c.b.mybatisplus.core.toolkit.TableInfoHelper - Warn: Could not find @TableId in Class: com.example.demo.entity.CountryPostalCode.
2019-12-17 19:07:47.642 [main] INFO  o.s.scheduling.concurrent.ThreadPoolTaskExecutor - Initializing ExecutorService 'applicationTaskExecutor'
2019-12-17 19:07:47.935 [main] WARN  org.thymeleaf.templatemode.TemplateMode - [THYMELEAF][main] Template Mode 'LEGACYHTML5' is deprecated. Using Template Mode 'HTML' instead.
2019-12-17 19:07:48.021 [main] INFO  o.s.b.a.web.servlet.WelcomePageHandlerMapping - Adding welcome page: class path resource [static/index.html]
2019-12-17 19:07:48.746 [main] INFO  o.s.scheduling.concurrent.ThreadPoolTaskScheduler - Initializing ExecutorService 'taskScheduler'
2019-12-17 19:07:48.974 [main] INFO  com.example.demo.test.MqTest - Started MqTest in 7.618 seconds (JVM running for 9.035)
2019-12-17 19:07:49.289 [main] INFO  o.s.a.rabbit.connection.CachingConnectionFactory - Attempting to connect to: [127.0.0.1:5672]
2019-12-17 19:07:49.382 [main] INFO  o.s.a.rabbit.connection.CachingConnectionFactory - Created new connection: rabbitConnectionFactory#1b13467c:0/SimpleConnection@1c74d19 [delegate=amqp://root@127.0.0.1:5672//order, localPort= 49361]
2019-12-17 19:07:49.437 [Thread-3] INFO  o.s.scheduling.concurrent.ThreadPoolTaskScheduler - Shutting down ExecutorService 'taskScheduler'
2019-12-17 19:07:49.438 [Thread-3] INFO  o.s.scheduling.concurrent.ThreadPoolTaskExecutor - Shutting down ExecutorService 'applicationTaskExecutor'
2019-12-17 19:07:49.460 [Thread-3] INFO  com.alibaba.druid.pool.DruidDataSource - {dataSource-1} closed
2019-12-17 19:33:49.645 [main] INFO  o.s.b.t.context.SpringBootTestContextBootstrapper - Neither @ContextConfiguration nor @ContextHierarchy found for test class [com.example.demo.test.MqTest], using SpringBootContextLoader
2019-12-17 19:33:49.656 [main] INFO  o.s.test.context.support.AbstractContextLoader - Could not detect default resource locations for test class [com.example.demo.test.MqTest]: no resource found for suffixes {-context.xml, Context.groovy}.
2019-12-17 19:33:49.658 [main] INFO  o.s.t.c.support.AnnotationConfigContextLoaderUtils - Could not detect default configuration classes for test class [com.example.demo.test.MqTest]: MqTest does not declare any static, non-private, non-final, nested classes annotated with @Configuration.
2019-12-17 19:33:58.874 [restartedMain] INFO  com.example.demo.DemoApplication - Starting DemoApplication on SST-OCHO with PID 3368 (C:\MrX\springbootDemo\first\mavenDemoForSpringBoot\target\classes started by yxie in C:\MrX\springbootDemo\first\mavenDemoForSpringBoot)
2019-12-17 19:33:58.877 [restartedMain] INFO  com.example.demo.DemoApplication - The following profiles are active: mq
2019-12-17 19:33:58.971 [restartedMain] INFO  o.s.b.d.env.DevToolsPropertyDefaultsPostProcessor - Devtools property defaults active! Set 'spring.devtools.add-properties' to 'false' to disable
2019-12-17 19:33:58.971 [restartedMain] INFO  o.s.b.d.env.DevToolsPropertyDefaultsPostProcessor - For additional web related logging consider setting the 'logging.level.web' property to 'DEBUG'
2019-12-17 19:33:59.753 [restartedMain] WARN  org.mybatis.spring.mapper.ClassPathMapperScanner - Skipping MapperFactoryBean with name 'countryPostalCodeDao' and 'com.example.demo.dao.CountryPostalCodeDao' mapperInterface. Bean already defined with the same name!
2019-12-17 19:33:59.754 [restartedMain] WARN  org.mybatis.spring.mapper.ClassPathMapperScanner - Skipping MapperFactoryBean with name 'mpUserMapper' and 'com.example.demo.dao.MpUserMapper' mapperInterface. Bean already defined with the same name!
2019-12-17 19:33:59.754 [restartedMain] WARN  org.mybatis.spring.mapper.ClassPathMapperScanner - Skipping MapperFactoryBean with name 'shippingCostAreaDao' and 'com.example.demo.dao.ShippingCostAreaDao' mapperInterface. Bean already defined with the same name!
2019-12-17 19:33:59.754 [restartedMain] WARN  org.mybatis.spring.mapper.ClassPathMapperScanner - Skipping MapperFactoryBean with name 'shippingCostCrawlerDao' and 'com.example.demo.dao.ShippingCostCrawlerDao' mapperInterface. Bean already defined with the same name!
2019-12-17 19:33:59.755 [restartedMain] WARN  org.mybatis.spring.mapper.ClassPathMapperScanner - Skipping MapperFactoryBean with name 'sysUserDao' and 'com.example.demo.dao.SysUserDao' mapperInterface. Bean already defined with the same name!
2019-12-17 19:33:59.755 [restartedMain] WARN  org.mybatis.spring.mapper.ClassPathMapperScanner - Skipping MapperFactoryBean with name 'userMapper' and 'com.example.demo.dao.UserMapper' mapperInterface. Bean already defined with the same name!
2019-12-17 19:33:59.755 [restartedMain] WARN  org.mybatis.spring.mapper.ClassPathMapperScanner - No MyBatis mapper was found in '[com.example.demo.dao]' package. Please check your configuration.
2019-12-17 19:33:59.949 [restartedMain] INFO  o.s.d.r.config.RepositoryConfigurationDelegate - Multiple Spring Data modules found, entering strict repository configuration mode!
2019-12-17 19:33:59.951 [restartedMain] INFO  o.s.d.r.config.RepositoryConfigurationDelegate - Bootstrapping Spring Data repositories in DEFAULT mode.
2019-12-17 19:34:00.049 [restartedMain] INFO  o.s.d.r.config.RepositoryConfigurationDelegate - Finished Spring Data repository scanning in 82ms. Found 0 repository interfaces.
2019-12-17 19:34:00.435 [restartedMain] INFO  o.s.c.s.PostProcessorRegistrationDelegate$BeanPostProcessorChecker - Bean 'org.springframework.transaction.annotation.ProxyTransactionManagementConfiguration' of type [org.springframework.transaction.annotation.ProxyTransactionManagementConfiguration$$EnhancerBySpringCGLIB$$f899c78e] is not eligible for getting processed by all BeanPostProcessors (for example: not eligible for auto-proxying)
2019-12-17 19:34:00.799 [restartedMain] INFO  o.s.boot.web.embedded.tomcat.TomcatWebServer - Tomcat initialized with port(s): 8081 (http)
2019-12-17 19:34:00.822 [restartedMain] INFO  org.apache.coyote.http11.Http11NioProtocol - Initializing ProtocolHandler ["http-nio-8081"]
2019-12-17 19:34:00.836 [restartedMain] INFO  org.apache.catalina.core.StandardService - Starting service [Tomcat]
2019-12-17 19:34:00.836 [restartedMain] INFO  org.apache.catalina.core.StandardEngine - Starting Servlet engine: [Apache Tomcat/9.0.21]
2019-12-17 19:34:01.013 [restartedMain] INFO  o.a.c.core.ContainerBase.[Tomcat].[localhost].[/] - Initializing Spring embedded WebApplicationContext
2019-12-17 19:34:01.013 [restartedMain] INFO  org.springframework.web.context.ContextLoader - Root WebApplicationContext: initialization completed in 2042 ms
2019-12-17 19:34:01.075 [restartedMain] INFO  com.example.demo.config.filter.CustomFilter - filter 初始化！！！！
2019-12-17 19:34:01.451 [restartedMain] INFO  com.alibaba.druid.pool.DruidDataSource - {dataSource-1} inited
2019-12-17 19:34:01.642 [restartedMain] WARN  c.b.mybatisplus.core.toolkit.TableInfoHelper - Warn: Could not find @TableId in Class: com.example.demo.entity.CountryPostalCode.
2019-12-17 19:34:02.131 [restartedMain] INFO  o.s.scheduling.concurrent.ThreadPoolTaskExecutor - Initializing ExecutorService 'applicationTaskExecutor'
2019-12-17 19:34:02.253 [restartedMain] WARN  org.thymeleaf.templatemode.TemplateMode - [THYMELEAF][restartedMain] Template Mode 'LEGACYHTML5' is deprecated. Using Template Mode 'HTML' instead.
2019-12-17 19:34:02.280 [restartedMain] INFO  o.s.b.a.web.servlet.WelcomePageHandlerMapping - Adding welcome page: class path resource [static/index.html]
2019-12-17 19:34:02.505 [restartedMain] INFO  o.s.scheduling.concurrent.ThreadPoolTaskScheduler - Initializing ExecutorService 'taskScheduler'
2019-12-17 19:34:02.637 [restartedMain] INFO  o.s.b.d.autoconfigure.OptionalLiveReloadServer - LiveReload server is running on port 35729
2019-12-17 19:34:02.734 [restartedMain] INFO  o.s.a.rabbit.connection.CachingConnectionFactory - Attempting to connect to: [127.0.0.1:5672]
2019-12-17 19:34:02.768 [restartedMain] INFO  o.s.a.rabbit.connection.CachingConnectionFactory - Created new connection: rabbitConnectionFactory#29d0b5f5:0/SimpleConnection@7541b067 [delegate=amqp://root@127.0.0.1:5672//order, localPort= 53491]
2019-12-17 19:34:02.801 [AMQP Connection 127.0.0.1:5672] ERROR o.s.a.rabbit.connection.CachingConnectionFactory - Channel shutdown: channel error; protocol method: #method<channel.close>(reply-code=406, reply-text=PRECONDITION_FAILED - inequivalent arg 'x-queue-type' for queue 'order.queue' in vhost '/order': received none but current is the value 'classic' of type 'longstr', class-id=50, method-id=10)
2019-12-17 19:34:03.807 [AMQP Connection 127.0.0.1:5672] ERROR o.s.a.rabbit.connection.CachingConnectionFactory - Channel shutdown: channel error; protocol method: #method<channel.close>(reply-code=406, reply-text=PRECONDITION_FAILED - inequivalent arg 'x-queue-type' for queue 'order.queue' in vhost '/order': received none but current is the value 'classic' of type 'longstr', class-id=50, method-id=10)
2019-12-17 19:34:05.812 [AMQP Connection 127.0.0.1:5672] ERROR o.s.a.rabbit.connection.CachingConnectionFactory - Channel shutdown: channel error; protocol method: #method<channel.close>(reply-code=406, reply-text=PRECONDITION_FAILED - inequivalent arg 'x-queue-type' for queue 'order.queue' in vhost '/order': received none but current is the value 'classic' of type 'longstr', class-id=50, method-id=10)
2019-12-17 19:34:09.817 [AMQP Connection 127.0.0.1:5672] ERROR o.s.a.rabbit.connection.CachingConnectionFactory - Channel shutdown: channel error; protocol method: #method<channel.close>(reply-code=406, reply-text=PRECONDITION_FAILED - inequivalent arg 'x-queue-type' for queue 'order.queue' in vhost '/order': received none but current is the value 'classic' of type 'longstr', class-id=50, method-id=10)
2019-12-17 19:34:14.820 [AMQP Connection 127.0.0.1:5672] ERROR o.s.a.rabbit.connection.CachingConnectionFactory - Channel shutdown: channel error; protocol method: #method<channel.close>(reply-code=406, reply-text=PRECONDITION_FAILED - inequivalent arg 'x-queue-type' for queue 'order.queue' in vhost '/order': received none but current is the value 'classic' of type 'longstr', class-id=50, method-id=10)
2019-12-17 19:34:14.822 [restartedMain] INFO  o.s.a.r.listener.SimpleMessageListenerContainer - Broker not available; cannot force queue declarations during start: java.io.IOException
2019-12-17 19:34:14.855 [restartedMain] INFO  org.apache.coyote.http11.Http11NioProtocol - Starting ProtocolHandler ["http-nio-8081"]
2019-12-17 19:34:14.857 [AMQP Connection 127.0.0.1:5672] ERROR o.s.a.rabbit.connection.CachingConnectionFactory - Channel shutdown: channel error; protocol method: #method<channel.close>(reply-code=406, reply-text=PRECONDITION_FAILED - unknown delivery tag 1, class-id=60, method-id=80)
2019-12-17 19:34:14.882 [restartedMain] INFO  o.s.boot.web.embedded.tomcat.TomcatWebServer - Tomcat started on port(s): 8081 (http) with context path ''
2019-12-17 19:34:14.886 [restartedMain] INFO  com.example.demo.DemoApplication - Started DemoApplication in 16.539 seconds (JVM running for 17.744)
2019-12-17 19:34:15.860 [org.springframework.amqp.rabbit.RabbitListenerEndpointContainer#0-1] INFO  o.s.a.r.listener.SimpleMessageListenerContainer - Restarting Consumer@50bfcc7c: tags=[[amq.ctag-Ny4_TXcKpETkvA7HLA6wQA]], channel=Cached Rabbit Channel: AMQChannel(amqp://root@127.0.0.1:5672//order,1), conn: Proxy@6576b8b8 Shared Rabbit Connection: SimpleConnection@7541b067 [delegate=amqp://root@127.0.0.1:5672//order, localPort= 53491], acknowledgeMode=AUTO local queue size=0
2019-12-17 19:35:12.748 [org.springframework.amqp.rabbit.RabbitListenerEndpointContainer#0-2] WARN  o.s.a.r.listener.ConditionalRejectingErrorHandler - Execution of Rabbit message listener failed.
org.springframework.amqp.rabbit.listener.exception.ListenerExecutionFailedException: Listener method could not be invoked with the incoming message
Endpoint handler details:
Method [public void com.example.demo.mq.consumer.ReceiverTest.onOrderMessage(com.example.demo.entity.MpUser,java.util.Map<java.lang.String, java.lang.Object>,com.rabbitmq.client.Channel) throws java.io.IOException]
Bean [com.example.demo.mq.consumer.ReceiverTest@3e5fb06a]
	at org.springframework.amqp.rabbit.listener.adapter.MessagingMessageListenerAdapter.invokeHandler(MessagingMessageListenerAdapter.java:199)
	at org.springframework.amqp.rabbit.listener.adapter.MessagingMessageListenerAdapter.onMessage(MessagingMessageListenerAdapter.java:129)
	at org.springframework.amqp.rabbit.listener.AbstractMessageListenerContainer.doInvokeListener(AbstractMessageListenerContainer.java:1552)
	at org.springframework.amqp.rabbit.listener.AbstractMessageListenerContainer.actualInvokeListener(AbstractMessageListenerContainer.java:1478)
	at org.springframework.amqp.rabbit.listener.AbstractMessageListenerContainer.invokeListener(AbstractMessageListenerContainer.java:1466)
	at org.springframework.amqp.rabbit.listener.AbstractMessageListenerContainer.doExecuteListener(AbstractMessageListenerContainer.java:1461)
	at org.springframework.amqp.rabbit.listener.AbstractMessageListenerContainer.executeListener(AbstractMessageListenerContainer.java:1410)
	at org.springframework.amqp.rabbit.listener.SimpleMessageListenerContainer.doReceiveAndExecute(SimpleMessageListenerContainer.java:870)
	at org.springframework.amqp.rabbit.listener.SimpleMessageListenerContainer.receiveAndExecute(SimpleMessageListenerContainer.java:854)
	at org.springframework.amqp.rabbit.listener.SimpleMessageListenerContainer.access$1600(SimpleMessageListenerContainer.java:78)
	at org.springframework.amqp.rabbit.listener.SimpleMessageListenerContainer$AsyncMessageProcessingConsumer.mainLoop(SimpleMessageListenerContainer.java:1137)
	at org.springframework.amqp.rabbit.listener.SimpleMessageListenerContainer$AsyncMessageProcessingConsumer.run(SimpleMessageListenerContainer.java:1043)
	at java.lang.Thread.run(Thread.java:748)
Caused by: org.springframework.messaging.converter.MessageConversionException: Cannot convert from [[B] to [com.example.demo.entity.MpUser] for GenericMessage [payload=byte[15], headers={amqp_receivedDeliveryMode=NON_PERSISTENT, amqp_receivedRoutingKey=order.queue, amqp_deliveryTag=1, amqp_consumerQueue=order.queue, amqp_redelivered=false, id=91bb542d-8d00-f3ad-0db6-ad26219a2705, amqp_consumerTag=amq.ctag-D3rGwB7x6-UEiRro3xR2Pw, timestamp=1576582512745}]
	at org.springframework.messaging.handler.annotation.support.PayloadArgumentResolver.resolveArgument(PayloadArgumentResolver.java:144)
	at org.springframework.messaging.handler.invocation.HandlerMethodArgumentResolverComposite.resolveArgument(HandlerMethodArgumentResolverComposite.java:117)
	at org.springframework.messaging.handler.invocation.InvocableHandlerMethod.getMethodArgumentValues(InvocableHandlerMethod.java:148)
	at org.springframework.messaging.handler.invocation.InvocableHandlerMethod.invoke(InvocableHandlerMethod.java:116)
	at org.springframework.amqp.rabbit.listener.adapter.HandlerAdapter.invoke(HandlerAdapter.java:50)
	at org.springframework.amqp.rabbit.listener.adapter.MessagingMessageListenerAdapter.invokeHandler(MessagingMessageListenerAdapter.java:196)
	... 12 common frames omitted
2019-12-17 19:35:12.750 [org.springframework.amqp.rabbit.RabbitListenerEndpointContainer#0-2] WARN  o.s.a.r.l.ConditionalRejectingErrorHandler$DefaultExceptionStrategy - Fatal message conversion error; message rejected; it will be dropped or routed to a dead letter exchange, if so configured: (Body:'[B@4a99d3a1(byte[15])' MessageProperties [headers={}, contentLength=0, receivedDeliveryMode=NON_PERSISTENT, redelivered=false, receivedExchange=, receivedRoutingKey=order.queue, deliveryTag=1, consumerTag=amq.ctag-D3rGwB7x6-UEiRro3xR2Pw, consumerQueue=order.queue])
2019-12-17 19:35:12.752 [org.springframework.amqp.rabbit.RabbitListenerEndpointContainer#0-2] ERROR o.s.a.r.listener.SimpleMessageListenerContainer - Execution of Rabbit message listener failed, and the error handler threw an exception
org.springframework.amqp.AmqpRejectAndDontRequeueException: Error Handler converted exception to fatal
	at org.springframework.amqp.rabbit.listener.ConditionalRejectingErrorHandler.handleError(ConditionalRejectingErrorHandler.java:105)
	at org.springframework.amqp.rabbit.listener.AbstractMessageListenerContainer.invokeErrorHandler(AbstractMessageListenerContainer.java:1378)
	at org.springframework.amqp.rabbit.listener.AbstractMessageListenerContainer.handleListenerException(AbstractMessageListenerContainer.java:1631)
	at org.springframework.amqp.rabbit.listener.AbstractMessageListenerContainer.executeListener(AbstractMessageListenerContainer.java:1424)
	at org.springframework.amqp.rabbit.listener.SimpleMessageListenerContainer.doReceiveAndExecute(SimpleMessageListenerContainer.java:870)
	at org.springframework.amqp.rabbit.listener.SimpleMessageListenerContainer.receiveAndExecute(SimpleMessageListenerContainer.java:854)
	at org.springframework.amqp.rabbit.listener.SimpleMessageListenerContainer.access$1600(SimpleMessageListenerContainer.java:78)
	at org.springframework.amqp.rabbit.listener.SimpleMessageListenerContainer$AsyncMessageProcessingConsumer.mainLoop(SimpleMessageListenerContainer.java:1137)
	at org.springframework.amqp.rabbit.listener.SimpleMessageListenerContainer$AsyncMessageProcessingConsumer.run(SimpleMessageListenerContainer.java:1043)
	at java.lang.Thread.run(Thread.java:748)
Caused by: org.springframework.amqp.rabbit.listener.exception.ListenerExecutionFailedException: Listener method could not be invoked with the incoming message
Endpoint handler details:
Method [public void com.example.demo.mq.consumer.ReceiverTest.onOrderMessage(com.example.demo.entity.MpUser,java.util.Map<java.lang.String, java.lang.Object>,com.rabbitmq.client.Channel) throws java.io.IOException]
Bean [com.example.demo.mq.consumer.ReceiverTest@3e5fb06a]
	at org.springframework.amqp.rabbit.listener.adapter.MessagingMessageListenerAdapter.invokeHandler(MessagingMessageListenerAdapter.java:199)
	at org.springframework.amqp.rabbit.listener.adapter.MessagingMessageListenerAdapter.onMessage(MessagingMessageListenerAdapter.java:129)
	at org.springframework.amqp.rabbit.listener.AbstractMessageListenerContainer.doInvokeListener(AbstractMessageListenerContainer.java:1552)
	at org.springframework.amqp.rabbit.listener.AbstractMessageListenerContainer.actualInvokeListener(AbstractMessageListenerContainer.java:1478)
	at org.springframework.amqp.rabbit.listener.AbstractMessageListenerContainer.invokeListener(AbstractMessageListenerContainer.java:1466)
	at org.springframework.amqp.rabbit.listener.AbstractMessageListenerContainer.doExecuteListener(AbstractMessageListenerContainer.java:1461)
	at org.springframework.amqp.rabbit.listener.AbstractMessageListenerContainer.executeListener(AbstractMessageListenerContainer.java:1410)
	... 6 common frames omitted
Caused by: org.springframework.messaging.converter.MessageConversionException: Cannot convert from [[B] to [com.example.demo.entity.MpUser] for GenericMessage [payload=byte[15], headers={amqp_receivedDeliveryMode=NON_PERSISTENT, amqp_receivedRoutingKey=order.queue, amqp_deliveryTag=1, amqp_consumerQueue=order.queue, amqp_redelivered=false, id=91bb542d-8d00-f3ad-0db6-ad26219a2705, amqp_consumerTag=amq.ctag-D3rGwB7x6-UEiRro3xR2Pw, timestamp=1576582512745}]
	at org.springframework.messaging.handler.annotation.support.PayloadArgumentResolver.resolveArgument(PayloadArgumentResolver.java:144)
	at org.springframework.messaging.handler.invocation.HandlerMethodArgumentResolverComposite.resolveArgument(HandlerMethodArgumentResolverComposite.java:117)
	at org.springframework.messaging.handler.invocation.InvocableHandlerMethod.getMethodArgumentValues(InvocableHandlerMethod.java:148)
	at org.springframework.messaging.handler.invocation.InvocableHandlerMethod.invoke(InvocableHandlerMethod.java:116)
	at org.springframework.amqp.rabbit.listener.adapter.HandlerAdapter.invoke(HandlerAdapter.java:50)
	at org.springframework.amqp.rabbit.listener.adapter.MessagingMessageListenerAdapter.invokeHandler(MessagingMessageListenerAdapter.java:196)
	... 12 common frames omitted
2019-12-17 19:35:40.814 [restartedMain] INFO  com.example.demo.DemoApplication - Starting DemoApplication on SST-OCHO with PID 14908 (C:\MrX\springbootDemo\first\mavenDemoForSpringBoot\target\classes started by yxie in C:\MrX\springbootDemo\first\mavenDemoForSpringBoot)
2019-12-17 19:35:40.818 [restartedMain] INFO  com.example.demo.DemoApplication - The following profiles are active: mq
2019-12-17 19:35:40.876 [restartedMain] INFO  o.s.b.d.env.DevToolsPropertyDefaultsPostProcessor - Devtools property defaults active! Set 'spring.devtools.add-properties' to 'false' to disable
2019-12-17 19:35:40.876 [restartedMain] INFO  o.s.b.d.env.DevToolsPropertyDefaultsPostProcessor - For additional web related logging consider setting the 'logging.level.web' property to 'DEBUG'
2019-12-17 19:35:41.827 [restartedMain] WARN  org.mybatis.spring.mapper.ClassPathMapperScanner - Skipping MapperFactoryBean with name 'countryPostalCodeDao' and 'com.example.demo.dao.CountryPostalCodeDao' mapperInterface. Bean already defined with the same name!
2019-12-17 19:35:41.828 [restartedMain] WARN  org.mybatis.spring.mapper.ClassPathMapperScanner - Skipping MapperFactoryBean with name 'mpUserMapper' and 'com.example.demo.dao.MpUserMapper' mapperInterface. Bean already defined with the same name!
2019-12-17 19:35:41.828 [restartedMain] WARN  org.mybatis.spring.mapper.ClassPathMapperScanner - Skipping MapperFactoryBean with name 'shippingCostAreaDao' and 'com.example.demo.dao.ShippingCostAreaDao' mapperInterface. Bean already defined with the same name!
2019-12-17 19:35:41.828 [restartedMain] WARN  org.mybatis.spring.mapper.ClassPathMapperScanner - Skipping MapperFactoryBean with name 'shippingCostCrawlerDao' and 'com.example.demo.dao.ShippingCostCrawlerDao' mapperInterface. Bean already defined with the same name!
2019-12-17 19:35:41.832 [restartedMain] WARN  org.mybatis.spring.mapper.ClassPathMapperScanner - Skipping MapperFactoryBean with name 'sysUserDao' and 'com.example.demo.dao.SysUserDao' mapperInterface. Bean already defined with the same name!
2019-12-17 19:35:41.832 [restartedMain] WARN  org.mybatis.spring.mapper.ClassPathMapperScanner - Skipping MapperFactoryBean with name 'userMapper' and 'com.example.demo.dao.UserMapper' mapperInterface. Bean already defined with the same name!
2019-12-17 19:35:41.833 [restartedMain] WARN  org.mybatis.spring.mapper.ClassPathMapperScanner - No MyBatis mapper was found in '[com.example.demo.dao]' package. Please check your configuration.
2019-12-17 19:35:42.087 [restartedMain] INFO  o.s.d.r.config.RepositoryConfigurationDelegate - Multiple Spring Data modules found, entering strict repository configuration mode!
2019-12-17 19:35:42.091 [restartedMain] INFO  o.s.d.r.config.RepositoryConfigurationDelegate - Bootstrapping Spring Data repositories in DEFAULT mode.
2019-12-17 19:35:42.188 [restartedMain] INFO  o.s.d.r.config.RepositoryConfigurationDelegate - Finished Spring Data repository scanning in 82ms. Found 0 repository interfaces.
2019-12-17 19:35:42.608 [restartedMain] INFO  o.s.c.s.PostProcessorRegistrationDelegate$BeanPostProcessorChecker - Bean 'org.springframework.transaction.annotation.ProxyTransactionManagementConfiguration' of type [org.springframework.transaction.annotation.ProxyTransactionManagementConfiguration$$EnhancerBySpringCGLIB$$41a08b4c] is not eligible for getting processed by all BeanPostProcessors (for example: not eligible for auto-proxying)
2019-12-17 19:35:42.931 [restartedMain] INFO  o.s.boot.web.embedded.tomcat.TomcatWebServer - Tomcat initialized with port(s): 8081 (http)
2019-12-17 19:35:42.948 [restartedMain] INFO  org.apache.coyote.http11.Http11NioProtocol - Initializing ProtocolHandler ["http-nio-8081"]
2019-12-17 19:35:42.959 [restartedMain] INFO  org.apache.catalina.core.StandardService - Starting service [Tomcat]
2019-12-17 19:35:42.959 [restartedMain] INFO  org.apache.catalina.core.StandardEngine - Starting Servlet engine: [Apache Tomcat/9.0.21]
2019-12-17 19:35:43.137 [restartedMain] INFO  o.a.c.core.ContainerBase.[Tomcat].[localhost].[/] - Initializing Spring embedded WebApplicationContext
2019-12-17 19:35:43.137 [restartedMain] INFO  org.springframework.web.context.ContextLoader - Root WebApplicationContext: initialization completed in 2261 ms
2019-12-17 19:35:43.234 [restartedMain] INFO  com.example.demo.config.filter.CustomFilter - filter 初始化！！！！
2019-12-17 19:35:43.686 [restartedMain] INFO  com.alibaba.druid.pool.DruidDataSource - {dataSource-1} inited
2019-12-17 19:35:43.902 [restartedMain] WARN  c.b.mybatisplus.core.toolkit.TableInfoHelper - Warn: Could not find @TableId in Class: com.example.demo.entity.CountryPostalCode.
2019-12-17 19:35:44.420 [restartedMain] INFO  o.s.scheduling.concurrent.ThreadPoolTaskExecutor - Initializing ExecutorService 'applicationTaskExecutor'
2019-12-17 19:35:44.543 [restartedMain] WARN  org.thymeleaf.templatemode.TemplateMode - [THYMELEAF][restartedMain] Template Mode 'LEGACYHTML5' is deprecated. Using Template Mode 'HTML' instead.
2019-12-17 19:35:44.571 [restartedMain] INFO  o.s.b.a.web.servlet.WelcomePageHandlerMapping - Adding welcome page: class path resource [static/index.html]
2019-12-17 19:35:44.782 [restartedMain] INFO  o.s.scheduling.concurrent.ThreadPoolTaskScheduler - Initializing ExecutorService 'taskScheduler'
2019-12-17 19:35:44.916 [restartedMain] INFO  o.s.b.d.autoconfigure.OptionalLiveReloadServer - LiveReload server is running on port 35729
2019-12-17 19:35:45.004 [restartedMain] INFO  o.s.a.rabbit.connection.CachingConnectionFactory - Attempting to connect to: [127.0.0.1:5672]
2019-12-17 19:35:45.034 [restartedMain] INFO  o.s.a.rabbit.connection.CachingConnectionFactory - Created new connection: rabbitConnectionFactory#3eb43a93:0/SimpleConnection@7a9ce850 [delegate=amqp://root@127.0.0.1:5672//order, localPort= 53584]
2019-12-17 19:35:45.065 [AMQP Connection 127.0.0.1:5672] ERROR o.s.a.rabbit.connection.CachingConnectionFactory - Channel shutdown: channel error; protocol method: #method<channel.close>(reply-code=406, reply-text=PRECONDITION_FAILED - inequivalent arg 'x-queue-type' for queue 'order.queue' in vhost '/order': received none but current is the value 'classic' of type 'longstr', class-id=50, method-id=10)
2019-12-17 19:35:46.071 [AMQP Connection 127.0.0.1:5672] ERROR o.s.a.rabbit.connection.CachingConnectionFactory - Channel shutdown: channel error; protocol method: #method<channel.close>(reply-code=406, reply-text=PRECONDITION_FAILED - inequivalent arg 'x-queue-type' for queue 'order.queue' in vhost '/order': received none but current is the value 'classic' of type 'longstr', class-id=50, method-id=10)
2019-12-17 19:35:48.076 [AMQP Connection 127.0.0.1:5672] ERROR o.s.a.rabbit.connection.CachingConnectionFactory - Channel shutdown: channel error; protocol method: #method<channel.close>(reply-code=406, reply-text=PRECONDITION_FAILED - inequivalent arg 'x-queue-type' for queue 'order.queue' in vhost '/order': received none but current is the value 'classic' of type 'longstr', class-id=50, method-id=10)
2019-12-17 19:35:52.080 [AMQP Connection 127.0.0.1:5672] ERROR o.s.a.rabbit.connection.CachingConnectionFactory - Channel shutdown: channel error; protocol method: #method<channel.close>(reply-code=406, reply-text=PRECONDITION_FAILED - inequivalent arg 'x-queue-type' for queue 'order.queue' in vhost '/order': received none but current is the value 'classic' of type 'longstr', class-id=50, method-id=10)
2019-12-17 19:35:57.084 [AMQP Connection 127.0.0.1:5672] ERROR o.s.a.rabbit.connection.CachingConnectionFactory - Channel shutdown: channel error; protocol method: #method<channel.close>(reply-code=406, reply-text=PRECONDITION_FAILED - inequivalent arg 'x-queue-type' for queue 'order.queue' in vhost '/order': received none but current is the value 'classic' of type 'longstr', class-id=50, method-id=10)
2019-12-17 19:35:57.085 [restartedMain] INFO  o.s.a.r.listener.SimpleMessageListenerContainer - Broker not available; cannot force queue declarations during start: java.io.IOException
2019-12-17 19:35:57.114 [AMQP Connection 127.0.0.1:5672] ERROR o.s.a.rabbit.connection.CachingConnectionFactory - Channel shutdown: channel error; protocol method: #method<channel.close>(reply-code=406, reply-text=PRECONDITION_FAILED - unknown delivery tag 1, class-id=60, method-id=80)
2019-12-17 19:35:57.116 [restartedMain] INFO  org.apache.coyote.http11.Http11NioProtocol - Starting ProtocolHandler ["http-nio-8081"]
2019-12-17 19:35:57.138 [restartedMain] INFO  o.s.boot.web.embedded.tomcat.TomcatWebServer - Tomcat started on port(s): 8081 (http) with context path ''
2019-12-17 19:35:57.142 [restartedMain] INFO  com.example.demo.DemoApplication - Started DemoApplication in 16.77 seconds (JVM running for 17.957)
2019-12-17 19:35:58.116 [org.springframework.amqp.rabbit.RabbitListenerEndpointContainer#0-1] INFO  o.s.a.r.listener.SimpleMessageListenerContainer - Restarting Consumer@5c09e95b: tags=[[amq.ctag-aON5AWqf9PlBrQS4fs0-Aw]], channel=Cached Rabbit Channel: AMQChannel(amqp://root@127.0.0.1:5672//order,1), conn: Proxy@4a0c079 Shared Rabbit Connection: SimpleConnection@7a9ce850 [delegate=amqp://root@127.0.0.1:5672//order, localPort= 53584], acknowledgeMode=AUTO local queue size=0
2019-12-17 19:36:06.363 [AMQP Connection 127.0.0.1:5672] ERROR o.s.a.rabbit.connection.CachingConnectionFactory - Channel shutdown: channel error; protocol method: #method<channel.close>(reply-code=406, reply-text=PRECONDITION_FAILED - unknown delivery tag 1, class-id=60, method-id=80)
2019-12-17 19:36:07.362 [org.springframework.amqp.rabbit.RabbitListenerEndpointContainer#0-2] INFO  o.s.a.r.listener.SimpleMessageListenerContainer - Restarting Consumer@19cd3dc9: tags=[[amq.ctag-FsPQwKw5g0vNDklF8tM_mg]], channel=Cached Rabbit Channel: AMQChannel(amqp://root@127.0.0.1:5672//order,1), conn: Proxy@4a0c079 Shared Rabbit Connection: SimpleConnection@7a9ce850 [delegate=amqp://root@127.0.0.1:5672//order, localPort= 53584], acknowledgeMode=AUTO local queue size=0
