2019-10-16 09:06:15.445 [allService-crawler-7] ERROR com.example.demo.util.ShippingCostUtil - service restart after sleep ten minutes!
2019-10-16 09:06:15.447 [allService-crawler-9] ERROR com.example.demo.util.ShippingCostUtil - service restart after sleep ten minutes!
2019-10-16 09:06:15.447 [allService-crawler-2] ERROR com.example.demo.util.ShippingCostUtil - service restart after sleep ten minutes!
2019-10-16 09:06:15.447 [allService-crawler-8] ERROR com.example.demo.util.ShippingCostUtil - service restart after sleep ten minutes!
2019-10-16 09:06:15.450 [allService-crawler-0] ERROR com.example.demo.util.ShippingCostUtil - service restart after sleep ten minutes!
2019-10-16 09:06:15.450 [allService-crawler-1] ERROR com.example.demo.util.ShippingCostUtil - service restart after sleep ten minutes!
2019-10-16 09:06:15.450 [allService-crawler-3] ERROR com.example.demo.util.ShippingCostUtil - service restart after sleep ten minutes!
2019-10-16 09:06:15.449 [allService-crawler-7] ERROR c.e.d.service.impl.ShippingCostCrawlerServiceImpl -  destination zipcode: 16865, end time: 2019-10-16 09:06:15
2019-10-16 09:06:15.449 [allService-crawler-10] ERROR com.example.demo.util.ShippingCostUtil - service restart after sleep ten minutes!
2019-10-16 09:06:15.449 [allService-crawler-6] ERROR com.example.demo.util.ShippingCostUtil - service restart after sleep ten minutes!
2019-10-16 09:06:15.449 [allService-crawler-4] ERROR com.example.demo.util.ShippingCostUtil - service restart after sleep ten minutes!
2019-10-16 09:06:15.450 [allService-crawler-9] ERROR c.e.d.service.impl.ShippingCostCrawlerServiceImpl -  destination zipcode: 24551, end time: 2019-10-16 09:06:15
2019-10-16 09:06:15.452 [allService-crawler-9] ERROR c.e.d.service.impl.ShippingCostCrawlerServiceImpl -  destination zipcode: 80601, start time: 2019-10-16 09:06:15
2019-10-16 09:06:15.452 [allService-crawler-6] ERROR c.e.d.service.impl.ShippingCostCrawlerServiceImpl -  destination zipcode: 10901, end time: 2019-10-16 09:06:15
2019-10-16 09:06:15.452 [allService-crawler-4] ERROR c.e.d.service.impl.ShippingCostCrawlerServiceImpl -  destination zipcode: 63932, end time: 2019-10-16 09:06:15
2019-10-16 09:06:15.452 [allService-crawler-10] ERROR c.e.d.service.impl.ShippingCostCrawlerServiceImpl -  destination zipcode: 55385, end time: 2019-10-16 09:06:15
2019-10-16 09:06:15.452 [allService-crawler-0] ERROR c.e.d.service.impl.ShippingCostCrawlerServiceImpl -  destination zipcode: 38083, end time: 2019-10-16 09:06:15
2019-10-16 09:06:15.453 [allService-crawler-6] ERROR c.e.d.service.impl.ShippingCostCrawlerServiceImpl -  destination zipcode: 01915, start time: 2019-10-16 09:06:15
2019-10-16 09:06:15.452 [allService-crawler-7] ERROR c.e.d.service.impl.ShippingCostCrawlerServiceImpl -  destination zipcode: 54616, start time: 2019-10-16 09:06:15
2019-10-16 09:06:15.452 [allService-crawler-3] ERROR c.e.d.service.impl.ShippingCostCrawlerServiceImpl -  destination zipcode: 45172, end time: 2019-10-16 09:06:15
2019-10-16 09:06:15.453 [allService-crawler-10] ERROR c.e.d.service.impl.ShippingCostCrawlerServiceImpl -  destination zipcode: 30724, start time: 2019-10-16 09:06:15
2019-10-16 09:06:15.452 [allService-crawler-1] ERROR c.e.d.service.impl.ShippingCostCrawlerServiceImpl -  destination zipcode: 87124, end time: 2019-10-16 09:06:15
2019-10-16 09:06:15.453 [allService-crawler-0] ERROR c.e.d.service.impl.ShippingCostCrawlerServiceImpl -  destination zipcode: 35602, start time: 2019-10-16 09:06:15
2019-10-16 09:06:15.453 [allService-crawler-3] ERROR c.e.d.service.impl.ShippingCostCrawlerServiceImpl -  destination zipcode: 70117, start time: 2019-10-16 09:06:15
2019-10-16 09:06:15.453 [allService-crawler-4] ERROR c.e.d.service.impl.ShippingCostCrawlerServiceImpl -  destination zipcode: 23630, start time: 2019-10-16 09:06:15
2019-10-16 09:06:15.454 [allService-crawler-1] ERROR c.e.d.service.impl.ShippingCostCrawlerServiceImpl -  destination zipcode: 80021, start time: 2019-10-16 09:06:15
2019-10-16 09:06:15.460 [allService-crawler-5] ERROR com.example.demo.util.ShippingCostUtil - service restart after sleep ten minutes!
2019-10-16 09:06:19.076 [allService-crawler-5] INFO  c.e.d.service.impl.ShippingCostCrawlerServiceImpl - service type,STANDARD_OVERNIGHT,FEDEX_2_DAY_AM, is not supported for the destination.
2019-10-16 09:06:21.556 [allService-crawler-7] INFO  c.e.d.service.impl.ShippingCostCrawlerServiceImpl - service type,STANDARD_OVERNIGHT,FEDEX_2_DAY_AM, is not supported for the destination.
2019-10-16 09:08:37.389 [allService-crawler-4] ERROR c.e.d.service.impl.ShippingCostCrawlerServiceImpl -  destination zipcode: 23630, end time: 2019-10-16 09:08:37
2019-10-16 09:08:37.389 [allService-crawler-4] ERROR c.e.d.service.impl.ShippingCostCrawlerServiceImpl -  destination zipcode: 73667, start time: 2019-10-16 09:08:37
2019-10-16 09:08:40.076 [allService-crawler-4] INFO  c.e.d.service.impl.ShippingCostCrawlerServiceImpl - service type,STANDARD_OVERNIGHT,FEDEX_2_DAY_AM, is not supported for the destination.
2019-10-16 09:08:41.885 [allService-crawler-7] ERROR c.e.d.service.impl.ShippingCostCrawlerServiceImpl -  destination zipcode: 54616, end time: 2019-10-16 09:08:41
2019-10-16 09:08:41.886 [allService-crawler-7] ERROR c.e.d.service.impl.ShippingCostCrawlerServiceImpl -  destination zipcode: 26636, start time: 2019-10-16 09:08:41
2019-10-16 09:08:42.402 [allService-crawler-8] ERROR c.e.d.service.impl.ShippingCostCrawlerServiceImpl -  destination zipcode: 44147, end time: 2019-10-16 09:08:42
2019-10-16 09:08:42.403 [allService-crawler-8] ERROR c.e.d.service.impl.ShippingCostCrawlerServiceImpl -  destination zipcode: 47869, start time: 2019-10-16 09:08:42
2019-10-16 09:08:42.716 [allService-crawler-9] ERROR c.e.d.service.impl.ShippingCostCrawlerServiceImpl -  destination zipcode: 80601, end time: 2019-10-16 09:08:42
2019-10-16 09:08:42.717 [allService-crawler-9] ERROR c.e.d.service.impl.ShippingCostCrawlerServiceImpl -  destination zipcode: 11565, start time: 2019-10-16 09:08:42
2019-10-16 09:08:43.192 [allService-crawler-0] ERROR c.e.d.service.impl.ShippingCostCrawlerServiceImpl -  destination zipcode: 35602, end time: 2019-10-16 09:08:43
2019-10-16 09:08:43.193 [allService-crawler-0] ERROR c.e.d.service.impl.ShippingCostCrawlerServiceImpl -  destination zipcode: 69020, start time: 2019-10-16 09:08:43
2019-10-16 09:08:45.680 [allService-crawler-10] ERROR c.e.d.service.impl.ShippingCostCrawlerServiceImpl -  destination zipcode: 30724, end time: 2019-10-16 09:08:45
2019-10-16 09:08:45.680 [allService-crawler-10] ERROR c.e.d.service.impl.ShippingCostCrawlerServiceImpl -  destination zipcode: 41045, start time: 2019-10-16 09:08:45
2019-10-16 09:08:45.958 [allService-crawler-7] INFO  c.e.d.service.impl.ShippingCostCrawlerServiceImpl - service type,STANDARD_OVERNIGHT,FEDEX_2_DAY_AM, is not supported for the destination.
2019-10-16 09:08:48.934 [allService-crawler-0] INFO  c.e.d.service.impl.ShippingCostCrawlerServiceImpl - service type,STANDARD_OVERNIGHT,FEDEX_2_DAY_AM, is not supported for the destination.
2019-10-16 09:08:49.135 [allService-crawler-5] ERROR c.e.d.service.impl.ShippingCostCrawlerServiceImpl -  destination zipcode: 24244, end time: 2019-10-16 09:08:49
2019-10-16 09:08:49.136 [allService-crawler-5] ERROR c.e.d.service.impl.ShippingCostCrawlerServiceImpl -  destination zipcode: 09336, start time: 2019-10-16 09:08:49
2019-10-16 09:08:52.440 [allService-crawler-5] INFO  c.e.d.service.impl.ShippingCostCrawlerServiceImpl - temporarily unavailable sleep 5 minutes
2019-10-16 09:09:11.260 [allService-crawler-3] ERROR c.e.d.service.impl.ShippingCostCrawlerServiceImpl -  destination zipcode: 70117, end time: 2019-10-16 09:09:11
2019-10-16 09:09:11.260 [allService-crawler-3] ERROR c.e.d.service.impl.ShippingCostCrawlerServiceImpl -  destination zipcode: 29925, start time: 2019-10-16 09:09:11
2019-10-16 09:09:11.369 [allService-crawler-6] ERROR c.e.d.service.impl.ShippingCostCrawlerServiceImpl -  destination zipcode: 01915, end time: 2019-10-16 09:09:11
2019-10-16 09:09:11.369 [allService-crawler-6] ERROR c.e.d.service.impl.ShippingCostCrawlerServiceImpl -  destination zipcode: 61601, start time: 2019-10-16 09:09:11
2019-10-16 09:11:40.755 [allService-crawler-7] INFO  c.e.d.service.impl.ShippingCostCrawlerServiceImpl - service type,STANDARD_OVERNIGHT,FEDEX_2_DAY_AM, is not supported for the destination.
2019-10-16 09:11:47.459 [allService-crawler-4] ERROR c.e.d.service.impl.ShippingCostCrawlerServiceImpl -  destination zipcode: 73667, end time: 2019-10-16 09:11:47
2019-10-16 09:11:47.459 [allService-crawler-4] ERROR c.e.d.service.impl.ShippingCostCrawlerServiceImpl -  destination zipcode: 81401, start time: 2019-10-16 09:11:47
2019-10-16 09:11:58.650 [allService-crawler-9] ERROR c.e.d.service.impl.ShippingCostCrawlerServiceImpl -  destination zipcode: 11565, end time: 2019-10-16 09:11:58
2019-10-16 09:11:58.651 [allService-crawler-9] ERROR c.e.d.service.impl.ShippingCostCrawlerServiceImpl -  destination zipcode: 93747, start time: 2019-10-16 09:11:58
2019-10-16 09:12:02.288 [allService-crawler-0] ERROR c.e.d.service.impl.ShippingCostCrawlerServiceImpl -  destination zipcode: 69020, end time: 2019-10-16 09:12:02
2019-10-16 09:12:02.288 [allService-crawler-0] ERROR c.e.d.service.impl.ShippingCostCrawlerServiceImpl -  destination zipcode: 95686, start time: 2019-10-16 09:12:02
2019-10-16 09:12:06.546 [allService-crawler-0] INFO  c.e.d.service.impl.ShippingCostCrawlerServiceImpl - service type,STANDARD_OVERNIGHT,FEDEX_2_DAY_AM, is not supported for the destination.
2019-10-16 09:12:09.987 [allService-crawler-1] ERROR c.e.d.service.impl.ShippingCostCrawlerServiceImpl -  destination zipcode: 80021, end time: 2019-10-16 09:12:09
2019-10-16 09:12:09.987 [allService-crawler-1] ERROR c.e.d.service.impl.ShippingCostCrawlerServiceImpl -  destination zipcode: 27539, start time: 2019-10-16 09:12:09
2019-10-16 09:12:11.127 [allService-crawler-10] ERROR c.e.d.service.impl.ShippingCostCrawlerServiceImpl -  destination zipcode: 41045, end time: 2019-10-16 09:12:11
2019-10-16 09:12:11.128 [allService-crawler-10] ERROR c.e.d.service.impl.ShippingCostCrawlerServiceImpl -  destination zipcode: 09021, start time: 2019-10-16 09:12:11
2019-10-16 09:12:16.682 [allService-crawler-10] ERROR c.e.d.service.impl.ShippingCostCrawlerServiceImpl - Destination postal code missing or invalid. ****************
2019-10-16 09:12:16.683 [allService-crawler-10] ERROR c.e.d.service.impl.ShippingCostCrawlerServiceImpl -  destination zipcode: 09021, end time: 2019-10-16 09:12:16
2019-10-16 09:12:16.684 [allService-crawler-10] ERROR c.e.d.service.impl.ShippingCostCrawlerServiceImpl -  destination zipcode: 20108, start time: 2019-10-16 09:12:16
2019-10-16 09:12:19.529 [allService-crawler-6] ERROR c.e.d.service.impl.ShippingCostCrawlerServiceImpl -  destination zipcode: 61601, end time: 2019-10-16 09:12:19
2019-10-16 09:12:19.530 [allService-crawler-6] ERROR c.e.d.service.impl.ShippingCostCrawlerServiceImpl -  destination zipcode: 28034, start time: 2019-10-16 09:12:19
2019-10-16 09:12:37.343 [allService-crawler-8] ERROR c.e.d.service.impl.ShippingCostCrawlerServiceImpl -  destination zipcode: 47869, end time: 2019-10-16 09:12:37
2019-10-16 09:12:37.343 [allService-crawler-8] ERROR c.e.d.service.impl.ShippingCostCrawlerServiceImpl -  destination zipcode: 78075, start time: 2019-10-16 09:12:37
2019-10-16 09:12:42.001 [allService-crawler-8] INFO  c.e.d.service.impl.ShippingCostCrawlerServiceImpl - service type,STANDARD_OVERNIGHT,FEDEX_2_DAY_AM, is not supported for the destination.
2019-10-16 09:13:52.441 [allService-crawler-5] INFO  c.e.d.service.impl.ShippingCostCrawlerServiceImpl - sleep end restart!
2019-10-16 09:13:54.979 [allService-crawler-5] INFO  c.e.d.service.impl.ShippingCostCrawlerServiceImpl - temporarily unavailable sleep 5 minutes
2019-10-16 09:14:53.196 [allService-crawler-7] INFO  c.e.d.service.impl.ShippingCostCrawlerServiceImpl - service type,STANDARD_OVERNIGHT,FEDEX_2_DAY_AM, is not supported for the destination.
2019-10-16 09:15:06.225 [allService-crawler-0] ERROR c.e.d.service.impl.ShippingCostCrawlerServiceImpl -  destination zipcode: 95686, end time: 2019-10-16 09:15:06
2019-10-16 09:15:06.226 [allService-crawler-0] ERROR c.e.d.service.impl.ShippingCostCrawlerServiceImpl -  destination zipcode: 02368, start time: 2019-10-16 09:15:06
2019-10-16 09:15:07.603 [allService-crawler-4] ERROR c.e.d.service.impl.ShippingCostCrawlerServiceImpl -  destination zipcode: 81401, end time: 2019-10-16 09:15:07
2019-10-16 09:15:07.604 [allService-crawler-4] ERROR c.e.d.service.impl.ShippingCostCrawlerServiceImpl -  destination zipcode: 47325, start time: 2019-10-16 09:15:07
2019-10-16 09:15:09.093 [allService-crawler-9] ERROR c.e.d.service.impl.ShippingCostCrawlerServiceImpl -  destination zipcode: 93747, end time: 2019-10-16 09:15:09
2019-10-16 09:15:09.093 [allService-crawler-9] ERROR c.e.d.service.impl.ShippingCostCrawlerServiceImpl -  destination zipcode: 01203, start time: 2019-10-16 09:15:09
2019-10-16 09:15:27.827 [allService-crawler-8] ERROR c.e.d.service.impl.ShippingCostCrawlerServiceImpl -  destination zipcode: 78075, end time: 2019-10-16 09:15:27
2019-10-16 09:15:27.827 [allService-crawler-8] ERROR c.e.d.service.impl.ShippingCostCrawlerServiceImpl -  destination zipcode: 37011, start time: 2019-10-16 09:15:27
2019-10-16 09:15:29.675 [allService-crawler-1] ERROR c.e.d.service.impl.ShippingCostCrawlerServiceImpl -  destination zipcode: 27539, end time: 2019-10-16 09:15:29
2019-10-16 09:15:29.676 [allService-crawler-1] ERROR c.e.d.service.impl.ShippingCostCrawlerServiceImpl -  destination zipcode: 10505, start time: 2019-10-16 09:15:29
2019-10-16 09:15:31.545 [allService-crawler-6] ERROR c.e.d.service.impl.ShippingCostCrawlerServiceImpl -  destination zipcode: 28034, end time: 2019-10-16 09:15:31
2019-10-16 09:15:31.546 [allService-crawler-6] ERROR c.e.d.service.impl.ShippingCostCrawlerServiceImpl -  destination zipcode: 56211, start time: 2019-10-16 09:15:31
2019-10-16 09:15:34.178 [allService-crawler-6] INFO  c.e.d.service.impl.ShippingCostCrawlerServiceImpl - service type,STANDARD_OVERNIGHT,FEDEX_2_DAY_AM, is not supported for the destination.
2019-10-16 09:15:39.667 [allService-crawler-10] ERROR c.e.d.service.impl.ShippingCostCrawlerServiceImpl -  destination zipcode: 20108, end time: 2019-10-16 09:15:39
2019-10-16 09:15:39.667 [allService-crawler-10] ERROR c.e.d.service.impl.ShippingCostCrawlerServiceImpl -  destination zipcode: 96738, start time: 2019-10-16 09:15:39
2019-10-16 09:15:45.071 [allService-crawler-10] INFO  c.e.d.service.impl.ShippingCostCrawlerServiceImpl - service type,FEDEX_EXPRESS_SAVER,STANDARD_OVERNIGHT,FEDEX_2_DAY_AM, is not supported for the destination.
2019-10-16 09:15:47.244 [allService-crawler-3] ERROR c.e.d.service.impl.ShippingCostCrawlerServiceImpl -  destination zipcode: 29925, end time: 2019-10-16 09:15:47
2019-10-16 09:15:47.244 [allService-crawler-3] ERROR c.e.d.service.impl.ShippingCostCrawlerServiceImpl -  destination zipcode: 99026, start time: 2019-10-16 09:15:47
2019-10-16 09:15:52.883 [allService-crawler-3] INFO  c.e.d.service.impl.ShippingCostCrawlerServiceImpl - service type,STANDARD_OVERNIGHT,FEDEX_2_DAY_AM, is not supported for the destination.
2019-10-16 09:17:27.282 [allService-crawler-7] ERROR c.e.d.service.impl.ShippingCostCrawlerServiceImpl -  destination zipcode: 26636, end time: 2019-10-16 09:17:27
2019-10-16 09:17:27.283 [allService-crawler-7] ERROR c.e.d.service.impl.ShippingCostCrawlerServiceImpl -  destination zipcode: 96745, start time: 2019-10-16 09:17:27
2019-10-16 09:17:30.765 [allService-crawler-7] INFO  c.e.d.service.impl.ShippingCostCrawlerServiceImpl - service type,FEDEX_EXPRESS_SAVER,STANDARD_OVERNIGHT,FEDEX_2_DAY_AM, is not supported for the destination.
2019-10-16 09:18:05.555 [allService-crawler-9] ERROR c.e.d.service.impl.ShippingCostCrawlerServiceImpl -  destination zipcode: 01203, end time: 2019-10-16 09:18:05
2019-10-16 09:18:05.556 [allService-crawler-9] ERROR c.e.d.service.impl.ShippingCostCrawlerServiceImpl -  destination zipcode: 44606, start time: 2019-10-16 09:18:05
2019-10-16 09:18:22.717 [allService-crawler-0] ERROR c.e.d.service.impl.ShippingCostCrawlerServiceImpl -  destination zipcode: 02368, end time: 2019-10-16 09:18:22
2019-10-16 09:18:22.718 [allService-crawler-0] ERROR c.e.d.service.impl.ShippingCostCrawlerServiceImpl -  destination zipcode: 74042, start time: 2019-10-16 09:18:22
2019-10-16 09:18:23.830 [allService-crawler-10] ERROR c.e.d.service.impl.ShippingCostCrawlerServiceImpl -  destination zipcode: 96738, end time: 2019-10-16 09:18:23
2019-10-16 09:18:23.831 [allService-crawler-10] ERROR c.e.d.service.impl.ShippingCostCrawlerServiceImpl -  destination zipcode: 11202, start time: 2019-10-16 09:18:23
2019-10-16 09:18:26.506 [allService-crawler-0] INFO  c.e.d.service.impl.ShippingCostCrawlerServiceImpl - service type,STANDARD_OVERNIGHT,FEDEX_2_DAY_AM, is not supported for the destination.
2019-10-16 09:18:27.381 [allService-crawler-6] ERROR c.e.d.service.impl.ShippingCostCrawlerServiceImpl -  destination zipcode: 56211, end time: 2019-10-16 09:18:27
2019-10-16 09:18:27.382 [allService-crawler-6] ERROR c.e.d.service.impl.ShippingCostCrawlerServiceImpl -  destination zipcode: 49346, start time: 2019-10-16 09:18:27
2019-10-16 09:18:32.392 [allService-crawler-1] ERROR c.e.d.service.impl.ShippingCostCrawlerServiceImpl -  destination zipcode: 10505, end time: 2019-10-16 09:18:32
2019-10-16 09:18:32.393 [allService-crawler-1] ERROR c.e.d.service.impl.ShippingCostCrawlerServiceImpl -  destination zipcode: 99775, start time: 2019-10-16 09:18:32
2019-10-16 09:18:32.709 [allService-crawler-6] INFO  c.e.d.service.impl.ShippingCostCrawlerServiceImpl - service type,STANDARD_OVERNIGHT,FEDEX_2_DAY_AM, is not supported for the destination.
2019-10-16 09:18:33.069 [allService-crawler-4] ERROR c.e.d.service.impl.ShippingCostCrawlerServiceImpl -  destination zipcode: 47325, end time: 2019-10-16 09:18:33
2019-10-16 09:18:33.070 [allService-crawler-4] ERROR c.e.d.service.impl.ShippingCostCrawlerServiceImpl -  destination zipcode: 50532, start time: 2019-10-16 09:18:33
2019-10-16 09:18:39.048 [allService-crawler-1] INFO  c.e.d.service.impl.ShippingCostCrawlerServiceImpl - service type,FEDEX_EXPRESS_SAVER,STANDARD_OVERNIGHT,FEDEX_2_DAY_AM, is not supported for the destination.
2019-10-16 09:18:41.212 [allService-crawler-4] INFO  c.e.d.service.impl.ShippingCostCrawlerServiceImpl - service type,STANDARD_OVERNIGHT,FEDEX_2_DAY_AM, is not supported for the destination.
2019-10-16 09:18:54.979 [allService-crawler-5] INFO  c.e.d.service.impl.ShippingCostCrawlerServiceImpl - sleep end restart!
2019-10-16 09:18:56.693 [allService-crawler-5] INFO  c.e.d.service.impl.ShippingCostCrawlerServiceImpl - temporarily unavailable sleep 5 minutes
2019-10-16 09:18:57.419 [allService-crawler-8] ERROR c.e.d.service.impl.ShippingCostCrawlerServiceImpl -  destination zipcode: 37011, end time: 2019-10-16 09:18:57
2019-10-16 09:18:57.420 [allService-crawler-8] ERROR c.e.d.service.impl.ShippingCostCrawlerServiceImpl -  destination zipcode: 28081, start time: 2019-10-16 09:18:57
2019-10-16 09:18:58.628 [allService-crawler-3] INFO  c.e.d.service.impl.ShippingCostCrawlerServiceImpl - service type,STANDARD_OVERNIGHT,FEDEX_2_DAY_AM, is not supported for the destination.
2019-10-16 09:20:39.795 [allService-crawler-7] ERROR c.e.d.service.impl.ShippingCostCrawlerServiceImpl -  destination zipcode: 96745, end time: 2019-10-16 09:20:39
2019-10-16 09:20:39.796 [allService-crawler-7] ERROR c.e.d.service.impl.ShippingCostCrawlerServiceImpl -  destination zipcode: 02421, start time: 2019-10-16 09:20:39
2019-10-16 09:21:55.780 [allService-crawler-6] INFO  c.e.d.service.impl.ShippingCostCrawlerServiceImpl - service type,STANDARD_OVERNIGHT,FEDEX_2_DAY_AM, is not supported for the destination.
2019-10-16 09:21:58.245 [allService-crawler-0] ERROR c.e.d.service.impl.ShippingCostCrawlerServiceImpl -  destination zipcode: 74042, end time: 2019-10-16 09:21:58
2019-10-16 09:21:58.246 [allService-crawler-0] ERROR c.e.d.service.impl.ShippingCostCrawlerServiceImpl -  destination zipcode: 72327, start time: 2019-10-16 09:21:58
2019-10-16 09:22:04.401 [allService-crawler-0] INFO  c.e.d.service.impl.ShippingCostCrawlerServiceImpl - service type,STANDARD_OVERNIGHT,FEDEX_2_DAY_AM, is not supported for the destination.
2019-10-16 09:22:06.580 [allService-crawler-1] ERROR c.e.d.service.impl.ShippingCostCrawlerServiceImpl -  destination zipcode: 99775, end time: 2019-10-16 09:22:06
2019-10-16 09:22:06.580 [allService-crawler-1] ERROR c.e.d.service.impl.ShippingCostCrawlerServiceImpl -  destination zipcode: 74963, start time: 2019-10-16 09:22:06
2019-10-16 09:22:09.255 [allService-crawler-1] INFO  c.e.d.service.impl.ShippingCostCrawlerServiceImpl - service type,STANDARD_OVERNIGHT,FEDEX_2_DAY_AM, is not supported for the destination.
2019-10-16 09:22:18.765 [allService-crawler-4] ERROR c.e.d.service.impl.ShippingCostCrawlerServiceImpl -  destination zipcode: 50532, end time: 2019-10-16 09:22:18
2019-10-16 09:22:18.765 [allService-crawler-4] ERROR c.e.d.service.impl.ShippingCostCrawlerServiceImpl -  destination zipcode: 12970, start time: 2019-10-16 09:22:18
2019-10-16 09:22:24.456 [allService-crawler-10] ERROR c.e.d.service.impl.ShippingCostCrawlerServiceImpl -  destination zipcode: 11202, end time: 2019-10-16 09:22:24
2019-10-16 09:22:24.456 [allService-crawler-10] ERROR c.e.d.service.impl.ShippingCostCrawlerServiceImpl -  destination zipcode: 01081, start time: 2019-10-16 09:22:24
2019-10-16 09:22:24.681 [allService-crawler-3] ERROR c.e.d.service.impl.ShippingCostCrawlerServiceImpl -  destination zipcode: 99026, end time: 2019-10-16 09:22:24
2019-10-16 09:22:24.683 [allService-crawler-3] ERROR c.e.d.service.impl.ShippingCostCrawlerServiceImpl -  destination zipcode: 53007, start time: 2019-10-16 09:22:24
2019-10-16 09:22:26.079 [allService-crawler-4] INFO  c.e.d.service.impl.ShippingCostCrawlerServiceImpl - service type,STANDARD_OVERNIGHT,FEDEX_2_DAY_AM, is not supported for the destination.
2019-10-16 09:22:29.592 [allService-crawler-9] ERROR c.e.d.service.impl.ShippingCostCrawlerServiceImpl -  destination zipcode: 44606, end time: 2019-10-16 09:22:29
2019-10-16 09:22:29.592 [allService-crawler-9] ERROR c.e.d.service.impl.ShippingCostCrawlerServiceImpl -  destination zipcode: 87544, start time: 2019-10-16 09:22:29
2019-10-16 09:22:31.940 [allService-crawler-10] INFO  c.e.d.service.impl.ShippingCostCrawlerServiceImpl - service type,STANDARD_OVERNIGHT,FEDEX_2_DAY_AM, is not supported for the destination.
2019-10-16 09:23:09.378 [allService-crawler-8] ERROR c.e.d.service.impl.ShippingCostCrawlerServiceImpl -  destination zipcode: 28081, end time: 2019-10-16 09:23:09
2019-10-16 09:23:09.378 [allService-crawler-8] ERROR c.e.d.service.impl.ShippingCostCrawlerServiceImpl -  destination zipcode: 19014, start time: 2019-10-16 09:23:09
2019-10-16 09:23:56.694 [allService-crawler-5] INFO  c.e.d.service.impl.ShippingCostCrawlerServiceImpl - sleep end restart!
2019-10-16 09:23:59.472 [allService-crawler-5] INFO  c.e.d.service.impl.ShippingCostCrawlerServiceImpl - temporarily unavailable sleep 5 minutes
2019-10-16 09:25:11.815 [allService-crawler-7] ERROR c.e.d.service.impl.ShippingCostCrawlerServiceImpl -  destination zipcode: 02421, end time: 2019-10-16 09:25:11
2019-10-16 09:25:11.815 [allService-crawler-7] ERROR c.e.d.service.impl.ShippingCostCrawlerServiceImpl -  destination zipcode: 85328, start time: 2019-10-16 09:25:11
2019-10-16 09:25:17.613 [allService-crawler-7] INFO  c.e.d.service.impl.ShippingCostCrawlerServiceImpl - service type,STANDARD_OVERNIGHT,FEDEX_2_DAY_AM, is not supported for the destination.
2019-10-16 09:25:26.906 [allService-crawler-0] INFO  c.e.d.service.impl.ShippingCostCrawlerServiceImpl - service type,STANDARD_OVERNIGHT,FEDEX_2_DAY_AM, is not supported for the destination.
2019-10-16 09:25:32.199 [allService-crawler-1] ERROR c.e.d.service.impl.ShippingCostCrawlerServiceImpl -  destination zipcode: 74963, end time: 2019-10-16 09:25:32
2019-10-16 09:25:32.201 [allService-crawler-1] ERROR c.e.d.service.impl.ShippingCostCrawlerServiceImpl -  destination zipcode: 13849, start time: 2019-10-16 09:25:32
2019-10-16 09:25:32.663 [allService-crawler-4] ERROR c.e.d.service.impl.ShippingCostCrawlerServiceImpl -  destination zipcode: 12970, end time: 2019-10-16 09:25:32
2019-10-16 09:25:32.664 [allService-crawler-4] ERROR c.e.d.service.impl.ShippingCostCrawlerServiceImpl -  destination zipcode: 16017, start time: 2019-10-16 09:25:32
2019-10-16 09:25:37.190 [allService-crawler-4] INFO  c.e.d.service.impl.ShippingCostCrawlerServiceImpl - service type,STANDARD_OVERNIGHT,FEDEX_2_DAY_AM, is not supported for the destination.
2019-10-16 09:26:01.668 [allService-crawler-6] INFO  c.e.d.service.impl.ShippingCostCrawlerServiceImpl - service type,STANDARD_OVERNIGHT,FEDEX_2_DAY_AM, is not supported for the destination.
2019-10-16 09:26:15.815 [allService-crawler-10] ERROR c.e.d.service.impl.ShippingCostCrawlerServiceImpl -  destination zipcode: 01081, end time: 2019-10-16 09:26:15
2019-10-16 09:26:15.816 [allService-crawler-10] ERROR c.e.d.service.impl.ShippingCostCrawlerServiceImpl -  destination zipcode: 42254, start time: 2019-10-16 09:26:15
2019-10-16 09:26:24.810 [allService-crawler-10] INFO  c.e.d.service.impl.ShippingCostCrawlerServiceImpl - service type,STANDARD_OVERNIGHT,FEDEX_2_DAY_AM, is not supported for the destination.
2019-10-16 09:27:02.440 [allService-crawler-2] ERROR c.e.d.service.impl.ShippingCostCrawlerServiceImpl -  destination zipcode: 84405, end time: 2019-10-16 09:27:02
2019-10-16 09:27:02.440 [allService-crawler-2] ERROR c.e.d.service.impl.ShippingCostCrawlerServiceImpl -  destination zipcode: 34137, start time: 2019-10-16 09:27:02
2019-10-16 09:27:10.711 [allService-crawler-3] ERROR c.e.d.service.impl.ShippingCostCrawlerServiceImpl -  destination zipcode: 53007, end time: 2019-10-16 09:27:10
2019-10-16 09:27:10.712 [allService-crawler-3] ERROR c.e.d.service.impl.ShippingCostCrawlerServiceImpl -  destination zipcode: 47721, start time: 2019-10-16 09:27:10
2019-10-16 09:27:12.368 [allService-crawler-2] INFO  c.e.d.service.impl.ShippingCostCrawlerServiceImpl - service type,STANDARD_OVERNIGHT,FEDEX_2_DAY_AM, is not supported for the destination.
2019-10-16 09:28:59.474 [allService-crawler-5] INFO  c.e.d.service.impl.ShippingCostCrawlerServiceImpl - sleep end restart!
2019-10-16 09:29:06.531 [allService-crawler-5] INFO  c.e.d.service.impl.ShippingCostCrawlerServiceImpl - temporarily unavailable sleep 5 minutes
2019-10-16 09:29:12.221 [allService-crawler-0] ERROR c.e.d.service.impl.ShippingCostCrawlerServiceImpl -  destination zipcode: 72327, end time: 2019-10-16 09:29:12
2019-10-16 09:29:12.222 [allService-crawler-0] ERROR c.e.d.service.impl.ShippingCostCrawlerServiceImpl -  destination zipcode: 14639, start time: 2019-10-16 09:29:12
2019-10-16 09:29:22.673 [allService-crawler-6] ERROR c.e.d.service.impl.ShippingCostCrawlerServiceImpl -  destination zipcode: 49346, end time: 2019-10-16 09:29:22
2019-10-16 09:29:22.673 [allService-crawler-6] ERROR c.e.d.service.impl.ShippingCostCrawlerServiceImpl -  destination zipcode: 76845, start time: 2019-10-16 09:29:22
2019-10-16 09:29:25.221 [allService-crawler-6] INFO  c.e.d.service.impl.ShippingCostCrawlerServiceImpl - service type,STANDARD_OVERNIGHT,FEDEX_2_DAY_AM, is not supported for the destination.
2019-10-16 09:29:26.427 [allService-crawler-7] ERROR c.e.d.service.impl.ShippingCostCrawlerServiceImpl -  destination zipcode: 85328, end time: 2019-10-16 09:29:26
2019-10-16 09:29:26.427 [allService-crawler-7] ERROR c.e.d.service.impl.ShippingCostCrawlerServiceImpl -  destination zipcode: 05354, start time: 2019-10-16 09:29:26
2019-10-16 09:29:32.373 [allService-crawler-4] ERROR c.e.d.service.impl.ShippingCostCrawlerServiceImpl -  destination zipcode: 16017, end time: 2019-10-16 09:29:32
2019-10-16 09:29:32.373 [allService-crawler-4] ERROR c.e.d.service.impl.ShippingCostCrawlerServiceImpl -  destination zipcode: 59116, start time: 2019-10-16 09:29:32
2019-10-16 09:29:46.059 [allService-crawler-1] ERROR c.e.d.service.impl.ShippingCostCrawlerServiceImpl -  destination zipcode: 13849, end time: 2019-10-16 09:29:46
2019-10-16 09:29:46.059 [allService-crawler-1] ERROR c.e.d.service.impl.ShippingCostCrawlerServiceImpl -  destination zipcode: 20415, start time: 2019-10-16 09:29:46
2019-10-16 09:30:04.373 [allService-crawler-10] ERROR c.e.d.service.impl.ShippingCostCrawlerServiceImpl -  destination zipcode: 42254, end time: 2019-10-16 09:30:04
2019-10-16 09:30:04.373 [allService-crawler-10] ERROR c.e.d.service.impl.ShippingCostCrawlerServiceImpl -  destination zipcode: 58265, start time: 2019-10-16 09:30:04
2019-10-16 09:30:10.074 [allService-crawler-10] INFO  c.e.d.service.impl.ShippingCostCrawlerServiceImpl - service type,STANDARD_OVERNIGHT,FEDEX_2_DAY_AM, is not supported for the destination.
