2019-10-15 10:14:19.006 [restartedMain] INFO  com.example.demo.DemoApplication - Starting DemoApplication on SST-OCHO with PID 9004 (C:\MrX\springbootDemo\first\mavenDemoForSpringBoot\target\classes started by yxie in C:\MrX\springbootDemo\first\mavenDemoForSpringBoot)
2019-10-15 10:14:19.022 [restartedMain] INFO  com.example.demo.DemoApplication - No active profile set, falling back to default profiles: default
2019-10-15 10:14:19.090 [restartedMain] INFO  o.s.b.d.env.DevToolsPropertyDefaultsPostProcessor - Devtools property defaults active! Set 'spring.devtools.add-properties' to 'false' to disable
2019-10-15 10:14:19.090 [restartedMain] INFO  o.s.b.d.env.DevToolsPropertyDefaultsPostProcessor - For additional web related logging consider setting the 'logging.level.web' property to 'DEBUG'
2019-10-15 10:14:22.513 [restartedMain] INFO  o.s.d.r.config.RepositoryConfigurationDelegate - Multiple Spring Data modules found, entering strict repository configuration mode!
2019-10-15 10:14:22.523 [restartedMain] INFO  o.s.d.r.config.RepositoryConfigurationDelegate - Bootstrapping Spring Data repositories in DEFAULT mode.
2019-10-15 10:14:22.624 [restartedMain] INFO  o.s.d.r.config.RepositoryConfigurationDelegate - Finished Spring Data repository scanning in 82ms. Found 0 repository interfaces.
2019-10-15 10:14:23.134 [restartedMain] INFO  o.s.c.s.PostProcessorRegistrationDelegate$BeanPostProcessorChecker - Bean 'org.springframework.transaction.annotation.ProxyTransactionManagementConfiguration' of type [org.springframework.transaction.annotation.ProxyTransactionManagementConfiguration$$EnhancerBySpringCGLIB$$7556d82b] is not eligible for getting processed by all BeanPostProcessors (for example: not eligible for auto-proxying)
2019-10-15 10:14:23.766 [restartedMain] INFO  o.s.boot.web.embedded.tomcat.TomcatWebServer - Tomcat initialized with port(s): 4099 (http)
2019-10-15 10:14:23.781 [restartedMain] INFO  org.apache.coyote.http11.Http11NioProtocol - Initializing ProtocolHandler ["http-nio-4099"]
2019-10-15 10:14:23.797 [restartedMain] INFO  org.apache.catalina.core.StandardService - Starting service [Tomcat]
2019-10-15 10:14:23.797 [restartedMain] INFO  org.apache.catalina.core.StandardEngine - Starting Servlet engine: [Apache Tomcat/9.0.21]
2019-10-15 10:14:23.947 [restartedMain] INFO  o.a.c.core.ContainerBase.[Tomcat].[localhost].[/] - Initializing Spring embedded WebApplicationContext
2019-10-15 10:14:23.947 [restartedMain] INFO  org.springframework.web.context.ContextLoader - Root WebApplicationContext: initialization completed in 4857 ms
2019-10-15 10:14:24.051 [restartedMain] INFO  com.example.demo.config.filter.CustomFilter - filter 初始化！！！！
2019-10-15 10:14:24.716 [restartedMain] INFO  com.zaxxer.hikari.HikariDataSource - MyHikariCP - Starting...
2019-10-15 10:14:24.718 [restartedMain] WARN  com.zaxxer.hikari.util.DriverDataSource - Registered driver with driverClassName=oracle.jdbc.driver.OracleDriver was not found, trying direct instantiation.
2019-10-15 10:14:25.324 [restartedMain] INFO  com.zaxxer.hikari.pool.PoolBase - MyHikariCP - Driver does not support get/set network timeout for connections. (oracle.jdbc.driver.T4CConnection.getNetworkTimeout()I)
2019-10-15 10:14:25.361 [restartedMain] INFO  com.zaxxer.hikari.HikariDataSource - MyHikariCP - Start completed.
2019-10-15 10:14:25.977 [restartedMain] INFO  o.s.scheduling.concurrent.ThreadPoolTaskExecutor - Initializing ExecutorService 'applicationTaskExecutor'
2019-10-15 10:14:26.162 [restartedMain] INFO  o.s.b.a.web.servlet.WelcomePageHandlerMapping - Adding welcome page: class path resource [static/index.html]
2019-10-15 10:14:26.362 [restartedMain] INFO  o.s.scheduling.concurrent.ThreadPoolTaskScheduler - Initializing ExecutorService 'taskScheduler'
2019-10-15 10:14:26.700 [restartedMain] INFO  o.s.b.d.autoconfigure.OptionalLiveReloadServer - LiveReload server is running on port 35729
2019-10-15 10:14:26.729 [restartedMain] INFO  org.apache.coyote.http11.Http11NioProtocol - Starting ProtocolHandler ["http-nio-4099"]
2019-10-15 10:14:26.760 [restartedMain] INFO  o.s.boot.web.embedded.tomcat.TomcatWebServer - Tomcat started on port(s): 4099 (http) with context path ''
2019-10-15 10:14:26.760 [restartedMain] INFO  com.example.demo.DemoApplication - Started DemoApplication in 8.255 seconds (JVM running for 9.755)
2019-10-15 10:14:43.902 [Thread-7] INFO  o.s.scheduling.concurrent.ThreadPoolTaskScheduler - Shutting down ExecutorService 'taskScheduler'
2019-10-15 10:14:43.918 [Thread-7] INFO  o.s.scheduling.concurrent.ThreadPoolTaskExecutor - Shutting down ExecutorService 'applicationTaskExecutor'
2019-10-15 10:14:43.918 [Thread-7] INFO  com.zaxxer.hikari.HikariDataSource - MyHikariCP - Shutdown initiated...
2019-10-15 10:14:43.977 [Thread-7] INFO  com.zaxxer.hikari.HikariDataSource - MyHikariCP - Shutdown completed.
2019-10-15 10:14:44.149 [Thread-7] INFO  com.example.demo.config.filter.CustomFilter - filter  销毁~！！！
2019-10-15 10:14:44.357 [restartedMain] INFO  com.example.demo.DemoApplication - Starting DemoApplication on SST-OCHO with PID 9004 (C:\MrX\springbootDemo\first\mavenDemoForSpringBoot\target\classes started by yxie in C:\MrX\springbootDemo\first\mavenDemoForSpringBoot)
2019-10-15 10:14:44.358 [restartedMain] INFO  com.example.demo.DemoApplication - No active profile set, falling back to default profiles: default
2019-10-15 10:14:45.410 [restartedMain] INFO  o.s.d.r.config.RepositoryConfigurationDelegate - Multiple Spring Data modules found, entering strict repository configuration mode!
2019-10-15 10:14:45.413 [restartedMain] INFO  o.s.d.r.config.RepositoryConfigurationDelegate - Bootstrapping Spring Data repositories in DEFAULT mode.
2019-10-15 10:14:45.518 [restartedMain] INFO  o.s.d.r.config.RepositoryConfigurationDelegate - Finished Spring Data repository scanning in 97ms. Found 0 repository interfaces.
2019-10-15 10:14:45.739 [restartedMain] INFO  o.s.c.s.PostProcessorRegistrationDelegate$BeanPostProcessorChecker - Bean 'org.springframework.transaction.annotation.ProxyTransactionManagementConfiguration' of type [org.springframework.transaction.annotation.ProxyTransactionManagementConfiguration$$EnhancerBySpringCGLIB$$7556d82b] is not eligible for getting processed by all BeanPostProcessors (for example: not eligible for auto-proxying)
2019-10-15 10:14:45.892 [restartedMain] INFO  o.s.boot.web.embedded.tomcat.TomcatWebServer - Tomcat initialized with port(s): 4099 (http)
2019-10-15 10:14:45.893 [restartedMain] INFO  org.apache.coyote.http11.Http11NioProtocol - Initializing ProtocolHandler ["http-nio-4099"]
2019-10-15 10:14:45.893 [restartedMain] INFO  org.apache.catalina.core.StandardService - Starting service [Tomcat]
2019-10-15 10:14:45.893 [restartedMain] INFO  org.apache.catalina.core.StandardEngine - Starting Servlet engine: [Apache Tomcat/9.0.21]
2019-10-15 10:14:45.928 [restartedMain] INFO  o.a.c.core.ContainerBase.[Tomcat].[localhost].[/] - Initializing Spring embedded WebApplicationContext
2019-10-15 10:14:45.928 [restartedMain] INFO  org.springframework.web.context.ContextLoader - Root WebApplicationContext: initialization completed in 1569 ms
2019-10-15 10:14:45.952 [restartedMain] INFO  com.example.demo.config.filter.CustomFilter - filter 初始化！！！！
2019-10-15 10:14:46.042 [restartedMain] INFO  com.zaxxer.hikari.HikariDataSource - MyHikariCP - Starting...
2019-10-15 10:14:46.042 [restartedMain] WARN  com.zaxxer.hikari.util.DriverDataSource - Registered driver with driverClassName=oracle.jdbc.driver.OracleDriver was not found, trying direct instantiation.
2019-10-15 10:14:46.145 [restartedMain] INFO  com.zaxxer.hikari.pool.PoolBase - MyHikariCP - Driver does not support get/set network timeout for connections. (oracle.jdbc.driver.T4CConnection.getNetworkTimeout()I)
2019-10-15 10:14:46.147 [restartedMain] INFO  com.zaxxer.hikari.HikariDataSource - MyHikariCP - Start completed.
2019-10-15 10:14:46.203 [restartedMain] WARN  o.s.b.w.s.c.AnnotationConfigServletWebServerApplicationContext - Exception encountered during context initialization - cancelling refresh attempt: org.springframework.beans.factory.UnsatisfiedDependencyException: Error creating bean with name 'shippingCostCrawlerController': Unsatisfied dependency expressed through field 'shippingCostCrawlerService'; nested exception is org.springframework.beans.factory.NoSuchBeanDefinitionException: No qualifying bean of type 'com.example.demo.service.ShippingCostCrawlerService' available: expected at least 1 bean which qualifies as autowire candidate. Dependency annotations: {@org.springframework.beans.factory.annotation.Autowired(required=true)}
2019-10-15 10:14:46.203 [restartedMain] INFO  com.zaxxer.hikari.HikariDataSource - MyHikariCP - Shutdown initiated...
2019-10-15 10:14:46.241 [restartedMain] INFO  com.zaxxer.hikari.HikariDataSource - MyHikariCP - Shutdown completed.
2019-10-15 10:14:46.244 [restartedMain] INFO  org.apache.catalina.core.StandardService - Stopping service [Tomcat]
2019-10-15 10:14:46.244 [restartedMain] INFO  com.example.demo.config.filter.CustomFilter - filter  销毁~！！！
2019-10-15 10:14:46.244 [restartedMain] INFO  o.s.b.a.l.ConditionEvaluationReportLoggingListener - 

Error starting ApplicationContext. To display the conditions report re-run your application with 'debug' enabled.
2019-10-15 10:14:46.421 [restartedMain] ERROR o.s.b.diagnostics.LoggingFailureAnalysisReporter - 

***************************
APPLICATION FAILED TO START
***************************

Description:

Field shippingCostCrawlerService in com.example.demo.controller.ShippingCostCrawlerController required a bean of type 'com.example.demo.service.ShippingCostCrawlerService' that could not be found.

The injection point has the following annotations:
	- @org.springframework.beans.factory.annotation.Autowired(required=true)


Action:

Consider defining a bean of type 'com.example.demo.service.ShippingCostCrawlerService' in your configuration.

2019-10-15 10:16:49.531 [restartedMain] INFO  com.example.demo.DemoApplication - Starting DemoApplication on SST-OCHO with PID 5348 (C:\MrX\springbootDemo\first\mavenDemoForSpringBoot\target\classes started by yxie in C:\MrX\springbootDemo\first\mavenDemoForSpringBoot)
2019-10-15 10:16:49.541 [restartedMain] INFO  com.example.demo.DemoApplication - No active profile set, falling back to default profiles: default
2019-10-15 10:16:49.642 [restartedMain] INFO  o.s.b.d.env.DevToolsPropertyDefaultsPostProcessor - Devtools property defaults active! Set 'spring.devtools.add-properties' to 'false' to disable
2019-10-15 10:16:49.642 [restartedMain] INFO  o.s.b.d.env.DevToolsPropertyDefaultsPostProcessor - For additional web related logging consider setting the 'logging.level.web' property to 'DEBUG'
2019-10-15 10:16:50.837 [restartedMain] INFO  o.s.d.r.config.RepositoryConfigurationDelegate - Multiple Spring Data modules found, entering strict repository configuration mode!
2019-10-15 10:16:50.853 [restartedMain] INFO  o.s.d.r.config.RepositoryConfigurationDelegate - Bootstrapping Spring Data repositories in DEFAULT mode.
2019-10-15 10:16:50.958 [restartedMain] INFO  o.s.d.r.config.RepositoryConfigurationDelegate - Finished Spring Data repository scanning in 89ms. Found 0 repository interfaces.
2019-10-15 10:16:51.440 [restartedMain] INFO  o.s.c.s.PostProcessorRegistrationDelegate$BeanPostProcessorChecker - Bean 'org.springframework.transaction.annotation.ProxyTransactionManagementConfiguration' of type [org.springframework.transaction.annotation.ProxyTransactionManagementConfiguration$$EnhancerBySpringCGLIB$$61361d36] is not eligible for getting processed by all BeanPostProcessors (for example: not eligible for auto-proxying)
2019-10-15 10:16:51.974 [restartedMain] INFO  o.s.boot.web.embedded.tomcat.TomcatWebServer - Tomcat initialized with port(s): 4099 (http)
2019-10-15 10:16:51.993 [restartedMain] INFO  org.apache.coyote.http11.Http11NioProtocol - Initializing ProtocolHandler ["http-nio-4099"]
2019-10-15 10:16:52.009 [restartedMain] INFO  org.apache.catalina.core.StandardService - Starting service [Tomcat]
2019-10-15 10:16:52.009 [restartedMain] INFO  org.apache.catalina.core.StandardEngine - Starting Servlet engine: [Apache Tomcat/9.0.21]
2019-10-15 10:16:52.156 [restartedMain] INFO  o.a.c.core.ContainerBase.[Tomcat].[localhost].[/] - Initializing Spring embedded WebApplicationContext
2019-10-15 10:16:52.156 [restartedMain] INFO  org.springframework.web.context.ContextLoader - Root WebApplicationContext: initialization completed in 2514 ms
2019-10-15 10:16:52.225 [restartedMain] INFO  com.example.demo.config.filter.CustomFilter - filter 初始化！！！！
2019-10-15 10:16:52.726 [restartedMain] INFO  com.zaxxer.hikari.HikariDataSource - MyHikariCP - Starting...
2019-10-15 10:16:52.736 [restartedMain] WARN  com.zaxxer.hikari.util.DriverDataSource - Registered driver with driverClassName=oracle.jdbc.driver.OracleDriver was not found, trying direct instantiation.
2019-10-15 10:16:52.969 [restartedMain] INFO  com.zaxxer.hikari.pool.PoolBase - MyHikariCP - Driver does not support get/set network timeout for connections. (oracle.jdbc.driver.T4CConnection.getNetworkTimeout()I)
2019-10-15 10:16:52.979 [restartedMain] INFO  com.zaxxer.hikari.HikariDataSource - MyHikariCP - Start completed.
2019-10-15 10:16:53.524 [restartedMain] INFO  o.s.scheduling.concurrent.ThreadPoolTaskExecutor - Initializing ExecutorService 'applicationTaskExecutor'
2019-10-15 10:16:53.715 [restartedMain] INFO  o.s.b.a.web.servlet.WelcomePageHandlerMapping - Adding welcome page: class path resource [static/index.html]
2019-10-15 10:16:53.937 [restartedMain] INFO  o.s.scheduling.concurrent.ThreadPoolTaskScheduler - Initializing ExecutorService 'taskScheduler'
2019-10-15 10:16:54.200 [restartedMain] INFO  o.s.b.d.autoconfigure.OptionalLiveReloadServer - LiveReload server is running on port 35729
2019-10-15 10:16:54.251 [restartedMain] INFO  org.apache.coyote.http11.Http11NioProtocol - Starting ProtocolHandler ["http-nio-4099"]
2019-10-15 10:16:54.279 [restartedMain] INFO  o.s.boot.web.embedded.tomcat.TomcatWebServer - Tomcat started on port(s): 4099 (http) with context path ''
2019-10-15 10:16:54.281 [restartedMain] INFO  com.example.demo.DemoApplication - Started DemoApplication in 5.418 seconds (JVM running for 6.269)
2019-10-15 10:18:53.648 [http-nio-4099-exec-2] INFO  com.example.demo.config.listener.Customlister - 监听器：初始化
2019-10-15 10:18:53.655 [http-nio-4099-exec-2] INFO  o.a.c.core.ContainerBase.[Tomcat].[localhost].[/] - Initializing Spring DispatcherServlet 'dispatcherServlet'
2019-10-15 10:18:53.656 [http-nio-4099-exec-2] INFO  org.springframework.web.servlet.DispatcherServlet - Initializing Servlet 'dispatcherServlet'
2019-10-15 10:18:53.666 [http-nio-4099-exec-2] INFO  org.springframework.web.servlet.DispatcherServlet - Completed initialization in 10 ms
2019-10-15 10:18:53.681 [http-nio-4099-exec-2] INFO  com.example.demo.config.filter.CustomFilter - doFilter   请求处理！！！
2019-10-15 10:18:53.692 [http-nio-4099-exec-2] INFO  c.e.d.config.interceptor.CustomHandlerInterceptor - preHandle:请求前调用
2019-10-15 10:18:53.704 [http-nio-4099-exec-2] INFO  c.e.d.service.impl.ShippingCostCrawlerServiceImpl - all service normal get start, select postalcode!
2019-10-15 10:19:06.648 [http-nio-4099-exec-2] INFO  c.e.d.service.impl.ShippingCostCrawlerServiceImpl - postalcode data size: 42118 piece
2019-10-15 10:19:06.648 [http-nio-4099-exec-2] ERROR c.e.d.service.impl.ShippingCostCrawlerServiceImpl -  destination zipcode: 47964, start time: 2019-10-15 10:19:06
2019-10-15 10:19:15.234 [http-nio-4099-exec-2] INFO  c.e.d.service.impl.ShippingCostCrawlerServiceImpl - service type,STANDARD_OVERNIGHT,FEDEX_2_DAY_AM, is not supported for the destination.
2019-10-15 10:19:34.131 [http-nio-4099-exec-2] INFO  c.e.d.service.impl.ShippingCostCrawlerServiceImpl - service type: FIRST_OVERNIGHT, zipcode: 47964, city: Mount Ayr is not in area table, error!
2019-10-15 10:19:43.917 [http-nio-4099-exec-2] INFO  c.e.d.service.impl.ShippingCostCrawlerServiceImpl - service type: FIRST_OVERNIGHT, zipcode: 47964, city: Mount Ayr is not in area table, error!
2019-10-15 10:19:51.930 [http-nio-4099-exec-2] INFO  c.e.d.service.impl.ShippingCostCrawlerServiceImpl - service type: FIRST_OVERNIGHT, zipcode: 47964, city: Mount Ayr is not in area table, error!
2019-10-15 10:19:59.397 [http-nio-4099-exec-2] INFO  c.e.d.service.impl.ShippingCostCrawlerServiceImpl - service type: FIRST_OVERNIGHT, zipcode: 47964, city: Mount Ayr is not in area table, error!
2019-10-15 10:20:05.882 [http-nio-4099-exec-2] INFO  c.e.d.service.impl.ShippingCostCrawlerServiceImpl - service type: FIRST_OVERNIGHT, zipcode: 47964, city: Mount Ayr is not in area table, error!
2019-10-15 10:20:11.822 [http-nio-4099-exec-2] INFO  c.e.d.service.impl.ShippingCostCrawlerServiceImpl - service type: FIRST_OVERNIGHT, zipcode: 47964, city: Mount Ayr is not in area table, error!
2019-10-15 10:20:15.621 [http-nio-4099-exec-2] INFO  c.e.d.service.impl.ShippingCostCrawlerServiceImpl - service type: FIRST_OVERNIGHT, zipcode: 47964, city: Mount Ayr is not in area table, error!
2019-10-15 10:20:29.506 [restartedMain] INFO  com.example.demo.DemoApplication - Starting DemoApplication on SST-OCHO with PID 12632 (C:\MrX\springbootDemo\first\mavenDemoForSpringBoot\target\classes started by yxie in C:\MrX\springbootDemo\first\mavenDemoForSpringBoot)
2019-10-15 10:20:29.518 [restartedMain] INFO  com.example.demo.DemoApplication - No active profile set, falling back to default profiles: default
2019-10-15 10:20:29.608 [restartedMain] INFO  o.s.b.d.env.DevToolsPropertyDefaultsPostProcessor - Devtools property defaults active! Set 'spring.devtools.add-properties' to 'false' to disable
2019-10-15 10:20:29.608 [restartedMain] INFO  o.s.b.d.env.DevToolsPropertyDefaultsPostProcessor - For additional web related logging consider setting the 'logging.level.web' property to 'DEBUG'
2019-10-15 10:20:30.829 [restartedMain] INFO  o.s.d.r.config.RepositoryConfigurationDelegate - Multiple Spring Data modules found, entering strict repository configuration mode!
2019-10-15 10:20:30.829 [restartedMain] INFO  o.s.d.r.config.RepositoryConfigurationDelegate - Bootstrapping Spring Data repositories in DEFAULT mode.
2019-10-15 10:20:30.930 [restartedMain] INFO  o.s.d.r.config.RepositoryConfigurationDelegate - Finished Spring Data repository scanning in 85ms. Found 0 repository interfaces.
2019-10-15 10:20:31.429 [restartedMain] INFO  o.s.c.s.PostProcessorRegistrationDelegate$BeanPostProcessorChecker - Bean 'org.springframework.transaction.annotation.ProxyTransactionManagementConfiguration' of type [org.springframework.transaction.annotation.ProxyTransactionManagementConfiguration$$EnhancerBySpringCGLIB$$97ff8862] is not eligible for getting processed by all BeanPostProcessors (for example: not eligible for auto-proxying)
2019-10-15 10:20:32.031 [restartedMain] INFO  o.s.boot.web.embedded.tomcat.TomcatWebServer - Tomcat initialized with port(s): 4099 (http)
2019-10-15 10:20:32.047 [restartedMain] INFO  org.apache.coyote.http11.Http11NioProtocol - Initializing ProtocolHandler ["http-nio-4099"]
2019-10-15 10:20:32.064 [restartedMain] INFO  org.apache.catalina.core.StandardService - Starting service [Tomcat]
2019-10-15 10:20:32.064 [restartedMain] INFO  org.apache.catalina.core.StandardEngine - Starting Servlet engine: [Apache Tomcat/9.0.21]
2019-10-15 10:20:32.212 [restartedMain] INFO  o.a.c.core.ContainerBase.[Tomcat].[localhost].[/] - Initializing Spring embedded WebApplicationContext
2019-10-15 10:20:32.212 [restartedMain] INFO  org.springframework.web.context.ContextLoader - Root WebApplicationContext: initialization completed in 2604 ms
2019-10-15 10:20:32.279 [restartedMain] INFO  com.example.demo.config.filter.CustomFilter - filter 初始化！！！！
2019-10-15 10:20:32.835 [restartedMain] INFO  com.zaxxer.hikari.HikariDataSource - MyHikariCP - Starting...
2019-10-15 10:20:32.843 [restartedMain] WARN  com.zaxxer.hikari.util.DriverDataSource - Registered driver with driverClassName=oracle.jdbc.driver.OracleDriver was not found, trying direct instantiation.
2019-10-15 10:20:33.297 [restartedMain] INFO  com.zaxxer.hikari.pool.PoolBase - MyHikariCP - Driver does not support get/set network timeout for connections. (oracle.jdbc.driver.T4CConnection.getNetworkTimeout()I)
2019-10-15 10:20:33.312 [restartedMain] INFO  com.zaxxer.hikari.HikariDataSource - MyHikariCP - Start completed.
2019-10-15 10:20:33.880 [restartedMain] INFO  o.s.scheduling.concurrent.ThreadPoolTaskExecutor - Initializing ExecutorService 'applicationTaskExecutor'
2019-10-15 10:20:34.062 [restartedMain] INFO  o.s.b.a.web.servlet.WelcomePageHandlerMapping - Adding welcome page: class path resource [static/index.html]
2019-10-15 10:20:34.294 [restartedMain] INFO  o.s.scheduling.concurrent.ThreadPoolTaskScheduler - Initializing ExecutorService 'taskScheduler'
2019-10-15 10:20:34.608 [restartedMain] INFO  o.s.b.d.autoconfigure.OptionalLiveReloadServer - LiveReload server is running on port 35729
2019-10-15 10:20:34.648 [restartedMain] INFO  org.apache.coyote.http11.Http11NioProtocol - Starting ProtocolHandler ["http-nio-4099"]
2019-10-15 10:20:34.678 [restartedMain] INFO  o.s.boot.web.embedded.tomcat.TomcatWebServer - Tomcat started on port(s): 4099 (http) with context path ''
2019-10-15 10:20:34.679 [restartedMain] INFO  com.example.demo.DemoApplication - Started DemoApplication in 5.805 seconds (JVM running for 6.624)
2019-10-15 10:20:40.941 [http-nio-4099-exec-1] INFO  com.example.demo.config.listener.Customlister - 监听器：初始化
2019-10-15 10:20:40.948 [http-nio-4099-exec-1] INFO  o.a.c.core.ContainerBase.[Tomcat].[localhost].[/] - Initializing Spring DispatcherServlet 'dispatcherServlet'
2019-10-15 10:20:40.949 [http-nio-4099-exec-1] INFO  org.springframework.web.servlet.DispatcherServlet - Initializing Servlet 'dispatcherServlet'
2019-10-15 10:20:40.956 [http-nio-4099-exec-1] INFO  org.springframework.web.servlet.DispatcherServlet - Completed initialization in 7 ms
2019-10-15 10:20:40.967 [http-nio-4099-exec-1] INFO  com.example.demo.config.filter.CustomFilter - doFilter   请求处理！！！
2019-10-15 10:20:40.975 [http-nio-4099-exec-1] INFO  c.e.d.config.interceptor.CustomHandlerInterceptor - preHandle:请求前调用
2019-10-15 10:20:40.985 [http-nio-4099-exec-1] INFO  c.e.d.service.impl.ShippingCostCrawlerServiceImpl - all service normal get start, select postalcode!
2019-10-15 10:20:54.068 [http-nio-4099-exec-1] INFO  c.e.d.service.impl.ShippingCostCrawlerServiceImpl - postalcode data size: 42117 piece
2019-10-15 10:20:54.084 [http-nio-4099-exec-1] ERROR c.e.d.service.impl.ShippingCostCrawlerServiceImpl -  destination zipcode: 32616, start time: 2019-10-15 10:20:54
2019-10-15 10:21:18.626 [http-nio-4099-exec-1] INFO  c.e.d.service.impl.ShippingCostCrawlerServiceImpl - service type: FIRST_OVERNIGHT, zipcode: 32616, city: Alachua is not in area table, error!
2019-10-15 10:21:24.931 [http-nio-4099-exec-1] INFO  c.e.d.service.impl.ShippingCostCrawlerServiceImpl - service type: FIRST_OVERNIGHT, zipcode: 32616, city: Alachua is not in area table, error!
2019-10-15 10:21:32.087 [http-nio-4099-exec-1] INFO  c.e.d.service.impl.ShippingCostCrawlerServiceImpl - service type: FIRST_OVERNIGHT, zipcode: 32616, city: Alachua is not in area table, error!
2019-10-15 10:21:38.816 [http-nio-4099-exec-1] INFO  c.e.d.service.impl.ShippingCostCrawlerServiceImpl - service type: FIRST_OVERNIGHT, zipcode: 32616, city: Alachua is not in area table, error!
2019-10-15 10:21:55.211 [http-nio-4099-exec-1] INFO  c.e.d.service.impl.ShippingCostCrawlerServiceImpl - service type: FIRST_OVERNIGHT, zipcode: 32616, city: Alachua is not in area table, error!
2019-10-15 10:22:01.046 [http-nio-4099-exec-1] INFO  c.e.d.service.impl.ShippingCostCrawlerServiceImpl - service type: FIRST_OVERNIGHT, zipcode: 32616, city: Alachua is not in area table, error!
2019-10-15 10:22:03.895 [http-nio-4099-exec-1] INFO  c.e.d.service.impl.ShippingCostCrawlerServiceImpl - service type: FIRST_OVERNIGHT, zipcode: 32616, city: Alachua is not in area table, error!
2019-10-15 10:22:12.999 [http-nio-4099-exec-1] INFO  c.e.d.service.impl.ShippingCostCrawlerServiceImpl - service type: FIRST_OVERNIGHT, zipcode: 32616, city: Alachua is not in area table, error!
2019-10-15 10:22:24.435 [http-nio-4099-exec-1] INFO  c.e.d.service.impl.ShippingCostCrawlerServiceImpl - service type: FIRST_OVERNIGHT, zipcode: 32616, city: Alachua is not in area table, error!
2019-10-15 10:22:38.736 [http-nio-4099-exec-1] INFO  c.e.d.service.impl.ShippingCostCrawlerServiceImpl - service type: FIRST_OVERNIGHT, zipcode: 32616, city: Alachua is not in area table, error!
2019-10-15 10:25:42.633 [restartedMain] INFO  com.example.demo.DemoApplication - Starting DemoApplication on SST-OCHO with PID 128 (C:\MrX\springbootDemo\first\mavenDemoForSpringBoot\target\classes started by yxie in C:\MrX\springbootDemo\first\mavenDemoForSpringBoot)
2019-10-15 10:25:42.637 [restartedMain] INFO  com.example.demo.DemoApplication - No active profile set, falling back to default profiles: default
2019-10-15 10:25:42.708 [restartedMain] INFO  o.s.b.d.env.DevToolsPropertyDefaultsPostProcessor - Devtools property defaults active! Set 'spring.devtools.add-properties' to 'false' to disable
2019-10-15 10:25:42.708 [restartedMain] INFO  o.s.b.d.env.DevToolsPropertyDefaultsPostProcessor - For additional web related logging consider setting the 'logging.level.web' property to 'DEBUG'
2019-10-15 10:25:44.020 [restartedMain] INFO  o.s.d.r.config.RepositoryConfigurationDelegate - Multiple Spring Data modules found, entering strict repository configuration mode!
2019-10-15 10:25:44.025 [restartedMain] INFO  o.s.d.r.config.RepositoryConfigurationDelegate - Bootstrapping Spring Data repositories in DEFAULT mode.
2019-10-15 10:25:44.113 [restartedMain] INFO  o.s.d.r.config.RepositoryConfigurationDelegate - Finished Spring Data repository scanning in 73ms. Found 0 repository interfaces.
2019-10-15 10:25:44.657 [restartedMain] INFO  o.s.c.s.PostProcessorRegistrationDelegate$BeanPostProcessorChecker - Bean 'org.springframework.transaction.annotation.ProxyTransactionManagementConfiguration' of type [org.springframework.transaction.annotation.ProxyTransactionManagementConfiguration$$EnhancerBySpringCGLIB$$32c2f44f] is not eligible for getting processed by all BeanPostProcessors (for example: not eligible for auto-proxying)
2019-10-15 10:25:45.290 [restartedMain] INFO  o.s.boot.web.embedded.tomcat.TomcatWebServer - Tomcat initialized with port(s): 4099 (http)
2019-10-15 10:25:45.309 [restartedMain] INFO  org.apache.coyote.http11.Http11NioProtocol - Initializing ProtocolHandler ["http-nio-4099"]
2019-10-15 10:25:45.321 [restartedMain] INFO  org.apache.catalina.core.StandardService - Starting service [Tomcat]
2019-10-15 10:25:45.321 [restartedMain] INFO  org.apache.catalina.core.StandardEngine - Starting Servlet engine: [Apache Tomcat/9.0.21]
2019-10-15 10:25:45.486 [restartedMain] INFO  o.a.c.core.ContainerBase.[Tomcat].[localhost].[/] - Initializing Spring embedded WebApplicationContext
2019-10-15 10:25:45.487 [restartedMain] INFO  org.springframework.web.context.ContextLoader - Root WebApplicationContext: initialization completed in 2779 ms
2019-10-15 10:25:45.587 [restartedMain] INFO  com.example.demo.config.filter.CustomFilter - filter 初始化！！！！
2019-10-15 10:25:46.225 [restartedMain] INFO  com.zaxxer.hikari.HikariDataSource - MyHikariCP - Starting...
2019-10-15 10:25:46.232 [restartedMain] WARN  com.zaxxer.hikari.util.DriverDataSource - Registered driver with driverClassName=oracle.jdbc.driver.OracleDriver was not found, trying direct instantiation.
2019-10-15 10:25:46.517 [restartedMain] INFO  com.zaxxer.hikari.pool.PoolBase - MyHikariCP - Driver does not support get/set network timeout for connections. (oracle.jdbc.driver.T4CConnection.getNetworkTimeout()I)
2019-10-15 10:25:46.524 [restartedMain] INFO  com.zaxxer.hikari.HikariDataSource - MyHikariCP - Start completed.
2019-10-15 10:25:47.192 [restartedMain] INFO  o.s.scheduling.concurrent.ThreadPoolTaskExecutor - Initializing ExecutorService 'applicationTaskExecutor'
2019-10-15 10:25:47.388 [restartedMain] INFO  o.s.b.a.web.servlet.WelcomePageHandlerMapping - Adding welcome page: class path resource [static/index.html]
2019-10-15 10:25:47.602 [restartedMain] INFO  o.s.scheduling.concurrent.ThreadPoolTaskScheduler - Initializing ExecutorService 'taskScheduler'
2019-10-15 10:25:47.858 [restartedMain] INFO  o.s.b.d.autoconfigure.OptionalLiveReloadServer - LiveReload server is running on port 35729
2019-10-15 10:25:47.902 [restartedMain] INFO  org.apache.coyote.http11.Http11NioProtocol - Starting ProtocolHandler ["http-nio-4099"]
2019-10-15 10:25:47.936 [restartedMain] INFO  o.s.boot.web.embedded.tomcat.TomcatWebServer - Tomcat started on port(s): 4099 (http) with context path ''
2019-10-15 10:25:47.940 [restartedMain] INFO  com.example.demo.DemoApplication - Started DemoApplication in 5.841 seconds (JVM running for 7.686)
2019-10-15 10:26:00.525 [http-nio-4099-exec-1] INFO  com.example.demo.config.listener.Customlister - 监听器：初始化
2019-10-15 10:26:00.533 [http-nio-4099-exec-1] INFO  o.a.c.core.ContainerBase.[Tomcat].[localhost].[/] - Initializing Spring DispatcherServlet 'dispatcherServlet'
2019-10-15 10:26:00.535 [http-nio-4099-exec-1] INFO  org.springframework.web.servlet.DispatcherServlet - Initializing Servlet 'dispatcherServlet'
2019-10-15 10:26:00.546 [http-nio-4099-exec-1] INFO  org.springframework.web.servlet.DispatcherServlet - Completed initialization in 11 ms
2019-10-15 10:26:00.560 [http-nio-4099-exec-1] INFO  com.example.demo.config.filter.CustomFilter - doFilter   请求处理！！！
2019-10-15 10:26:00.571 [http-nio-4099-exec-1] INFO  c.e.d.config.interceptor.CustomHandlerInterceptor - preHandle:请求前调用
2019-10-15 10:26:00.585 [http-nio-4099-exec-1] INFO  c.e.d.service.impl.ShippingCostCrawlerServiceImpl - all service normal get start, select postalcode!
2019-10-15 10:27:19.644 [http-nio-4099-exec-1] INFO  c.e.d.service.impl.ShippingCostCrawlerServiceImpl - postalcode data size: 42116 piece
2019-10-15 10:27:19.652 [http-nio-4099-exec-1] ERROR c.e.d.service.impl.ShippingCostCrawlerServiceImpl -  destination zipcode: 54458, start time: 2019-10-15 10:27:19
2019-10-15 10:27:25.985 [http-nio-4099-exec-1] INFO  c.e.d.service.impl.ShippingCostCrawlerServiceImpl - service type,STANDARD_OVERNIGHT,FEDEX_2_DAY_AM, is not supported for the destination.
2019-10-15 10:29:27.004 [http-nio-4099-exec-1] INFO  c.e.d.service.impl.ShippingCostCrawlerServiceImpl - service type: FIRST_OVERNIGHT, zipcode: 54458, city: Nelsonville is not in area table, error!
