2019-09-27 10:47:11.928 [restartedMain] INFO  com.example.demo.DemoApplication - Starting DemoApplication on SST-OCHO with PID 74128 (C:\MrX\springbootDemo\first\mavenDemoForSpringBoot\target\classes started by yxie in C:\MrX\springbootDemo\first\mavenDemoForSpringBoot)
2019-09-27 10:47:11.931 [restartedMain] INFO  com.example.demo.DemoApplication - The following profiles are active: sst
2019-09-27 10:47:12.071 [restartedMain] INFO  o.s.b.d.env.DevToolsPropertyDefaultsPostProcessor - Devtools property defaults active! Set 'spring.devtools.add-properties' to 'false' to disable
2019-09-27 10:47:12.071 [restartedMain] INFO  o.s.b.d.env.DevToolsPropertyDefaultsPostProcessor - For additional web related logging consider setting the 'logging.level.web' property to 'DEBUG'
2019-09-27 10:47:13.057 [restartedMain] INFO  o.s.d.r.config.RepositoryConfigurationDelegate - Multiple Spring Data modules found, entering strict repository configuration mode!
2019-09-27 10:47:13.061 [restartedMain] INFO  o.s.d.r.config.RepositoryConfigurationDelegate - Bootstrapping Spring Data repositories in DEFAULT mode.
2019-09-27 10:47:13.101 [restartedMain] INFO  o.s.d.r.config.RepositoryConfigurationDelegate - Finished Spring Data repository scanning in 27ms. Found 0 repository interfaces.
2019-09-27 10:47:13.518 [restartedMain] INFO  o.s.c.s.PostProcessorRegistrationDelegate$BeanPostProcessorChecker - Bean 'org.springframework.transaction.annotation.ProxyTransactionManagementConfiguration' of type [org.springframework.transaction.annotation.ProxyTransactionManagementConfiguration$$EnhancerBySpringCGLIB$$f839290f] is not eligible for getting processed by all BeanPostProcessors (for example: not eligible for auto-proxying)
2019-09-27 10:47:14.121 [restartedMain] INFO  o.s.boot.web.embedded.tomcat.TomcatWebServer - Tomcat initialized with port(s): 4099 (http)
2019-09-27 10:47:14.137 [restartedMain] INFO  org.apache.coyote.http11.Http11NioProtocol - Initializing ProtocolHandler ["http-nio-4099"]
2019-09-27 10:47:14.148 [restartedMain] INFO  org.apache.catalina.core.StandardService - Starting service [Tomcat]
2019-09-27 10:47:14.148 [restartedMain] INFO  org.apache.catalina.core.StandardEngine - Starting Servlet engine: [Apache Tomcat/9.0.21]
2019-09-27 10:47:14.291 [restartedMain] INFO  o.a.c.core.ContainerBase.[Tomcat].[localhost].[/] - Initializing Spring embedded WebApplicationContext
2019-09-27 10:47:14.292 [restartedMain] INFO  org.springframework.web.context.ContextLoader - Root WebApplicationContext: initialization completed in 2221 ms
2019-09-27 10:47:14.374 [restartedMain] INFO  com.example.demo.config.filter.CustomFilter - filter 初始化！！！！
2019-09-27 10:47:14.982 [restartedMain] ERROR com.alibaba.druid.pool.DruidDataSource - testWhileIdle is true, validationQuery not set
2019-09-27 10:47:14.995 [restartedMain] INFO  com.alibaba.druid.pool.DruidDataSource - {dataSource-1} inited
2019-09-27 10:47:15.740 [restartedMain] INFO  o.s.scheduling.concurrent.ThreadPoolTaskExecutor - Initializing ExecutorService 'applicationTaskExecutor'
2019-09-27 10:47:15.897 [restartedMain] WARN  org.thymeleaf.templatemode.TemplateMode - [THYMELEAF][restartedMain] Template Mode 'LEGACYHTML5' is deprecated. Using Template Mode 'HTML' instead.
2019-09-27 10:47:15.929 [restartedMain] INFO  o.s.b.a.web.servlet.WelcomePageHandlerMapping - Adding welcome page: class path resource [static/index.html]
2019-09-27 10:47:16.484 [restartedMain] INFO  o.s.b.d.autoconfigure.OptionalLiveReloadServer - LiveReload server is running on port 35729
2019-09-27 10:47:16.521 [restartedMain] INFO  org.apache.coyote.http11.Http11NioProtocol - Starting ProtocolHandler ["http-nio-4099"]
2019-09-27 10:47:16.551 [restartedMain] INFO  o.s.boot.web.embedded.tomcat.TomcatWebServer - Tomcat started on port(s): 4099 (http) with context path ''
2019-09-27 10:47:16.555 [restartedMain] INFO  com.example.demo.DemoApplication - Started DemoApplication in 5.305 seconds (JVM running for 6.162)
2019-09-27 10:47:30.338 [http-nio-4099-exec-1] INFO  com.example.demo.config.listener.Customlister - 监听器：初始化
2019-09-27 10:47:30.344 [http-nio-4099-exec-1] INFO  o.a.c.core.ContainerBase.[Tomcat].[localhost].[/] - Initializing Spring DispatcherServlet 'dispatcherServlet'
2019-09-27 10:47:30.346 [http-nio-4099-exec-1] INFO  org.springframework.web.servlet.DispatcherServlet - Initializing Servlet 'dispatcherServlet'
2019-09-27 10:47:30.354 [http-nio-4099-exec-1] INFO  org.springframework.web.servlet.DispatcherServlet - Completed initialization in 8 ms
2019-09-27 10:47:30.367 [http-nio-4099-exec-1] INFO  com.example.demo.config.filter.CustomFilter - doFilter   请求处理！！！
2019-09-27 10:47:30.376 [http-nio-4099-exec-1] INFO  c.e.d.config.interceptor.CustomHandlerInterceptor - preHandle:请求前调用
2019-09-27 10:47:42.099 [restartedMain] INFO  com.example.demo.DemoApplication - Starting DemoApplication on SST-OCHO with PID 21852 (C:\MrX\springbootDemo\first\mavenDemoForSpringBoot\target\classes started by yxie in C:\MrX\springbootDemo\first\mavenDemoForSpringBoot)
2019-09-27 10:47:42.104 [restartedMain] INFO  com.example.demo.DemoApplication - The following profiles are active: sst
2019-09-27 10:47:42.185 [restartedMain] INFO  o.s.b.d.env.DevToolsPropertyDefaultsPostProcessor - Devtools property defaults active! Set 'spring.devtools.add-properties' to 'false' to disable
2019-09-27 10:47:42.185 [restartedMain] INFO  o.s.b.d.env.DevToolsPropertyDefaultsPostProcessor - For additional web related logging consider setting the 'logging.level.web' property to 'DEBUG'
2019-09-27 10:47:43.365 [restartedMain] INFO  o.s.d.r.config.RepositoryConfigurationDelegate - Multiple Spring Data modules found, entering strict repository configuration mode!
2019-09-27 10:47:43.369 [restartedMain] INFO  o.s.d.r.config.RepositoryConfigurationDelegate - Bootstrapping Spring Data repositories in DEFAULT mode.
2019-09-27 10:47:43.422 [restartedMain] INFO  o.s.d.r.config.RepositoryConfigurationDelegate - Finished Spring Data repository scanning in 35ms. Found 0 repository interfaces.
2019-09-27 10:47:43.970 [restartedMain] INFO  o.s.c.s.PostProcessorRegistrationDelegate$BeanPostProcessorChecker - Bean 'org.springframework.transaction.annotation.ProxyTransactionManagementConfiguration' of type [org.springframework.transaction.annotation.ProxyTransactionManagementConfiguration$$EnhancerBySpringCGLIB$$8ac0cf10] is not eligible for getting processed by all BeanPostProcessors (for example: not eligible for auto-proxying)
2019-09-27 10:47:44.675 [restartedMain] INFO  o.s.boot.web.embedded.tomcat.TomcatWebServer - Tomcat initialized with port(s): 4099 (http)
2019-09-27 10:47:44.696 [restartedMain] INFO  org.apache.coyote.http11.Http11NioProtocol - Initializing ProtocolHandler ["http-nio-4099"]
2019-09-27 10:47:44.711 [restartedMain] INFO  org.apache.catalina.core.StandardService - Starting service [Tomcat]
2019-09-27 10:47:44.712 [restartedMain] INFO  org.apache.catalina.core.StandardEngine - Starting Servlet engine: [Apache Tomcat/9.0.21]
2019-09-27 10:47:44.887 [restartedMain] INFO  o.a.c.core.ContainerBase.[Tomcat].[localhost].[/] - Initializing Spring embedded WebApplicationContext
2019-09-27 10:47:44.887 [restartedMain] INFO  org.springframework.web.context.ContextLoader - Root WebApplicationContext: initialization completed in 2701 ms
2019-09-27 10:47:44.984 [restartedMain] INFO  com.example.demo.config.filter.CustomFilter - filter 初始化！！！！
2019-09-27 10:47:45.706 [restartedMain] ERROR com.alibaba.druid.pool.DruidDataSource - testWhileIdle is true, validationQuery not set
2019-09-27 10:47:45.722 [restartedMain] INFO  com.alibaba.druid.pool.DruidDataSource - {dataSource-1} inited
2019-09-27 10:47:46.663 [restartedMain] INFO  o.s.scheduling.concurrent.ThreadPoolTaskExecutor - Initializing ExecutorService 'applicationTaskExecutor'
2019-09-27 10:47:46.835 [restartedMain] WARN  org.thymeleaf.templatemode.TemplateMode - [THYMELEAF][restartedMain] Template Mode 'LEGACYHTML5' is deprecated. Using Template Mode 'HTML' instead.
2019-09-27 10:47:46.875 [restartedMain] INFO  o.s.b.a.web.servlet.WelcomePageHandlerMapping - Adding welcome page: class path resource [static/index.html]
2019-09-27 10:47:47.481 [restartedMain] INFO  o.s.b.d.autoconfigure.OptionalLiveReloadServer - LiveReload server is running on port 35729
2019-09-27 10:47:47.513 [restartedMain] INFO  org.apache.coyote.http11.Http11NioProtocol - Starting ProtocolHandler ["http-nio-4099"]
2019-09-27 10:47:47.549 [restartedMain] INFO  o.s.boot.web.embedded.tomcat.TomcatWebServer - Tomcat started on port(s): 4099 (http) with context path ''
2019-09-27 10:47:47.553 [restartedMain] INFO  com.example.demo.DemoApplication - Started DemoApplication in 6.115 seconds (JVM running for 8.35)
2019-09-27 10:48:28.792 [http-nio-4099-exec-1] INFO  com.example.demo.config.listener.Customlister - 监听器：初始化
2019-09-27 10:48:28.799 [http-nio-4099-exec-1] INFO  o.a.c.core.ContainerBase.[Tomcat].[localhost].[/] - Initializing Spring DispatcherServlet 'dispatcherServlet'
2019-09-27 10:48:28.800 [http-nio-4099-exec-1] INFO  org.springframework.web.servlet.DispatcherServlet - Initializing Servlet 'dispatcherServlet'
2019-09-27 10:48:28.811 [http-nio-4099-exec-1] INFO  org.springframework.web.servlet.DispatcherServlet - Completed initialization in 10 ms
2019-09-27 10:48:28.824 [http-nio-4099-exec-1] INFO  com.example.demo.config.filter.CustomFilter - doFilter   请求处理！！！
2019-09-27 10:48:28.834 [http-nio-4099-exec-1] INFO  c.e.d.config.interceptor.CustomHandlerInterceptor - preHandle:请求前调用
2019-09-27 10:49:02.968 [http-nio-4099-exec-1] INFO  c.e.d.config.interceptor.CustomHandlerInterceptor - postHandle:请求后调用
2019-09-27 10:49:02.969 [http-nio-4099-exec-1] INFO  c.e.d.config.interceptor.CustomHandlerInterceptor - afterCompletion:请求调用完成后回调方法，即在视图渲染完成后回调
2019-09-27 10:49:02.972 [http-nio-4099-exec-1] INFO  com.example.demo.config.listener.Customlister - 监听器：销毁
2019-09-27 10:51:39.372 [restartedMain] INFO  com.example.demo.DemoApplication - Starting DemoApplication on SST-OCHO with PID 45320 (C:\MrX\springbootDemo\first\mavenDemoForSpringBoot\target\classes started by yxie in C:\MrX\springbootDemo\first\mavenDemoForSpringBoot)
2019-09-27 10:51:39.376 [restartedMain] INFO  com.example.demo.DemoApplication - The following profiles are active: sst
2019-09-27 10:51:39.443 [restartedMain] INFO  o.s.b.d.env.DevToolsPropertyDefaultsPostProcessor - Devtools property defaults active! Set 'spring.devtools.add-properties' to 'false' to disable
2019-09-27 10:51:39.443 [restartedMain] INFO  o.s.b.d.env.DevToolsPropertyDefaultsPostProcessor - For additional web related logging consider setting the 'logging.level.web' property to 'DEBUG'
2019-09-27 10:51:40.572 [restartedMain] INFO  o.s.d.r.config.RepositoryConfigurationDelegate - Multiple Spring Data modules found, entering strict repository configuration mode!
2019-09-27 10:51:40.577 [restartedMain] INFO  o.s.d.r.config.RepositoryConfigurationDelegate - Bootstrapping Spring Data repositories in DEFAULT mode.
2019-09-27 10:51:40.630 [restartedMain] INFO  o.s.d.r.config.RepositoryConfigurationDelegate - Finished Spring Data repository scanning in 34ms. Found 0 repository interfaces.
2019-09-27 10:51:41.145 [restartedMain] INFO  o.s.c.s.PostProcessorRegistrationDelegate$BeanPostProcessorChecker - Bean 'org.springframework.transaction.annotation.ProxyTransactionManagementConfiguration' of type [org.springframework.transaction.annotation.ProxyTransactionManagementConfiguration$$EnhancerBySpringCGLIB$$72aa91e0] is not eligible for getting processed by all BeanPostProcessors (for example: not eligible for auto-proxying)
2019-09-27 10:51:41.835 [restartedMain] INFO  o.s.boot.web.embedded.tomcat.TomcatWebServer - Tomcat initialized with port(s): 4099 (http)
2019-09-27 10:51:41.854 [restartedMain] INFO  org.apache.coyote.http11.Http11NioProtocol - Initializing ProtocolHandler ["http-nio-4099"]
2019-09-27 10:51:41.869 [restartedMain] INFO  org.apache.catalina.core.StandardService - Starting service [Tomcat]
2019-09-27 10:51:41.870 [restartedMain] INFO  org.apache.catalina.core.StandardEngine - Starting Servlet engine: [Apache Tomcat/9.0.21]
2019-09-27 10:51:42.037 [restartedMain] INFO  o.a.c.core.ContainerBase.[Tomcat].[localhost].[/] - Initializing Spring embedded WebApplicationContext
2019-09-27 10:51:42.037 [restartedMain] INFO  org.springframework.web.context.ContextLoader - Root WebApplicationContext: initialization completed in 2594 ms
2019-09-27 10:51:42.129 [restartedMain] INFO  com.example.demo.config.filter.CustomFilter - filter 初始化！！！！
2019-09-27 10:51:42.816 [restartedMain] ERROR com.alibaba.druid.pool.DruidDataSource - testWhileIdle is true, validationQuery not set
2019-09-27 10:51:42.830 [restartedMain] INFO  com.alibaba.druid.pool.DruidDataSource - {dataSource-1} inited
2019-09-27 10:51:43.644 [restartedMain] INFO  o.s.scheduling.concurrent.ThreadPoolTaskExecutor - Initializing ExecutorService 'applicationTaskExecutor'
2019-09-27 10:51:43.810 [restartedMain] WARN  org.thymeleaf.templatemode.TemplateMode - [THYMELEAF][restartedMain] Template Mode 'LEGACYHTML5' is deprecated. Using Template Mode 'HTML' instead.
2019-09-27 10:51:43.845 [restartedMain] INFO  o.s.b.a.web.servlet.WelcomePageHandlerMapping - Adding welcome page: class path resource [static/index.html]
2019-09-27 10:51:44.446 [restartedMain] INFO  o.s.b.d.autoconfigure.OptionalLiveReloadServer - LiveReload server is running on port 35729
2019-09-27 10:51:44.487 [restartedMain] INFO  org.apache.coyote.http11.Http11NioProtocol - Starting ProtocolHandler ["http-nio-4099"]
2019-09-27 10:51:44.521 [restartedMain] INFO  o.s.boot.web.embedded.tomcat.TomcatWebServer - Tomcat started on port(s): 4099 (http) with context path ''
2019-09-27 10:51:44.525 [restartedMain] INFO  com.example.demo.DemoApplication - Started DemoApplication in 5.767 seconds (JVM running for 7.558)
2019-09-27 10:52:48.653 [http-nio-4099-exec-2] INFO  com.example.demo.config.listener.Customlister - 监听器：初始化
2019-09-27 10:52:48.659 [http-nio-4099-exec-2] INFO  o.a.c.core.ContainerBase.[Tomcat].[localhost].[/] - Initializing Spring DispatcherServlet 'dispatcherServlet'
2019-09-27 10:52:48.660 [http-nio-4099-exec-2] INFO  org.springframework.web.servlet.DispatcherServlet - Initializing Servlet 'dispatcherServlet'
2019-09-27 10:52:48.668 [http-nio-4099-exec-2] INFO  org.springframework.web.servlet.DispatcherServlet - Completed initialization in 7 ms
2019-09-27 10:52:48.681 [http-nio-4099-exec-2] INFO  com.example.demo.config.filter.CustomFilter - doFilter   请求处理！！！
2019-09-27 10:52:48.689 [http-nio-4099-exec-2] INFO  c.e.d.config.interceptor.CustomHandlerInterceptor - preHandle:请求前调用
2019-09-27 10:53:05.430 [http-nio-4099-exec-2] INFO  c.e.d.config.interceptor.CustomHandlerInterceptor - postHandle:请求后调用
2019-09-27 10:53:05.431 [http-nio-4099-exec-2] INFO  c.e.d.config.interceptor.CustomHandlerInterceptor - afterCompletion:请求调用完成后回调方法，即在视图渲染完成后回调
2019-09-27 10:53:05.435 [http-nio-4099-exec-2] INFO  com.example.demo.config.listener.Customlister - 监听器：销毁
2019-09-27 10:53:05.447 [http-nio-4099-exec-3] INFO  com.example.demo.config.listener.Customlister - 监听器：初始化
2019-09-27 10:53:05.450 [http-nio-4099-exec-3] INFO  com.example.demo.config.filter.CustomFilter - doFilter   请求处理！！！
2019-09-27 10:53:05.486 [http-nio-4099-exec-3] INFO  com.example.demo.config.listener.Customlister - 监听器：销毁
2019-09-27 10:54:51.737 [restartedMain] INFO  com.example.demo.DemoApplication - Starting DemoApplication on SST-OCHO with PID 34880 (C:\MrX\springbootDemo\first\mavenDemoForSpringBoot\target\classes started by yxie in C:\MrX\springbootDemo\first\mavenDemoForSpringBoot)
2019-09-27 10:54:51.740 [restartedMain] INFO  com.example.demo.DemoApplication - The following profiles are active: sst
2019-09-27 10:54:51.811 [restartedMain] INFO  o.s.b.d.env.DevToolsPropertyDefaultsPostProcessor - Devtools property defaults active! Set 'spring.devtools.add-properties' to 'false' to disable
2019-09-27 10:54:51.811 [restartedMain] INFO  o.s.b.d.env.DevToolsPropertyDefaultsPostProcessor - For additional web related logging consider setting the 'logging.level.web' property to 'DEBUG'
2019-09-27 10:54:52.926 [restartedMain] INFO  o.s.d.r.config.RepositoryConfigurationDelegate - Multiple Spring Data modules found, entering strict repository configuration mode!
2019-09-27 10:54:52.930 [restartedMain] INFO  o.s.d.r.config.RepositoryConfigurationDelegate - Bootstrapping Spring Data repositories in DEFAULT mode.
2019-09-27 10:54:52.972 [restartedMain] INFO  o.s.d.r.config.RepositoryConfigurationDelegate - Finished Spring Data repository scanning in 30ms. Found 0 repository interfaces.
2019-09-27 10:54:53.539 [restartedMain] INFO  o.s.c.s.PostProcessorRegistrationDelegate$BeanPostProcessorChecker - Bean 'org.springframework.transaction.annotation.ProxyTransactionManagementConfiguration' of type [org.springframework.transaction.annotation.ProxyTransactionManagementConfiguration$$EnhancerBySpringCGLIB$$b829b502] is not eligible for getting processed by all BeanPostProcessors (for example: not eligible for auto-proxying)
2019-09-27 10:54:54.222 [restartedMain] INFO  o.s.boot.web.embedded.tomcat.TomcatWebServer - Tomcat initialized with port(s): 4099 (http)
2019-09-27 10:54:54.241 [restartedMain] INFO  org.apache.coyote.http11.Http11NioProtocol - Initializing ProtocolHandler ["http-nio-4099"]
2019-09-27 10:54:54.252 [restartedMain] INFO  org.apache.catalina.core.StandardService - Starting service [Tomcat]
2019-09-27 10:54:54.252 [restartedMain] INFO  org.apache.catalina.core.StandardEngine - Starting Servlet engine: [Apache Tomcat/9.0.21]
2019-09-27 10:54:54.412 [restartedMain] INFO  o.a.c.core.ContainerBase.[Tomcat].[localhost].[/] - Initializing Spring embedded WebApplicationContext
2019-09-27 10:54:54.412 [restartedMain] INFO  org.springframework.web.context.ContextLoader - Root WebApplicationContext: initialization completed in 2601 ms
2019-09-27 10:54:54.506 [restartedMain] INFO  com.example.demo.config.filter.CustomFilter - filter 初始化！！！！
2019-09-27 10:54:55.171 [restartedMain] ERROR com.alibaba.druid.pool.DruidDataSource - testWhileIdle is true, validationQuery not set
2019-09-27 10:54:55.188 [restartedMain] INFO  com.alibaba.druid.pool.DruidDataSource - {dataSource-1} inited
2019-09-27 10:54:56.029 [restartedMain] INFO  o.s.scheduling.concurrent.ThreadPoolTaskExecutor - Initializing ExecutorService 'applicationTaskExecutor'
2019-09-27 10:54:56.193 [restartedMain] WARN  org.thymeleaf.templatemode.TemplateMode - [THYMELEAF][restartedMain] Template Mode 'LEGACYHTML5' is deprecated. Using Template Mode 'HTML' instead.
2019-09-27 10:54:56.230 [restartedMain] INFO  o.s.b.a.web.servlet.WelcomePageHandlerMapping - Adding welcome page: class path resource [static/index.html]
2019-09-27 10:54:56.822 [restartedMain] INFO  o.s.b.d.autoconfigure.OptionalLiveReloadServer - LiveReload server is running on port 35729
2019-09-27 10:54:56.858 [restartedMain] INFO  org.apache.coyote.http11.Http11NioProtocol - Starting ProtocolHandler ["http-nio-4099"]
2019-09-27 10:54:56.890 [restartedMain] INFO  o.s.boot.web.embedded.tomcat.TomcatWebServer - Tomcat started on port(s): 4099 (http) with context path ''
2019-09-27 10:54:56.893 [restartedMain] INFO  com.example.demo.DemoApplication - Started DemoApplication in 5.741 seconds (JVM running for 7.501)
2019-09-27 10:55:18.148 [http-nio-4099-exec-1] INFO  com.example.demo.config.listener.Customlister - 监听器：初始化
2019-09-27 10:55:18.155 [http-nio-4099-exec-1] INFO  o.a.c.core.ContainerBase.[Tomcat].[localhost].[/] - Initializing Spring DispatcherServlet 'dispatcherServlet'
2019-09-27 10:55:18.156 [http-nio-4099-exec-1] INFO  org.springframework.web.servlet.DispatcherServlet - Initializing Servlet 'dispatcherServlet'
2019-09-27 10:55:18.163 [http-nio-4099-exec-1] INFO  org.springframework.web.servlet.DispatcherServlet - Completed initialization in 7 ms
2019-09-27 10:55:18.176 [http-nio-4099-exec-1] INFO  com.example.demo.config.filter.CustomFilter - doFilter   请求处理！！！
2019-09-27 10:55:18.187 [http-nio-4099-exec-1] INFO  c.e.d.config.interceptor.CustomHandlerInterceptor - preHandle:请求前调用
2019-09-27 10:55:35.358 [http-nio-4099-exec-1] INFO  c.e.d.config.interceptor.CustomHandlerInterceptor - postHandle:请求后调用
2019-09-27 10:55:35.358 [http-nio-4099-exec-1] INFO  c.e.d.config.interceptor.CustomHandlerInterceptor - afterCompletion:请求调用完成后回调方法，即在视图渲染完成后回调
2019-09-27 10:55:35.362 [http-nio-4099-exec-1] INFO  com.example.demo.config.listener.Customlister - 监听器：销毁
2019-09-27 10:55:35.372 [http-nio-4099-exec-3] INFO  com.example.demo.config.listener.Customlister - 监听器：初始化
2019-09-27 10:55:35.375 [http-nio-4099-exec-3] INFO  com.example.demo.config.filter.CustomFilter - doFilter   请求处理！！！
2019-09-27 10:55:35.405 [http-nio-4099-exec-3] INFO  com.example.demo.config.listener.Customlister - 监听器：销毁
2019-09-27 10:55:38.494 [shipping-cost-2] INFO  c.e.d.service.impl.ShippingCostAcquireServiceImpl - shipping-cost-2 插入错误日志信息！！
2019-09-27 10:55:38.494 [shipping-cost-2] ERROR c.e.d.service.impl.ShippingCostAcquireServiceImpl - shipping-cost-2  reply is error 
2019-09-27 10:55:38.513 [shipping-cost-0] INFO  c.e.d.service.impl.ShippingCostAcquireServiceImpl - shipping-cost-0 插入错误日志信息！！
2019-09-27 10:55:38.513 [shipping-cost-0] ERROR c.e.d.service.impl.ShippingCostAcquireServiceImpl - shipping-cost-0  reply is error 
2019-09-27 10:55:38.544 [shipping-cost-3] INFO  c.e.d.service.impl.ShippingCostAcquireServiceImpl - shipping-cost-3 插入错误日志信息！！
2019-09-27 10:55:38.544 [shipping-cost-3] ERROR c.e.d.service.impl.ShippingCostAcquireServiceImpl - shipping-cost-3  reply is error 
2019-09-27 10:55:38.594 [shipping-cost-5] INFO  c.e.d.service.impl.ShippingCostAcquireServiceImpl - shipping-cost-5 插入错误日志信息！！
2019-09-27 10:55:38.594 [shipping-cost-5] ERROR c.e.d.service.impl.ShippingCostAcquireServiceImpl - shipping-cost-5  reply is error 
2019-09-27 10:55:38.646 [shipping-cost-4] INFO  c.e.d.service.impl.ShippingCostAcquireServiceImpl - shipping-cost-4 插入错误日志信息！！
2019-09-27 10:55:38.646 [shipping-cost-4] ERROR c.e.d.service.impl.ShippingCostAcquireServiceImpl - shipping-cost-4  reply is error 
2019-09-27 10:55:38.772 [shipping-cost-1] INFO  c.e.d.service.impl.ShippingCostAcquireServiceImpl - shipping-cost-1 插入错误日志信息！！
2019-09-27 10:55:38.772 [shipping-cost-1] ERROR c.e.d.service.impl.ShippingCostAcquireServiceImpl - shipping-cost-1  reply is error 
2019-09-27 10:55:39.936 [shipping-cost-0] INFO  c.e.d.service.impl.ShippingCostAcquireServiceImpl - shipping-cost-0 插入错误日志信息！！
2019-09-27 10:55:39.937 [shipping-cost-0] ERROR c.e.d.service.impl.ShippingCostAcquireServiceImpl - shipping-cost-0  reply is error 
2019-09-27 10:55:39.993 [shipping-cost-4] INFO  c.e.d.service.impl.ShippingCostAcquireServiceImpl - shipping-cost-4 插入错误日志信息！！
2019-09-27 10:55:39.993 [shipping-cost-4] ERROR c.e.d.service.impl.ShippingCostAcquireServiceImpl - shipping-cost-4  reply is error 
2019-09-27 10:55:41.326 [shipping-cost-4] INFO  c.e.d.service.impl.ShippingCostAcquireServiceImpl - shipping-cost-4 插入错误日志信息！！
2019-09-27 10:55:41.326 [shipping-cost-4] ERROR c.e.d.service.impl.ShippingCostAcquireServiceImpl - shipping-cost-4  reply is error 
2019-09-27 10:55:42.318 [shipping-cost-0] INFO  c.e.d.service.impl.ShippingCostAcquireServiceImpl - shipping-cost-0 插入错误日志信息！！
2019-09-27 10:55:42.319 [shipping-cost-0] ERROR c.e.d.service.impl.ShippingCostAcquireServiceImpl - shipping-cost-0  reply is error 
2019-09-27 10:55:42.844 [shipping-cost-4] INFO  c.e.d.service.impl.ShippingCostAcquireServiceImpl - shipping-cost-4 插入错误日志信息！！
2019-09-27 10:55:42.844 [shipping-cost-4] ERROR c.e.d.service.impl.ShippingCostAcquireServiceImpl - shipping-cost-4  reply is error 
2019-09-27 10:55:44.091 [shipping-cost-0] INFO  c.e.d.service.impl.ShippingCostAcquireServiceImpl - shipping-cost-0 插入错误日志信息！！
2019-09-27 10:55:44.092 [shipping-cost-0] ERROR c.e.d.service.impl.ShippingCostAcquireServiceImpl - shipping-cost-0  reply is error 
2019-09-27 10:55:45.319 [shipping-cost-4] INFO  c.e.d.service.impl.ShippingCostAcquireServiceImpl - shipping-cost-4 插入错误日志信息！！
2019-09-27 10:55:45.320 [shipping-cost-4] ERROR c.e.d.service.impl.ShippingCostAcquireServiceImpl - shipping-cost-4  reply is error 
2019-09-27 10:55:45.487 [shipping-cost-0] INFO  c.e.d.service.impl.ShippingCostAcquireServiceImpl - shipping-cost-0 插入错误日志信息！！
2019-09-27 10:55:45.487 [shipping-cost-0] ERROR c.e.d.service.impl.ShippingCostAcquireServiceImpl - shipping-cost-0  reply is error 
2019-09-27 10:55:46.612 [shipping-cost-4] INFO  c.e.d.service.impl.ShippingCostAcquireServiceImpl - shipping-cost-4 插入错误日志信息！！
2019-09-27 10:55:46.612 [shipping-cost-4] ERROR c.e.d.service.impl.ShippingCostAcquireServiceImpl - shipping-cost-4  reply is error 
2019-09-27 10:55:46.900 [shipping-cost-0] INFO  c.e.d.service.impl.ShippingCostAcquireServiceImpl - shipping-cost-0 插入错误日志信息！！
2019-09-27 10:55:46.900 [shipping-cost-0] ERROR c.e.d.service.impl.ShippingCostAcquireServiceImpl - shipping-cost-0  reply is error 
2019-09-27 10:55:48.065 [shipping-cost-4] INFO  c.e.d.service.impl.ShippingCostAcquireServiceImpl - shipping-cost-4 插入错误日志信息！！
2019-09-27 10:55:48.066 [shipping-cost-4] ERROR c.e.d.service.impl.ShippingCostAcquireServiceImpl - shipping-cost-4  reply is error 
2019-09-27 10:55:48.303 [shipping-cost-0] INFO  c.e.d.service.impl.ShippingCostAcquireServiceImpl - shipping-cost-0 插入错误日志信息！！
2019-09-27 10:55:48.303 [shipping-cost-0] ERROR c.e.d.service.impl.ShippingCostAcquireServiceImpl - shipping-cost-0  reply is error 
2019-09-27 10:55:49.447 [shipping-cost-4] INFO  c.e.d.service.impl.ShippingCostAcquireServiceImpl - shipping-cost-4 插入错误日志信息！！
2019-09-27 10:55:49.448 [shipping-cost-4] ERROR c.e.d.service.impl.ShippingCostAcquireServiceImpl - shipping-cost-4  reply is error 
2019-09-27 10:55:49.774 [shipping-cost-0] INFO  c.e.d.service.impl.ShippingCostAcquireServiceImpl - shipping-cost-0 插入错误日志信息！！
2019-09-27 10:55:49.774 [shipping-cost-0] ERROR c.e.d.service.impl.ShippingCostAcquireServiceImpl - shipping-cost-0  reply is error 
2019-09-27 10:58:27.580 [shipping-cost-3] INFO  c.e.d.service.impl.ShippingCostAcquireServiceImpl - shipping-cost-3 插入错误日志信息！！
2019-09-27 10:58:27.581 [shipping-cost-3] ERROR c.e.d.service.impl.ShippingCostAcquireServiceImpl - shipping-cost-3  reply is error 
2019-09-27 10:58:27.612 [shipping-cost-9] INFO  c.e.d.service.impl.ShippingCostAcquireServiceImpl - shipping-cost-9 插入错误日志信息！！
2019-09-27 10:58:27.612 [shipping-cost-9] ERROR c.e.d.service.impl.ShippingCostAcquireServiceImpl - shipping-cost-9  reply is error 
2019-09-27 10:58:32.049 [shipping-cost-6] INFO  c.e.d.service.impl.ShippingCostAcquireServiceImpl - shipping-cost-6 插入错误日志信息！！
2019-09-27 10:58:32.050 [shipping-cost-6] ERROR c.e.d.service.impl.ShippingCostAcquireServiceImpl - shipping-cost-6  reply is error 
2019-09-27 10:58:32.206 [shipping-cost-4] INFO  c.e.d.service.impl.ShippingCostAcquireServiceImpl - shipping-cost-4 插入错误日志信息！！
2019-09-27 10:58:32.206 [shipping-cost-4] ERROR c.e.d.service.impl.ShippingCostAcquireServiceImpl - shipping-cost-4  reply is error 
2019-09-27 10:58:32.778 [shipping-cost-13] INFO  c.e.d.service.impl.ShippingCostAcquireServiceImpl - shipping-cost-13 插入错误日志信息！！
2019-09-27 10:58:32.778 [shipping-cost-13] ERROR c.e.d.service.impl.ShippingCostAcquireServiceImpl - shipping-cost-13  reply is error 
2019-09-27 10:58:32.877 [shipping-cost-14] INFO  c.e.d.service.impl.ShippingCostAcquireServiceImpl - shipping-cost-14 插入错误日志信息！！
2019-09-27 10:58:32.878 [shipping-cost-14] ERROR c.e.d.service.impl.ShippingCostAcquireServiceImpl - shipping-cost-14  reply is error 
2019-09-27 10:58:32.890 [shipping-cost-0] INFO  c.e.d.service.impl.ShippingCostAcquireServiceImpl - shipping-cost-0 插入错误日志信息！！
2019-09-27 10:58:32.890 [shipping-cost-0] ERROR c.e.d.service.impl.ShippingCostAcquireServiceImpl - shipping-cost-0  reply is error 
2019-09-27 10:58:32.907 [shipping-cost-8] INFO  c.e.d.service.impl.ShippingCostAcquireServiceImpl - shipping-cost-8 插入错误日志信息！！
2019-09-27 10:58:32.908 [shipping-cost-8] ERROR c.e.d.service.impl.ShippingCostAcquireServiceImpl - shipping-cost-8  reply is error 
2019-09-27 10:58:33.112 [shipping-cost-5] INFO  c.e.d.service.impl.ShippingCostAcquireServiceImpl - shipping-cost-5 插入错误日志信息！！
2019-09-27 10:58:33.112 [shipping-cost-5] ERROR c.e.d.service.impl.ShippingCostAcquireServiceImpl - shipping-cost-5  reply is error 
2019-09-27 10:58:33.208 [shipping-cost-9] INFO  c.e.d.service.impl.ShippingCostAcquireServiceImpl - shipping-cost-9 插入错误日志信息！！
2019-09-27 10:58:33.208 [shipping-cost-9] ERROR c.e.d.service.impl.ShippingCostAcquireServiceImpl - shipping-cost-9  reply is error 
2019-09-27 10:58:33.554 [shipping-cost-4] INFO  c.e.d.service.impl.ShippingCostAcquireServiceImpl - shipping-cost-4 插入错误日志信息！！
2019-09-27 10:58:33.554 [shipping-cost-4] ERROR c.e.d.service.impl.ShippingCostAcquireServiceImpl - shipping-cost-4  reply is error 
2019-09-27 10:58:37.422 [shipping-cost-10] INFO  c.e.d.service.impl.ShippingCostAcquireServiceImpl - shipping-cost-10 插入10 条成功！！
2019-09-27 10:58:42.610 [shipping-cost-11] INFO  c.e.d.service.impl.ShippingCostAcquireServiceImpl - shipping-cost-11 插入10 条成功！！
2019-09-27 10:58:43.664 [shipping-cost-1] INFO  c.e.d.service.impl.ShippingCostAcquireServiceImpl - shipping-cost-1 插入10 条成功！！
2019-09-27 10:58:44.413 [shipping-cost-0] INFO  c.e.d.service.impl.ShippingCostAcquireServiceImpl - shipping-cost-0 插入错误日志信息！！
2019-09-27 10:58:44.414 [shipping-cost-0] ERROR c.e.d.service.impl.ShippingCostAcquireServiceImpl - shipping-cost-0  reply is error 
2019-09-27 10:58:45.329 [shipping-cost-15] INFO  c.e.d.service.impl.ShippingCostAcquireServiceImpl - shipping-cost-15 插入10 条成功！！
2019-09-27 10:58:45.701 [shipping-cost-2] INFO  c.e.d.service.impl.ShippingCostAcquireServiceImpl - shipping-cost-2 插入10 条成功！！
2019-09-27 10:58:47.395 [shipping-cost-12] INFO  c.e.d.service.impl.ShippingCostAcquireServiceImpl - shipping-cost-12 插入10 条成功！！
2019-09-27 10:58:47.775 [shipping-cost-7] INFO  c.e.d.service.impl.ShippingCostAcquireServiceImpl - shipping-cost-7 插入10 条成功！！
