2019-09-27 14:00:34.285 [restartedMain] INFO  com.example.demo.DemoApplication - Starting DemoApplication on SST-OCHO with PID 31176 (C:\MrX\springbootDemo\first\mavenDemoForSpringBoot\target\classes started by yxie in C:\MrX\springbootDemo\first\mavenDemoForSpringBoot)
2019-09-27 14:00:34.288 [restartedMain] INFO  com.example.demo.DemoApplication - The following profiles are active: sst
2019-09-27 14:00:34.383 [restartedMain] INFO  o.s.b.d.env.DevToolsPropertyDefaultsPostProcessor - Devtools property defaults active! Set 'spring.devtools.add-properties' to 'false' to disable
2019-09-27 14:00:34.384 [restartedMain] INFO  o.s.b.d.env.DevToolsPropertyDefaultsPostProcessor - For additional web related logging consider setting the 'logging.level.web' property to 'DEBUG'
2019-09-27 14:00:36.002 [restartedMain] INFO  o.s.d.r.config.RepositoryConfigurationDelegate - Multiple Spring Data modules found, entering strict repository configuration mode!
2019-09-27 14:00:36.007 [restartedMain] INFO  o.s.d.r.config.RepositoryConfigurationDelegate - Bootstrapping Spring Data repositories in DEFAULT mode.
2019-09-27 14:00:36.073 [restartedMain] INFO  o.s.d.r.config.RepositoryConfigurationDelegate - Finished Spring Data repository scanning in 42ms. Found 0 repository interfaces.
2019-09-27 14:00:36.633 [restartedMain] INFO  o.s.c.s.PostProcessorRegistrationDelegate$BeanPostProcessorChecker - Bean 'org.springframework.transaction.annotation.ProxyTransactionManagementConfiguration' of type [org.springframework.transaction.annotation.ProxyTransactionManagementConfiguration$$EnhancerBySpringCGLIB$$6ec17342] is not eligible for getting processed by all BeanPostProcessors (for example: not eligible for auto-proxying)
2019-09-27 14:00:37.465 [restartedMain] INFO  o.s.boot.web.embedded.tomcat.TomcatWebServer - Tomcat initialized with port(s): 4099 (http)
2019-09-27 14:00:37.486 [restartedMain] INFO  org.apache.coyote.http11.Http11NioProtocol - Initializing ProtocolHandler ["http-nio-4099"]
2019-09-27 14:00:37.506 [restartedMain] INFO  org.apache.catalina.core.StandardService - Starting service [Tomcat]
2019-09-27 14:00:37.507 [restartedMain] INFO  org.apache.catalina.core.StandardEngine - Starting Servlet engine: [Apache Tomcat/9.0.21]
2019-09-27 14:00:37.738 [restartedMain] INFO  o.a.c.core.ContainerBase.[Tomcat].[localhost].[/] - Initializing Spring embedded WebApplicationContext
2019-09-27 14:00:37.738 [restartedMain] INFO  org.springframework.web.context.ContextLoader - Root WebApplicationContext: initialization completed in 3354 ms
2019-09-27 14:00:37.855 [restartedMain] INFO  com.example.demo.config.filter.CustomFilter - filter 初始化！！！！
2019-09-27 14:00:38.527 [restartedMain] ERROR com.alibaba.druid.pool.DruidDataSource - testWhileIdle is true, validationQuery not set
2019-09-27 14:00:38.539 [restartedMain] INFO  com.alibaba.druid.pool.DruidDataSource - {dataSource-1} inited
2019-09-27 14:00:39.309 [restartedMain] INFO  o.s.scheduling.concurrent.ThreadPoolTaskExecutor - Initializing ExecutorService 'applicationTaskExecutor'
2019-09-27 14:00:39.454 [restartedMain] WARN  org.thymeleaf.templatemode.TemplateMode - [THYMELEAF][restartedMain] Template Mode 'LEGACYHTML5' is deprecated. Using Template Mode 'HTML' instead.
2019-09-27 14:00:39.486 [restartedMain] INFO  o.s.b.a.web.servlet.WelcomePageHandlerMapping - Adding welcome page: class path resource [static/index.html]
2019-09-27 14:00:39.701 [restartedMain] INFO  o.s.scheduling.concurrent.ThreadPoolTaskScheduler - Initializing ExecutorService 'taskScheduler'
2019-09-27 14:00:40.057 [restartedMain] INFO  o.s.b.d.autoconfigure.OptionalLiveReloadServer - LiveReload server is running on port 35729
2019-09-27 14:00:40.095 [restartedMain] INFO  org.apache.coyote.http11.Http11NioProtocol - Starting ProtocolHandler ["http-nio-4099"]
2019-09-27 14:00:40.123 [restartedMain] INFO  o.s.boot.web.embedded.tomcat.TomcatWebServer - Tomcat started on port(s): 4099 (http) with context path ''
2019-09-27 14:00:40.127 [restartedMain] INFO  com.example.demo.DemoApplication - Started DemoApplication in 6.487 seconds (JVM running for 7.32)
2019-09-27 14:00:41.006 [scheduling-1] INFO  c.e.demo.scheduling.ShippingCostAcquireScheduling - 2019-09-27 14:00:41
2019-09-27 14:00:42.001 [scheduling-1] INFO  c.e.demo.scheduling.ShippingCostAcquireScheduling - 2019-09-27 14:00:42
2019-09-27 14:00:43.002 [scheduling-1] INFO  c.e.demo.scheduling.ShippingCostAcquireScheduling - 2019-09-27 14:00:43
2019-09-27 14:00:44.001 [scheduling-1] INFO  c.e.demo.scheduling.ShippingCostAcquireScheduling - 2019-09-27 14:00:44
2019-09-27 14:00:45.001 [scheduling-1] INFO  c.e.demo.scheduling.ShippingCostAcquireScheduling - 2019-09-27 14:00:45
2019-09-27 14:00:46.009 [scheduling-1] INFO  c.e.demo.scheduling.ShippingCostAcquireScheduling - 2019-09-27 14:00:46
2019-09-27 14:00:47.002 [scheduling-1] INFO  c.e.demo.scheduling.ShippingCostAcquireScheduling - 2019-09-27 14:00:47
2019-09-27 14:00:48.001 [scheduling-1] INFO  c.e.demo.scheduling.ShippingCostAcquireScheduling - 2019-09-27 14:00:48
2019-09-27 14:00:49.002 [scheduling-1] INFO  c.e.demo.scheduling.ShippingCostAcquireScheduling - 2019-09-27 14:00:49
2019-09-27 14:00:50.001 [scheduling-1] INFO  c.e.demo.scheduling.ShippingCostAcquireScheduling - 2019-09-27 14:00:50
2019-09-27 14:00:51.001 [scheduling-1] INFO  c.e.demo.scheduling.ShippingCostAcquireScheduling - 2019-09-27 14:00:51
2019-09-27 14:00:52.002 [scheduling-1] INFO  c.e.demo.scheduling.ShippingCostAcquireScheduling - 2019-09-27 14:00:52
